[ 2015-07-01T09:29:47+08:00 ] ::1 /capcc0624/
INFO: [ app_init ] --START--
INFO: Run Behavior\BuildLiteBehavior [ RunTime:0.000019s ]
INFO: [ app_init ] --END-- [ RunTime:0.000628s ]

[ 2015-07-01T09:30:27+08:00 ] ::1 /capcc0624/
INFO: [ app_init ] --START--
INFO: Run Behavior\BuildLiteBehavior [ RunTime:0.000057s ]
INFO: [ app_init ] --END-- [ RunTime:0.001480s ]

[ 2015-07-01T09:31:43+08:00 ] ::1 /capcc0624/
INFO: [ app_init ] --START--
INFO: Run Behavior\BuildLiteBehavior [ RunTime:0.000021s ]
INFO: [ app_init ] --END-- [ RunTime:0.000744s ]

[ 2015-07-01T09:32:27+08:00 ] ::1 /capcc0624/
INFO: [ app_init ] --START--
INFO: Run Behavior\BuildLiteBehavior [ RunTime:0.000019s ]
INFO: [ app_init ] --END-- [ RunTime:0.000623s ]

[ 2015-07-01T09:32:43+08:00 ] ::1 /capcc0624/
INFO: [ app_init ] --START--
INFO: Run Behavior\BuildLiteBehavior [ RunTime:0.000019s ]
INFO: [ app_init ] --END-- [ RunTime:0.000657s ]

[ 2015-07-01T09:39:30+08:00 ] ::1 /capcc0624/
INFO: [ app_init ] --START--
INFO: Run Behavior\BuildLiteBehavior [ RunTime:0.000019s ]
INFO: [ app_init ] --END-- [ RunTime:0.000602s ]

[ 2015-07-01T09:41:00+08:00 ] ::1 /capcc0624/
INFO: [ app_init ] --START--
INFO: Run Behavior\BuildLiteBehavior [ RunTime:0.000018s ]
INFO: [ app_init ] --END-- [ RunTime:0.000576s ]

[ 2015-07-01T09:46:25+08:00 ] ::1 /capcc0624/
INFO: [ app_init ] --START--
INFO: Run Behavior\BuildLiteBehavior [ RunTime:0.000033s ]
INFO: [ app_init ] --END-- [ RunTime:0.000858s ]
ERR: XML标签语法错误 : condition="<{$vo.city}

[ 2015-07-01T09:50:37+08:00 ] ::1 /capcc0624/
INFO: [ app_init ] --START--
INFO: Run Behavior\BuildLiteBehavior [ RunTime:0.000020s ]
INFO: [ app_init ] --END-- [ RunTime:0.000652s ]

[ 2015-07-01T09:51:48+08:00 ] ::1 /capcc0624/
INFO: [ app_init ] --START--
INFO: Run Behavior\BuildLiteBehavior [ RunTime:0.000018s ]
INFO: [ app_init ] --END-- [ RunTime:0.000584s ]

[ 2015-07-01T09:52:09+08:00 ] ::1 /capcc0624/
INFO: [ app_init ] --START--
INFO: Run Behavior\BuildLiteBehavior [ RunTime:0.000020s ]
INFO: [ app_init ] --END-- [ RunTime:0.000605s ]

[ 2015-07-01T09:52:34+08:00 ] ::1 /capcc0624/
INFO: [ app_init ] --START--
INFO: Run Behavior\BuildLiteBehavior [ RunTime:0.000028s ]
INFO: [ app_init ] --END-- [ RunTime:0.000935s ]

[ 2015-07-01T09:53:03+08:00 ] ::1 /capcc0624/
INFO: [ app_init ] --START--
INFO: Run Behavior\BuildLiteBehavior [ RunTime:0.000020s ]
INFO: [ app_init ] --END-- [ RunTime:0.000600s ]

[ 2015-07-01T09:59:21+08:00 ] ::1 /capcc0624/
INFO: [ app_init ] --START--
INFO: Run Behavior\BuildLiteBehavior [ RunTime:0.000023s ]
INFO: [ app_init ] --END-- [ RunTime:0.000635s ]

[ 2015-07-01T09:59:48+08:00 ] ::1 /capcc0624/
INFO: [ app_init ] --START--
INFO: Run Behavior\BuildLiteBehavior [ RunTime:0.000034s ]
INFO: [ app_init ] --END-- [ RunTime:0.000865s ]

[ 2015-07-01T10:00:04+08:00 ] ::1 /capcc0624/
INFO: [ app_init ] --START--
INFO: Run Behavior\BuildLiteBehavior [ RunTime:0.000019s ]
INFO: [ app_init ] --END-- [ RunTime:0.000538s ]

[ 2015-07-01T10:00:40+08:00 ] ::1 /capcc0624/
INFO: [ app_init ] --START--
INFO: Run Behavior\BuildLiteBehavior [ RunTime:0.000018s ]
INFO: [ app_init ] --END-- [ RunTime:0.000505s ]

[ 2015-07-01T10:04:25+08:00 ] ::1 /capcc0624/
INFO: [ app_init ] --START--
INFO: Run Behavior\BuildLiteBehavior [ RunTime:0.000021s ]
INFO: [ app_init ] --END-- [ RunTime:0.000596s ]

[ 2015-07-01T10:07:48+08:00 ] ::1 /capcc0624/
INFO: [ app_init ] --START--
INFO: Run Behavior\BuildLiteBehavior [ RunTime:0.000020s ]
INFO: [ app_init ] --END-- [ RunTime:0.000555s ]

[ 2015-07-01T10:09:07+08:00 ] ::1 /capcc0624/
INFO: [ app_init ] --START--
INFO: Run Behavior\BuildLiteBehavior [ RunTime:0.000022s ]
INFO: [ app_init ] --END-- [ RunTime:0.001223s ]

[ 2015-07-01T10:15:54+08:00 ] ::1 /capcc0624/
INFO: [ app_init ] --START--
INFO: Run Behavior\BuildLiteBehavior [ RunTime:0.000020s ]
INFO: [ app_init ] --END-- [ RunTime:0.000620s ]

[ 2015-07-01T10:17:15+08:00 ] ::1 /capcc0624/
INFO: [ app_init ] --START--
INFO: Run Behavior\BuildLiteBehavior [ RunTime:0.000018s ]
INFO: [ app_init ] --END-- [ RunTime:0.000562s ]

[ 2015-07-01T10:19:07+08:00 ] ::1 /capcc0624/
INFO: [ app_init ] --START--
INFO: Run Behavior\BuildLiteBehavior [ RunTime:0.000033s ]
INFO: [ app_init ] --END-- [ RunTime:0.001015s ]

[ 2015-07-01T10:20:47+08:00 ] ::1 /capcc0624/
INFO: [ app_init ] --START--
INFO: Run Behavior\BuildLiteBehavior [ RunTime:0.000021s ]
INFO: [ app_init ] --END-- [ RunTime:0.000552s ]

[ 2015-07-01T10:22:23+08:00 ] ::1 /capcc0624/
INFO: [ app_init ] --START--
INFO: Run Behavior\BuildLiteBehavior [ RunTime:0.000053s ]
INFO: [ app_init ] --END-- [ RunTime:0.001218s ]

[ 2015-07-01T10:26:09+08:00 ] ::1 /capcc0624/
INFO: [ app_init ] --START--
INFO: Run Behavior\BuildLiteBehavior [ RunTime:0.000019s ]
INFO: [ app_init ] --END-- [ RunTime:0.000573s ]

[ 2015-07-01T10:27:45+08:00 ] ::1 /capcc0624/
INFO: [ app_init ] --START--
INFO: Run Behavior\BuildLiteBehavior [ RunTime:0.000024s ]
INFO: [ app_init ] --END-- [ RunTime:0.001120s ]

[ 2015-07-01T10:29:14+08:00 ] ::1 /capcc0624/
INFO: [ app_init ] --START--
INFO: Run Behavior\BuildLiteBehavior [ RunTime:0.000046s ]
INFO: [ app_init ] --END-- [ RunTime:0.000994s ]

[ 2015-07-01T10:30:15+08:00 ] ::1 /capcc0624/
INFO: [ app_init ] --START--
INFO: Run Behavior\BuildLiteBehavior [ RunTime:0.000019s ]
INFO: [ app_init ] --END-- [ RunTime:0.000606s ]

[ 2015-07-01T10:31:06+08:00 ] ::1 /capcc0624/
INFO: [ app_init ] --START--
INFO: Run Behavior\BuildLiteBehavior [ RunTime:0.000051s ]
INFO: [ app_init ] --END-- [ RunTime:0.001372s ]

[ 2015-07-01T10:32:33+08:00 ] ::1 /capcc0624/
INFO: [ app_init ] --START--
INFO: Run Behavior\BuildLiteBehavior [ RunTime:0.000019s ]
INFO: [ app_init ] --END-- [ RunTime:0.000532s ]

[ 2015-07-01T10:34:18+08:00 ] ::1 /capcc0624/
INFO: [ app_init ] --START--
INFO: Run Behavior\BuildLiteBehavior [ RunTime:0.000020s ]
INFO: [ app_init ] --END-- [ RunTime:0.000600s ]

[ 2015-07-01T10:36:44+08:00 ] ::1 /capcc0624/
INFO: [ app_init ] --START--
INFO: Run Behavior\BuildLiteBehavior [ RunTime:0.000020s ]
INFO: [ app_init ] --END-- [ RunTime:0.000591s ]
ERR: XML标签语法错误 : name="$vo.city" value= '宿州'"

[ 2015-07-01T10:36:55+08:00 ] ::1 /capcc0624/
INFO: [ app_init ] --START--
INFO: Run Behavior\BuildLiteBehavior [ RunTime:0.000020s ]
INFO: [ app_init ] --END-- [ RunTime:0.000632s ]
ERR: XML标签语法错误 : name="$vo[city]" value= '宿州'"

[ 2015-07-01T10:37:38+08:00 ] ::1 /capcc0624/
INFO: [ app_init ] --START--
INFO: Run Behavior\BuildLiteBehavior [ RunTime:0.000018s ]
INFO: [ app_init ] --END-- [ RunTime:0.000521s ]
ERR: XML标签语法错误 : name="<{$vo[city]}

[ 2015-07-01T10:38:24+08:00 ] ::1 /capcc0624/
INFO: [ app_init ] --START--
INFO: Run Behavior\BuildLiteBehavior [ RunTime:0.000030s ]
INFO: [ app_init ] --END-- [ RunTime:0.000890s ]

[ 2015-07-01T10:43:18+08:00 ] ::1 /capcc0624/index.php
INFO: [ app_init ] --START--
INFO: Run Behavior\BuildLiteBehavior [ RunTime:0.000020s ]
INFO: [ app_init ] --END-- [ RunTime:0.000544s ]

[ 2015-07-01T10:46:10+08:00 ] ::1 /capcc0624/index.php
INFO: [ app_init ] --START--
INFO: Run Behavior\BuildLiteBehavior [ RunTime:0.000018s ]
INFO: [ app_init ] --END-- [ RunTime:0.000570s ]

[ 2015-07-01T10:48:04+08:00 ] ::1 /capcc0624/index.php
INFO: [ app_init ] --START--
INFO: Run Behavior\BuildLiteBehavior [ RunTime:0.000030s ]
INFO: [ app_init ] --END-- [ RunTime:0.000843s ]

[ 2015-07-01T10:48:06+08:00 ] ::1 /capcc0624/index.php/Home/News
INFO: [ app_init ] --START--
INFO: Run Behavior\BuildLiteBehavior [ RunTime:0.000030s ]
INFO: [ app_init ] --END-- [ RunTime:0.000844s ]

[ 2015-07-01T10:50:32+08:00 ] ::1 /capcc0624/index.php
INFO: [ app_init ] --START--
INFO: Run Behavior\BuildLiteBehavior [ RunTime:0.000022s ]
INFO: [ app_init ] --END-- [ RunTime:0.000613s ]

[ 2015-07-01T10:52:15+08:00 ] ::1 /capcc0624/index.php/Home/Index
INFO: [ app_init ] --START--
INFO: Run Behavior\BuildLiteBehavior [ RunTime:0.000018s ]
INFO: [ app_init ] --END-- [ RunTime:0.000543s ]

[ 2015-07-01T10:52:16+08:00 ] ::1 /capcc0624/index.php/Home/__PUBLIC__/Home/Images/bracket.jpg
INFO: [ app_init ] --START--
INFO: Run Behavior\BuildLiteBehavior [ RunTime:0.000021s ]
INFO: [ app_init ] --END-- [ RunTime:0.000585s ]

[ 2015-07-01T10:52:16+08:00 ] ::1 /capcc0624/index.php/Home/__PUBLIC__/Home/Images/bracket.jpg
INFO: [ app_init ] --START--
INFO: Run Behavior\BuildLiteBehavior [ RunTime:0.000029s ]
INFO: [ app_init ] --END-- [ RunTime:0.000876s ]

[ 2015-07-01T10:52:16+08:00 ] ::1 /capcc0624/index.php/Home/__PUBLIC__/Home/Images/bracket.jpg
INFO: [ app_init ] --START--
INFO: Run Behavior\BuildLiteBehavior [ RunTime:0.000029s ]
INFO: [ app_init ] --END-- [ RunTime:0.000812s ]

[ 2015-07-01T10:52:16+08:00 ] ::1 /capcc0624/index.php/Home/__PUBLIC__/Home/Images/bracket.jpg
INFO: [ app_init ] --START--
INFO: Run Behavior\BuildLiteBehavior [ RunTime:0.000034s ]
INFO: [ app_init ] --END-- [ RunTime:0.000933s ]

[ 2015-07-01T10:52:16+08:00 ] ::1 /capcc0624/index.php/Home/__PUBLIC__/Home/Images/bracket.jpg
INFO: [ app_init ] --START--
INFO: Run Behavior\BuildLiteBehavior [ RunTime:0.000022s ]
INFO: [ app_init ] --END-- [ RunTime:0.000674s ]

[ 2015-07-01T10:52:16+08:00 ] ::1 /capcc0624/index.php/Home/News
INFO: [ app_init ] --START--
INFO: Run Behavior\BuildLiteBehavior [ RunTime:0.000018s ]
INFO: [ app_init ] --END-- [ RunTime:0.000566s ]

[ 2015-07-01T10:53:20+08:00 ] ::1 /capcc0624/index.php/Home/News
INFO: [ app_init ] --START--
INFO: Run Behavior\BuildLiteBehavior [ RunTime:0.000020s ]
INFO: [ app_init ] --END-- [ RunTime:0.000678s ]

[ 2015-07-01T10:59:44+08:00 ] ::1 /capcc0624/index.php/Home/News
INFO: [ app_init ] --START--
INFO: Run Behavior\BuildLiteBehavior [ RunTime:0.000022s ]
INFO: [ app_init ] --END-- [ RunTime:0.000911s ]

[ 2015-07-01T10:59:45+08:00 ] ::1 /capcc0624/index.php/Home/__PUBLIC__/Home/Images/bracket.jpg
INFO: [ app_init ] --START--
INFO: Run Behavior\BuildLiteBehavior [ RunTime:0.000043s ]
INFO: [ app_init ] --END-- [ RunTime:0.001094s ]

[ 2015-07-01T11:04:55+08:00 ] ::1 /capcc0624/index.php/Home/__PUBLIC__/Home/Images/bracket.jpg
INFO: [ app_init ] --START--
INFO: Run Behavior\BuildLiteBehavior [ RunTime:0.000029s ]
INFO: [ app_init ] --END-- [ RunTime:0.000743s ]

[ 2015-07-01T11:05:47+08:00 ] ::1 /capcc0624/index.php/Home/News
INFO: [ app_init ] --START--
INFO: Run Behavior\BuildLiteBehavior [ RunTime:0.000052s ]
INFO: [ app_init ] --END-- [ RunTime:0.001430s ]

[ 2015-07-01T11:05:49+08:00 ] ::1 /capcc0624/index.php/Home/__PUBLIC__/Home/Images/bracket.jpg
INFO: [ app_init ] --START--
INFO: Run Behavior\BuildLiteBehavior [ RunTime:0.000019s ]
INFO: [ app_init ] --END-- [ RunTime:0.000569s ]

[ 2015-07-01T11:06:06+08:00 ] ::1 /capcc0624/index.php/Home/__PUBLIC__/Home/Images/bracket.jpg
INFO: [ app_init ] --START--
INFO: Run Behavior\BuildLiteBehavior [ RunTime:0.000029s ]
INFO: [ app_init ] --END-- [ RunTime:0.001048s ]

[ 2015-07-01T11:08:18+08:00 ] ::1 /capcc0624/index.php/Home/News
INFO: [ app_init ] --START--
INFO: Run Behavior\BuildLiteBehavior [ RunTime:0.000022s ]
INFO: [ app_init ] --END-- [ RunTime:0.000818s ]

[ 2015-07-01T11:11:26+08:00 ] ::1 /capcc0624/index.php/Home/News
INFO: [ app_init ] --START--
INFO: Run Behavior\BuildLiteBehavior [ RunTime:0.000033s ]
INFO: [ app_init ] --END-- [ RunTime:0.000931s ]

[ 2015-07-01T11:11:46+08:00 ] ::1 /capcc0624/index.php/Home/__PUBLIC__/Home/Images/bracket.jpg
INFO: [ app_init ] --START--
INFO: Run Behavior\BuildLiteBehavior [ RunTime:0.000023s ]
INFO: [ app_init ] --END-- [ RunTime:0.000701s ]

[ 2015-07-01T11:22:44+08:00 ] ::1 /capcc0624/index.php/Home/News
INFO: [ app_init ] --START--
INFO: Run Behavior\BuildLiteBehavior [ RunTime:0.000031s ]
INFO: [ app_init ] --END-- [ RunTime:0.000577s ]

[ 2015-07-01T12:06:10+08:00 ] ::1 /capcc0624/index.php/Home/News
INFO: [ app_init ] --START--
INFO: Run Behavior\BuildLiteBehavior [ RunTime:0.000022s ]
INFO: [ app_init ] --END-- [ RunTime:0.000882s ]

[ 2015-07-01T12:06:16+08:00 ] ::1 /capcc0624/index.php/Home/__PUBLIC__/Home/Images/bracket.jpg
INFO: [ app_init ] --START--
INFO: Run Behavior\BuildLiteBehavior [ RunTime:0.000020s ]
INFO: [ app_init ] --END-- [ RunTime:0.000601s ]

[ 2015-07-01T12:06:17+08:00 ] ::1 /capcc0624/index.php/Home/__PUBLIC__/Home/Images/bracket.jpg
INFO: [ app_init ] --START--
INFO: Run Behavior\BuildLiteBehavior [ RunTime:0.000020s ]
INFO: [ app_init ] --END-- [ RunTime:0.000568s ]

[ 2015-07-01T12:06:32+08:00 ] ::1 /capcc0624/index.php/Home/__PUBLIC__/Home/Images/bracket.jpg
INFO: [ app_init ] --START--
INFO: Run Behavior\BuildLiteBehavior [ RunTime:0.000037s ]
INFO: [ app_init ] --END-- [ RunTime:0.000850s ]

[ 2015-07-01T12:06:33+08:00 ] ::1 /capcc0624/index.php/Home/News
INFO: [ app_init ] --START--
INFO: Run Behavior\BuildLiteBehavior [ RunTime:0.000018s ]
INFO: [ app_init ] --END-- [ RunTime:0.000507s ]

[ 2015-07-01T12:10:58+08:00 ] ::1 /capcc0624/index.php/Home/News
INFO: [ app_init ] --START--
INFO: Run Behavior\BuildLiteBehavior [ RunTime:0.000019s ]
INFO: [ app_init ] --END-- [ RunTime:0.000695s ]

[ 2015-07-01T12:11:45+08:00 ] ::1 /capcc0624/index.php/Home/News
INFO: [ app_init ] --START--
INFO: Run Behavior\BuildLiteBehavior [ RunTime:0.000026s ]
INFO: [ app_init ] --END-- [ RunTime:0.000998s ]

[ 2015-07-01T12:12:36+08:00 ] ::1 /capcc0624/index.php
INFO: [ app_init ] --START--
INFO: Run Behavior\BuildLiteBehavior [ RunTime:0.000020s ]
INFO: [ app_init ] --END-- [ RunTime:0.000642s ]

[ 2015-07-01T12:13:38+08:00 ] ::1 /capcc0624/index.php/Home/News
INFO: [ app_init ] --START--
INFO: Run Behavior\BuildLiteBehavior [ RunTime:0.000020s ]
INFO: [ app_init ] --END-- [ RunTime:0.000555s ]

[ 2015-07-01T12:13:39+08:00 ] ::1 /capcc0624/index.php/Home/__PUBLIC__/Home/Images/bracket.jpg
INFO: [ app_init ] --START--
INFO: Run Behavior\BuildLiteBehavior [ RunTime:0.000073s ]
INFO: [ app_init ] --END-- [ RunTime:0.000837s ]

[ 2015-07-01T12:15:04+08:00 ] ::1 /capcc0624/index.php/Home/__PUBLIC__/Home/Images/bracket.jpg
INFO: [ app_init ] --START--
INFO: Run Behavior\BuildLiteBehavior [ RunTime:0.000028s ]
INFO: [ app_init ] --END-- [ RunTime:0.000721s ]

[ 2015-07-01T12:15:06+08:00 ] ::1 /capcc0624/index.php/Home/News
INFO: [ app_init ] --START--
INFO: Run Behavior\BuildLiteBehavior [ RunTime:0.000018s ]
INFO: [ app_init ] --END-- [ RunTime:0.000585s ]

[ 2015-07-01T12:15:09+08:00 ] ::1 /capcc0624/index.php/Home/__PUBLIC__/Home/Images/bracket.jpg
INFO: [ app_init ] --START--
INFO: Run Behavior\BuildLiteBehavior [ RunTime:0.000025s ]
INFO: [ app_init ] --END-- [ RunTime:0.000820s ]

[ 2015-07-01T12:20:59+08:00 ] ::1 /capcc0624/index.php/Home/News
INFO: [ app_init ] --START--
INFO: Run Behavior\BuildLiteBehavior [ RunTime:0.000020s ]
INFO: [ app_init ] --END-- [ RunTime:0.000549s ]

[ 2015-07-01T12:21:07+08:00 ] ::1 /capcc0624/index.php/Home/__PUBLIC__/Home/Images/bracket.jpg
INFO: [ app_init ] --START--
INFO: Run Behavior\BuildLiteBehavior [ RunTime:0.000027s ]
INFO: [ app_init ] --END-- [ RunTime:0.000980s ]

[ 2015-07-01T12:21:10+08:00 ] ::1 /capcc0624/index.php/Home/__PUBLIC__/Home/Images/bracket.jpg
INFO: [ app_init ] --START--
INFO: Run Behavior\BuildLiteBehavior [ RunTime:0.000035s ]
INFO: [ app_init ] --END-- [ RunTime:0.001016s ]

[ 2015-07-01T12:24:17+08:00 ] ::1 /capcc0624/index.php/Home/News
INFO: [ app_init ] --START--
INFO: Run Behavior\BuildLiteBehavior [ RunTime:0.000126s ]
INFO: [ app_init ] --END-- [ RunTime:0.001627s ]

[ 2015-07-01T12:24:28+08:00 ] ::1 /capcc0624/index.php/Home/News
INFO: [ app_init ] --START--
INFO: Run Behavior\BuildLiteBehavior [ RunTime:0.000022s ]
INFO: [ app_init ] --END-- [ RunTime:0.000685s ]

[ 2015-07-01T12:24:31+08:00 ] ::1 /capcc0624/index.php/Home/__PUBLIC__/Home/Images/bracket.jpg
INFO: [ app_init ] --START--
INFO: Run Behavior\BuildLiteBehavior [ RunTime:0.000023s ]
INFO: [ app_init ] --END-- [ RunTime:0.000735s ]

[ 2015-07-01T12:25:04+08:00 ] ::1 /capcc0624/index.php/Home/__PUBLIC__/Home/Images/bracket.jpg
INFO: [ app_init ] --START--
INFO: Run Behavior\BuildLiteBehavior [ RunTime:0.000019s ]
INFO: [ app_init ] --END-- [ RunTime:0.000588s ]

[ 2015-07-01T12:25:05+08:00 ] ::1 /capcc0624/index.php/Home/__PUBLIC__/Home/Images/bracket.jpg
INFO: [ app_init ] --START--
INFO: Run Behavior\BuildLiteBehavior [ RunTime:0.000018s ]
INFO: [ app_init ] --END-- [ RunTime:0.000605s ]

[ 2015-07-01T12:25:05+08:00 ] ::1 /capcc0624/index.php/Home/News
INFO: [ app_init ] --START--
INFO: Run Behavior\BuildLiteBehavior [ RunTime:0.000021s ]
INFO: [ app_init ] --END-- [ RunTime:0.000795s ]

[ 2015-07-01T12:25:08+08:00 ] ::1 /capcc0624/index.php/Home/__PUBLIC__/Home/Images/bracket.jpg
INFO: [ app_init ] --START--
INFO: Run Behavior\BuildLiteBehavior [ RunTime:0.000025s ]
INFO: [ app_init ] --END-- [ RunTime:0.000703s ]

[ 2015-07-01T12:25:24+08:00 ] ::1 /capcc0624/index.php/Home/News
INFO: [ app_init ] --START--
INFO: Run Behavior\BuildLiteBehavior [ RunTime:0.000032s ]
INFO: [ app_init ] --END-- [ RunTime:0.000941s ]

[ 2015-07-01T12:25:25+08:00 ] ::1 /capcc0624/index.php/Home/__PUBLIC__/Home/Images/bracket.jpg
INFO: [ app_init ] --START--
INFO: Run Behavior\BuildLiteBehavior [ RunTime:0.000034s ]
INFO: [ app_init ] --END-- [ RunTime:0.000870s ]

[ 2015-07-01T12:25:33+08:00 ] ::1 /capcc0624/index.php/Home/__PUBLIC__/Home/Images/bracket.jpg
INFO: [ app_init ] --START--
INFO: Run Behavior\BuildLiteBehavior [ RunTime:0.000038s ]
INFO: [ app_init ] --END-- [ RunTime:0.000968s ]

[ 2015-07-01T12:26:46+08:00 ] ::1 /capcc0624/index.php/Home/News
INFO: [ app_init ] --START--
INFO: Run Behavior\BuildLiteBehavior [ RunTime:0.000034s ]
INFO: [ app_init ] --END-- [ RunTime:0.001603s ]

[ 2015-07-01T12:37:04+08:00 ] ::1 /capcc0624/index.php/Home/News
INFO: [ app_init ] --START--
INFO: Run Behavior\BuildLiteBehavior [ RunTime:0.000019s ]
INFO: [ app_init ] --END-- [ RunTime:0.000577s ]

[ 2015-07-01T12:37:16+08:00 ] ::1 /capcc0624/index.php/Home/News
INFO: [ app_init ] --START--
INFO: Run Behavior\BuildLiteBehavior [ RunTime:0.000034s ]
INFO: [ app_init ] --END-- [ RunTime:0.001373s ]

[ 2015-07-01T12:38:21+08:00 ] ::1 /capcc0624/index.php/Home/News
INFO: [ app_init ] --START--
INFO: Run Behavior\BuildLiteBehavior [ RunTime:0.000018s ]
INFO: [ app_init ] --END-- [ RunTime:0.000595s ]

[ 2015-07-01T12:39:21+08:00 ] ::1 /capcc0624/index.php/Home/News
INFO: [ app_init ] --START--
INFO: Run Behavior\BuildLiteBehavior [ RunTime:0.000019s ]
INFO: [ app_init ] --END-- [ RunTime:0.000535s ]

[ 2015-07-01T13:00:51+08:00 ] ::1 /capcc0624/index.php/Home/__PUBLIC__/Home/Images/bracket.jpg
INFO: [ app_init ] --START--
INFO: Run Behavior\BuildLiteBehavior [ RunTime:0.000020s ]
INFO: [ app_init ] --END-- [ RunTime:0.000636s ]

[ 2015-07-01T13:00:52+08:00 ] ::1 /capcc0624/index.php/Home/News
INFO: [ app_init ] --START--
INFO: Run Behavior\BuildLiteBehavior [ RunTime:0.000019s ]
INFO: [ app_init ] --END-- [ RunTime:0.000561s ]

[ 2015-07-01T14:11:53+08:00 ] ::1 /capcc0624/index.php/Home/News
INFO: [ app_init ] --START--
INFO: Run Behavior\BuildLiteBehavior [ RunTime:0.000032s ]
INFO: [ app_init ] --END-- [ RunTime:0.000903s ]

[ 2015-07-01T14:12:26+08:00 ] ::1 /capcc0624/index.php/Home/News
INFO: [ app_init ] --START--
INFO: Run Behavior\BuildLiteBehavior [ RunTime:0.000018s ]
INFO: [ app_init ] --END-- [ RunTime:0.000573s ]

[ 2015-07-01T14:12:26+08:00 ] ::1 /capcc0624/index.php/Home/images/botton-right.png
INFO: [ app_init ] --START--
INFO: Run Behavior\BuildLiteBehavior [ RunTime:0.000032s ]
INFO: [ app_init ] --END-- [ RunTime:0.000888s ]

[ 2015-07-01T14:12:26+08:00 ] ::1 /capcc0624/index.php/Home/images/botton-left.png
INFO: [ app_init ] --START--
INFO: Run Behavior\BuildLiteBehavior [ RunTime:0.000037s ]
INFO: [ app_init ] --END-- [ RunTime:0.003438s ]

[ 2015-07-01T14:12:27+08:00 ] ::1 /capcc0624/index.php/Home/images/%E6%A0%87%E8%AF%86%E7%AC%A6%E5%8F%B7%20(1).jpg
INFO: [ app_init ] --START--
INFO: Run Behavior\BuildLiteBehavior [ RunTime:0.000031s ]
INFO: [ app_init ] --END-- [ RunTime:0.000815s ]

[ 2015-07-01T14:12:27+08:00 ] ::1 /capcc0624/index.php/Home/images/%E5%98%89%E5%85%B4%E8%BF%90%E6%B2%B3-06.jpg
INFO: [ app_init ] --START--
INFO: Run Behavior\BuildLiteBehavior [ RunTime:0.000030s ]
INFO: [ app_init ] --END-- [ RunTime:0.000806s ]

[ 2015-07-01T14:12:27+08:00 ] ::1 /capcc0624/index.php/Home/images/botton-right.png
INFO: [ app_init ] --START--
INFO: Run Behavior\BuildLiteBehavior [ RunTime:0.000043s ]
INFO: [ app_init ] --END-- [ RunTime:0.001840s ]

[ 2015-07-01T14:12:27+08:00 ] ::1 /capcc0624/index.php/Home/images/botton-left.png
INFO: [ app_init ] --START--
INFO: Run Behavior\BuildLiteBehavior [ RunTime:0.000023s ]
INFO: [ app_init ] --END-- [ RunTime:0.000643s ]

[ 2015-07-01T14:12:48+08:00 ] ::1 /capcc0624/index.php/Home/__PUBLIC__/Home/Images/bracket.jpg
INFO: [ app_init ] --START--
INFO: Run Behavior\BuildLiteBehavior [ RunTime:0.000053s ]
INFO: [ app_init ] --END-- [ RunTime:0.001639s ]

[ 2015-07-01T14:12:48+08:00 ] ::1 /capcc0624/index.php/Home/__PUBLIC__/Home/Images/bracket.jpg
INFO: [ app_init ] --START--
INFO: Run Behavior\BuildLiteBehavior [ RunTime:0.000036s ]
INFO: [ app_init ] --END-- [ RunTime:0.000904s ]

[ 2015-07-01T14:13:31+08:00 ] ::1 /capcc0624/index.php/Home/News
INFO: [ app_init ] --START--
INFO: Run Behavior\BuildLiteBehavior [ RunTime:0.000048s ]
INFO: [ app_init ] --END-- [ RunTime:0.000936s ]

[ 2015-07-01T14:13:32+08:00 ] ::1 /capcc0624/index.php/Home/images/botton-right.png
INFO: [ app_init ] --START--
INFO: Run Behavior\BuildLiteBehavior [ RunTime:0.000032s ]
INFO: [ app_init ] --END-- [ RunTime:0.000736s ]

[ 2015-07-01T14:13:32+08:00 ] ::1 /capcc0624/index.php/Home/images/botton-left.png
INFO: [ app_init ] --START--
INFO: Run Behavior\BuildLiteBehavior [ RunTime:0.000034s ]
INFO: [ app_init ] --END-- [ RunTime:0.000927s ]

[ 2015-07-01T14:13:32+08:00 ] ::1 /capcc0624/index.php/Home/images/%E5%98%89%E5%85%B4%E8%BF%90%E6%B2%B3-06.jpg
INFO: [ app_init ] --START--
INFO: Run Behavior\BuildLiteBehavior [ RunTime:0.000035s ]
INFO: [ app_init ] --END-- [ RunTime:0.000861s ]

[ 2015-07-01T14:13:32+08:00 ] ::1 /capcc0624/index.php/Home/images/botton-right.png
INFO: [ app_init ] --START--
INFO: Run Behavior\BuildLiteBehavior [ RunTime:0.000033s ]
INFO: [ app_init ] --END-- [ RunTime:0.000770s ]

[ 2015-07-01T14:13:32+08:00 ] ::1 /capcc0624/index.php/Home/images/%E6%A0%87%E8%AF%86%E7%AC%A6%E5%8F%B7%20(1).jpg
INFO: [ app_init ] --START--
INFO: Run Behavior\BuildLiteBehavior [ RunTime:0.000033s ]
INFO: [ app_init ] --END-- [ RunTime:0.001765s ]

[ 2015-07-01T14:13:32+08:00 ] ::1 /capcc0624/index.php/Home/images/botton-left.png
INFO: [ app_init ] --START--
INFO: Run Behavior\BuildLiteBehavior [ RunTime:0.000038s ]
INFO: [ app_init ] --END-- [ RunTime:0.001498s ]

[ 2015-07-01T14:14:09+08:00 ] ::1 /capcc0624/index.php/Home/News
INFO: [ app_init ] --START--
INFO: Run Behavior\BuildLiteBehavior [ RunTime:0.000017s ]
INFO: [ app_init ] --END-- [ RunTime:0.000539s ]

[ 2015-07-01T14:14:10+08:00 ] ::1 /capcc0624/index.php/Home/images/botton-left.png
INFO: [ app_init ] --START--
INFO: Run Behavior\BuildLiteBehavior [ RunTime:0.000029s ]
INFO: [ app_init ] --END-- [ RunTime:0.000761s ]

[ 2015-07-01T14:14:10+08:00 ] ::1 /capcc0624/index.php/Home/images/botton-right.png
INFO: [ app_init ] --START--
INFO: Run Behavior\BuildLiteBehavior [ RunTime:0.000030s ]
INFO: [ app_init ] --END-- [ RunTime:0.000814s ]

[ 2015-07-01T14:14:10+08:00 ] ::1 /capcc0624/index.php/Home/images/%E5%98%89%E5%85%B4%E8%BF%90%E6%B2%B3-06.jpg
INFO: [ app_init ] --START--
INFO: Run Behavior\BuildLiteBehavior [ RunTime:0.000032s ]
INFO: [ app_init ] --END-- [ RunTime:0.001034s ]

[ 2015-07-01T14:14:10+08:00 ] ::1 /capcc0624/index.php/Home/images/%E6%A0%87%E8%AF%86%E7%AC%A6%E5%8F%B7%20(1).jpg
INFO: [ app_init ] --START--
INFO: Run Behavior\BuildLiteBehavior [ RunTime:0.000034s ]
INFO: [ app_init ] --END-- [ RunTime:0.000903s ]

[ 2015-07-01T14:14:10+08:00 ] ::1 /capcc0624/index.php/Home/images/botton-right.png
INFO: [ app_init ] --START--
INFO: Run Behavior\BuildLiteBehavior [ RunTime:0.000030s ]
INFO: [ app_init ] --END-- [ RunTime:0.000951s ]

[ 2015-07-01T14:14:10+08:00 ] ::1 /capcc0624/index.php/Home/images/botton-left.png
INFO: [ app_init ] --START--
INFO: Run Behavior\BuildLiteBehavior [ RunTime:0.000040s ]
INFO: [ app_init ] --END-- [ RunTime:0.000844s ]

[ 2015-07-01T14:16:47+08:00 ] ::1 /capcc0624/index.php/Home/News
INFO: [ app_init ] --START--
INFO: Run Behavior\BuildLiteBehavior [ RunTime:0.000030s ]
INFO: [ app_init ] --END-- [ RunTime:0.000794s ]

[ 2015-07-01T14:16:47+08:00 ] ::1 /capcc0624/index.php/Home/images/botton-left.png
INFO: [ app_init ] --START--
INFO: Run Behavior\BuildLiteBehavior [ RunTime:0.000036s ]
INFO: [ app_init ] --END-- [ RunTime:0.000957s ]

[ 2015-07-01T14:16:47+08:00 ] ::1 /capcc0624/index.php/Home/images/botton-right.png
INFO: [ app_init ] --START--
INFO: Run Behavior\BuildLiteBehavior [ RunTime:0.000031s ]
INFO: [ app_init ] --END-- [ RunTime:0.000849s ]

[ 2015-07-01T14:16:47+08:00 ] ::1 /capcc0624/index.php/Home/images/%E6%A0%87%E8%AF%86%E7%AC%A6%E5%8F%B7%20(1).jpg
INFO: [ app_init ] --START--
INFO: Run Behavior\BuildLiteBehavior [ RunTime:0.000035s ]
INFO: [ app_init ] --END-- [ RunTime:0.001018s ]

[ 2015-07-01T14:16:47+08:00 ] ::1 /capcc0624/index.php/Home/images/%E5%98%89%E5%85%B4%E8%BF%90%E6%B2%B3-06.jpg
INFO: [ app_init ] --START--
INFO: Run Behavior\BuildLiteBehavior [ RunTime:0.000034s ]
INFO: [ app_init ] --END-- [ RunTime:0.000985s ]

[ 2015-07-01T14:16:47+08:00 ] ::1 /capcc0624/index.php/Home/images/botton-right.png
INFO: [ app_init ] --START--
INFO: Run Behavior\BuildLiteBehavior [ RunTime:0.000032s ]
INFO: [ app_init ] --END-- [ RunTime:0.001000s ]

[ 2015-07-01T14:16:48+08:00 ] ::1 /capcc0624/index.php/Home/images/botton-left.png
INFO: [ app_init ] --START--
INFO: Run Behavior\BuildLiteBehavior [ RunTime:0.000025s ]
INFO: [ app_init ] --END-- [ RunTime:0.000585s ]

[ 2015-07-01T14:20:08+08:00 ] ::1 /capcc0624/index.php/Home/News
INFO: [ app_init ] --START--
INFO: Run Behavior\BuildLiteBehavior [ RunTime:0.000020s ]
INFO: [ app_init ] --END-- [ RunTime:0.000580s ]

[ 2015-07-01T14:20:09+08:00 ] ::1 /capcc0624/index.php/Home/images/botton-right.png
INFO: [ app_init ] --START--
INFO: Run Behavior\BuildLiteBehavior [ RunTime:0.000035s ]
INFO: [ app_init ] --END-- [ RunTime:0.000838s ]

[ 2015-07-01T14:20:09+08:00 ] ::1 /capcc0624/index.php/Home/images/botton-left.png
INFO: [ app_init ] --START--
INFO: Run Behavior\BuildLiteBehavior [ RunTime:0.000032s ]
INFO: [ app_init ] --END-- [ RunTime:0.000822s ]

[ 2015-07-01T14:20:09+08:00 ] ::1 /capcc0624/index.php/Home/images/%E5%98%89%E5%85%B4%E8%BF%90%E6%B2%B3-06.jpg
INFO: [ app_init ] --START--
INFO: Run Behavior\BuildLiteBehavior [ RunTime:0.000028s ]
INFO: [ app_init ] --END-- [ RunTime:0.000848s ]

[ 2015-07-01T14:20:09+08:00 ] ::1 /capcc0624/index.php/Home/images/%E6%A0%87%E8%AF%86%E7%AC%A6%E5%8F%B7%20(1).jpg
INFO: [ app_init ] --START--
INFO: Run Behavior\BuildLiteBehavior [ RunTime:0.000028s ]
INFO: [ app_init ] --END-- [ RunTime:0.000796s ]

[ 2015-07-01T14:20:10+08:00 ] ::1 /capcc0624/index.php/Home/images/botton-left.png
INFO: [ app_init ] --START--
INFO: Run Behavior\BuildLiteBehavior [ RunTime:0.000043s ]
INFO: [ app_init ] --END-- [ RunTime:0.001027s ]

[ 2015-07-01T14:20:10+08:00 ] ::1 /capcc0624/index.php/Home/images/botton-right.png
INFO: [ app_init ] --START--
INFO: Run Behavior\BuildLiteBehavior [ RunTime:0.000035s ]
INFO: [ app_init ] --END-- [ RunTime:0.001098s ]

[ 2015-07-01T14:21:24+08:00 ] ::1 /capcc0624/index.php/Home/News
INFO: [ app_init ] --START--
INFO: Run Behavior\BuildLiteBehavior [ RunTime:0.000030s ]
INFO: [ app_init ] --END-- [ RunTime:0.000678s ]

[ 2015-07-01T14:21:25+08:00 ] ::1 /capcc0624/index.php/Home/images/botton-left.png
INFO: [ app_init ] --START--
INFO: Run Behavior\BuildLiteBehavior [ RunTime:0.000037s ]
INFO: [ app_init ] --END-- [ RunTime:0.001069s ]

[ 2015-07-01T14:21:25+08:00 ] ::1 /capcc0624/index.php/Home/images/botton-right.png
INFO: [ app_init ] --START--
INFO: Run Behavior\BuildLiteBehavior [ RunTime:0.000033s ]
INFO: [ app_init ] --END-- [ RunTime:0.000867s ]

[ 2015-07-01T14:21:25+08:00 ] ::1 /capcc0624/index.php/Home/images/%E6%A0%87%E8%AF%86%E7%AC%A6%E5%8F%B7%20(1).jpg
INFO: [ app_init ] --START--
INFO: Run Behavior\BuildLiteBehavior [ RunTime:0.000028s ]
INFO: [ app_init ] --END-- [ RunTime:0.000778s ]

[ 2015-07-01T14:21:25+08:00 ] ::1 /capcc0624/index.php/Home/images/%E5%98%89%E5%85%B4%E8%BF%90%E6%B2%B3-06.jpg
INFO: [ app_init ] --START--
INFO: Run Behavior\BuildLiteBehavior [ RunTime:0.000030s ]
INFO: [ app_init ] --END-- [ RunTime:0.000861s ]

[ 2015-07-01T14:21:25+08:00 ] ::1 /capcc0624/index.php/Home/images/botton-right.png
INFO: [ app_init ] --START--
INFO: Run Behavior\BuildLiteBehavior [ RunTime:0.000048s ]
INFO: [ app_init ] --END-- [ RunTime:0.001210s ]

[ 2015-07-01T14:21:25+08:00 ] ::1 /capcc0624/index.php/Home/images/botton-left.png
INFO: [ app_init ] --START--
INFO: Run Behavior\BuildLiteBehavior [ RunTime:0.000020s ]
INFO: [ app_init ] --END-- [ RunTime:0.000513s ]

[ 2015-07-01T14:22:20+08:00 ] ::1 /capcc0624/index.php/Home/News
INFO: [ app_init ] --START--
INFO: Run Behavior\BuildLiteBehavior [ RunTime:0.000025s ]
INFO: [ app_init ] --END-- [ RunTime:0.000762s ]

[ 2015-07-01T14:22:21+08:00 ] ::1 /capcc0624/index.php/Home/images/botton-left.png
INFO: [ app_init ] --START--
INFO: Run Behavior\BuildLiteBehavior [ RunTime:0.000028s ]
INFO: [ app_init ] --END-- [ RunTime:0.000740s ]

[ 2015-07-01T14:22:21+08:00 ] ::1 /capcc0624/index.php/Home/images/botton-right.png
INFO: [ app_init ] --START--
INFO: Run Behavior\BuildLiteBehavior [ RunTime:0.000028s ]
INFO: [ app_init ] --END-- [ RunTime:0.000805s ]

[ 2015-07-01T14:22:21+08:00 ] ::1 /capcc0624/index.php/Home/images/%E5%98%89%E5%85%B4%E8%BF%90%E6%B2%B3-06.jpg
INFO: [ app_init ] --START--
INFO: Run Behavior\BuildLiteBehavior [ RunTime:0.000032s ]
INFO: [ app_init ] --END-- [ RunTime:0.001002s ]

[ 2015-07-01T14:22:21+08:00 ] ::1 /capcc0624/index.php/Home/images/%E6%A0%87%E8%AF%86%E7%AC%A6%E5%8F%B7%20(1).jpg
INFO: [ app_init ] --START--
INFO: Run Behavior\BuildLiteBehavior [ RunTime:0.000032s ]
INFO: [ app_init ] --END-- [ RunTime:0.000843s ]

[ 2015-07-01T14:22:21+08:00 ] ::1 /capcc0624/index.php/Home/images/botton-right.png
INFO: [ app_init ] --START--
INFO: Run Behavior\BuildLiteBehavior [ RunTime:0.000036s ]
INFO: [ app_init ] --END-- [ RunTime:0.001106s ]

[ 2015-07-01T14:22:21+08:00 ] ::1 /capcc0624/index.php/Home/images/botton-left.png
INFO: [ app_init ] --START--
INFO: Run Behavior\BuildLiteBehavior [ RunTime:0.000031s ]
INFO: [ app_init ] --END-- [ RunTime:0.000860s ]

[ 2015-07-01T14:23:16+08:00 ] ::1 /capcc0624/index.php/Home/__PUBLIC__/Home/Images/bracket.jpg
INFO: [ app_init ] --START--
INFO: Run Behavior\BuildLiteBehavior [ RunTime:0.000036s ]
INFO: [ app_init ] --END-- [ RunTime:0.001472s ]

[ 2015-07-01T14:23:17+08:00 ] ::1 /capcc0624/index.php/Home/News
INFO: [ app_init ] --START--
INFO: Run Behavior\BuildLiteBehavior [ RunTime:0.000018s ]
INFO: [ app_init ] --END-- [ RunTime:0.000563s ]

[ 2015-07-01T14:23:18+08:00 ] ::1 /capcc0624/index.php/Home/images/botton-left.png
INFO: [ app_init ] --START--
INFO: Run Behavior\BuildLiteBehavior [ RunTime:0.000036s ]
INFO: [ app_init ] --END-- [ RunTime:0.001282s ]

[ 2015-07-01T14:23:18+08:00 ] ::1 /capcc0624/index.php/Home/images/botton-right.png
INFO: [ app_init ] --START--
INFO: Run Behavior\BuildLiteBehavior [ RunTime:0.000089s ]
INFO: [ app_init ] --END-- [ RunTime:0.001726s ]

[ 2015-07-01T14:23:18+08:00 ] ::1 /capcc0624/index.php/Home/images/%E6%A0%87%E8%AF%86%E7%AC%A6%E5%8F%B7%20(1).jpg
INFO: [ app_init ] --START--
INFO: Run Behavior\BuildLiteBehavior [ RunTime:0.000029s ]
INFO: [ app_init ] --END-- [ RunTime:0.000843s ]

[ 2015-07-01T14:23:18+08:00 ] ::1 /capcc0624/index.php/Home/images/%E5%98%89%E5%85%B4%E8%BF%90%E6%B2%B3-06.jpg
INFO: [ app_init ] --START--
INFO: Run Behavior\BuildLiteBehavior [ RunTime:0.000043s ]
INFO: [ app_init ] --END-- [ RunTime:0.001155s ]

[ 2015-07-01T14:23:18+08:00 ] ::1 /capcc0624/index.php/Home/images/botton-right.png
INFO: [ app_init ] --START--
INFO: Run Behavior\BuildLiteBehavior [ RunTime:0.000022s ]
INFO: [ app_init ] --END-- [ RunTime:0.000598s ]

[ 2015-07-01T14:23:18+08:00 ] ::1 /capcc0624/index.php/Home/images/botton-left.png
INFO: [ app_init ] --START--
INFO: Run Behavior\BuildLiteBehavior [ RunTime:0.000020s ]
INFO: [ app_init ] --END-- [ RunTime:0.000564s ]

[ 2015-07-01T14:23:18+08:00 ] ::1 /capcc0624/index.php/Home/__PUBLIC__/Home/Images/bracket.jpg
INFO: [ app_init ] --START--
INFO: Run Behavior\BuildLiteBehavior [ RunTime:0.000028s ]
INFO: [ app_init ] --END-- [ RunTime:0.000779s ]

[ 2015-07-01T14:23:52+08:00 ] ::1 /capcc0624/index.php/Home/News
INFO: [ app_init ] --START--
INFO: Run Behavior\BuildLiteBehavior [ RunTime:0.000019s ]
INFO: [ app_init ] --END-- [ RunTime:0.000551s ]

[ 2015-07-01T14:23:52+08:00 ] ::1 /capcc0624/index.php/Home/__PUBLIC__/Home/Images/bracket.jpg
INFO: [ app_init ] --START--
INFO: Run Behavior\BuildLiteBehavior [ RunTime:0.000031s ]
INFO: [ app_init ] --END-- [ RunTime:0.000841s ]

[ 2015-07-01T14:23:53+08:00 ] ::1 /capcc0624/index.php/Home/images/botton-right.png
INFO: [ app_init ] --START--
INFO: Run Behavior\BuildLiteBehavior [ RunTime:0.000029s ]
INFO: [ app_init ] --END-- [ RunTime:0.001304s ]

[ 2015-07-01T14:23:53+08:00 ] ::1 /capcc0624/index.php/Home/images/botton-left.png
INFO: [ app_init ] --START--
INFO: Run Behavior\BuildLiteBehavior [ RunTime:0.000031s ]
INFO: [ app_init ] --END-- [ RunTime:0.000804s ]

[ 2015-07-01T14:23:53+08:00 ] ::1 /capcc0624/index.php/Home/images/%E5%98%89%E5%85%B4%E8%BF%90%E6%B2%B3-06.jpg
INFO: [ app_init ] --START--
INFO: Run Behavior\BuildLiteBehavior [ RunTime:0.000027s ]
INFO: [ app_init ] --END-- [ RunTime:0.000740s ]

[ 2015-07-01T14:23:53+08:00 ] ::1 /capcc0624/index.php/Home/images/%E6%A0%87%E8%AF%86%E7%AC%A6%E5%8F%B7%20(1).jpg
INFO: [ app_init ] --START--
INFO: Run Behavior\BuildLiteBehavior [ RunTime:0.000057s ]
INFO: [ app_init ] --END-- [ RunTime:0.000759s ]

[ 2015-07-01T14:23:53+08:00 ] ::1 /capcc0624/index.php/Home/images/botton-right.png
INFO: [ app_init ] --START--
INFO: Run Behavior\BuildLiteBehavior [ RunTime:0.000029s ]
INFO: [ app_init ] --END-- [ RunTime:0.000755s ]

[ 2015-07-01T14:23:59+08:00 ] ::1 /capcc0624/index.php/Home/news/active/?newsid=
INFO: [ app_init ] --START--
INFO: Run Behavior\BuildLiteBehavior [ RunTime:0.000021s ]
INFO: [ app_init ] --END-- [ RunTime:0.000713s ]
ERR: 非法操作:active

[ 2015-07-01T14:24:32+08:00 ] ::1 /capcc0624/index.php/Home/News
INFO: [ app_init ] --START--
INFO: Run Behavior\BuildLiteBehavior [ RunTime:0.000042s ]
INFO: [ app_init ] --END-- [ RunTime:0.001018s ]

[ 2015-07-01T14:24:34+08:00 ] ::1 /capcc0624/index.php/Home/images/%E5%98%89%E5%85%B4%E8%BF%90%E6%B2%B3-06.jpg
INFO: [ app_init ] --START--
INFO: Run Behavior\BuildLiteBehavior [ RunTime:0.000029s ]
INFO: [ app_init ] --END-- [ RunTime:0.000820s ]

[ 2015-07-01T14:24:34+08:00 ] ::1 /capcc0624/index.php/Home/images/botton-right.png
INFO: [ app_init ] --START--
INFO: Run Behavior\BuildLiteBehavior [ RunTime:0.000029s ]
INFO: [ app_init ] --END-- [ RunTime:0.000918s ]

[ 2015-07-01T14:24:34+08:00 ] ::1 /capcc0624/index.php/Home/images/botton-left.png
INFO: [ app_init ] --START--
INFO: Run Behavior\BuildLiteBehavior [ RunTime:0.000059s ]
INFO: [ app_init ] --END-- [ RunTime:0.001282s ]

[ 2015-07-01T14:24:34+08:00 ] ::1 /capcc0624/index.php/Home/images/%E6%A0%87%E8%AF%86%E7%AC%A6%E5%8F%B7%20(1).jpg
INFO: [ app_init ] --START--
INFO: Run Behavior\BuildLiteBehavior [ RunTime:0.000035s ]
INFO: [ app_init ] --END-- [ RunTime:0.000815s ]

[ 2015-07-01T14:24:34+08:00 ] ::1 /capcc0624/index.php/Home/images/botton-right.png
INFO: [ app_init ] --START--
INFO: Run Behavior\BuildLiteBehavior [ RunTime:0.000032s ]
INFO: [ app_init ] --END-- [ RunTime:0.000801s ]

[ 2015-07-01T14:24:34+08:00 ] ::1 /capcc0624/index.php/Home/images/botton-left.png
INFO: [ app_init ] --START--
INFO: Run Behavior\BuildLiteBehavior [ RunTime:0.000020s ]
INFO: [ app_init ] --END-- [ RunTime:0.000505s ]

[ 2015-07-01T14:30:49+08:00 ] ::1 /capcc0624/index.php/Home/News
INFO: [ app_init ] --START--
INFO: Run Behavior\BuildLiteBehavior [ RunTime:0.000037s ]
INFO: [ app_init ] --END-- [ RunTime:0.002339s ]

[ 2015-07-01T14:30:54+08:00 ] ::1 /capcc0624/index.php/Home/images/botton-left.png
INFO: [ app_init ] --START--
INFO: Run Behavior\BuildLiteBehavior [ RunTime:0.000046s ]
INFO: [ app_init ] --END-- [ RunTime:0.001221s ]

[ 2015-07-01T14:30:54+08:00 ] ::1 /capcc0624/index.php/Home/images/botton-right.png
INFO: [ app_init ] --START--
INFO: Run Behavior\BuildLiteBehavior [ RunTime:0.000035s ]
INFO: [ app_init ] --END-- [ RunTime:0.000978s ]

[ 2015-07-01T14:30:55+08:00 ] ::1 /capcc0624/index.php/Home/images/%E5%98%89%E5%85%B4%E8%BF%90%E6%B2%B3-06.jpg
INFO: [ app_init ] --START--
INFO: Run Behavior\BuildLiteBehavior [ RunTime:0.000026s ]
INFO: [ app_init ] --END-- [ RunTime:0.000712s ]

[ 2015-07-01T14:30:55+08:00 ] ::1 /capcc0624/index.php/Home/images/%E6%A0%87%E8%AF%86%E7%AC%A6%E5%8F%B7%20(1).jpg
INFO: [ app_init ] --START--
INFO: Run Behavior\BuildLiteBehavior [ RunTime:0.000027s ]
INFO: [ app_init ] --END-- [ RunTime:0.000778s ]

[ 2015-07-01T14:30:55+08:00 ] ::1 /capcc0624/index.php/Home/images/botton-left.png
INFO: [ app_init ] --START--
INFO: Run Behavior\BuildLiteBehavior [ RunTime:0.000037s ]
INFO: [ app_init ] --END-- [ RunTime:0.000926s ]

[ 2015-07-01T14:30:55+08:00 ] ::1 /capcc0624/index.php/Home/images/botton-right.png
INFO: [ app_init ] --START--
INFO: Run Behavior\BuildLiteBehavior [ RunTime:0.000022s ]
INFO: [ app_init ] --END-- [ RunTime:0.000674s ]

[ 2015-07-01T14:32:34+08:00 ] ::1 /capcc0624/index.php/Home/News
INFO: [ app_init ] --START--
INFO: Run Behavior\BuildLiteBehavior [ RunTime:0.000021s ]
INFO: [ app_init ] --END-- [ RunTime:0.000683s ]

[ 2015-07-01T14:32:37+08:00 ] ::1 /capcc0624/index.php/Home/images/botton-left.png
INFO: [ app_init ] --START--
INFO: Run Behavior\BuildLiteBehavior [ RunTime:0.000037s ]
INFO: [ app_init ] --END-- [ RunTime:0.001246s ]

[ 2015-07-01T14:32:38+08:00 ] ::1 /capcc0624/index.php/Home/images/botton-right.png
INFO: [ app_init ] --START--
INFO: Run Behavior\BuildLiteBehavior [ RunTime:0.000024s ]
INFO: [ app_init ] --END-- [ RunTime:0.000874s ]

[ 2015-07-01T14:32:38+08:00 ] ::1 /capcc0624/index.php/Home/images/%E5%98%89%E5%85%B4%E8%BF%90%E6%B2%B3-06.jpg
INFO: [ app_init ] --START--
INFO: Run Behavior\BuildLiteBehavior [ RunTime:0.000029s ]
INFO: [ app_init ] --END-- [ RunTime:0.000712s ]

[ 2015-07-01T14:32:38+08:00 ] ::1 /capcc0624/index.php/Home/images/%E6%A0%87%E8%AF%86%E7%AC%A6%E5%8F%B7%20(1).jpg
INFO: [ app_init ] --START--
INFO: Run Behavior\BuildLiteBehavior [ RunTime:0.000055s ]
INFO: [ app_init ] --END-- [ RunTime:0.001751s ]

[ 2015-07-01T14:32:38+08:00 ] ::1 /capcc0624/index.php/Home/images/botton-left.png
INFO: [ app_init ] --START--
INFO: Run Behavior\BuildLiteBehavior [ RunTime:0.000019s ]
INFO: [ app_init ] --END-- [ RunTime:0.000494s ]

[ 2015-07-01T14:32:39+08:00 ] ::1 /capcc0624/index.php/Home/images/botton-right.png
INFO: [ app_init ] --START--
INFO: Run Behavior\BuildLiteBehavior [ RunTime:0.000022s ]
INFO: [ app_init ] --END-- [ RunTime:0.000660s ]

[ 2015-07-01T14:32:52+08:00 ] ::1 /capcc0624/index.php/Home/News
INFO: [ app_init ] --START--
INFO: Run Behavior\BuildLiteBehavior [ RunTime:0.000028s ]
INFO: [ app_init ] --END-- [ RunTime:0.000794s ]

[ 2015-07-01T14:32:53+08:00 ] ::1 /capcc0624/index.php/Home/images/%E5%98%89%E5%85%B4%E8%BF%90%E6%B2%B3-06.jpg
INFO: [ app_init ] --START--
INFO: Run Behavior\BuildLiteBehavior [ RunTime:0.000033s ]
INFO: [ app_init ] --END-- [ RunTime:0.000868s ]

[ 2015-07-01T14:32:53+08:00 ] ::1 /capcc0624/index.php/Home/images/botton-right.png
INFO: [ app_init ] --START--
INFO: Run Behavior\BuildLiteBehavior [ RunTime:0.000019s ]
INFO: [ app_init ] --END-- [ RunTime:0.000569s ]

[ 2015-07-01T14:32:53+08:00 ] ::1 /capcc0624/index.php/Home/images/botton-left.png
INFO: [ app_init ] --START--
INFO: Run Behavior\BuildLiteBehavior [ RunTime:0.000030s ]
INFO: [ app_init ] --END-- [ RunTime:0.000838s ]

[ 2015-07-01T14:32:53+08:00 ] ::1 /capcc0624/index.php/Home/images/%E6%A0%87%E8%AF%86%E7%AC%A6%E5%8F%B7%20(1).jpg
INFO: [ app_init ] --START--
INFO: Run Behavior\BuildLiteBehavior [ RunTime:0.000023s ]
INFO: [ app_init ] --END-- [ RunTime:0.001014s ]

[ 2015-07-01T14:32:53+08:00 ] ::1 /capcc0624/index.php/Home/images/botton-right.png
INFO: [ app_init ] --START--
INFO: Run Behavior\BuildLiteBehavior [ RunTime:0.000032s ]
INFO: [ app_init ] --END-- [ RunTime:0.000627s ]

[ 2015-07-01T14:32:53+08:00 ] ::1 /capcc0624/index.php/Home/images/botton-left.png
INFO: [ app_init ] --START--
INFO: Run Behavior\BuildLiteBehavior [ RunTime:0.000030s ]
INFO: [ app_init ] --END-- [ RunTime:0.000742s ]

[ 2015-07-01T14:34:31+08:00 ] ::1 /capcc0624/index.php/Home/__PUBLIC__/Home/Images/bracket.jpg
INFO: [ app_init ] --START--
INFO: Run Behavior\BuildLiteBehavior [ RunTime:0.000022s ]
INFO: [ app_init ] --END-- [ RunTime:0.000892s ]

[ 2015-07-01T14:34:32+08:00 ] ::1 /capcc0624/index.php/Home/News
INFO: [ app_init ] --START--
INFO: Run Behavior\BuildLiteBehavior [ RunTime:0.000057s ]
INFO: [ app_init ] --END-- [ RunTime:0.001234s ]

[ 2015-07-01T14:34:36+08:00 ] ::1 /capcc0624/index.php/Home/images/botton-right.png
INFO: [ app_init ] --START--
INFO: Run Behavior\BuildLiteBehavior [ RunTime:0.000029s ]
INFO: [ app_init ] --END-- [ RunTime:0.000720s ]

[ 2015-07-01T14:34:36+08:00 ] ::1 /capcc0624/index.php/Home/images/%E6%A0%87%E8%AF%86%E7%AC%A6%E5%8F%B7%20(1).jpg
INFO: [ app_init ] --START--
INFO: Run Behavior\BuildLiteBehavior [ RunTime:0.000041s ]
INFO: [ app_init ] --END-- [ RunTime:0.000851s ]

[ 2015-07-01T14:34:36+08:00 ] ::1 /capcc0624/index.php/Home/images/botton-right.png
INFO: [ app_init ] --START--
INFO: Run Behavior\BuildLiteBehavior [ RunTime:0.000032s ]
INFO: [ app_init ] --END-- [ RunTime:0.000950s ]

[ 2015-07-01T14:34:36+08:00 ] ::1 /capcc0624/index.php/Home/images/%E5%98%89%E5%85%B4%E8%BF%90%E6%B2%B3-06.jpg
INFO: [ app_init ] --START--
INFO: Run Behavior\BuildLiteBehavior [ RunTime:0.000049s ]
INFO: [ app_init ] --END-- [ RunTime:0.000926s ]

[ 2015-07-01T14:34:36+08:00 ] ::1 /capcc0624/index.php/Home/images/botton-left.png
INFO: [ app_init ] --START--
INFO: Run Behavior\BuildLiteBehavior [ RunTime:0.000032s ]
INFO: [ app_init ] --END-- [ RunTime:0.000839s ]

[ 2015-07-01T14:37:29+08:00 ] ::1 /capcc0624/index.php/Home/News
INFO: [ app_init ] --START--
INFO: Run Behavior\BuildLiteBehavior [ RunTime:0.000034s ]
INFO: [ app_init ] --END-- [ RunTime:0.000971s ]

[ 2015-07-01T14:37:32+08:00 ] ::1 /capcc0624/index.php/Home/images/botton-left.png
INFO: [ app_init ] --START--
INFO: Run Behavior\BuildLiteBehavior [ RunTime:0.000031s ]
INFO: [ app_init ] --END-- [ RunTime:0.001034s ]


[ 2015-07-01T14:37:33+08:00 ] ::1 /capcc0624/index.php/Home/images/botton-right.png
INFO: [ app_init ] --START--
INFO: Run Behavior\BuildLiteBehavior [ RunTime:0.000027s ]
INFO: [ app_init ] --END-- [ RunTime:0.000709s ]

[ 2015-07-01T14:37:33+08:00 ] ::1 /capcc0624/index.php/Home/images/%E5%98%89%E5%85%B4%E8%BF%90%E6%B2%B3-06.jpg
INFO: [ app_init ] --START--
INFO: Run Behavior\BuildLiteBehavior [ RunTime:0.000025s ]
INFO: [ app_init ] --END-- [ RunTime:0.000792s ]

[ 2015-07-01T14:37:33+08:00 ] ::1 /capcc0624/index.php/Home/images/%E6%A0%87%E8%AF%86%E7%AC%A6%E5%8F%B7%20(1).jpg
INFO: [ app_init ] --START--
INFO: Run Behavior\BuildLiteBehavior [ RunTime:0.000040s ]
INFO: [ app_init ] --END-- [ RunTime:0.001149s ]

[ 2015-07-01T14:37:33+08:00 ] ::1 /capcc0624/index.php/Home/images/botton-left.png
INFO: [ app_init ] --START--
INFO: Run Behavior\BuildLiteBehavior [ RunTime:0.000019s ]
INFO: [ app_init ] --END-- [ RunTime:0.000521s ]

[ 2015-07-01T14:37:34+08:00 ] ::1 /capcc0624/index.php/Home/News
INFO: [ app_init ] --START--
INFO: Run Behavior\BuildLiteBehavior [ RunTime:0.000024s ]
INFO: [ app_init ] --END-- [ RunTime:0.000794s ]

[ 2015-07-01T14:38:54+08:00 ] ::1 /capcc0624/index.php/Home/News
INFO: [ app_init ] --START--
INFO: Run Behavior\BuildLiteBehavior [ RunTime:0.000021s ]
INFO: [ app_init ] --END-- [ RunTime:0.000539s ]

[ 2015-07-01T14:38:55+08:00 ] ::1 /capcc0624/index.php/Home/images/botton-left.png
INFO: [ app_init ] --START--
INFO: Run Behavior\BuildLiteBehavior [ RunTime:0.000368s ]
INFO: [ app_init ] --END-- [ RunTime:0.001881s ]

[ 2015-07-01T14:38:55+08:00 ] ::1 /capcc0624/index.php/Home/images/botton-right.png
INFO: [ app_init ] --START--
INFO: Run Behavior\BuildLiteBehavior [ RunTime:0.000045s ]
INFO: [ app_init ] --END-- [ RunTime:0.001887s ]

[ 2015-07-01T14:38:55+08:00 ] ::1 /capcc0624/index.php/Home/images/%E5%98%89%E5%85%B4%E8%BF%90%E6%B2%B3-06.jpg
INFO: [ app_init ] --START--
INFO: Run Behavior\BuildLiteBehavior [ RunTime:0.000028s ]
INFO: [ app_init ] --END-- [ RunTime:0.000807s ]

[ 2015-07-01T14:38:55+08:00 ] ::1 /capcc0624/index.php/Home/images/%E6%A0%87%E8%AF%86%E7%AC%A6%E5%8F%B7%20(1).jpg
INFO: [ app_init ] --START--
INFO: Run Behavior\BuildLiteBehavior [ RunTime:0.000025s ]
INFO: [ app_init ] --END-- [ RunTime:0.000814s ]

[ 2015-07-01T14:38:55+08:00 ] ::1 /capcc0624/index.php/Home/images/botton-right.png
INFO: [ app_init ] --START--
INFO: Run Behavior\BuildLiteBehavior [ RunTime:0.000041s ]
INFO: [ app_init ] --END-- [ RunTime:0.001140s ]

[ 2015-07-01T14:41:50+08:00 ] ::1 /capcc0624/index.php/Home/News
INFO: [ app_init ] --START--
INFO: Run Behavior\BuildLiteBehavior [ RunTime:0.000025s ]
INFO: [ app_init ] --END-- [ RunTime:0.000700s ]

[ 2015-07-01T14:41:51+08:00 ] ::1 /capcc0624/index.php/Home/images/%E5%98%89%E5%85%B4%E8%BF%90%E6%B2%B3-06.jpg
INFO: [ app_init ] --START--
INFO: Run Behavior\BuildLiteBehavior [ RunTime:0.000018s ]
INFO: [ app_init ] --END-- [ RunTime:0.000520s ]

[ 2015-07-01T14:41:51+08:00 ] ::1 /capcc0624/index.php/Home/images/%E6%A0%87%E8%AF%86%E7%AC%A6%E5%8F%B7%20(1).jpg
INFO: [ app_init ] --START--
INFO: Run Behavior\BuildLiteBehavior [ RunTime:0.000019s ]
INFO: [ app_init ] --END-- [ RunTime:0.000476s ]

[ 2015-07-01T14:47:38+08:00 ] ::1 /capcc0624/index.php/Home/News
INFO: [ app_init ] --START--
INFO: Run Behavior\BuildLiteBehavior [ RunTime:0.000027s ]
INFO: [ app_init ] --END-- [ RunTime:0.000851s ]

[ 2015-07-01T14:47:39+08:00 ] ::1 /capcc0624/index.php/Home/images/%E5%98%89%E5%85%B4%E8%BF%90%E6%B2%B3-06.jpg
INFO: [ app_init ] --START--
INFO: Run Behavior\BuildLiteBehavior [ RunTime:0.000039s ]
INFO: [ app_init ] --END-- [ RunTime:0.001010s ]

[ 2015-07-01T14:47:40+08:00 ] ::1 /capcc0624/index.php/Home/images/%E6%A0%87%E8%AF%86%E7%AC%A6%E5%8F%B7%20(1).jpg
INFO: [ app_init ] --START--
INFO: Run Behavior\BuildLiteBehavior [ RunTime:0.000035s ]
INFO: [ app_init ] --END-- [ RunTime:0.000908s ]

[ 2015-07-01T14:48:28+08:00 ] ::1 /capcc0624/index.php/Home/News
INFO: [ app_init ] --START--
INFO: Run Behavior\BuildLiteBehavior [ RunTime:0.000035s ]
INFO: [ app_init ] --END-- [ RunTime:0.001085s ]

[ 2015-07-01T14:48:29+08:00 ] ::1 /capcc0624/index.php/Home/images/%E5%98%89%E5%85%B4%E8%BF%90%E6%B2%B3-06.jpg
INFO: [ app_init ] --START--
INFO: Run Behavior\BuildLiteBehavior [ RunTime:0.000035s ]
INFO: [ app_init ] --END-- [ RunTime:0.000808s ]

[ 2015-07-01T14:48:29+08:00 ] ::1 /capcc0624/index.php/Home/images/%E6%A0%87%E8%AF%86%E7%AC%A6%E5%8F%B7%20(1).jpg
INFO: [ app_init ] --START--
INFO: Run Behavior\BuildLiteBehavior [ RunTime:0.000030s ]
INFO: [ app_init ] --END-- [ RunTime:0.000805s ]

[ 2015-07-01T14:49:47+08:00 ] ::1 /capcc0624/index.php/Home/News
INFO: [ app_init ] --START--
INFO: Run Behavior\BuildLiteBehavior [ RunTime:0.000036s ]
INFO: [ app_init ] --END-- [ RunTime:0.001580s ]

[ 2015-07-01T14:49:49+08:00 ] ::1 /capcc0624/index.php/Home/images/%E6%A0%87%E8%AF%86%E7%AC%A6%E5%8F%B7%20(1).jpg
INFO: [ app_init ] --START--
INFO: Run Behavior\BuildLiteBehavior [ RunTime:0.000027s ]
INFO: [ app_init ] --END-- [ RunTime:0.000814s ]

[ 2015-07-01T14:49:49+08:00 ] ::1 /capcc0624/index.php/Home/images/%E5%98%89%E5%85%B4%E8%BF%90%E6%B2%B3-06.jpg
INFO: [ app_init ] --START--
INFO: Run Behavior\BuildLiteBehavior [ RunTime:0.000031s ]
INFO: [ app_init ] --END-- [ RunTime:0.000875s ]

[ 2015-07-01T14:50:19+08:00 ] ::1 /capcc0624/index.php/Home/News
INFO: [ app_init ] --START--
INFO: Run Behavior\BuildLiteBehavior [ RunTime:0.000043s ]
INFO: [ app_init ] --END-- [ RunTime:0.000948s ]

[ 2015-07-01T14:50:21+08:00 ] ::1 /capcc0624/index.php/Home/News
INFO: [ app_init ] --START--
INFO: Run Behavior\BuildLiteBehavior [ RunTime:0.000019s ]
INFO: [ app_init ] --END-- [ RunTime:0.000579s ]

[ 2015-07-01T14:50:24+08:00 ] ::1 /capcc0624/index.php/Home/News
INFO: [ app_init ] --START--
INFO: Run Behavior\BuildLiteBehavior [ RunTime:0.000029s ]
INFO: [ app_init ] --END-- [ RunTime:0.000753s ]

[ 2015-07-01T14:50:25+08:00 ] ::1 /capcc0624/index.php/Home/images/%E5%98%89%E5%85%B4%E8%BF%90%E6%B2%B3-06.jpg
INFO: [ app_init ] --START--
INFO: Run Behavior\BuildLiteBehavior [ RunTime:0.000030s ]
INFO: [ app_init ] --END-- [ RunTime:0.000695s ]

[ 2015-07-01T14:50:25+08:00 ] ::1 /capcc0624/index.php/Home/images/%E6%A0%87%E8%AF%86%E7%AC%A6%E5%8F%B7%20(1).jpg
INFO: [ app_init ] --START--
INFO: Run Behavior\BuildLiteBehavior [ RunTime:0.000031s ]
INFO: [ app_init ] --END-- [ RunTime:0.000887s ]

[ 2015-07-01T14:50:28+08:00 ] ::1 /capcc0624/index.php/Home/News
INFO: [ app_init ] --START--
INFO: Run Behavior\BuildLiteBehavior [ RunTime:0.000020s ]
INFO: [ app_init ] --END-- [ RunTime:0.000624s ]

[ 2015-07-01T14:51:09+08:00 ] ::1 /capcc0624/index.php/Home/__PUBLIC__/Home/Images/bracket.jpg
INFO: [ app_init ] --START--
INFO: Run Behavior\BuildLiteBehavior [ RunTime:0.000022s ]
INFO: [ app_init ] --END-- [ RunTime:0.000655s ]

[ 2015-07-01T14:52:15+08:00 ] ::1 /capcc0624/index.php/Home/News
INFO: [ app_init ] --START--
INFO: Run Behavior\BuildLiteBehavior [ RunTime:0.000028s ]
INFO: [ app_init ] --END-- [ RunTime:0.000634s ]

[ 2015-07-01T14:52:16+08:00 ] ::1 /capcc0624/index.php/Home/images/%E5%98%89%E5%85%B4%E8%BF%90%E6%B2%B3-06.jpg
INFO: [ app_init ] --START--
INFO: Run Behavior\BuildLiteBehavior [ RunTime:0.000029s ]
INFO: [ app_init ] --END-- [ RunTime:0.001320s ]

[ 2015-07-01T14:52:16+08:00 ] ::1 /capcc0624/index.php/Home/images/%E6%A0%87%E8%AF%86%E7%AC%A6%E5%8F%B7%20(1).jpg
INFO: [ app_init ] --START--
INFO: Run Behavior\BuildLiteBehavior [ RunTime:0.000034s ]
INFO: [ app_init ] --END-- [ RunTime:0.001082s ]

[ 2015-07-01T14:53:02+08:00 ] ::1 /capcc0624/index.php/Home/News
INFO: [ app_init ] --START--
INFO: Run Behavior\BuildLiteBehavior [ RunTime:0.000021s ]
INFO: [ app_init ] --END-- [ RunTime:0.000715s ]

[ 2015-07-01T14:53:03+08:00 ] ::1 /capcc0624/index.php/Home/images/%E5%98%89%E5%85%B4%E8%BF%90%E6%B2%B3-06.jpg
INFO: [ app_init ] --START--
INFO: Run Behavior\BuildLiteBehavior [ RunTime:0.000033s ]
INFO: [ app_init ] --END-- [ RunTime:0.000934s ]

[ 2015-07-01T14:53:03+08:00 ] ::1 /capcc0624/index.php/Home/images/%E6%A0%87%E8%AF%86%E7%AC%A6%E5%8F%B7%20(1).jpg
INFO: [ app_init ] --START--
INFO: Run Behavior\BuildLiteBehavior [ RunTime:0.000032s ]
INFO: [ app_init ] --END-- [ RunTime:0.000931s ]

[ 2015-07-01T14:54:30+08:00 ] ::1 /capcc0624/index.php/Home/News
INFO: [ app_init ] --START--
INFO: Run Behavior\BuildLiteBehavior [ RunTime:0.000022s ]
INFO: [ app_init ] --END-- [ RunTime:0.000617s ]

[ 2015-07-01T14:54:30+08:00 ] ::1 /capcc0624/index.php/Home/images/%E5%98%89%E5%85%B4%E8%BF%90%E6%B2%B3-06.jpg
INFO: [ app_init ] --START--
INFO: Run Behavior\BuildLiteBehavior [ RunTime:0.000034s ]
INFO: [ app_init ] --END-- [ RunTime:0.000882s ]

[ 2015-07-01T14:54:30+08:00 ] ::1 /capcc0624/index.php/Home/images/%E6%A0%87%E8%AF%86%E7%AC%A6%E5%8F%B7%20(1).jpg
INFO: [ app_init ] --START--
INFO: Run Behavior\BuildLiteBehavior [ RunTime:0.000038s ]
INFO: [ app_init ] --END-- [ RunTime:0.001245s ]

[ 2015-07-01T14:57:32+08:00 ] ::1 /capcc0624/index.php/Home/News
INFO: [ app_init ] --START--
INFO: Run Behavior\BuildLiteBehavior [ RunTime:0.000102s ]
INFO: [ app_init ] --END-- [ RunTime:0.001711s ]

[ 2015-07-01T14:57:33+08:00 ] ::1 /capcc0624/index.php/Home/images/%E5%98%89%E5%85%B4%E8%BF%90%E6%B2%B3-06.jpg
INFO: [ app_init ] --START--
INFO: Run Behavior\BuildLiteBehavior [ RunTime:0.000054s ]
INFO: [ app_init ] --END-- [ RunTime:0.001287s ]

[ 2015-07-01T14:57:33+08:00 ] ::1 /capcc0624/index.php/Home/images/%E6%A0%87%E8%AF%86%E7%AC%A6%E5%8F%B7%20(1).jpg
INFO: [ app_init ] --START--
INFO: Run Behavior\BuildLiteBehavior [ RunTime:0.000027s ]
INFO: [ app_init ] --END-- [ RunTime:0.000728s ]

[ 2015-07-01T14:58:01+08:00 ] ::1 /capcc0624/index.php/Home/News
INFO: [ app_init ] --START--
INFO: Run Behavior\BuildLiteBehavior [ RunTime:0.000036s ]
INFO: [ app_init ] --END-- [ RunTime:0.001660s ]

[ 2015-07-01T14:58:03+08:00 ] ::1 /capcc0624/index.php/Home/images/%E5%98%89%E5%85%B4%E8%BF%90%E6%B2%B3-06.jpg
INFO: [ app_init ] --START--
INFO: Run Behavior\BuildLiteBehavior [ RunTime:0.000056s ]
INFO: [ app_init ] --END-- [ RunTime:0.001390s ]

[ 2015-07-01T14:58:03+08:00 ] ::1 /capcc0624/index.php/Home/images/%E6%A0%87%E8%AF%86%E7%AC%A6%E5%8F%B7%20(1).jpg
INFO: [ app_init ] --START--
INFO: Run Behavior\BuildLiteBehavior [ RunTime:0.000031s ]
INFO: [ app_init ] --END-- [ RunTime:0.000791s ]

[ 2015-07-01T14:59:03+08:00 ] ::1 /capcc0624/index.php/Home/News
INFO: [ app_init ] --START--
INFO: Run Behavior\BuildLiteBehavior [ RunTime:0.000027s ]
INFO: [ app_init ] --END-- [ RunTime:0.000847s ]

[ 2015-07-01T14:59:18+08:00 ] ::1 /capcc0624/index.php/Home/News
INFO: [ app_init ] --START--
INFO: Run Behavior\BuildLiteBehavior [ RunTime:0.000029s ]
INFO: [ app_init ] --END-- [ RunTime:0.001373s ]

[ 2015-07-01T14:59:19+08:00 ] ::1 /capcc0624/index.php/Home/images/%E5%98%89%E5%85%B4%E8%BF%90%E6%B2%B3-06.jpg
INFO: [ app_init ] --START--
INFO: Run Behavior\BuildLiteBehavior [ RunTime:0.000033s ]
INFO: [ app_init ] --END-- [ RunTime:0.002736s ]

[ 2015-07-01T14:59:19+08:00 ] ::1 /capcc0624/index.php/Home/images/%E6%A0%87%E8%AF%86%E7%AC%A6%E5%8F%B7%20(1).jpg
INFO: [ app_init ] --START--
INFO: Run Behavior\BuildLiteBehavior [ RunTime:0.000033s ]
INFO: [ app_init ] --END-- [ RunTime:0.000849s ]

[ 2015-07-01T14:59:27+08:00 ] ::1 /capcc0624/index.php/Home/__PUBLIC__/Home/Images/bracket.jpg
INFO: [ app_init ] --START--
INFO: Run Behavior\BuildLiteBehavior [ RunTime:0.000033s ]
INFO: [ app_init ] --END-- [ RunTime:0.000854s ]

[ 2015-07-01T15:02:33+08:00 ] ::1 /capcc0624/index.php/Home/__PUBLIC__/Home/Images/bracket.jpg
INFO: [ app_init ] --START--
INFO: Run Behavior\BuildLiteBehavior [ RunTime:0.000035s ]
INFO: [ app_init ] --END-- [ RunTime:0.000992s ]

[ 2015-07-01T15:02:33+08:00 ] ::1 /capcc0624/index.php/Home/News
INFO: [ app_init ] --START--
INFO: Run Behavior\BuildLiteBehavior [ RunTime:0.000021s ]
INFO: [ app_init ] --END-- [ RunTime:0.000626s ]

[ 2015-07-01T15:02:54+08:00 ] ::1 /capcc0624/index.php/Home/News
INFO: [ app_init ] --START--
INFO: Run Behavior\BuildLiteBehavior [ RunTime:0.000026s ]
INFO: [ app_init ] --END-- [ RunTime:0.000591s ]

[ 2015-07-01T15:02:54+08:00 ] ::1 /capcc0624/index.php/Home/images/%E5%98%89%E5%85%B4%E8%BF%90%E6%B2%B3-06.jpg
INFO: [ app_init ] --START--
INFO: Run Behavior\BuildLiteBehavior [ RunTime:0.000033s ]
INFO: [ app_init ] --END-- [ RunTime:0.000978s ]

[ 2015-07-01T15:02:54+08:00 ] ::1 /capcc0624/index.php/Home/images/%E6%A0%87%E8%AF%86%E7%AC%A6%E5%8F%B7%20(1).jpg
INFO: [ app_init ] --START--
INFO: Run Behavior\BuildLiteBehavior [ RunTime:0.000033s ]
INFO: [ app_init ] --END-- [ RunTime:0.001119s ]

[ 2015-07-01T15:02:55+08:00 ] ::1 /capcc0624/index.php/Home/__PUBLIC__/Home/Images/bracket.jpg
INFO: [ app_init ] --START--
INFO: Run Behavior\BuildLiteBehavior [ RunTime:0.000083s ]
INFO: [ app_init ] --END-- [ RunTime:0.001420s ]

[ 2015-07-01T15:03:22+08:00 ] ::1 /capcc0624/index.php/Home/News
INFO: [ app_init ] --START--
INFO: Run Behavior\BuildLiteBehavior [ RunTime:0.000031s ]
INFO: [ app_init ] --END-- [ RunTime:0.003344s ]

[ 2015-07-01T15:03:23+08:00 ] ::1 /capcc0624/index.php/Home/images/%E5%98%89%E5%85%B4%E8%BF%90%E6%B2%B3-06.jpg
INFO: [ app_init ] --START--
INFO: Run Behavior\BuildLiteBehavior [ RunTime:0.000033s ]
INFO: [ app_init ] --END-- [ RunTime:0.001141s ]

[ 2015-07-01T15:03:23+08:00 ] ::1 /capcc0624/index.php/Home/images/%E6%A0%87%E8%AF%86%E7%AC%A6%E5%8F%B7%20(1).jpg
INFO: [ app_init ] --START--
INFO: Run Behavior\BuildLiteBehavior [ RunTime:0.000035s ]
INFO: [ app_init ] --END-- [ RunTime:0.001006s ]

[ 2015-07-01T15:03:47+08:00 ] ::1 /capcc0624/index.php/Home/__PUBLIC__/Home/Images/bracket.jpg
INFO: [ app_init ] --START--
INFO: Run Behavior\BuildLiteBehavior [ RunTime:0.000031s ]
INFO: [ app_init ] --END-- [ RunTime:0.000904s ]

[ 2015-07-01T15:03:48+08:00 ] ::1 /capcc0624/index.php/Home/News
INFO: [ app_init ] --START--
INFO: Run Behavior\BuildLiteBehavior [ RunTime:0.000018s ]
INFO: [ app_init ] --END-- [ RunTime:0.000555s ]

[ 2015-07-01T15:03:49+08:00 ] ::1 /capcc0624/index.php/Home/images/%E5%98%89%E5%85%B4%E8%BF%90%E6%B2%B3-06.jpg
INFO: [ app_init ] --START--
INFO: Run Behavior\BuildLiteBehavior [ RunTime:0.000029s ]
INFO: [ app_init ] --END-- [ RunTime:0.000708s ]

[ 2015-07-01T15:03:49+08:00 ] ::1 /capcc0624/index.php/Home/images/%E6%A0%87%E8%AF%86%E7%AC%A6%E5%8F%B7%20(1).jpg
INFO: [ app_init ] --START--
INFO: Run Behavior\BuildLiteBehavior [ RunTime:0.000023s ]
INFO: [ app_init ] --END-- [ RunTime:0.000753s ]

[ 2015-07-01T15:10:40+08:00 ] ::1 /capcc0624/index.php/Home/__PUBLIC__/Home/Images/bracket.jpg
INFO: [ app_init ] --START--
INFO: Run Behavior\BuildLiteBehavior [ RunTime:0.000020s ]
INFO: [ app_init ] --END-- [ RunTime:0.000669s ]

[ 2015-07-01T15:10:41+08:00 ] ::1 /capcc0624/index.php/Home/News
INFO: [ app_init ] --START--
INFO: Run Behavior\BuildLiteBehavior [ RunTime:0.000029s ]
INFO: [ app_init ] --END-- [ RunTime:0.000781s ]

[ 2015-07-01T15:10:44+08:00 ] ::1 /capcc0624/index.php/Home/images/%E5%98%89%E5%85%B4%E8%BF%90%E6%B2%B3-06.jpg
INFO: [ app_init ] --START--
INFO: Run Behavior\BuildLiteBehavior [ RunTime:0.000034s ]
INFO: [ app_init ] --END-- [ RunTime:0.001000s ]

[ 2015-07-01T15:10:44+08:00 ] ::1 /capcc0624/index.php/Home/images/%E6%A0%87%E8%AF%86%E7%AC%A6%E5%8F%B7%20(1).jpg
INFO: [ app_init ] --START--
INFO: Run Behavior\BuildLiteBehavior [ RunTime:0.000027s ]
INFO: [ app_init ] --END-- [ RunTime:0.000786s ]

[ 2015-07-01T15:14:07+08:00 ] ::1 /capcc0624/index.php/Home/News
INFO: [ app_init ] --START--
INFO: Run Behavior\BuildLiteBehavior [ RunTime:0.000019s ]
INFO: [ app_init ] --END-- [ RunTime:0.000565s ]

[ 2015-07-01T15:14:08+08:00 ] ::1 /capcc0624/index.php/Home/images/%E5%98%89%E5%85%B4%E8%BF%90%E6%B2%B3-06.jpg
INFO: [ app_init ] --START--
INFO: Run Behavior\BuildLiteBehavior [ RunTime:0.000019s ]
INFO: [ app_init ] --END-- [ RunTime:0.000527s ]

[ 2015-07-01T15:14:08+08:00 ] ::1 /capcc0624/index.php/Home/images/%E6%A0%87%E8%AF%86%E7%AC%A6%E5%8F%B7%20(1).jpg
INFO: [ app_init ] --START--
INFO: Run Behavior\BuildLiteBehavior [ RunTime:0.000018s ]
INFO: [ app_init ] --END-- [ RunTime:0.000532s ]

[ 2015-07-01T15:14:08+08:00 ] ::1 /capcc0624/index.php/Home/__PUBLIC__/Home/Images/bracket.jpg
INFO: [ app_init ] --START--
INFO: Run Behavior\BuildLiteBehavior [ RunTime:0.000022s ]
INFO: [ app_init ] --END-- [ RunTime:0.000724s ]

[ 2015-07-01T15:15:25+08:00 ] ::1 /capcc0624/index.php/Home/__PUBLIC__/Home/Images/bracket.jpg
INFO: [ app_init ] --START--
INFO: Run Behavior\BuildLiteBehavior [ RunTime:0.000020s ]
INFO: [ app_init ] --END-- [ RunTime:0.000606s ]

[ 2015-07-01T15:15:26+08:00 ] ::1 /capcc0624/index.php/Home/News
INFO: [ app_init ] --START--
INFO: Run Behavior\BuildLiteBehavior [ RunTime:0.000020s ]
INFO: [ app_init ] --END-- [ RunTime:0.000604s ]

[ 2015-07-01T15:15:28+08:00 ] ::1 /capcc0624/index.php/Home/__PUBLIC__/Home/Images/bracket.jpg
INFO: [ app_init ] --START--
INFO: Run Behavior\BuildLiteBehavior [ RunTime:0.000019s ]
INFO: [ app_init ] --END-- [ RunTime:0.000596s ]

[ 2015-07-01T15:15:31+08:00 ] ::1 /capcc0624/index.php/Home/images/%E5%98%89%E5%85%B4%E8%BF%90%E6%B2%B3-06.jpg
INFO: [ app_init ] --START--
INFO: Run Behavior\BuildLiteBehavior [ RunTime:0.000030s ]
INFO: [ app_init ] --END-- [ RunTime:0.000669s ]

[ 2015-07-01T15:15:31+08:00 ] ::1 /capcc0624/index.php/Home/images/%E6%A0%87%E8%AF%86%E7%AC%A6%E5%8F%B7%20(1).jpg
INFO: [ app_init ] --START--
INFO: Run Behavior\BuildLiteBehavior [ RunTime:0.000034s ]
INFO: [ app_init ] --END-- [ RunTime:0.002952s ]

[ 2015-07-01T15:15:59+08:00 ] ::1 /capcc0624/index.php/Home/News
INFO: [ app_init ] --START--
INFO: Run Behavior\BuildLiteBehavior [ RunTime:0.000019s ]
INFO: [ app_init ] --END-- [ RunTime:0.000589s ]

[ 2015-07-01T15:16:01+08:00 ] ::1 /capcc0624/index.php/Home/__PUBLIC__/Home/Images/bracket.jpg
INFO: [ app_init ] --START--
INFO: Run Behavior\BuildLiteBehavior [ RunTime:0.000029s ]
INFO: [ app_init ] --END-- [ RunTime:0.000849s ]

[ 2015-07-01T15:16:02+08:00 ] ::1 /capcc0624/index.php/Home/images/%E5%98%89%E5%85%B4%E8%BF%90%E6%B2%B3-06.jpg
INFO: [ app_init ] --START--
INFO: Run Behavior\BuildLiteBehavior [ RunTime:0.000030s ]
INFO: [ app_init ] --END-- [ RunTime:0.000814s ]

[ 2015-07-01T15:16:02+08:00 ] ::1 /capcc0624/index.php/Home/images/%E6%A0%87%E8%AF%86%E7%AC%A6%E5%8F%B7%20(1).jpg
INFO: [ app_init ] --START--
INFO: Run Behavior\BuildLiteBehavior [ RunTime:0.000028s ]
INFO: [ app_init ] --END-- [ RunTime:0.000824s ]

[ 2015-07-01T15:16:27+08:00 ] ::1 /capcc0624/index.php/Home/News
INFO: [ app_init ] --START--
INFO: Run Behavior\BuildLiteBehavior [ RunTime:0.000019s ]
INFO: [ app_init ] --END-- [ RunTime:0.000540s ]

[ 2015-07-01T15:16:28+08:00 ] ::1 /capcc0624/index.php/Home/images/%E6%A0%87%E8%AF%86%E7%AC%A6%E5%8F%B7%20(1).jpg
INFO: [ app_init ] --START--
INFO: Run Behavior\BuildLiteBehavior [ RunTime:0.000054s ]
INFO: [ app_init ] --END-- [ RunTime:0.002204s ]

[ 2015-07-01T15:16:28+08:00 ] ::1 /capcc0624/index.php/Home/images/%E5%98%89%E5%85%B4%E8%BF%90%E6%B2%B3-06.jpg
INFO: [ app_init ] --START--
INFO: Run Behavior\BuildLiteBehavior [ RunTime:0.000032s ]
INFO: [ app_init ] --END-- [ RunTime:0.000812s ]

[ 2015-07-01T15:18:11+08:00 ] ::1 /capcc0624/index.php/Home/News
INFO: [ app_init ] --START--
INFO: Run Behavior\BuildLiteBehavior [ RunTime:0.000031s ]
INFO: [ app_init ] --END-- [ RunTime:0.000646s ]

[ 2015-07-01T15:18:12+08:00 ] ::1 /capcc0624/index.php/Home/__PUBLIC__/Home/Images/bracket.jpg
INFO: [ app_init ] --START--
INFO: Run Behavior\BuildLiteBehavior [ RunTime:0.000025s ]
INFO: [ app_init ] --END-- [ RunTime:0.000589s ]

[ 2015-07-01T15:18:12+08:00 ] ::1 /capcc0624/index.php/Home/images/%E5%98%89%E5%85%B4%E8%BF%90%E6%B2%B3-06.jpg
INFO: [ app_init ] --START--
INFO: Run Behavior\BuildLiteBehavior [ RunTime:0.000020s ]
INFO: [ app_init ] --END-- [ RunTime:0.000587s ]

[ 2015-07-01T15:18:12+08:00 ] ::1 /capcc0624/index.php/Home/images/%E6%A0%87%E8%AF%86%E7%AC%A6%E5%8F%B7%20(1).jpg
INFO: [ app_init ] --START--
INFO: Run Behavior\BuildLiteBehavior [ RunTime:0.000019s ]
INFO: [ app_init ] --END-- [ RunTime:0.000517s ]

[ 2015-07-01T15:18:35+08:00 ] ::1 /capcc0624/index.php/Home/__PUBLIC__/Home/Images/bracket.jpg
INFO: [ app_init ] --START--
INFO: Run Behavior\BuildLiteBehavior [ RunTime:0.000024s ]
INFO: [ app_init ] --END-- [ RunTime:0.000733s ]

[ 2015-07-01T15:18:42+08:00 ] ::1 /capcc0624/index.php/Home/__PUBLIC__/Home/Images/bracket.jpg
INFO: [ app_init ] --START--
INFO: Run Behavior\BuildLiteBehavior [ RunTime:0.000033s ]
INFO: [ app_init ] --END-- [ RunTime:0.000764s ]

[ 2015-07-01T15:19:16+08:00 ] ::1 /capcc0624/index.php/Home/News
INFO: [ app_init ] --START--
INFO: Run Behavior\BuildLiteBehavior [ RunTime:0.000032s ]
INFO: [ app_init ] --END-- [ RunTime:0.001026s ]

[ 2015-07-01T15:19:17+08:00 ] ::1 /capcc0624/index.php/Home/images/%E5%98%89%E5%85%B4%E8%BF%90%E6%B2%B3-06.jpg
INFO: [ app_init ] --START--
INFO: Run Behavior\BuildLiteBehavior [ RunTime:0.000060s ]
INFO: [ app_init ] --END-- [ RunTime:0.000944s ]

[ 2015-07-01T15:19:17+08:00 ] ::1 /capcc0624/index.php/Home/images/%E6%A0%87%E8%AF%86%E7%AC%A6%E5%8F%B7%20(1).jpg
INFO: [ app_init ] --START--
INFO: Run Behavior\BuildLiteBehavior [ RunTime:0.000032s ]
INFO: [ app_init ] --END-- [ RunTime:0.000885s ]

[ 2015-07-01T15:21:04+08:00 ] ::1 /capcc0624/index.php/Home/News
INFO: [ app_init ] --START--
INFO: Run Behavior\BuildLiteBehavior [ RunTime:0.000022s ]
INFO: [ app_init ] --END-- [ RunTime:0.000646s ]

[ 2015-07-01T15:21:04+08:00 ] ::1 /capcc0624/index.php/Home/images/%E5%98%89%E5%85%B4%E8%BF%90%E6%B2%B3-06.jpg
INFO: [ app_init ] --START--
INFO: Run Behavior\BuildLiteBehavior [ RunTime:0.000028s ]
INFO: [ app_init ] --END-- [ RunTime:0.000930s ]

[ 2015-07-01T15:21:04+08:00 ] ::1 /capcc0624/index.php/Home/images/%E6%A0%87%E8%AF%86%E7%AC%A6%E5%8F%B7%20(1).jpg
INFO: [ app_init ] --START--
INFO: Run Behavior\BuildLiteBehavior [ RunTime:0.000022s ]
INFO: [ app_init ] --END-- [ RunTime:0.000693s ]

[ 2015-07-01T15:22:03+08:00 ] ::1 /capcc0624/index.php/Home/News
INFO: [ app_init ] --START--
INFO: Run Behavior\BuildLiteBehavior [ RunTime:0.000019s ]
INFO: [ app_init ] --END-- [ RunTime:0.000578s ]

[ 2015-07-01T15:22:04+08:00 ] ::1 /capcc0624/index.php/Home/images/%E5%98%89%E5%85%B4%E8%BF%90%E6%B2%B3-06.jpg
INFO: [ app_init ] --START--
INFO: Run Behavior\BuildLiteBehavior [ RunTime:0.000032s ]
INFO: [ app_init ] --END-- [ RunTime:0.001201s ]

[ 2015-07-01T15:22:04+08:00 ] ::1 /capcc0624/index.php/Home/images/%E6%A0%87%E8%AF%86%E7%AC%A6%E5%8F%B7%20(1).jpg
INFO: [ app_init ] --START--
INFO: Run Behavior\BuildLiteBehavior [ RunTime:0.000032s ]
INFO: [ app_init ] --END-- [ RunTime:0.001006s ]

[ 2015-07-01T15:22:26+08:00 ] ::1 /capcc0624/index.php/Home/News
INFO: [ app_init ] --START--
INFO: Run Behavior\BuildLiteBehavior [ RunTime:0.000018s ]
INFO: [ app_init ] --END-- [ RunTime:0.000575s ]

[ 2015-07-01T15:22:27+08:00 ] ::1 /capcc0624/index.php/Home/images/%E5%98%89%E5%85%B4%E8%BF%90%E6%B2%B3-06.jpg
INFO: [ app_init ] --START--
INFO: Run Behavior\BuildLiteBehavior [ RunTime:0.000036s ]
INFO: [ app_init ] --END-- [ RunTime:0.000768s ]

[ 2015-07-01T15:22:27+08:00 ] ::1 /capcc0624/index.php/Home/images/%E6%A0%87%E8%AF%86%E7%AC%A6%E5%8F%B7%20(1).jpg
INFO: [ app_init ] --START--
INFO: Run Behavior\BuildLiteBehavior [ RunTime:0.000025s ]
INFO: [ app_init ] --END-- [ RunTime:0.000997s ]

[ 2015-07-01T15:22:29+08:00 ] ::1 /capcc0624/index.php/Home/__PUBLIC__/Home/Images/bracket.jpg
INFO: [ app_init ] --START--
INFO: Run Behavior\BuildLiteBehavior [ RunTime:0.000032s ]
INFO: [ app_init ] --END-- [ RunTime:0.000813s ]

[ 2015-07-01T15:23:17+08:00 ] ::1 /capcc0624/index.php/Home/News
INFO: [ app_init ] --START--
INFO: Run Behavior\BuildLiteBehavior [ RunTime:0.000025s ]
INFO: [ app_init ] --END-- [ RunTime:0.000686s ]

[ 2015-07-01T15:23:18+08:00 ] ::1 /capcc0624/index.php/Home/images/%E6%A0%87%E8%AF%86%E7%AC%A6%E5%8F%B7%20(1).jpg
INFO: [ app_init ] --START--
INFO: Run Behavior\BuildLiteBehavior [ RunTime:0.000045s ]
INFO: [ app_init ] --END-- [ RunTime:0.001340s ]

[ 2015-07-01T15:23:18+08:00 ] ::1 /capcc0624/index.php/Home/images/%E5%98%89%E5%85%B4%E8%BF%90%E6%B2%B3-06.jpg
INFO: [ app_init ] --START--
INFO: Run Behavior\BuildLiteBehavior [ RunTime:0.000066s ]
INFO: [ app_init ] --END-- [ RunTime:0.001299s ]

[ 2015-07-01T15:24:30+08:00 ] ::1 /capcc0624/index.php/Home/News
INFO: [ app_init ] --START--
INFO: Run Behavior\BuildLiteBehavior [ RunTime:0.000019s ]
INFO: [ app_init ] --END-- [ RunTime:0.000557s ]

[ 2015-07-01T15:24:31+08:00 ] ::1 /capcc0624/index.php/Home/images/%E5%98%89%E5%85%B4%E8%BF%90%E6%B2%B3-06.jpg
INFO: [ app_init ] --START--
INFO: Run Behavior\BuildLiteBehavior [ RunTime:0.000073s ]
INFO: [ app_init ] --END-- [ RunTime:0.001377s ]

[ 2015-07-01T15:24:31+08:00 ] ::1 /capcc0624/index.php/Home/images/%E6%A0%87%E8%AF%86%E7%AC%A6%E5%8F%B7%20(1).jpg
INFO: [ app_init ] --START--
INFO: Run Behavior\BuildLiteBehavior [ RunTime:0.000018s ]
INFO: [ app_init ] --END-- [ RunTime:0.000497s ]

[ 2015-07-01T15:28:02+08:00 ] ::1 /capcc0624/index.php/Home/News
INFO: [ app_init ] --START--
INFO: Run Behavior\BuildLiteBehavior [ RunTime:0.000020s ]
INFO: [ app_init ] --END-- [ RunTime:0.000671s ]

[ 2015-07-01T15:28:03+08:00 ] ::1 /capcc0624/index.php/Home/images/%E6%A0%87%E8%AF%86%E7%AC%A6%E5%8F%B7%20(1).jpg
INFO: [ app_init ] --START--
INFO: Run Behavior\BuildLiteBehavior [ RunTime:0.000033s ]
INFO: [ app_init ] --END-- [ RunTime:0.000881s ]

[ 2015-07-01T15:28:03+08:00 ] ::1 /capcc0624/index.php/Home/images/%E5%98%89%E5%85%B4%E8%BF%90%E6%B2%B3-06.jpg
INFO: [ app_init ] --START--
INFO: Run Behavior\BuildLiteBehavior [ RunTime:0.000019s ]
INFO: [ app_init ] --END-- [ RunTime:0.000508s ]

[ 2015-07-01T15:28:56+08:00 ] ::1 /capcc0624/index.php/Home/News
INFO: [ app_init ] --START--
INFO: Run Behavior\BuildLiteBehavior [ RunTime:0.000031s ]
INFO: [ app_init ] --END-- [ RunTime:0.001037s ]

[ 2015-07-01T15:28:57+08:00 ] ::1 /capcc0624/index.php/Home/images/%E6%A0%87%E8%AF%86%E7%AC%A6%E5%8F%B7%20(1).jpg
INFO: [ app_init ] --START--
INFO: Run Behavior\BuildLiteBehavior [ RunTime:0.000020s ]
INFO: [ app_init ] --END-- [ RunTime:0.000546s ]

[ 2015-07-01T15:28:57+08:00 ] ::1 /capcc0624/index.php/Home/images/%E5%98%89%E5%85%B4%E8%BF%90%E6%B2%B3-06.jpg
INFO: [ app_init ] --START--
INFO: Run Behavior\BuildLiteBehavior [ RunTime:0.000031s ]
INFO: [ app_init ] --END-- [ RunTime:0.000781s ]

[ 2015-07-01T15:29:08+08:00 ] ::1 /capcc0624/index.php/Home/News
INFO: [ app_init ] --START--
INFO: Run Behavior\BuildLiteBehavior [ RunTime:0.000028s ]
INFO: [ app_init ] --END-- [ RunTime:0.001210s ]

[ 2015-07-01T15:29:09+08:00 ] ::1 /capcc0624/index.php/Home/images/%E6%A0%87%E8%AF%86%E7%AC%A6%E5%8F%B7%20(1).jpg
INFO: [ app_init ] --START--
INFO: Run Behavior\BuildLiteBehavior [ RunTime:0.000020s ]
INFO: [ app_init ] --END-- [ RunTime:0.000559s ]

[ 2015-07-01T15:29:09+08:00 ] ::1 /capcc0624/index.php/Home/images/%E5%98%89%E5%85%B4%E8%BF%90%E6%B2%B3-06.jpg
INFO: [ app_init ] --START--
INFO: Run Behavior\BuildLiteBehavior [ RunTime:0.000019s ]
INFO: [ app_init ] --END-- [ RunTime:0.000513s ]

[ 2015-07-01T15:30:49+08:00 ] ::1 /capcc0624/index.php/Home/News
INFO: [ app_init ] --START--
INFO: Run Behavior\BuildLiteBehavior [ RunTime:0.000033s ]
INFO: [ app_init ] --END-- [ RunTime:0.001017s ]

[ 2015-07-01T15:30:50+08:00 ] ::1 /capcc0624/index.php/Home/images/%E6%A0%87%E8%AF%86%E7%AC%A6%E5%8F%B7%20(1).jpg
INFO: [ app_init ] --START--
INFO: Run Behavior\BuildLiteBehavior [ RunTime:0.000022s ]
INFO: [ app_init ] --END-- [ RunTime:0.000682s ]

[ 2015-07-01T15:30:50+08:00 ] ::1 /capcc0624/index.php/Home/images/%E5%98%89%E5%85%B4%E8%BF%90%E6%B2%B3-06.jpg
INFO: [ app_init ] --START--
INFO: Run Behavior\BuildLiteBehavior [ RunTime:0.000035s ]
INFO: [ app_init ] --END-- [ RunTime:0.000985s ]

[ 2015-07-01T15:31:16+08:00 ] ::1 /capcc0624/index.php/Home/News
INFO: [ app_init ] --START--
INFO: Run Behavior\BuildLiteBehavior [ RunTime:0.000040s ]
INFO: [ app_init ] --END-- [ RunTime:0.002389s ]

[ 2015-07-01T15:31:17+08:00 ] ::1 /capcc0624/index.php/Home/images/%E6%A0%87%E8%AF%86%E7%AC%A6%E5%8F%B7%20(1).jpg
INFO: [ app_init ] --START--
INFO: Run Behavior\BuildLiteBehavior [ RunTime:0.000032s ]
INFO: [ app_init ] --END-- [ RunTime:0.000739s ]

[ 2015-07-01T15:31:17+08:00 ] ::1 /capcc0624/index.php/Home/images/%E5%98%89%E5%85%B4%E8%BF%90%E6%B2%B3-06.jpg
INFO: [ app_init ] --START--
INFO: Run Behavior\BuildLiteBehavior [ RunTime:0.000025s ]
INFO: [ app_init ] --END-- [ RunTime:0.000750s ]

[ 2015-07-01T15:31:43+08:00 ] ::1 /capcc0624/index.php/Home/News
INFO: [ app_init ] --START--
INFO: Run Behavior\BuildLiteBehavior [ RunTime:0.000053s ]
INFO: [ app_init ] --END-- [ RunTime:0.001163s ]

[ 2015-07-01T15:31:44+08:00 ] ::1 /capcc0624/index.php/Home/images/%E6%A0%87%E8%AF%86%E7%AC%A6%E5%8F%B7%20(1).jpg
INFO: [ app_init ] --START--
INFO: Run Behavior\BuildLiteBehavior [ RunTime:0.000035s ]
INFO: [ app_init ] --END-- [ RunTime:0.001053s ]

[ 2015-07-01T15:31:44+08:00 ] ::1 /capcc0624/index.php/Home/images/%E5%98%89%E5%85%B4%E8%BF%90%E6%B2%B3-06.jpg
INFO: [ app_init ] --START--
INFO: Run Behavior\BuildLiteBehavior [ RunTime:0.000020s ]
INFO: [ app_init ] --END-- [ RunTime:0.000526s ]

[ 2015-07-01T15:31:54+08:00 ] ::1 /capcc0624/index.php/Home/News
INFO: [ app_init ] --START--
INFO: Run Behavior\BuildLiteBehavior [ RunTime:0.000019s ]
INFO: [ app_init ] --END-- [ RunTime:0.000530s ]

[ 2015-07-01T15:31:54+08:00 ] ::1 /capcc0624/index.php/Home/images/%E6%A0%87%E8%AF%86%E7%AC%A6%E5%8F%B7%20(1).jpg
INFO: [ app_init ] --START--
INFO: Run Behavior\BuildLiteBehavior [ RunTime:0.000019s ]
INFO: [ app_init ] --END-- [ RunTime:0.000610s ]

[ 2015-07-01T15:31:54+08:00 ] ::1 /capcc0624/index.php/Home/images/%E5%98%89%E5%85%B4%E8%BF%90%E6%B2%B3-06.jpg
INFO: [ app_init ] --START--
INFO: Run Behavior\BuildLiteBehavior [ RunTime:0.000051s ]
INFO: [ app_init ] --END-- [ RunTime:0.000976s ]

[ 2015-07-01T15:31:57+08:00 ] ::1 /capcc0624/index.php/Home/News
INFO: [ app_init ] --START--
INFO: Run Behavior\BuildLiteBehavior [ RunTime:0.000030s ]
INFO: [ app_init ] --END-- [ RunTime:0.000583s ]

[ 2015-07-01T15:31:58+08:00 ] ::1 /capcc0624/index.php/Home/images/%E6%A0%87%E8%AF%86%E7%AC%A6%E5%8F%B7%20(1).jpg
INFO: [ app_init ] --START--
INFO: Run Behavior\BuildLiteBehavior [ RunTime:0.000032s ]
INFO: [ app_init ] --END-- [ RunTime:0.000827s ]

[ 2015-07-01T15:31:58+08:00 ] ::1 /capcc0624/index.php/Home/images/%E5%98%89%E5%85%B4%E8%BF%90%E6%B2%B3-06.jpg
INFO: [ app_init ] --START--
INFO: Run Behavior\BuildLiteBehavior [ RunTime:0.000049s ]
INFO: [ app_init ] --END-- [ RunTime:0.000990s ]

[ 2015-07-01T15:32:56+08:00 ] ::1 /capcc0624/index.php/Home/News
INFO: [ app_init ] --START--
INFO: Run Behavior\BuildLiteBehavior [ RunTime:0.000019s ]
INFO: [ app_init ] --END-- [ RunTime:0.000543s ]

[ 2015-07-01T15:32:56+08:00 ] ::1 /capcc0624/index.php/Home/images/%E6%A0%87%E8%AF%86%E7%AC%A6%E5%8F%B7%20(1).jpg
INFO: [ app_init ] --START--
INFO: Run Behavior\BuildLiteBehavior [ RunTime:0.000032s ]
INFO: [ app_init ] --END-- [ RunTime:0.000766s ]

[ 2015-07-01T15:32:56+08:00 ] ::1 /capcc0624/index.php/Home/images/%E5%98%89%E5%85%B4%E8%BF%90%E6%B2%B3-06.jpg
INFO: [ app_init ] --START--
INFO: Run Behavior\BuildLiteBehavior [ RunTime:0.000026s ]
INFO: [ app_init ] --END-- [ RunTime:0.000987s ]

[ 2015-07-01T15:33:36+08:00 ] ::1 /capcc0624/index.php/Home/__PUBLIC__/Home/Images/bracket.jpg
INFO: [ app_init ] --START--
INFO: Run Behavior\BuildLiteBehavior [ RunTime:0.000050s ]
INFO: [ app_init ] --END-- [ RunTime:0.000736s ]

[ 2015-07-01T15:34:02+08:00 ] ::1 /capcc0624/index.php/Home/__PUBLIC__/Home/Images/bracket.jpg
INFO: [ app_init ] --START--
INFO: Run Behavior\BuildLiteBehavior [ RunTime:0.000036s ]
INFO: [ app_init ] --END-- [ RunTime:0.001161s ]

[ 2015-07-01T15:34:53+08:00 ] ::1 /capcc0624/index.php/Home/News
INFO: [ app_init ] --START--
INFO: Run Behavior\BuildLiteBehavior [ RunTime:0.000053s ]
INFO: [ app_init ] --END-- [ RunTime:0.000683s ]

[ 2015-07-01T15:34:53+08:00 ] ::1 /capcc0624/index.php/Home/images/%E6%A0%87%E8%AF%86%E7%AC%A6%E5%8F%B7%20(1).jpg
INFO: [ app_init ] --START--
INFO: Run Behavior\BuildLiteBehavior [ RunTime:0.000020s ]
INFO: [ app_init ] --END-- [ RunTime:0.000590s ]

[ 2015-07-01T15:34:54+08:00 ] ::1 /capcc0624/index.php/Home/images/%E5%98%89%E5%85%B4%E8%BF%90%E6%B2%B3-06.jpg
INFO: [ app_init ] --START--
INFO: Run Behavior\BuildLiteBehavior [ RunTime:0.000022s ]
INFO: [ app_init ] --END-- [ RunTime:0.000601s ]

[ 2015-07-01T15:37:25+08:00 ] ::1 /capcc0624/index.php/Home/News
INFO: [ app_init ] --START--
INFO: Run Behavior\BuildLiteBehavior [ RunTime:0.000048s ]
INFO: [ app_init ] --END-- [ RunTime:0.000905s ]

[ 2015-07-01T15:37:26+08:00 ] ::1 /capcc0624/index.php/Home/images/%E6%A0%87%E8%AF%86%E7%AC%A6%E5%8F%B7%20(1).jpg
INFO: [ app_init ] --START--
INFO: Run Behavior\BuildLiteBehavior [ RunTime:0.000033s ]
INFO: [ app_init ] --END-- [ RunTime:0.000853s ]

[ 2015-07-01T15:37:26+08:00 ] ::1 /capcc0624/index.php/Home/images/%E5%98%89%E5%85%B4%E8%BF%90%E6%B2%B3-06.jpg
INFO: [ app_init ] --START--
INFO: Run Behavior\BuildLiteBehavior [ RunTime:0.000033s ]
INFO: [ app_init ] --END-- [ RunTime:0.000799s ]

[ 2015-07-01T15:38:58+08:00 ] ::1 /capcc0624/index.php/Home/News
INFO: [ app_init ] --START--
INFO: Run Behavior\BuildLiteBehavior [ RunTime:0.000019s ]
INFO: [ app_init ] --END-- [ RunTime:0.000535s ]

[ 2015-07-01T15:39:54+08:00 ] ::1 /capcc0624/index.php/Home/__PUBLIC__/Home/Images/bracket.jpg
INFO: [ app_init ] --START--
INFO: Run Behavior\BuildLiteBehavior [ RunTime:0.000019s ]
INFO: [ app_init ] --END-- [ RunTime:0.000580s ]

[ 2015-07-01T15:39:54+08:00 ] ::1 /capcc0624/index.php/Home/__PUBLIC__/Home/Images/bracket.jpg
INFO: [ app_init ] --START--
INFO: Run Behavior\BuildLiteBehavior [ RunTime:0.000022s ]
INFO: [ app_init ] --END-- [ RunTime:0.000738s ]

[ 2015-07-01T15:42:49+08:00 ] ::1 /capcc0624/index.php/Home/__PUBLIC__/Home/Images/bracket.jpg
INFO: [ app_init ] --START--
INFO: Run Behavior\BuildLiteBehavior [ RunTime:0.000021s ]
INFO: [ app_init ] --END-- [ RunTime:0.000667s ]

[ 2015-07-01T15:42:51+08:00 ] ::1 /capcc0624/index.php/Home/News
INFO: [ app_init ] --START--
INFO: Run Behavior\BuildLiteBehavior [ RunTime:0.000026s ]
INFO: [ app_init ] --END-- [ RunTime:0.000603s ]
ERR: 模板不存在:./Application/Home/View/Public/foot.html.html

[ 2015-07-01T15:42:51+08:00 ] ::1 /capcc0624/index.php/Home/__PUBLIC__/Home/Images/bracket.jpg
INFO: [ app_init ] --START--
INFO: Run Behavior\BuildLiteBehavior [ RunTime:0.000031s ]
INFO: [ app_init ] --END-- [ RunTime:0.000994s ]

[ 2015-07-01T15:43:10+08:00 ] ::1 /capcc0624/index.php/Home/News
INFO: [ app_init ] --START--
INFO: Run Behavior\BuildLiteBehavior [ RunTime:0.000019s ]
INFO: [ app_init ] --END-- [ RunTime:0.000658s ]

[ 2015-07-01T15:43:11+08:00 ] ::1 /capcc0624/index.php/Home/images/body_bottom_center3_bg.png
INFO: [ app_init ] --START--
INFO: Run Behavior\BuildLiteBehavior [ RunTime:0.000030s ]
INFO: [ app_init ] --END-- [ RunTime:0.000808s ]

[ 2015-07-01T15:43:11+08:00 ] ::1 /capcc0624/index.php/Home/images/body_bottom_center2_bg.png
INFO: [ app_init ] --START--
INFO: Run Behavior\BuildLiteBehavior [ RunTime:0.000033s ]
INFO: [ app_init ] --END-- [ RunTime:0.000789s ]

[ 2015-07-01T15:43:11+08:00 ] ::1 /capcc0624/index.php/Home/images/footer-bg2.png
INFO: [ app_init ] --START--
INFO: Run Behavior\BuildLiteBehavior [ RunTime:0.000034s ]
INFO: [ app_init ] --END-- [ RunTime:0.001622s ]

[ 2015-07-01T15:43:11+08:00 ] ::1 /capcc0624/index.php/Home/images/bott_ico1.jpg
INFO: [ app_init ] --START--
INFO: Run Behavior\BuildLiteBehavior [ RunTime:0.000021s ]
INFO: [ app_init ] --END-- [ RunTime:0.000921s ]

[ 2015-07-01T15:43:11+08:00 ] ::1 /capcc0624/index.php/Home/images/bott_ico2.jpg
INFO: [ app_init ] --START--
INFO: Run Behavior\BuildLiteBehavior [ RunTime:0.000032s ]
INFO: [ app_init ] --END-- [ RunTime:0.000816s ]

[ 2015-07-01T15:43:11+08:00 ] ::1 /capcc0624/index.php/Home/images/bott_ico4.gif
INFO: [ app_init ] --START--
INFO: Run Behavior\BuildLiteBehavior [ RunTime:0.000045s ]
INFO: [ app_init ] --END-- [ RunTime:0.000713s ]

[ 2015-07-01T15:43:11+08:00 ] ::1 /capcc0624/index.php/Home/images/bott_ico3.gif
INFO: [ app_init ] --START--
INFO: Run Behavior\BuildLiteBehavior [ RunTime:0.000034s ]
INFO: [ app_init ] --END-- [ RunTime:0.000865s ]

[ 2015-07-01T15:45:28+08:00 ] ::1 /capcc0624/index.php/Home/News
INFO: [ app_init ] --START--
INFO: Run Behavior\BuildLiteBehavior [ RunTime:0.000082s ]
INFO: [ app_init ] --END-- [ RunTime:0.001574s ]

[ 2015-07-01T15:45:28+08:00 ] ::1 /capcc0624/index.php/Home/images/body_bottom_center3_bg.png
INFO: [ app_init ] --START--
INFO: Run Behavior\BuildLiteBehavior [ RunTime:0.000031s ]
INFO: [ app_init ] --END-- [ RunTime:0.000852s ]

[ 2015-07-01T15:45:28+08:00 ] ::1 /capcc0624/index.php/Home/images/body_bottom_center2_bg.png
INFO: [ app_init ] --START--
INFO: Run Behavior\BuildLiteBehavior [ RunTime:0.000045s ]
INFO: [ app_init ] --END-- [ RunTime:0.000813s ]

[ 2015-07-01T15:45:28+08:00 ] ::1 /capcc0624/index.php/Home/images/footer-bg2.png
INFO: [ app_init ] --START--
INFO: Run Behavior\BuildLiteBehavior [ RunTime:0.000033s ]
INFO: [ app_init ] --END-- [ RunTime:0.001062s ]

[ 2015-07-01T15:45:53+08:00 ] ::1 /capcc0624/index.php/Home/News
INFO: [ app_init ] --START--
INFO: Run Behavior\BuildLiteBehavior [ RunTime:0.000074s ]
INFO: [ app_init ] --END-- [ RunTime:0.001228s ]

[ 2015-07-01T15:45:54+08:00 ] ::1 /capcc0624/index.php/Home/images/body_bottom_center3_bg.png
INFO: [ app_init ] --START--
INFO: Run Behavior\BuildLiteBehavior [ RunTime:0.000031s ]
INFO: [ app_init ] --END-- [ RunTime:0.001228s ]

[ 2015-07-01T15:45:54+08:00 ] ::1 /capcc0624/index.php/Home/images/footer-bg2.png
INFO: [ app_init ] --START--
INFO: Run Behavior\BuildLiteBehavior [ RunTime:0.000074s ]
INFO: [ app_init ] --END-- [ RunTime:0.001745s ]

[ 2015-07-01T15:46:53+08:00 ] ::1 /capcc0624/index.php/Home/News
INFO: [ app_init ] --START--
INFO: Run Behavior\BuildLiteBehavior [ RunTime:0.000020s ]
INFO: [ app_init ] --END-- [ RunTime:0.000626s ]

[ 2015-07-01T15:46:54+08:00 ] ::1 /capcc0624/index.php/Home/images/footer-bg2.png
INFO: [ app_init ] --START--
INFO: Run Behavior\BuildLiteBehavior [ RunTime:0.000032s ]
INFO: [ app_init ] --END-- [ RunTime:0.000805s ]

[ 2015-07-01T15:46:54+08:00 ] ::1 /capcc0624/index.php/Home/images/body_bottom_center3_bg.png
INFO: [ app_init ] --START--
INFO: Run Behavior\BuildLiteBehavior [ RunTime:0.000027s ]
INFO: [ app_init ] --END-- [ RunTime:0.001019s ]

[ 2015-07-01T15:47:27+08:00 ] ::1 /capcc0624/index.php/Home/News
INFO: [ app_init ] --START--
INFO: Run Behavior\BuildLiteBehavior [ RunTime:0.000036s ]
INFO: [ app_init ] --END-- [ RunTime:0.000831s ]

[ 2015-07-01T15:47:28+08:00 ] ::1 /capcc0624/index.php/Home/images/footer-bg2.png
INFO: [ app_init ] --START--
INFO: Run Behavior\BuildLiteBehavior [ RunTime:0.000052s ]
INFO: [ app_init ] --END-- [ RunTime:0.001967s ]

[ 2015-07-01T15:49:30+08:00 ] ::1 /capcc0624/index.php/Home/__PUBLIC__/Home/Images/bracket.jpg
INFO: [ app_init ] --START--
INFO: Run Behavior\BuildLiteBehavior [ RunTime:0.000033s ]
INFO: [ app_init ] --END-- [ RunTime:0.000767s ]

[ 2015-07-01T15:49:31+08:00 ] ::1 /capcc0624/index.php/Home/__PUBLIC__/Home/Images/bracket.jpg
INFO: [ app_init ] --START--
INFO: Run Behavior\BuildLiteBehavior [ RunTime:0.000021s ]
INFO: [ app_init ] --END-- [ RunTime:0.000663s ]

[ 2015-07-01T15:49:31+08:00 ] ::1 /capcc0624/index.php/Home/__PUBLIC__/Home/Images/bracket.jpg
INFO: [ app_init ] --START--
INFO: Run Behavior\BuildLiteBehavior [ RunTime:0.000046s ]
INFO: [ app_init ] --END-- [ RunTime:0.001043s ]

[ 2015-07-01T16:09:16+08:00 ] ::1 /capcc0624/index.php/Home/__PUBLIC__/Home/Images/bracket.jpg
INFO: [ app_init ] --START--
INFO: Run Behavior\BuildLiteBehavior [ RunTime:0.000040s ]
INFO: [ app_init ] --END-- [ RunTime:0.001184s ]

[ 2015-07-01T16:09:16+08:00 ] ::1 /capcc0624/index.php/Home/__PUBLIC__/Home/Images/bracket.jpg
INFO: [ app_init ] --START--
INFO: Run Behavior\BuildLiteBehavior [ RunTime:0.000032s ]
INFO: [ app_init ] --END-- [ RunTime:0.000931s ]

[ 2015-07-01T16:09:17+08:00 ] ::1 /capcc0624/index.php/Home/Index
INFO: [ app_init ] --START--
INFO: Run Behavior\BuildLiteBehavior [ RunTime:0.000019s ]
INFO: [ app_init ] --END-- [ RunTime:0.000531s ]

[ 2015-07-01T16:09:17+08:00 ] ::1 /capcc0624/index.php/Home/__PUBLIC__/Home/Images/bracket.jpg
INFO: [ app_init ] --START--
INFO: Run Behavior\BuildLiteBehavior [ RunTime:0.000033s ]
INFO: [ app_init ] --END-- [ RunTime:0.002108s ]

[ 2015-07-01T16:09:17+08:00 ] ::1 /capcc0624/index.php/Home/__PUBLIC__/Home/Images/bracket.jpg
INFO: [ app_init ] --START--
INFO: Run Behavior\BuildLiteBehavior [ RunTime:0.000032s ]
INFO: [ app_init ] --END-- [ RunTime:0.000933s ]

[ 2015-07-01T16:09:19+08:00 ] ::1 /capcc0624/index.php/Home/__PUBLIC__/Home/Images/bracket.jpg
INFO: [ app_init ] --START--
INFO: Run Behavior\BuildLiteBehavior [ RunTime:0.000019s ]
INFO: [ app_init ] --END-- [ RunTime:0.000519s ]

[ 2015-07-01T16:09:20+08:00 ] ::1 /capcc0624/index.php/Home/__PUBLIC__/Home/Images/bracket.jpg
INFO: [ app_init ] --START--
INFO: Run Behavior\BuildLiteBehavior [ RunTime:0.000019s ]
INFO: [ app_init ] --END-- [ RunTime:0.000513s ]

[ 2015-07-01T16:09:20+08:00 ] ::1 /capcc0624/index.php/Home/__PUBLIC__/Home/Images/bracket.jpg
INFO: [ app_init ] --START--
INFO: Run Behavior\BuildLiteBehavior [ RunTime:0.000044s ]
INFO: [ app_init ] --END-- [ RunTime:0.001262s ]

[ 2015-07-01T16:09:20+08:00 ] ::1 /capcc0624/index.php/Home/__PUBLIC__/Home/Images/bracket.jpg
INFO: [ app_init ] --START--
INFO: Run Behavior\BuildLiteBehavior [ RunTime:0.000018s ]
INFO: [ app_init ] --END-- [ RunTime:0.000614s ]

[ 2015-07-01T16:09:20+08:00 ] ::1 /capcc0624/index.php/Home/News
INFO: [ app_init ] --START--
INFO: Run Behavior\BuildLiteBehavior [ RunTime:0.000020s ]
INFO: [ app_init ] --END-- [ RunTime:0.000566s ]

[ 2015-07-01T16:09:21+08:00 ] ::1 /capcc0624/index.php/Home/images/footer-bg2.png
INFO: [ app_init ] --START--
INFO: Run Behavior\BuildLiteBehavior [ RunTime:0.000031s ]
INFO: [ app_init ] --END-- [ RunTime:0.001101s ]

[ 2015-07-01T16:09:21+08:00 ] ::1 /capcc0624/index.php/Home/__PUBLIC__/Home/Images/bracket.jpg
INFO: [ app_init ] --START--
INFO: Run Behavior\BuildLiteBehavior [ RunTime:0.000018s ]
INFO: [ app_init ] --END-- [ RunTime:0.000475s ]

[ 2015-07-01T16:09:56+08:00 ] ::1 /capcc0624/index.php/Home/News
INFO: [ app_init ] --START--
INFO: Run Behavior\BuildLiteBehavior [ RunTime:0.000072s ]
INFO: [ app_init ] --END-- [ RunTime:0.001921s ]

[ 2015-07-01T16:09:57+08:00 ] ::1 /capcc0624/index.php/Home/images/footer-bg2.png
INFO: [ app_init ] --START--
INFO: Run Behavior\BuildLiteBehavior [ RunTime:0.000029s ]
INFO: [ app_init ] --END-- [ RunTime:0.000816s ]

[ 2015-07-01T16:10:58+08:00 ] ::1 /capcc0624/index.php/Home/News
INFO: [ app_init ] --START--
INFO: Run Behavior\BuildLiteBehavior [ RunTime:0.000023s ]
INFO: [ app_init ] --END-- [ RunTime:0.000648s ]

[ 2015-07-01T16:10:59+08:00 ] ::1 /capcc0624/index.php/Home/images/footer-bg2.png
INFO: [ app_init ] --START--
INFO: Run Behavior\BuildLiteBehavior [ RunTime:0.000034s ]
INFO: [ app_init ] --END-- [ RunTime:0.000852s ]

[ 2015-07-01T16:12:08+08:00 ] ::1 /capcc0624/index.php/Home/News
INFO: [ app_init ] --START--
INFO: Run Behavior\BuildLiteBehavior [ RunTime:0.000022s ]
INFO: [ app_init ] --END-- [ RunTime:0.001305s ]

[ 2015-07-01T16:12:09+08:00 ] ::1 /capcc0624/index.php/Home/images/footer-bg2.png
INFO: [ app_init ] --START--
INFO: Run Behavior\BuildLiteBehavior [ RunTime:0.000019s ]
INFO: [ app_init ] --END-- [ RunTime:0.000539s ]

[ 2015-07-01T16:13:50+08:00 ] ::1 /capcc0624/index.php/Home/News
INFO: [ app_init ] --START--
INFO: Run Behavior\BuildLiteBehavior [ RunTime:0.000045s ]
INFO: [ app_init ] --END-- [ RunTime:0.001169s ]

[ 2015-07-01T16:15:16+08:00 ] ::1 /capcc0624/index.php/Home/News
INFO: [ app_init ] --START--
INFO: Run Behavior\BuildLiteBehavior [ RunTime:0.000032s ]
INFO: [ app_init ] --END-- [ RunTime:0.000981s ]

[ 2015-07-01T16:15:20+08:00 ] ::1 /capcc0624/index.php/Home/__PUBLIC__/Home/Images/bracket.jpg
INFO: [ app_init ] --START--
INFO: Run Behavior\BuildLiteBehavior [ RunTime:0.000034s ]
INFO: [ app_init ] --END-- [ RunTime:0.001093s ]

[ 2015-07-01T16:15:20+08:00 ] ::1 /capcc0624/index.php/Home/News
INFO: [ app_init ] --START--
INFO: Run Behavior\BuildLiteBehavior [ RunTime:0.000018s ]
INFO: [ app_init ] --END-- [ RunTime:0.000568s ]

[ 2015-07-01T16:15:21+08:00 ] ::1 /capcc0624/index.php/Home/images/footer-bg2.png
INFO: [ app_init ] --START--
INFO: Run Behavior\BuildLiteBehavior [ RunTime:0.000020s ]
INFO: [ app_init ] --END-- [ RunTime:0.000517s ]

[ 2015-07-01T16:15:25+08:00 ] ::1 /capcc0624/index.php/Home/News
INFO: [ app_init ] --START--
INFO: Run Behavior\BuildLiteBehavior [ RunTime:0.000020s ]
INFO: [ app_init ] --END-- [ RunTime:0.000673s ]

[ 2015-07-01T16:21:20+08:00 ] ::1 /capcc0624/index.php/Home/News
INFO: [ app_init ] --START--
INFO: Run Behavior\BuildLiteBehavior [ RunTime:0.000034s ]
INFO: [ app_init ] --END-- [ RunTime:0.000838s ]

[ 2015-07-01T16:21:22+08:00 ] ::1 /capcc0624/index.php/Home/images/footer-bg2.png
INFO: [ app_init ] --START--
INFO: Run Behavior\BuildLiteBehavior [ RunTime:0.000019s ]
INFO: [ app_init ] --END-- [ RunTime:0.000702s ]

[ 2015-07-01T16:21:25+08:00 ] ::1 /capcc0624/index.php/Home/News
INFO: [ app_init ] --START--
INFO: Run Behavior\BuildLiteBehavior [ RunTime:0.000019s ]
INFO: [ app_init ] --END-- [ RunTime:0.000542s ]

[ 2015-07-01T16:23:15+08:00 ] ::1 /capcc0624/index.php/Home/News
INFO: [ app_init ] --START--
INFO: Run Behavior\BuildLiteBehavior [ RunTime:0.000032s ]
INFO: [ app_init ] --END-- [ RunTime:0.000947s ]

[ 2015-07-01T16:23:16+08:00 ] ::1 /capcc0624/index.php/Home/images/footer-bg2.png
INFO: [ app_init ] --START--
INFO: Run Behavior\BuildLiteBehavior [ RunTime:0.000019s ]
INFO: [ app_init ] --END-- [ RunTime:0.000553s ]

[ 2015-07-01T16:24:24+08:00 ] ::1 /capcc0624/index.php/Home/News
INFO: [ app_init ] --START--
INFO: Run Behavior\BuildLiteBehavior [ RunTime:0.000025s ]
INFO: [ app_init ] --END-- [ RunTime:0.000616s ]

[ 2015-07-01T16:24:24+08:00 ] ::1 /capcc0624/index.php/Home/images/footer-bg2.png
INFO: [ app_init ] --START--
INFO: Run Behavior\BuildLiteBehavior [ RunTime:0.000026s ]
INFO: [ app_init ] --END-- [ RunTime:0.000707s ]

[ 2015-07-01T16:28:46+08:00 ] ::1 /capcc0624/index.php/Home/News
INFO: [ app_init ] --START--
INFO: Run Behavior\BuildLiteBehavior [ RunTime:0.000021s ]
INFO: [ app_init ] --END-- [ RunTime:0.001088s ]

[ 2015-07-01T16:28:47+08:00 ] ::1 /capcc0624/index.php/Home/images/footer-bg2.png
INFO: [ app_init ] --START--
INFO: Run Behavior\BuildLiteBehavior [ RunTime:0.000018s ]
INFO: [ app_init ] --END-- [ RunTime:0.000581s ]

[ 2015-07-01T16:29:35+08:00 ] ::1 /capcc0624/index.php/Home/__PUBLIC__/Home/Images/bracket.jpg
INFO: [ app_init ] --START--
INFO: Run Behavior\BuildLiteBehavior [ RunTime:0.000024s ]
INFO: [ app_init ] --END-- [ RunTime:0.000639s ]

[ 2015-07-01T16:29:38+08:00 ] ::1 /capcc0624/index.php/Home/News
INFO: [ app_init ] --START--
INFO: Run Behavior\BuildLiteBehavior [ RunTime:0.000018s ]
INFO: [ app_init ] --END-- [ RunTime:0.000525s ]

[ 2015-07-01T16:29:41+08:00 ] ::1 /capcc0624/index.php/Home/News
INFO: [ app_init ] --START--
INFO: Run Behavior\BuildLiteBehavior [ RunTime:0.000033s ]
INFO: [ app_init ] --END-- [ RunTime:0.000817s ]

[ 2015-07-01T16:29:42+08:00 ] ::1 /capcc0624/index.php/Home/News
INFO: [ app_init ] --START--
INFO: Run Behavior\BuildLiteBehavior [ RunTime:0.000020s ]
INFO: [ app_init ] --END-- [ RunTime:0.000598s ]

[ 2015-07-01T16:29:43+08:00 ] ::1 /capcc0624/index.php/Home/images/footer-bg2.png
INFO: [ app_init ] --START--
INFO: Run Behavior\BuildLiteBehavior [ RunTime:0.000019s ]
INFO: [ app_init ] --END-- [ RunTime:0.000590s ]

[ 2015-07-01T16:29:45+08:00 ] ::1 /capcc0624/index.php/Home/News
INFO: [ app_init ] --START--
INFO: Run Behavior\BuildLiteBehavior [ RunTime:0.000028s ]
INFO: [ app_init ] --END-- [ RunTime:0.000810s ]

[ 2015-07-01T16:29:50+08:00 ] ::1 /capcc0624/index.php/Home/__PUBLIC__/Home/Images/bracket.jpg
INFO: [ app_init ] --START--
INFO: Run Behavior\BuildLiteBehavior [ RunTime:0.000018s ]
INFO: [ app_init ] --END-- [ RunTime:0.000494s ]

[ 2015-07-01T16:29:50+08:00 ] ::1 /capcc0624/index.php/Home/__PUBLIC__/Home/Images/bracket.jpg
INFO: [ app_init ] --START--
INFO: Run Behavior\BuildLiteBehavior [ RunTime:0.000043s ]
INFO: [ app_init ] --END-- [ RunTime:0.001016s ]

[ 2015-07-01T16:29:51+08:00 ] ::1 /capcc0624/index.php/Home/__PUBLIC__/Home/Images/bracket.jpg
INFO: [ app_init ] --START--
INFO: Run Behavior\BuildLiteBehavior [ RunTime:0.000020s ]
INFO: [ app_init ] --END-- [ RunTime:0.000507s ]

[ 2015-07-01T16:37:36+08:00 ] ::1 /capcc0624/index.php/Home/News
INFO: [ app_init ] --START--
INFO: Run Behavior\BuildLiteBehavior [ RunTime:0.000034s ]
INFO: [ app_init ] --END-- [ RunTime:0.001844s ]

[ 2015-07-01T16:37:36+08:00 ] ::1 /capcc0624/index.php/Home/images/footer-bg2.png
INFO: [ app_init ] --START--
INFO: Run Behavior\BuildLiteBehavior [ RunTime:0.000035s ]
INFO: [ app_init ] --END-- [ RunTime:0.001441s ]

