[ 2015-07-02T08:59:37+08:00 ] ::1 /capcc0624/
INFO: [ app_init ] --START--
INFO: Run Behavior\BuildLiteBehavior [ RunTime:0.000020s ]
INFO: [ app_init ] --END-- [ RunTime:0.000740s ]

[ 2015-07-02T08:59:43+08:00 ] ::1 /capcc0624/index.php/Home/News
INFO: [ app_init ] --START--
INFO: Run Behavior\BuildLiteBehavior [ RunTime:0.000020s ]
INFO: [ app_init ] --END-- [ RunTime:0.000528s ]

[ 2015-07-02T08:59:43+08:00 ] ::1 /capcc0624/index.php/Home/images/footer-bg2.png
INFO: [ app_init ] --START--
INFO: Run Behavior\BuildLiteBehavior [ RunTime:0.000033s ]
INFO: [ app_init ] --END-- [ RunTime:0.000910s ]

[ 2015-07-02T09:01:02+08:00 ] ::1 /capcc0624/index.php/Home/News
INFO: [ app_init ] --START--
INFO: Run Behavior\BuildLiteBehavior [ RunTime:0.000038s ]
INFO: [ app_init ] --END-- [ RunTime:0.001126s ]

[ 2015-07-02T09:01:02+08:00 ] ::1 /capcc0624/index.php/Home/images/footer-bg2.png
INFO: [ app_init ] --START--
INFO: Run Behavior\BuildLiteBehavior [ RunTime:0.000023s ]
INFO: [ app_init ] --END-- [ RunTime:0.000712s ]

[ 2015-07-02T09:01:03+08:00 ] ::1 /capcc0624/index.php/Home/__PUBLIC__/Home/Images/bracket.jpg
INFO: [ app_init ] --START--
INFO: Run Behavior\BuildLiteBehavior [ RunTime:0.000032s ]
INFO: [ app_init ] --END-- [ RunTime:0.001097s ]

[ 2015-07-02T09:01:03+08:00 ] ::1 /capcc0624/index.php/Home/__PUBLIC__/Home/Images/bracket.jpg
INFO: [ app_init ] --START--
INFO: Run Behavior\BuildLiteBehavior [ RunTime:0.000042s ]
INFO: [ app_init ] --END-- [ RunTime:0.000979s ]

[ 2015-07-02T09:04:03+08:00 ] ::1 /capcc0624/index.php/Home/News
INFO: [ app_init ] --START--
INFO: Run Behavior\BuildLiteBehavior [ RunTime:0.000042s ]
INFO: [ app_init ] --END-- [ RunTime:0.001193s ]

[ 2015-07-02T09:04:04+08:00 ] ::1 /capcc0624/index.php/Home/images/footer-bg2.png
INFO: [ app_init ] --START--
INFO: Run Behavior\BuildLiteBehavior [ RunTime:0.000018s ]
INFO: [ app_init ] --END-- [ RunTime:0.000500s ]

[ 2015-07-02T09:04:51+08:00 ] ::1 /capcc0624/index.php/Home/News
INFO: [ app_init ] --START--
INFO: Run Behavior\BuildLiteBehavior [ RunTime:0.000085s ]
INFO: [ app_init ] --END-- [ RunTime:0.001197s ]

[ 2015-07-02T09:04:52+08:00 ] ::1 /capcc0624/index.php/Home/images/footer-bg2.png
INFO: [ app_init ] --START--
INFO: Run Behavior\BuildLiteBehavior [ RunTime:0.000019s ]
INFO: [ app_init ] --END-- [ RunTime:0.000505s ]

[ 2015-07-02T09:08:16+08:00 ] ::1 /capcc0624/index.php/Home/News
INFO: [ app_init ] --START--
INFO: Run Behavior\BuildLiteBehavior [ RunTime:0.000019s ]
INFO: [ app_init ] --END-- [ RunTime:0.000609s ]

[ 2015-07-02T09:08:19+08:00 ] ::1 /capcc0624/index.php/Home/News
INFO: [ app_init ] --START--
INFO: Run Behavior\BuildLiteBehavior [ RunTime:0.000019s ]
INFO: [ app_init ] --END-- [ RunTime:0.000522s ]

[ 2015-07-02T09:08:20+08:00 ] ::1 /capcc0624/index.php/Home/images/footer-bg2.png
INFO: [ app_init ] --START--
INFO: Run Behavior\BuildLiteBehavior [ RunTime:0.000017s ]
INFO: [ app_init ] --END-- [ RunTime:0.000479s ]

[ 2015-07-02T09:10:13+08:00 ] ::1 /capcc0624/index.php/Home/News
INFO: [ app_init ] --START--
INFO: Run Behavior\BuildLiteBehavior [ RunTime:0.000019s ]
INFO: [ app_init ] --END-- [ RunTime:0.000572s ]

[ 2015-07-02T09:10:14+08:00 ] ::1 /capcc0624/index.php/Home/images/footer-bg2.png
INFO: [ app_init ] --START--
INFO: Run Behavior\BuildLiteBehavior [ RunTime:0.000027s ]
INFO: [ app_init ] --END-- [ RunTime:0.000639s ]

[ 2015-07-02T09:10:18+08:00 ] ::1 /capcc0624/index.php/Home/News
INFO: [ app_init ] --START--
INFO: Run Behavior\BuildLiteBehavior [ RunTime:0.000018s ]
INFO: [ app_init ] --END-- [ RunTime:0.000559s ]

[ 2015-07-02T09:10:48+08:00 ] ::1 /capcc0624/index.php/Home/News
INFO: [ app_init ] --START--
INFO: Run Behavior\BuildLiteBehavior [ RunTime:0.000023s ]
INFO: [ app_init ] --END-- [ RunTime:0.000874s ]

[ 2015-07-02T09:10:49+08:00 ] ::1 /capcc0624/index.php/Home/images/footer-bg2.png
INFO: [ app_init ] --START--
INFO: Run Behavior\BuildLiteBehavior [ RunTime:0.000018s ]
INFO: [ app_init ] --END-- [ RunTime:0.000504s ]

[ 2015-07-02T09:10:51+08:00 ] ::1 /capcc0624/index.php/Home/News
INFO: [ app_init ] --START--
INFO: Run Behavior\BuildLiteBehavior [ RunTime:0.000090s ]
INFO: [ app_init ] --END-- [ RunTime:0.000947s ]

[ 2015-07-02T09:13:53+08:00 ] ::1 /capcc0624/index.php/Home/News
INFO: [ app_init ] --START--
INFO: Run Behavior\BuildLiteBehavior [ RunTime:0.000019s ]
INFO: [ app_init ] --END-- [ RunTime:0.000644s ]

[ 2015-07-02T09:14:06+08:00 ] ::1 /capcc0624/index.php/Home/News
INFO: [ app_init ] --START--
INFO: Run Behavior\BuildLiteBehavior [ RunTime:0.000043s ]
INFO: [ app_init ] --END-- [ RunTime:0.001044s ]

[ 2015-07-02T09:14:07+08:00 ] ::1 /capcc0624/index.php/Home/images/footer-bg2.png
INFO: [ app_init ] --START--
INFO: Run Behavior\BuildLiteBehavior [ RunTime:0.000035s ]
INFO: [ app_init ] --END-- [ RunTime:0.000698s ]

[ 2015-07-02T09:14:48+08:00 ] ::1 /capcc0624/
INFO: [ app_init ] --START--
INFO: Run Behavior\BuildLiteBehavior [ RunTime:0.000019s ]
INFO: [ app_init ] --END-- [ RunTime:0.000532s ]

[ 2015-07-02T09:14:53+08:00 ] ::1 /capcc0624/index.php/Home/News
INFO: [ app_init ] --START--
INFO: Run Behavior\BuildLiteBehavior [ RunTime:0.000059s ]
INFO: [ app_init ] --END-- [ RunTime:0.000946s ]

[ 2015-07-02T09:14:53+08:00 ] ::1 /capcc0624/index.php/Home/images/footer-bg2.png
INFO: [ app_init ] --START--
INFO: Run Behavior\BuildLiteBehavior [ RunTime:0.000026s ]
INFO: [ app_init ] --END-- [ RunTime:0.000774s ]

[ 2015-07-02T09:17:54+08:00 ] ::1 /capcc0624/index.php/Home/News
INFO: [ app_init ] --START--
INFO: Run Behavior\BuildLiteBehavior [ RunTime:0.000036s ]
INFO: [ app_init ] --END-- [ RunTime:0.001003s ]

[ 2015-07-02T09:17:55+08:00 ] ::1 /capcc0624/index.php/Home/images/footer-bg2.png
INFO: [ app_init ] --START--
INFO: Run Behavior\BuildLiteBehavior [ RunTime:0.000019s ]
INFO: [ app_init ] --END-- [ RunTime:0.000499s ]

[ 2015-07-02T09:17:59+08:00 ] ::1 /capcc0624/index.php/Home/News
INFO: [ app_init ] --START--
INFO: Run Behavior\BuildLiteBehavior [ RunTime:0.000018s ]
INFO: [ app_init ] --END-- [ RunTime:0.000507s ]

[ 2015-07-02T09:19:50+08:00 ] ::1 /capcc0624/index.php/Home/__PUBLIC__/Home/Images/bracket.jpg
INFO: [ app_init ] --START--
INFO: Run Behavior\BuildLiteBehavior [ RunTime:0.000030s ]
INFO: [ app_init ] --END-- [ RunTime:0.000743s ]

[ 2015-07-02T09:19:50+08:00 ] ::1 /capcc0624/index.php/Home/__PUBLIC__/Home/Images/bracket.jpg
INFO: [ app_init ] --START--
INFO: Run Behavior\BuildLiteBehavior [ RunTime:0.000034s ]
INFO: [ app_init ] --END-- [ RunTime:0.000910s ]

[ 2015-07-02T09:19:50+08:00 ] ::1 /capcc0624/index.php/Home/__PUBLIC__/Home/Images/bracket.jpg
INFO: [ app_init ] --START--
INFO: Run Behavior\BuildLiteBehavior [ RunTime:0.000027s ]
INFO: [ app_init ] --END-- [ RunTime:0.000751s ]

[ 2015-07-02T09:19:50+08:00 ] ::1 /capcc0624/index.php/Home/Index
INFO: [ app_init ] --START--
INFO: Run Behavior\BuildLiteBehavior [ RunTime:0.000018s ]
INFO: [ app_init ] --END-- [ RunTime:0.000522s ]

[ 2015-07-02T09:20:31+08:00 ] ::1 /capcc0624/index.php/Home/Index
INFO: [ app_init ] --START--
INFO: Run Behavior\BuildLiteBehavior [ RunTime:0.000018s ]
INFO: [ app_init ] --END-- [ RunTime:0.000527s ]

[ 2015-07-02T09:20:33+08:00 ] ::1 /capcc0624/index.php/Home/__PUBLIC__/Home/Images/bracket.jpg
INFO: [ app_init ] --START--
INFO: Run Behavior\BuildLiteBehavior [ RunTime:0.000057s ]
INFO: [ app_init ] --END-- [ RunTime:0.001085s ]

[ 2015-07-02T09:20:34+08:00 ] ::1 /capcc0624/index.php/Home/__PUBLIC__/Home/Images/bracket.jpg
INFO: [ app_init ] --START--
INFO: Run Behavior\BuildLiteBehavior [ RunTime:0.000032s ]
INFO: [ app_init ] --END-- [ RunTime:0.000941s ]

[ 2015-07-02T09:20:34+08:00 ] ::1 /capcc0624/index.php/Home/News
INFO: [ app_init ] --START--
INFO: Run Behavior\BuildLiteBehavior [ RunTime:0.000030s ]
INFO: [ app_init ] --END-- [ RunTime:0.000738s ]

[ 2015-07-02T09:20:34+08:00 ] ::1 /capcc0624/index.php/Home/__PUBLIC__/Home/Images/bracket.jpg
INFO: [ app_init ] --START--
INFO: Run Behavior\BuildLiteBehavior [ RunTime:0.000042s ]
INFO: [ app_init ] --END-- [ RunTime:0.000934s ]

[ 2015-07-02T09:20:34+08:00 ] ::1 /capcc0624/index.php/Home/__PUBLIC__/Home/Images/bracket.jpg
INFO: [ app_init ] --START--
INFO: Run Behavior\BuildLiteBehavior [ RunTime:0.000040s ]
INFO: [ app_init ] --END-- [ RunTime:0.001067s ]

[ 2015-07-02T09:20:34+08:00 ] ::1 /capcc0624/index.php/Home/images/footer-bg2.png
INFO: [ app_init ] --START--
INFO: Run Behavior\BuildLiteBehavior [ RunTime:0.000034s ]
INFO: [ app_init ] --END-- [ RunTime:0.000848s ]

[ 2015-07-02T09:20:34+08:00 ] ::1 /capcc0624/index.php/Home/__PUBLIC__/Home/Images/bracket.jpg
INFO: [ app_init ] --START--
INFO: Run Behavior\BuildLiteBehavior [ RunTime:0.000020s ]
INFO: [ app_init ] --END-- [ RunTime:0.000510s ]

[ 2015-07-02T09:20:34+08:00 ] ::1 /capcc0624/index.php/Home/__PUBLIC__/Home/Images/bracket.jpg
INFO: [ app_init ] --START--
INFO: Run Behavior\BuildLiteBehavior [ RunTime:0.000025s ]
INFO: [ app_init ] --END-- [ RunTime:0.000875s ]

[ 2015-07-02T09:20:46+08:00 ] ::1 /capcc0624/index.php/Home/__PUBLIC__/Home/Images/bracket.jpg
INFO: [ app_init ] --START--
INFO: Run Behavior\BuildLiteBehavior [ RunTime:0.000037s ]
INFO: [ app_init ] --END-- [ RunTime:0.000865s ]

[ 2015-07-02T09:20:47+08:00 ] ::1 /capcc0624/index.php/Home/__PUBLIC__/Home/Images/bracket.jpg
INFO: [ app_init ] --START--
INFO: Run Behavior\BuildLiteBehavior [ RunTime:0.000029s ]
INFO: [ app_init ] --END-- [ RunTime:0.000799s ]

[ 2015-07-02T09:20:47+08:00 ] ::1 /capcc0624/index.php/Home/__PUBLIC__/Home/Images/bracket.jpg
INFO: [ app_init ] --START--
INFO: Run Behavior\BuildLiteBehavior [ RunTime:0.000025s ]
INFO: [ app_init ] --END-- [ RunTime:0.000563s ]

[ 2015-07-02T09:20:48+08:00 ] ::1 /capcc0624/index.php/Home/__PUBLIC__/Home/Images/bracket.jpg
INFO: [ app_init ] --START--
INFO: Run Behavior\BuildLiteBehavior [ RunTime:0.000020s ]
INFO: [ app_init ] --END-- [ RunTime:0.000571s ]

[ 2015-07-02T09:20:50+08:00 ] ::1 /capcc0624/index.php/Home/__PUBLIC__/Home/Images/bracket.jpg
INFO: [ app_init ] --START--
INFO: Run Behavior\BuildLiteBehavior [ RunTime:0.000028s ]
INFO: [ app_init ] --END-- [ RunTime:0.000759s ]

[ 2015-07-02T09:20:50+08:00 ] ::1 /capcc0624/index.php/Home/Index
INFO: [ app_init ] --START--
INFO: Run Behavior\BuildLiteBehavior [ RunTime:0.000019s ]
INFO: [ app_init ] --END-- [ RunTime:0.000517s ]

[ 2015-07-02T09:20:58+08:00 ] ::1 /capcc0624/index.php/Home/News/activities?newsid=91
INFO: [ app_init ] --START--
INFO: Run Behavior\BuildLiteBehavior [ RunTime:0.000019s ]
INFO: [ app_init ] --END-- [ RunTime:0.000595s ]

[ 2015-07-02T09:20:58+08:00 ] ::1 /capcc0624/index.php/Home/News/3.css
INFO: [ app_init ] --START--
INFO: Run Behavior\BuildLiteBehavior [ RunTime:0.000033s ]
INFO: [ app_init ] --END-- [ RunTime:0.000917s ]
ERR: 非法操作:3.css

[ 2015-07-02T09:20:58+08:00 ] ::1 /capcc0624/index.php/Home/News/images/bracket.jpg
INFO: [ app_init ] --START--
INFO: Run Behavior\BuildLiteBehavior [ RunTime:0.000029s ]
INFO: [ app_init ] --END-- [ RunTime:0.000923s ]

[ 2015-07-02T09:20:58+08:00 ] ::1 /capcc0624/index.php/Home/News/js/head_bottom.js
INFO: [ app_init ] --START--
INFO: Run Behavior\BuildLiteBehavior [ RunTime:0.000028s ]
INFO: [ app_init ] --END-- [ RunTime:0.000727s ]
ERR: 非法操作:js

[ 2015-07-02T09:20:58+08:00 ] ::1 /capcc0624/index.php/Home/News/images/body_up.png
INFO: [ app_init ] --START--
INFO: Run Behavior\BuildLiteBehavior [ RunTime:0.000032s ]
INFO: [ app_init ] --END-- [ RunTime:0.000844s ]

[ 2015-07-02T09:20:58+08:00 ] ::1 /capcc0624/index.php/Home/News/images/bracket.jpg
INFO: [ app_init ] --START--
INFO: Run Behavior\BuildLiteBehavior [ RunTime:0.000032s ]
INFO: [ app_init ] --END-- [ RunTime:0.000812s ]

[ 2015-07-02T09:20:58+08:00 ] ::1 /capcc0624/index.php/Home/News/images/body_center_right.jpg
INFO: [ app_init ] --START--
INFO: Run Behavior\BuildLiteBehavior [ RunTime:0.000027s ]
INFO: [ app_init ] --END-- [ RunTime:0.000760s ]

[ 2015-07-02T09:21:39+08:00 ] ::1 /capcc0624/index.php/Home/News
INFO: [ app_init ] --START--
INFO: Run Behavior\BuildLiteBehavior [ RunTime:0.000031s ]
INFO: [ app_init ] --END-- [ RunTime:0.000699s ]

[ 2015-07-02T09:21:40+08:00 ] ::1 /capcc0624/index.php/Home/images/footer-bg2.png
INFO: [ app_init ] --START--
INFO: Run Behavior\BuildLiteBehavior [ RunTime:0.000035s ]
INFO: [ app_init ] --END-- [ RunTime:0.001158s ]

[ 2015-07-02T09:28:17+08:00 ] ::1 /capcc0624/index.php/Home/Index
INFO: [ app_init ] --START--
INFO: Run Behavior\BuildLiteBehavior [ RunTime:0.000019s ]
INFO: [ app_init ] --END-- [ RunTime:0.000554s ]

[ 2015-07-02T09:28:19+08:00 ] ::1 /capcc0624/index.php/Home/News
INFO: [ app_init ] --START--
INFO: Run Behavior\BuildLiteBehavior [ RunTime:0.000030s ]
INFO: [ app_init ] --END-- [ RunTime:0.000783s ]

[ 2015-07-02T09:30:25+08:00 ] ::1 /capcc0624/index.php/Home/News
INFO: [ app_init ] --START--
INFO: Run Behavior\BuildLiteBehavior [ RunTime:0.000042s ]
INFO: [ app_init ] --END-- [ RunTime:0.000858s ]

[ 2015-07-02T09:30:25+08:00 ] ::1 /capcc0624/index.php/Home/images/footer-bg2.png
INFO: [ app_init ] --START--
INFO: Run Behavior\BuildLiteBehavior [ RunTime:0.000019s ]
INFO: [ app_init ] --END-- [ RunTime:0.000541s ]

[ 2015-07-02T09:30:44+08:00 ] ::1 /capcc0624/index.php/Home/News
INFO: [ app_init ] --START--
INFO: Run Behavior\BuildLiteBehavior [ RunTime:0.000021s ]
INFO: [ app_init ] --END-- [ RunTime:0.000580s ]

[ 2015-07-02T09:30:45+08:00 ] ::1 /capcc0624/index.php/Home/images/footer-bg2.png
INFO: [ app_init ] --START--
INFO: Run Behavior\BuildLiteBehavior [ RunTime:0.000019s ]
INFO: [ app_init ] --END-- [ RunTime:0.000587s ]

[ 2015-07-02T09:31:00+08:00 ] ::1 /capcc0624/index.php/Home/News
INFO: [ app_init ] --START--
INFO: Run Behavior\BuildLiteBehavior [ RunTime:0.000019s ]
INFO: [ app_init ] --END-- [ RunTime:0.000517s ]

[ 2015-07-02T09:31:01+08:00 ] ::1 /capcc0624/index.php/Home/images/footer-bg2.png
INFO: [ app_init ] --START--
INFO: Run Behavior\BuildLiteBehavior [ RunTime:0.000030s ]
INFO: [ app_init ] --END-- [ RunTime:0.000810s ]

[ 2015-07-02T09:31:15+08:00 ] ::1 /capcc0624/index.php/Home/News
INFO: [ app_init ] --START--
INFO: Run Behavior\BuildLiteBehavior [ RunTime:0.000021s ]
INFO: [ app_init ] --END-- [ RunTime:0.000741s ]

[ 2015-07-02T09:31:16+08:00 ] ::1 /capcc0624/index.php/Home/images/footer-bg2.png
INFO: [ app_init ] --START--
INFO: Run Behavior\BuildLiteBehavior [ RunTime:0.000018s ]
INFO: [ app_init ] --END-- [ RunTime:0.000507s ]

[ 2015-07-02T09:33:36+08:00 ] ::1 /capcc0624/index.php/Home/News
INFO: [ app_init ] --START--
INFO: Run Behavior\BuildLiteBehavior [ RunTime:0.000031s ]
INFO: [ app_init ] --END-- [ RunTime:0.000881s ]

[ 2015-07-02T09:33:37+08:00 ] ::1 /capcc0624/index.php/Home/images/footer-bg2.png
INFO: [ app_init ] --START--
INFO: Run Behavior\BuildLiteBehavior [ RunTime:0.000018s ]
INFO: [ app_init ] --END-- [ RunTime:0.000625s ]

[ 2015-07-02T09:33:40+08:00 ] ::1 /capcc0624/index.php/Home/Index
INFO: [ app_init ] --START--
INFO: Run Behavior\BuildLiteBehavior [ RunTime:0.000019s ]
INFO: [ app_init ] --END-- [ RunTime:0.000609s ]

[ 2015-07-02T09:33:45+08:00 ] ::1 /capcc0624/index.php/Home/News
INFO: [ app_init ] --START--
INFO: Run Behavior\BuildLiteBehavior [ RunTime:0.000019s ]
INFO: [ app_init ] --END-- [ RunTime:0.000590s ]

[ 2015-07-02T09:34:54+08:00 ] ::1 /capcc0624/index.php/Home/Index
INFO: [ app_init ] --START--
INFO: Run Behavior\BuildLiteBehavior [ RunTime:0.000033s ]
INFO: [ app_init ] --END-- [ RunTime:0.002601s ]

[ 2015-07-02T09:34:56+08:00 ] ::1 /capcc0624/index.php/Home/__PUBLIC__/Home/Images/bracket.jpg
INFO: [ app_init ] --START--
INFO: Run Behavior\BuildLiteBehavior [ RunTime:0.000018s ]
INFO: [ app_init ] --END-- [ RunTime:0.000612s ]

[ 2015-07-02T09:35:18+08:00 ] ::1 /capcc0624/index.php/Home/News
INFO: [ app_init ] --START--
INFO: Run Behavior\BuildLiteBehavior [ RunTime:0.000023s ]
INFO: [ app_init ] --END-- [ RunTime:0.000823s ]

[ 2015-07-02T09:35:19+08:00 ] ::1 /capcc0624/index.php/Home/images/footer-bg2.png
INFO: [ app_init ] --START--
INFO: Run Behavior\BuildLiteBehavior [ RunTime:0.000021s ]
INFO: [ app_init ] --END-- [ RunTime:0.000787s ]

[ 2015-07-02T09:35:22+08:00 ] ::1 /capcc0624/index.php/Home/__PUBLIC__/Home/Images/bracket.jpg
INFO: [ app_init ] --START--
INFO: Run Behavior\BuildLiteBehavior [ RunTime:0.000033s ]
INFO: [ app_init ] --END-- [ RunTime:0.000928s ]

[ 2015-07-02T09:35:34+08:00 ] ::1 /capcc0624/index.php/Home/News
INFO: [ app_init ] --START--
INFO: Run Behavior\BuildLiteBehavior [ RunTime:0.000021s ]
INFO: [ app_init ] --END-- [ RunTime:0.000664s ]

[ 2015-07-02T09:35:35+08:00 ] ::1 /capcc0624/index.php/Home/images/footer-bg2.png
INFO: [ app_init ] --START--
INFO: Run Behavior\BuildLiteBehavior [ RunTime:0.000052s ]
INFO: [ app_init ] --END-- [ RunTime:0.001464s ]

[ 2015-07-02T09:43:42+08:00 ] ::1 /capcc0624/index.php/Home/Index
INFO: [ app_init ] --START--
INFO: Run Behavior\BuildLiteBehavior [ RunTime:0.000020s ]
INFO: [ app_init ] --END-- [ RunTime:0.000631s ]

[ 2015-07-02T10:02:38+08:00 ] ::1 /capcc0624/index.php/Home/Index
INFO: [ app_init ] --START--
INFO: Run Behavior\BuildLiteBehavior [ RunTime:0.000019s ]
INFO: [ app_init ] --END-- [ RunTime:0.000643s ]

[ 2015-07-02T10:06:29+08:00 ] ::1 /capcc0624/index.php/Home/Index
INFO: [ app_init ] --START--
INFO: Run Behavior\BuildLiteBehavior [ RunTime:0.000020s ]
INFO: [ app_init ] --END-- [ RunTime:0.000679s ]

[ 2015-07-02T10:06:32+08:00 ] ::1 /capcc0624/index.php/Home/__PUBLIC__/Home/Images/bracket.jpg
INFO: [ app_init ] --START--
INFO: Run Behavior\BuildLiteBehavior [ RunTime:0.000035s ]
INFO: [ app_init ] --END-- [ RunTime:0.001034s ]

[ 2015-07-02T10:07:34+08:00 ] ::1 /capcc0624/index.php/Home/Index
INFO: [ app_init ] --START--
INFO: Run Behavior\BuildLiteBehavior [ RunTime:0.000033s ]
INFO: [ app_init ] --END-- [ RunTime:0.002128s ]

[ 2015-07-02T10:07:35+08:00 ] ::1 /capcc0624/index.php/Home/__PUBLIC__/Home/Images/bracket.jpg
INFO: [ app_init ] --START--
INFO: Run Behavior\BuildLiteBehavior [ RunTime:0.000020s ]
INFO: [ app_init ] --END-- [ RunTime:0.000580s ]

[ 2015-07-02T10:07:46+08:00 ] ::1 /capcc0624/index.php/Home/Index
INFO: [ app_init ] --START--
INFO: Run Behavior\BuildLiteBehavior [ RunTime:0.000056s ]
INFO: [ app_init ] --END-- [ RunTime:0.001773s ]

[ 2015-07-02T10:08:10+08:00 ] ::1 /capcc0624/index.php/Home/Index
INFO: [ app_init ] --START--
INFO: Run Behavior\BuildLiteBehavior [ RunTime:0.000023s ]
INFO: [ app_init ] --END-- [ RunTime:0.000739s ]

[ 2015-07-02T10:11:59+08:00 ] ::1 /capcc0624/index.php/Home/Index
INFO: [ app_init ] --START--
INFO: Run Behavior\BuildLiteBehavior [ RunTime:0.000025s ]
INFO: [ app_init ] --END-- [ RunTime:0.000661s ]

[ 2015-07-02T10:16:20+08:00 ] ::1 /capcc0624/index.php/Home/Index
INFO: [ app_init ] --START--
INFO: Run Behavior\BuildLiteBehavior [ RunTime:0.000023s ]
INFO: [ app_init ] --END-- [ RunTime:0.000711s ]

[ 2015-07-02T10:17:32+08:00 ] ::1 /capcc0624/index.php/Home/Index
INFO: [ app_init ] --START--
INFO: Run Behavior\BuildLiteBehavior [ RunTime:0.000019s ]
INFO: [ app_init ] --END-- [ RunTime:0.000526s ]

[ 2015-07-02T10:18:02+08:00 ] ::1 /capcc0624/index.php/Home/Index
INFO: [ app_init ] --START--
INFO: Run Behavior\BuildLiteBehavior [ RunTime:0.000036s ]
INFO: [ app_init ] --END-- [ RunTime:0.000582s ]

[ 2015-07-02T10:18:04+08:00 ] ::1 /capcc0624/index.php/Home/__PUBLIC__/Home/Images/bracket.jpg
INFO: [ app_init ] --START--
INFO: Run Behavior\BuildLiteBehavior [ RunTime:0.000020s ]
INFO: [ app_init ] --END-- [ RunTime:0.000589s ]

[ 2015-07-02T10:18:04+08:00 ] ::1 /capcc0624/index.php/Home/__PUBLIC__/Home/Images/bracket.jpg
INFO: [ app_init ] --START--
INFO: Run Behavior\BuildLiteBehavior [ RunTime:0.000029s ]
INFO: [ app_init ] --END-- [ RunTime:0.000915s ]

[ 2015-07-02T10:18:04+08:00 ] ::1 /capcc0624/index.php/Home/__PUBLIC__/Home/Images/bracket.jpg
INFO: [ app_init ] --START--
INFO: Run Behavior\BuildLiteBehavior [ RunTime:0.000034s ]
INFO: [ app_init ] --END-- [ RunTime:0.000873s ]

[ 2015-07-02T10:18:05+08:00 ] ::1 /capcc0624/index.php/Home/__PUBLIC__/Home/Images/bracket.jpg
INFO: [ app_init ] --START--
INFO: Run Behavior\BuildLiteBehavior [ RunTime:0.000018s ]
INFO: [ app_init ] --END-- [ RunTime:0.000560s ]

[ 2015-07-02T10:18:21+08:00 ] ::1 /capcc0624/index.php/Home/__PUBLIC__/Home/Images/bracket.jpg
INFO: [ app_init ] --START--
INFO: Run Behavior\BuildLiteBehavior [ RunTime:0.000018s ]
INFO: [ app_init ] --END-- [ RunTime:0.000488s ]

[ 2015-07-02T10:18:34+08:00 ] ::1 /capcc0624/index.php/Home/__PUBLIC__/Home/Images/bracket.jpg
INFO: [ app_init ] --START--
INFO: Run Behavior\BuildLiteBehavior [ RunTime:0.000019s ]
INFO: [ app_init ] --END-- [ RunTime:0.000590s ]

[ 2015-07-02T10:18:34+08:00 ] ::1 /capcc0624/index.php/Home/News
INFO: [ app_init ] --START--
INFO: Run Behavior\BuildLiteBehavior [ RunTime:0.000031s ]
INFO: [ app_init ] --END-- [ RunTime:0.000839s ]

[ 2015-07-02T10:18:35+08:00 ] ::1 /capcc0624/index.php/Home/images/footer-bg2.png
INFO: [ app_init ] --START--
INFO: Run Behavior\BuildLiteBehavior [ RunTime:0.000019s ]
INFO: [ app_init ] --END-- [ RunTime:0.000551s ]

[ 2015-07-02T10:18:39+08:00 ] ::1 /capcc0624/index.php/Home/Index
INFO: [ app_init ] --START--
INFO: Run Behavior\BuildLiteBehavior [ RunTime:0.000020s ]
INFO: [ app_init ] --END-- [ RunTime:0.000591s ]

[ 2015-07-02T10:20:28+08:00 ] ::1 /capcc0624/index.php/Home/Index
INFO: [ app_init ] --START--
INFO: Run Behavior\BuildLiteBehavior [ RunTime:0.000031s ]
INFO: [ app_init ] --END-- [ RunTime:0.000768s ]

[ 2015-07-02T10:21:45+08:00 ] ::1 /capcc0624/index.php/Home/Index
INFO: [ app_init ] --START--
INFO: Run Behavior\BuildLiteBehavior [ RunTime:0.000032s ]
INFO: [ app_init ] --END-- [ RunTime:0.001359s ]

[ 2015-07-02T10:21:57+08:00 ] ::1 /capcc0624/index.php/Home/__PUBLIC__/Home/Images/bracket.jpg
INFO: [ app_init ] --START--
INFO: Run Behavior\BuildLiteBehavior [ RunTime:0.000027s ]
INFO: [ app_init ] --END-- [ RunTime:0.000575s ]

[ 2015-07-02T10:21:59+08:00 ] ::1 /capcc0624/index.php/Home/__PUBLIC__/Home/Images/bracket.jpg
INFO: [ app_init ] --START--
INFO: Run Behavior\BuildLiteBehavior [ RunTime:0.000034s ]
INFO: [ app_init ] --END-- [ RunTime:0.000943s ]

[ 2015-07-02T10:22:00+08:00 ] ::1 /capcc0624/index.php/Home/__PUBLIC__/Home/Images/bracket.jpg
INFO: [ app_init ] --START--
INFO: Run Behavior\BuildLiteBehavior [ RunTime:0.000028s ]
INFO: [ app_init ] --END-- [ RunTime:0.000840s ]

[ 2015-07-02T10:22:00+08:00 ] ::1 /capcc0624/index.php/Home/__PUBLIC__/Home/Images/bracket.jpg
INFO: [ app_init ] --START--
INFO: Run Behavior\BuildLiteBehavior [ RunTime:0.000038s ]
INFO: [ app_init ] --END-- [ RunTime:0.001232s ]

[ 2015-07-02T10:22:01+08:00 ] ::1 /capcc0624/index.php/Home/News
INFO: [ app_init ] --START--
INFO: Run Behavior\BuildLiteBehavior [ RunTime:0.000023s ]
INFO: [ app_init ] --END-- [ RunTime:0.000651s ]

[ 2015-07-02T10:22:04+08:00 ] ::1 /capcc0624/index.php/Home/images/footer-bg2.png
INFO: [ app_init ] --START--
INFO: Run Behavior\BuildLiteBehavior [ RunTime:0.000041s ]
INFO: [ app_init ] --END-- [ RunTime:0.000901s ]

[ 2015-07-02T10:22:05+08:00 ] ::1 /capcc0624/index.php/Home/__PUBLIC__/Home/Images/bracket.jpg
INFO: [ app_init ] --START--
INFO: Run Behavior\BuildLiteBehavior [ RunTime:0.000018s ]
INFO: [ app_init ] --END-- [ RunTime:0.000547s ]

[ 2015-07-02T10:22:24+08:00 ] ::1 /capcc0624/index.php/Home/News
INFO: [ app_init ] --START--
INFO: Run Behavior\BuildLiteBehavior [ RunTime:0.000020s ]
INFO: [ app_init ] --END-- [ RunTime:0.000611s ]

[ 2015-07-02T10:22:28+08:00 ] ::1 /capcc0624/index.php/Home/images/footer-bg2.png
INFO: [ app_init ] --START--
INFO: Run Behavior\BuildLiteBehavior [ RunTime:0.000033s ]
INFO: [ app_init ] --END-- [ RunTime:0.000964s ]

[ 2015-07-02T10:22:41+08:00 ] ::1 /capcc0624/index.php/Home/__PUBLIC__/Home/Images/bracket.jpg
INFO: [ app_init ] --START--
INFO: Run Behavior\BuildLiteBehavior [ RunTime:0.000021s ]
INFO: [ app_init ] --END-- [ RunTime:0.000790s ]

[ 2015-07-02T10:22:41+08:00 ] ::1 /capcc0624/index.php/Home/city.php
INFO: [ app_init ] --START--
INFO: Run Behavior\BuildLiteBehavior [ RunTime:0.000030s ]
INFO: [ app_init ] --END-- [ RunTime:0.001165s ]
ERR: 无法加载控制器:City.php

[ 2015-07-02T11:00:48+08:00 ] ::1 /capcc0624/index.php/Home/__PUBLIC__/Home/Images/bracket.jpg
INFO: [ app_init ] --START--
INFO: Run Behavior\BuildLiteBehavior [ RunTime:0.000020s ]
INFO: [ app_init ] --END-- [ RunTime:0.000680s ]

[ 2015-07-02T11:00:48+08:00 ] ::1 /capcc0624/index.php/Home/__PUBLIC__/Home/Images/bracket.jpg
INFO: [ app_init ] --START--
INFO: Run Behavior\BuildLiteBehavior [ RunTime:0.000019s ]
INFO: [ app_init ] --END-- [ RunTime:0.000616s ]

[ 2015-07-02T11:00:49+08:00 ] ::1 /capcc0624/index.php/Home/Index
INFO: [ app_init ] --START--
INFO: Run Behavior\BuildLiteBehavior [ RunTime:0.000032s ]
INFO: [ app_init ] --END-- [ RunTime:0.000900s ]

[ 2015-07-02T11:02:24+08:00 ] ::1 /capcc0624/index.php/Home/Index
INFO: [ app_init ] --START--
INFO: Run Behavior\BuildLiteBehavior [ RunTime:0.000020s ]
INFO: [ app_init ] --END-- [ RunTime:0.000532s ]

[ 2015-07-02T11:22:03+08:00 ] ::1 /capcc0624/index.php/Home/city.php
INFO: [ app_init ] --START--
INFO: Run Behavior\BuildLiteBehavior [ RunTime:0.000020s ]
INFO: [ app_init ] --END-- [ RunTime:0.000597s ]
ERR: 无法加载控制器:City.php

[ 2015-07-02T11:22:03+08:00 ] ::1 /capcc0624/index.php/Home/__PUBLIC__/Home/Images/bracket.jpg
INFO: [ app_init ] --START--
INFO: Run Behavior\BuildLiteBehavior [ RunTime:0.000020s ]
INFO: [ app_init ] --END-- [ RunTime:0.000674s ]

[ 2015-07-02T11:24:47+08:00 ] ::1 /capcc0624/index.php/Home/city.php
INFO: [ app_init ] --START--
INFO: Run Behavior\BuildLiteBehavior [ RunTime:0.000034s ]
INFO: [ app_init ] --END-- [ RunTime:0.001002s ]
ERR: 无法加载控制器:City.php

[ 2015-07-02T11:25:33+08:00 ] ::1 /capcc0624/index.php/Home/city.php
INFO: [ app_init ] --START--
INFO: Run Behavior\BuildLiteBehavior [ RunTime:0.000038s ]
INFO: [ app_init ] --END-- [ RunTime:0.000895s ]
ERR: 无法加载控制器:City.php

[ 2015-07-02T11:26:41+08:00 ] ::1 /capcc0624/index.php/Home/__PUBLIC__/Home/Images/bracket.jpg
INFO: [ app_init ] --START--
INFO: Run Behavior\BuildLiteBehavior [ RunTime:0.000034s ]
INFO: [ app_init ] --END-- [ RunTime:0.000964s ]

[ 2015-07-02T11:26:41+08:00 ] ::1 /capcc0624/index.php/Home/__PUBLIC__/Home/Images/bracket.jpg
INFO: [ app_init ] --START--
INFO: Run Behavior\BuildLiteBehavior [ RunTime:0.000027s ]
INFO: [ app_init ] --END-- [ RunTime:0.000773s ]

[ 2015-07-02T11:26:41+08:00 ] ::1 /capcc0624/index.php/Home/inscription.php
INFO: [ app_init ] --START--
INFO: Run Behavior\BuildLiteBehavior [ RunTime:0.000030s ]
INFO: [ app_init ] --END-- [ RunTime:0.000588s ]
ERR: 无法加载控制器:Inscription.php

[ 2015-07-02T11:26:46+08:00 ] ::1 /capcc0624/index.php/Home/__PUBLIC__/Home/Images/bracket.jpg
INFO: [ app_init ] --START--
INFO: Run Behavior\BuildLiteBehavior [ RunTime:0.000061s ]
INFO: [ app_init ] --END-- [ RunTime:0.001284s ]

[ 2015-07-02T11:26:46+08:00 ] ::1 /capcc0624/index.php/Home/News
INFO: [ app_init ] --START--
INFO: Run Behavior\BuildLiteBehavior [ RunTime:0.000020s ]
INFO: [ app_init ] --END-- [ RunTime:0.000503s ]

[ 2015-07-02T11:26:47+08:00 ] ::1 /capcc0624/index.php/Home/images/footer-bg2.png
INFO: [ app_init ] --START--
INFO: Run Behavior\BuildLiteBehavior [ RunTime:0.000021s ]
INFO: [ app_init ] --END-- [ RunTime:0.000806s ]

[ 2015-07-02T11:26:49+08:00 ] ::1 /capcc0624/index.php/Home/__PUBLIC__/Home/Images/bracket.jpg
INFO: [ app_init ] --START--
INFO: Run Behavior\BuildLiteBehavior [ RunTime:0.000037s ]
INFO: [ app_init ] --END-- [ RunTime:0.000870s ]

[ 2015-07-02T11:26:50+08:00 ] ::1 /capcc0624/index.php/Home/__PUBLIC__/Home/Images/bracket.jpg
INFO: [ app_init ] --START--
INFO: Run Behavior\BuildLiteBehavior [ RunTime:0.000035s ]
INFO: [ app_init ] --END-- [ RunTime:0.001062s ]

[ 2015-07-02T11:26:50+08:00 ] ::1 /capcc0624/index.php/Home/Index
INFO: [ app_init ] --START--
INFO: Run Behavior\BuildLiteBehavior [ RunTime:0.000019s ]
INFO: [ app_init ] --END-- [ RunTime:0.000558s ]

[ 2015-07-02T11:26:51+08:00 ] ::1 /capcc0624/index.php/Home/__PUBLIC__/Home/Images/bracket.jpg
INFO: [ app_init ] --START--
INFO: Run Behavior\BuildLiteBehavior [ RunTime:0.000020s ]
INFO: [ app_init ] --END-- [ RunTime:0.000637s ]

[ 2015-07-02T11:27:04+08:00 ] ::1 /capcc0624/index.php/Home/__PUBLIC__/Home/Images/bracket.jpg
INFO: [ app_init ] --START--
INFO: Run Behavior\BuildLiteBehavior [ RunTime:0.000043s ]
INFO: [ app_init ] --END-- [ RunTime:0.001414s ]

[ 2015-07-02T11:27:04+08:00 ] ::1 /capcc0624/index.php/Home/__PUBLIC__/Home/Images/bracket.jpg
INFO: [ app_init ] --START--
INFO: Run Behavior\BuildLiteBehavior [ RunTime:0.000041s ]
INFO: [ app_init ] --END-- [ RunTime:0.000954s ]

[ 2015-07-02T11:27:06+08:00 ] ::1 /capcc0624/index.php/Home/__PUBLIC__/Home/Images/bracket.jpg
INFO: [ app_init ] --START--
INFO: Run Behavior\BuildLiteBehavior [ RunTime:0.000030s ]
INFO: [ app_init ] --END-- [ RunTime:0.000634s ]

[ 2015-07-02T11:27:06+08:00 ] ::1 /capcc0624/index.php/Home/__PUBLIC__/Home/Images/bracket.jpg
INFO: [ app_init ] --START--
INFO: Run Behavior\BuildLiteBehavior [ RunTime:0.000048s ]
INFO: [ app_init ] --END-- [ RunTime:0.000971s ]

[ 2015-07-02T11:27:06+08:00 ] ::1 /capcc0624/index.php/Home/__PUBLIC__/Home/Images/bracket.jpg
INFO: [ app_init ] --START--
INFO: Run Behavior\BuildLiteBehavior [ RunTime:0.000020s ]
INFO: [ app_init ] --END-- [ RunTime:0.000649s ]

[ 2015-07-02T11:29:36+08:00 ] ::1 /capcc0624/index.php/Home/__PUBLIC__/Home/Images/bracket.jpg
INFO: [ app_init ] --START--
INFO: Run Behavior\BuildLiteBehavior [ RunTime:0.000030s ]
INFO: [ app_init ] --END-- [ RunTime:0.001293s ]

[ 2015-07-02T11:29:36+08:00 ] ::1 /capcc0624/index.php/Home/city.php
INFO: [ app_init ] --START--
INFO: Run Behavior\BuildLiteBehavior [ RunTime:0.000032s ]
INFO: [ app_init ] --END-- [ RunTime:0.000905s ]
ERR: 无法加载控制器:City.php

[ 2015-07-02T11:29:39+08:00 ] ::1 /capcc0624/index.php/Home/city.php
INFO: [ app_init ] --START--
INFO: Run Behavior\BuildLiteBehavior [ RunTime:0.000020s ]
INFO: [ app_init ] --END-- [ RunTime:0.000658s ]
ERR: 无法加载控制器:City.php

[ 2015-07-02T11:29:44+08:00 ] ::1 /capcc0624/index.php/Home/__PUBLIC__/Home/Images/bracket.jpg
INFO: [ app_init ] --START--
INFO: Run Behavior\BuildLiteBehavior [ RunTime:0.000019s ]
INFO: [ app_init ] --END-- [ RunTime:0.000521s ]

[ 2015-07-02T11:29:45+08:00 ] ::1 /capcc0624/index.php/Home/city.php
INFO: [ app_init ] --START--
INFO: Run Behavior\BuildLiteBehavior [ RunTime:0.000030s ]
INFO: [ app_init ] --END-- [ RunTime:0.000820s ]
ERR: 无法加载控制器:City.php

[ 2015-07-02T11:30:16+08:00 ] ::1 /capcc0624/index.php/Home/__PUBLIC__/Home/Images/bracket.jpg
INFO: [ app_init ] --START--
INFO: Run Behavior\BuildLiteBehavior [ RunTime:0.000033s ]
INFO: [ app_init ] --END-- [ RunTime:0.000977s ]

[ 2015-07-02T11:30:16+08:00 ] ::1 /capcc0624/index.php/Home/city.php
INFO: [ app_init ] --START--
INFO: Run Behavior\BuildLiteBehavior [ RunTime:0.000019s ]
INFO: [ app_init ] --END-- [ RunTime:0.000495s ]
ERR: 无法加载控制器:City.php

[ 2015-07-02T11:30:18+08:00 ] ::1 /capcc0624/index.php/Home/__PUBLIC__/Home/Images/bracket.jpg
INFO: [ app_init ] --START--
INFO: Run Behavior\BuildLiteBehavior [ RunTime:0.000019s ]
INFO: [ app_init ] --END-- [ RunTime:0.000507s ]

[ 2015-07-02T11:30:18+08:00 ] ::1 /capcc0624/index.php/Home/inscription.php
INFO: [ app_init ] --START--
INFO: Run Behavior\BuildLiteBehavior [ RunTime:0.000033s ]
INFO: [ app_init ] --END-- [ RunTime:0.000867s ]
ERR: 无法加载控制器:Inscription.php

[ 2015-07-02T11:30:22+08:00 ] ::1 /capcc0624/index.php/Home/__PUBLIC__/Home/Images/bracket.jpg
INFO: [ app_init ] --START--
INFO: Run Behavior\BuildLiteBehavior [ RunTime:0.000035s ]
INFO: [ app_init ] --END-- [ RunTime:0.001208s ]

[ 2015-07-02T11:30:22+08:00 ] ::1 /capcc0624/index.php/Home/culture.php
INFO: [ app_init ] --START--
INFO: Run Behavior\BuildLiteBehavior [ RunTime:0.000019s ]
INFO: [ app_init ] --END-- [ RunTime:0.000500s ]
ERR: 无法加载控制器:Culture.php

[ 2015-07-02T11:30:25+08:00 ] ::1 /capcc0624/index.php/Home/__PUBLIC__/Home/Images/bracket.jpg
INFO: [ app_init ] --START--
INFO: Run Behavior\BuildLiteBehavior [ RunTime:0.000028s ]
INFO: [ app_init ] --END-- [ RunTime:0.000794s ]

[ 2015-07-02T11:30:25+08:00 ] ::1 /capcc0624/index.php/Home/__PUBLIC__/Home/Images/bracket.jpg
INFO: [ app_init ] --START--
INFO: Run Behavior\BuildLiteBehavior [ RunTime:0.000019s ]
INFO: [ app_init ] --END-- [ RunTime:0.000548s ]

[ 2015-07-02T11:30:25+08:00 ] ::1 /capcc0624/index.php/Home/News
INFO: [ app_init ] --START--
INFO: Run Behavior\BuildLiteBehavior [ RunTime:0.000057s ]
INFO: [ app_init ] --END-- [ RunTime:0.001060s ]

[ 2015-07-02T11:30:25+08:00 ] ::1 /capcc0624/index.php/Home/images/footer-bg2.png
INFO: [ app_init ] --START--
INFO: Run Behavior\BuildLiteBehavior [ RunTime:0.000045s ]
INFO: [ app_init ] --END-- [ RunTime:0.000839s ]

[ 2015-07-02T11:30:25+08:00 ] ::1 /capcc0624/index.php/Home/__PUBLIC__/Home/Images/bracket.jpg
INFO: [ app_init ] --START--
INFO: Run Behavior\BuildLiteBehavior [ RunTime:0.000034s ]
INFO: [ app_init ] --END-- [ RunTime:0.000921s ]

[ 2015-07-02T11:30:26+08:00 ] ::1 /capcc0624/index.php/Home/__PUBLIC__/Home/Images/bracket.jpg
INFO: [ app_init ] --START--
INFO: Run Behavior\BuildLiteBehavior [ RunTime:0.000034s ]
INFO: [ app_init ] --END-- [ RunTime:0.000933s ]

[ 2015-07-02T11:30:27+08:00 ] ::1 /capcc0624/index.php/Home/__PUBLIC__/Home/Images/bracket.jpg
INFO: [ app_init ] --START--
INFO: Run Behavior\BuildLiteBehavior [ RunTime:0.000036s ]
INFO: [ app_init ] --END-- [ RunTime:0.000881s ]

[ 2015-07-02T11:30:27+08:00 ] ::1 /capcc0624/index.php/Home/__PUBLIC__/Home/Images/bracket.jpg
INFO: [ app_init ] --START--
INFO: Run Behavior\BuildLiteBehavior [ RunTime:0.000029s ]
INFO: [ app_init ] --END-- [ RunTime:0.000838s ]

[ 2015-07-02T11:30:27+08:00 ] ::1 /capcc0624/index.php/Home/city.php
INFO: [ app_init ] --START--
INFO: Run Behavior\BuildLiteBehavior [ RunTime:0.000029s ]
INFO: [ app_init ] --END-- [ RunTime:0.000829s ]
ERR: 无法加载控制器:City.php

[ 2015-07-02T11:30:56+08:00 ] ::1 /capcc0624/index.php/Home/__PUBLIC__/Home/Images/bracket.jpg
INFO: [ app_init ] --START--
INFO: Run Behavior\BuildLiteBehavior [ RunTime:0.000029s ]
INFO: [ app_init ] --END-- [ RunTime:0.000596s ]

[ 2015-07-02T11:30:56+08:00 ] ::1 /capcc0624/index.php/Home/__PUBLIC__/Home/Images/bracket.jpg
INFO: [ app_init ] --START--
INFO: Run Behavior\BuildLiteBehavior [ RunTime:0.000030s ]
INFO: [ app_init ] --END-- [ RunTime:0.000564s ]

[ 2015-07-02T11:30:56+08:00 ] ::1 /capcc0624/index.php/Home/city.php
INFO: [ app_init ] --START--
INFO: Run Behavior\BuildLiteBehavior [ RunTime:0.000020s ]
INFO: [ app_init ] --END-- [ RunTime:0.000526s ]
ERR: 无法加载控制器:City.php

[ 2015-07-02T12:05:14+08:00 ] ::1 /capcc0624/index.php/Home/city.php
INFO: [ app_init ] --START--
INFO: Run Behavior\BuildLiteBehavior [ RunTime:0.000032s ]
INFO: [ app_init ] --END-- [ RunTime:0.000923s ]
ERR: 无法加载控制器:City.php

[ 2015-07-02T12:05:17+08:00 ] ::1 /capcc0624/index.php/Home/__PUBLIC__/Home/Images/bracket.jpg
INFO: [ app_init ] --START--
INFO: Run Behavior\BuildLiteBehavior [ RunTime:0.000031s ]
INFO: [ app_init ] --END-- [ RunTime:0.000860s ]

[ 2015-07-02T12:05:17+08:00 ] ::1 /capcc0624/index.php/Home/__PUBLIC__/Home/Images/bracket.jpg
INFO: [ app_init ] --START--
INFO: Run Behavior\BuildLiteBehavior [ RunTime:0.000020s ]
INFO: [ app_init ] --END-- [ RunTime:0.000638s ]

[ 2015-07-02T12:05:18+08:00 ] ::1 /capcc0624/index.php/Home/__PUBLIC__/Home/Images/bracket.jpg
INFO: [ app_init ] --START--
INFO: Run Behavior\BuildLiteBehavior [ RunTime:0.000023s ]
INFO: [ app_init ] --END-- [ RunTime:0.000694s ]

[ 2015-07-02T12:05:18+08:00 ] ::1 /capcc0624/index.php/Home/__PUBLIC__/Home/Images/bracket.jpg
INFO: [ app_init ] --START--
INFO: Run Behavior\BuildLiteBehavior [ RunTime:0.000041s ]
INFO: [ app_init ] --END-- [ RunTime:0.001293s ]

[ 2015-07-02T12:05:18+08:00 ] ::1 /capcc0624/index.php/Home/__PUBLIC__/Home/Images/bracket.jpg
INFO: [ app_init ] --START--
INFO: Run Behavior\BuildLiteBehavior [ RunTime:0.000021s ]
INFO: [ app_init ] --END-- [ RunTime:0.000577s ]

[ 2015-07-02T12:05:19+08:00 ] ::1 /capcc0624/index.php/Home/__PUBLIC__/Home/Images/bracket.jpg
INFO: [ app_init ] --START--
INFO: Run Behavior\BuildLiteBehavior [ RunTime:0.000033s ]
INFO: [ app_init ] --END-- [ RunTime:0.001134s ]

[ 2015-07-02T12:05:19+08:00 ] ::1 /capcc0624/index.php/Home/__PUBLIC__/Home/Images/bracket.jpg
INFO: [ app_init ] --START--
INFO: Run Behavior\BuildLiteBehavior [ RunTime:0.000040s ]
INFO: [ app_init ] --END-- [ RunTime:0.001114s ]

[ 2015-07-02T12:05:19+08:00 ] ::1 /capcc0624/index.php/Home/__PUBLIC__/Home/Images/bracket.jpg
INFO: [ app_init ] --START--
INFO: Run Behavior\BuildLiteBehavior [ RunTime:0.000019s ]
INFO: [ app_init ] --END-- [ RunTime:0.000594s ]

[ 2015-07-02T12:05:19+08:00 ] ::1 /capcc0624/index.php/Home/__PUBLIC__/Home/Images/bracket.jpg
INFO: [ app_init ] --START--
INFO: Run Behavior\BuildLiteBehavior [ RunTime:0.000019s ]
INFO: [ app_init ] --END-- [ RunTime:0.000634s ]

[ 2015-07-02T12:05:19+08:00 ] ::1 /capcc0624/index.php/Home/__PUBLIC__/Home/Images/bracket.jpg
INFO: [ app_init ] --START--
INFO: Run Behavior\BuildLiteBehavior [ RunTime:0.000054s ]
INFO: [ app_init ] --END-- [ RunTime:0.000899s ]

[ 2015-07-02T12:05:19+08:00 ] ::1 /capcc0624/index.php/Home/__PUBLIC__/Home/Images/bracket.jpg
INFO: [ app_init ] --START--
INFO: Run Behavior\BuildLiteBehavior [ RunTime:0.000018s ]
INFO: [ app_init ] --END-- [ RunTime:0.000559s ]

[ 2015-07-02T12:05:20+08:00 ] ::1 /capcc0624/index.php/Home/__PUBLIC__/Home/Images/bracket.jpg
INFO: [ app_init ] --START--
INFO: Run Behavior\BuildLiteBehavior [ RunTime:0.000022s ]
INFO: [ app_init ] --END-- [ RunTime:0.000843s ]

[ 2015-07-02T12:05:20+08:00 ] ::1 /capcc0624/index.php/Home/__PUBLIC__/Home/Images/bracket.jpg
INFO: [ app_init ] --START--
INFO: Run Behavior\BuildLiteBehavior [ RunTime:0.000037s ]
INFO: [ app_init ] --END-- [ RunTime:0.001124s ]

[ 2015-07-02T12:05:20+08:00 ] ::1 /capcc0624/index.php/Home/__PUBLIC__/Home/Images/bracket.jpg
INFO: [ app_init ] --START--
INFO: Run Behavior\BuildLiteBehavior [ RunTime:0.000019s ]
INFO: [ app_init ] --END-- [ RunTime:0.000568s ]

[ 2015-07-02T12:05:20+08:00 ] ::1 /capcc0624/index.php/Home/__PUBLIC__/Home/Images/bracket.jpg
INFO: [ app_init ] --START--
INFO: Run Behavior\BuildLiteBehavior [ RunTime:0.000027s ]
INFO: [ app_init ] --END-- [ RunTime:0.000600s ]

[ 2015-07-02T12:05:20+08:00 ] ::1 /capcc0624/index.php/Home/__PUBLIC__/Home/Images/bracket.jpg
INFO: [ app_init ] --START--
INFO: Run Behavior\BuildLiteBehavior [ RunTime:0.000318s ]
INFO: [ app_init ] --END-- [ RunTime:0.001767s ]

[ 2015-07-02T12:05:20+08:00 ] ::1 /capcc0624/index.php/Home/__PUBLIC__/Home/Images/bracket.jpg
INFO: [ app_init ] --START--
INFO: Run Behavior\BuildLiteBehavior [ RunTime:0.000018s ]
INFO: [ app_init ] --END-- [ RunTime:0.000525s ]

[ 2015-07-02T12:05:20+08:00 ] ::1 /capcc0624/index.php/Home/__PUBLIC__/Home/Images/bracket.jpg
INFO: [ app_init ] --START--
INFO: Run Behavior\BuildLiteBehavior [ RunTime:0.000022s ]
INFO: [ app_init ] --END-- [ RunTime:0.000710s ]

[ 2015-07-02T12:05:20+08:00 ] ::1 /capcc0624/index.php/Home/__PUBLIC__/Home/Images/bracket.jpg
INFO: [ app_init ] --START--
INFO: Run Behavior\BuildLiteBehavior [ RunTime:0.000020s ]
INFO: [ app_init ] --END-- [ RunTime:0.000662s ]

[ 2015-07-02T12:05:21+08:00 ] ::1 /capcc0624/index.php/Home/__PUBLIC__/Home/Images/bracket.jpg
INFO: [ app_init ] --START--
INFO: Run Behavior\BuildLiteBehavior [ RunTime:0.000019s ]
INFO: [ app_init ] --END-- [ RunTime:0.000600s ]

[ 2015-07-02T12:05:21+08:00 ] ::1 /capcc0624/index.php/Home/__PUBLIC__/Home/Images/bracket.jpg
INFO: [ app_init ] --START--
INFO: Run Behavior\BuildLiteBehavior [ RunTime:0.000018s ]
INFO: [ app_init ] --END-- [ RunTime:0.000628s ]

[ 2015-07-02T12:05:21+08:00 ] ::1 /capcc0624/index.php/Home/__PUBLIC__/Home/Images/bracket.jpg
INFO: [ app_init ] --START--
INFO: Run Behavior\BuildLiteBehavior [ RunTime:0.000020s ]
INFO: [ app_init ] --END-- [ RunTime:0.000633s ]

[ 2015-07-02T12:05:21+08:00 ] ::1 /capcc0624/index.php/Home/__PUBLIC__/Home/Images/bracket.jpg
INFO: [ app_init ] --START--
INFO: Run Behavior\BuildLiteBehavior [ RunTime:0.000019s ]
INFO: [ app_init ] --END-- [ RunTime:0.000635s ]

[ 2015-07-02T12:05:21+08:00 ] ::1 /capcc0624/index.php/Home/__PUBLIC__/Home/Images/bracket.jpg
INFO: [ app_init ] --START--
INFO: Run Behavior\BuildLiteBehavior [ RunTime:0.000018s ]
INFO: [ app_init ] --END-- [ RunTime:0.000610s ]

[ 2015-07-02T12:05:21+08:00 ] ::1 /capcc0624/index.php/Home/__PUBLIC__/Home/Images/bracket.jpg
INFO: [ app_init ] --START--
INFO: Run Behavior\BuildLiteBehavior [ RunTime:0.000028s ]
INFO: [ app_init ] --END-- [ RunTime:0.000686s ]

[ 2015-07-02T12:05:21+08:00 ] ::1 /capcc0624/index.php/Home/__PUBLIC__/Home/Images/bracket.jpg
INFO: [ app_init ] --START--
INFO: Run Behavior\BuildLiteBehavior [ RunTime:0.000031s ]
INFO: [ app_init ] --END-- [ RunTime:0.000722s ]

[ 2015-07-02T12:05:21+08:00 ] ::1 /capcc0624/index.php/Home/__PUBLIC__/Home/Images/bracket.jpg
INFO: [ app_init ] --START--
INFO: Run Behavior\BuildLiteBehavior [ RunTime:0.000027s ]
INFO: [ app_init ] --END-- [ RunTime:0.000644s ]

[ 2015-07-02T12:05:22+08:00 ] ::1 /capcc0624/index.php/Home/__PUBLIC__/Home/Images/bracket.jpg
INFO: [ app_init ] --START--
INFO: Run Behavior\BuildLiteBehavior [ RunTime:0.000018s ]
INFO: [ app_init ] --END-- [ RunTime:0.000579s ]

[ 2015-07-02T12:05:22+08:00 ] ::1 /capcc0624/index.php/Home/__PUBLIC__/Home/Images/bracket.jpg
INFO: [ app_init ] --START--
INFO: Run Behavior\BuildLiteBehavior [ RunTime:0.000026s ]
INFO: [ app_init ] --END-- [ RunTime:0.000718s ]

[ 2015-07-02T12:05:23+08:00 ] ::1 /capcc0624/index.php/Home/__PUBLIC__/Home/Images/bracket.jpg
INFO: [ app_init ] --START--
INFO: Run Behavior\BuildLiteBehavior [ RunTime:0.000024s ]
INFO: [ app_init ] --END-- [ RunTime:0.000802s ]

[ 2015-07-02T12:16:13+08:00 ] ::1 /capcc0624/index.php/Home/city.php
INFO: [ app_init ] --START--
INFO: Run Behavior\BuildLiteBehavior [ RunTime:0.000021s ]
INFO: [ app_init ] --END-- [ RunTime:0.000838s ]
ERR: 无法加载控制器:City.php

[ 2015-07-02T12:16:17+08:00 ] ::1 /capcc0624/index.php/Home/__PUBLIC__/Home/Images/bracket.jpg
INFO: [ app_init ] --START--
INFO: Run Behavior\BuildLiteBehavior [ RunTime:0.000031s ]
INFO: [ app_init ] --END-- [ RunTime:0.000917s ]

[ 2015-07-02T12:16:17+08:00 ] ::1 /capcc0624/index.php/Home/city.php
INFO: [ app_init ] --START--
INFO: Run Behavior\BuildLiteBehavior [ RunTime:0.000021s ]
INFO: [ app_init ] --END-- [ RunTime:0.000577s ]
ERR: 无法加载控制器:City.php

[ 2015-07-02T12:16:41+08:00 ] ::1 /capcc0624/index.php/Home/__PUBLIC__/Home/Images/bracket.jpg
INFO: [ app_init ] --START--
INFO: Run Behavior\BuildLiteBehavior [ RunTime:0.000249s ]
INFO: [ app_init ] --END-- [ RunTime:0.001789s ]

[ 2015-07-02T12:16:41+08:00 ] ::1 /capcc0624/index.php/Home/__PUBLIC__/Home/Images/bracket.jpg
INFO: [ app_init ] --START--
INFO: Run Behavior\BuildLiteBehavior [ RunTime:0.000020s ]
INFO: [ app_init ] --END-- [ RunTime:0.000495s ]

[ 2015-07-02T12:16:41+08:00 ] ::1 /capcc0624/index.php/Home/__PUBLIC__/Home/Images/bracket.jpg
INFO: [ app_init ] --START--
INFO: Run Behavior\BuildLiteBehavior [ RunTime:0.000033s ]
INFO: [ app_init ] --END-- [ RunTime:0.000858s ]

[ 2015-07-02T12:16:42+08:00 ] ::1 /capcc0624/index.php/Home/News
INFO: [ app_init ] --START--
INFO: Run Behavior\BuildLiteBehavior [ RunTime:0.000019s ]
INFO: [ app_init ] --END-- [ RunTime:0.000529s ]

[ 2015-07-02T12:16:42+08:00 ] ::1 /capcc0624/index.php/Home/__PUBLIC__/Home/Images/bracket.jpg
INFO: [ app_init ] --START--
INFO: Run Behavior\BuildLiteBehavior [ RunTime:0.000031s ]
INFO: [ app_init ] --END-- [ RunTime:0.003183s ]

[ 2015-07-02T12:16:42+08:00 ] ::1 /capcc0624/index.php/Home/images/footer-bg2.png
INFO: [ app_init ] --START--
INFO: Run Behavior\BuildLiteBehavior [ RunTime:0.000026s ]
INFO: [ app_init ] --END-- [ RunTime:0.000706s ]

[ 2015-07-02T12:23:12+08:00 ] ::1 /capcc0624/index.php/Home/__PUBLIC__/Home/Images/bracket.jpg
INFO: [ app_init ] --START--
INFO: Run Behavior\BuildLiteBehavior [ RunTime:0.000034s ]
INFO: [ app_init ] --END-- [ RunTime:0.006317s ]

[ 2015-07-02T12:23:12+08:00 ] ::1 /capcc0624/index.php/Home/__PUBLIC__/Home/Images/bracket.jpg
INFO: [ app_init ] --START--
INFO: Run Behavior\BuildLiteBehavior [ RunTime:0.000033s ]
INFO: [ app_init ] --END-- [ RunTime:0.000955s ]

[ 2015-07-02T12:23:13+08:00 ] ::1 /capcc0624/index.php/Home/Inscription
INFO: [ app_init ] --START--
INFO: Run Behavior\BuildLiteBehavior [ RunTime:0.000034s ]
INFO: [ app_init ] --END-- [ RunTime:0.000800s ]
ERR: 无法加载控制器:Inscription

[ 2015-07-02T12:23:18+08:00 ] ::1 /capcc0624/index.php/Home/__PUBLIC__/Home/Images/bracket.jpg
INFO: [ app_init ] --START--
INFO: Run Behavior\BuildLiteBehavior [ RunTime:0.000038s ]
INFO: [ app_init ] --END-- [ RunTime:0.002101s ]

[ 2015-07-02T12:23:18+08:00 ] ::1 /capcc0624/index.php/Home/__PUBLIC__/Home/Images/bracket.jpg
INFO: [ app_init ] --START--
INFO: Run Behavior\BuildLiteBehavior [ RunTime:0.000031s ]
INFO: [ app_init ] --END-- [ RunTime:0.000892s ]

[ 2015-07-02T12:23:19+08:00 ] ::1 /capcc0624/index.php/Home/__PUBLIC__/Home/Images/bracket.jpg
INFO: [ app_init ] --START--
INFO: Run Behavior\BuildLiteBehavior [ RunTime:0.000031s ]
INFO: [ app_init ] --END-- [ RunTime:0.000891s ]

[ 2015-07-02T12:23:20+08:00 ] ::1 /capcc0624/index.php/Home/__PUBLIC__/Home/Images/bracket.jpg
INFO: [ app_init ] --START--
INFO: Run Behavior\BuildLiteBehavior [ RunTime:0.000033s ]
INFO: [ app_init ] --END-- [ RunTime:0.000964s ]

[ 2015-07-02T12:23:20+08:00 ] ::1 /capcc0624/index.php/Home/City
INFO: [ app_init ] --START--
INFO: Run Behavior\BuildLiteBehavior [ RunTime:0.000029s ]
INFO: [ app_init ] --END-- [ RunTime:0.000820s ]

[ 2015-07-02T12:23:21+08:00 ] ::1 /capcc0624/index.php/Home/__PUBLIC__/Home/Images/bracket.jpg
INFO: [ app_init ] --START--
INFO: Run Behavior\BuildLiteBehavior [ RunTime:0.000041s ]
INFO: [ app_init ] --END-- [ RunTime:0.001044s ]

[ 2015-07-02T12:23:21+08:00 ] ::1 /capcc0624/index.php/Home/__PUBLIC__/Home/Images/bracket.jpg
INFO: [ app_init ] --START--
INFO: Run Behavior\BuildLiteBehavior [ RunTime:0.000035s ]
INFO: [ app_init ] --END-- [ RunTime:0.001102s ]

[ 2015-07-02T12:23:22+08:00 ] ::1 /capcc0624/index.php/Home/__PUBLIC__/Home/Images/bracket.jpg
INFO: [ app_init ] --START--
INFO: Run Behavior\BuildLiteBehavior [ RunTime:0.000020s ]
INFO: [ app_init ] --END-- [ RunTime:0.000515s ]

[ 2015-07-02T12:25:50+08:00 ] ::1 /capcc0624/index.php/Home/__PUBLIC__/Home/Images/bracket.jpg
INFO: [ app_init ] --START--
INFO: Run Behavior\BuildLiteBehavior [ RunTime:0.000032s ]
INFO: [ app_init ] --END-- [ RunTime:0.003206s ]

[ 2015-07-02T12:25:50+08:00 ] ::1 /capcc0624/index.php/Home/__PUBLIC__/Home/Images/bracket.jpg
INFO: [ app_init ] --START--
INFO: Run Behavior\BuildLiteBehavior [ RunTime:0.000035s ]
INFO: [ app_init ] --END-- [ RunTime:0.001106s ]

[ 2015-07-02T12:25:51+08:00 ] ::1 /capcc0624/index.php/Home/__PUBLIC__/Home/Images/bracket.jpg
INFO: [ app_init ] --START--
INFO: Run Behavior\BuildLiteBehavior [ RunTime:0.000028s ]
INFO: [ app_init ] --END-- [ RunTime:0.000773s ]

[ 2015-07-02T12:25:53+08:00 ] ::1 /capcc0624/index.php/Home/__PUBLIC__/Home/Images/bracket.jpg
INFO: [ app_init ] --START--
INFO: Run Behavior\BuildLiteBehavior [ RunTime:0.000082s ]
INFO: [ app_init ] --END-- [ RunTime:0.000922s ]

[ 2015-07-02T12:25:53+08:00 ] ::1 /capcc0624/index.php/Home/City
INFO: [ app_init ] --START--
INFO: Run Behavior\BuildLiteBehavior [ RunTime:0.000037s ]
INFO: [ app_init ] --END-- [ RunTime:0.000982s ]

[ 2015-07-02T12:25:54+08:00 ] ::1 /capcc0624/index.php/Home/__PUBLIC__/Home/Images/bracket.jpg
INFO: [ app_init ] --START--
INFO: Run Behavior\BuildLiteBehavior [ RunTime:0.000032s ]
INFO: [ app_init ] --END-- [ RunTime:0.000856s ]

[ 2015-07-02T12:25:54+08:00 ] ::1 /capcc0624/index.php/Home/__PUBLIC__/Home/Images/bracket.jpg
INFO: [ app_init ] --START--
INFO: Run Behavior\BuildLiteBehavior [ RunTime:0.000073s ]
INFO: [ app_init ] --END-- [ RunTime:0.000911s ]

[ 2015-07-02T12:26:19+08:00 ] ::1 /capcc0624/index.php/Home/City
INFO: [ app_init ] --START--
INFO: Run Behavior\BuildLiteBehavior [ RunTime:0.000027s ]
INFO: [ app_init ] --END-- [ RunTime:0.001468s ]

[ 2015-07-02T12:49:32+08:00 ] ::1 /capcc0624/index.php/Home/City
INFO: [ app_init ] --START--
INFO: Run Behavior\BuildLiteBehavior [ RunTime:0.000028s ]
INFO: [ app_init ] --END-- [ RunTime:0.000920s ]

[ 2015-07-02T12:49:32+08:00 ] ::1 /capcc0624/index.php/Home/images/botton-left.png
INFO: [ app_init ] --START--
INFO: Run Behavior\BuildLiteBehavior [ RunTime:0.000029s ]
INFO: [ app_init ] --END-- [ RunTime:0.001794s ]

[ 2015-07-02T12:49:32+08:00 ] ::1 /capcc0624/index.php/Home/images/botton-right.png
INFO: [ app_init ] --START--
INFO: Run Behavior\BuildLiteBehavior [ RunTime:0.000032s ]
INFO: [ app_init ] --END-- [ RunTime:0.001075s ]

[ 2015-07-02T12:49:33+08:00 ] ::1 /capcc0624/index.php/Home/images/body_center_1bg.jpg
INFO: [ app_init ] --START--
INFO: Run Behavior\BuildLiteBehavior [ RunTime:0.000027s ]
INFO: [ app_init ] --END-- [ RunTime:0.001056s ]

[ 2015-07-02T12:49:33+08:00 ] ::1 /capcc0624/index.php/Home/images/botton-right.png
INFO: [ app_init ] --START--
INFO: Run Behavior\BuildLiteBehavior [ RunTime:0.000041s ]
INFO: [ app_init ] --END-- [ RunTime:0.001122s ]

[ 2015-07-02T12:49:33+08:00 ] ::1 /capcc0624/index.php/Home/images/botton-left.png
INFO: [ app_init ] --START--
INFO: Run Behavior\BuildLiteBehavior [ RunTime:0.000033s ]
INFO: [ app_init ] --END-- [ RunTime:0.000967s ]

[ 2015-07-02T12:49:33+08:00 ] ::1 /capcc0624/index.php/Home/images/footer-bg2.png
INFO: [ app_init ] --START--
INFO: Run Behavior\BuildLiteBehavior [ RunTime:0.000033s ]
INFO: [ app_init ] --END-- [ RunTime:0.004706s ]

[ 2015-07-02T12:49:40+08:00 ] ::1 /capcc0624/index.php/Home/__PUBLIC__/Home/Images/bracket.jpg
INFO: [ app_init ] --START--
INFO: Run Behavior\BuildLiteBehavior [ RunTime:0.000034s ]
INFO: [ app_init ] --END-- [ RunTime:0.000930s ]

[ 2015-07-02T12:49:41+08:00 ] ::1 /capcc0624/index.php/Home/__PUBLIC__/Home/Images/bracket.jpg
INFO: [ app_init ] --START--
INFO: Run Behavior\BuildLiteBehavior [ RunTime:0.000026s ]
INFO: [ app_init ] --END-- [ RunTime:0.000710s ]

[ 2015-07-02T12:49:41+08:00 ] ::1 /capcc0624/index.php/Home/__PUBLIC__/Home/Images/bracket.jpg
INFO: [ app_init ] --START--
INFO: Run Behavior\BuildLiteBehavior [ RunTime:0.000033s ]
INFO: [ app_init ] --END-- [ RunTime:0.000935s ]

[ 2015-07-02T12:49:41+08:00 ] ::1 /capcc0624/index.php/Home/__PUBLIC__/Home/Images/bracket.jpg
INFO: [ app_init ] --START--
INFO: Run Behavior\BuildLiteBehavior [ RunTime:0.000029s ]
INFO: [ app_init ] --END-- [ RunTime:0.000979s ]

[ 2015-07-02T12:49:41+08:00 ] ::1 /capcc0624/index.php/Home/__PUBLIC__/Home/Images/bracket.jpg
INFO: [ app_init ] --START--
INFO: Run Behavior\BuildLiteBehavior [ RunTime:0.000031s ]
INFO: [ app_init ] --END-- [ RunTime:0.001029s ]

[ 2015-07-02T12:50:23+08:00 ] ::1 /capcc0624/index.php/Home/City
INFO: [ app_init ] --START--
INFO: Run Behavior\BuildLiteBehavior [ RunTime:0.000044s ]
INFO: [ app_init ] --END-- [ RunTime:0.001496s ]

[ 2015-07-02T12:50:24+08:00 ] ::1 /capcc0624/index.php/Home/images/botton-left.png
INFO: [ app_init ] --START--
INFO: Run Behavior\BuildLiteBehavior [ RunTime:0.000033s ]
INFO: [ app_init ] --END-- [ RunTime:0.000770s ]

[ 2015-07-02T12:50:24+08:00 ] ::1 /capcc0624/index.php/Home/images/botton-right.png
INFO: [ app_init ] --START--
INFO: Run Behavior\BuildLiteBehavior [ RunTime:0.000037s ]
INFO: [ app_init ] --END-- [ RunTime:0.001002s ]

[ 2015-07-02T12:50:24+08:00 ] ::1 /capcc0624/index.php/Home/images/body_center_1bg.jpg
INFO: [ app_init ] --START--
INFO: Run Behavior\BuildLiteBehavior [ RunTime:0.000034s ]
INFO: [ app_init ] --END-- [ RunTime:0.001048s ]

[ 2015-07-02T12:50:24+08:00 ] ::1 /capcc0624/index.php/Home/images/footer-bg2.png
INFO: [ app_init ] --START--
INFO: Run Behavior\BuildLiteBehavior [ RunTime:0.000041s ]
INFO: [ app_init ] --END-- [ RunTime:0.001093s ]

[ 2015-07-02T12:50:24+08:00 ] ::1 /capcc0624/index.php/Home/images/botton-left.png
INFO: [ app_init ] --START--
INFO: Run Behavior\BuildLiteBehavior [ RunTime:0.000027s ]
INFO: [ app_init ] --END-- [ RunTime:0.000814s ]

[ 2015-07-02T12:50:24+08:00 ] ::1 /capcc0624/index.php/Home/images/botton-right.png
INFO: [ app_init ] --START--
INFO: Run Behavior\BuildLiteBehavior [ RunTime:0.000022s ]
INFO: [ app_init ] --END-- [ RunTime:0.000732s ]

[ 2015-07-02T12:50:49+08:00 ] ::1 /capcc0624/index.php/Home/City
INFO: [ app_init ] --START--
INFO: Run Behavior\BuildLiteBehavior [ RunTime:0.000034s ]
INFO: [ app_init ] --END-- [ RunTime:0.001084s ]

[ 2015-07-02T12:50:50+08:00 ] ::1 /capcc0624/index.php/Home/images/botton-left.png
INFO: [ app_init ] --START--
INFO: Run Behavior\BuildLiteBehavior [ RunTime:0.000048s ]
INFO: [ app_init ] --END-- [ RunTime:0.001472s ]

[ 2015-07-02T12:50:50+08:00 ] ::1 /capcc0624/index.php/Home/images/botton-right.png
INFO: [ app_init ] --START--
INFO: Run Behavior\BuildLiteBehavior [ RunTime:0.000061s ]
INFO: [ app_init ] --END-- [ RunTime:0.002344s ]

[ 2015-07-02T12:50:50+08:00 ] ::1 /capcc0624/index.php/Home/images/body_center_1bg.jpg
INFO: [ app_init ] --START--
INFO: Run Behavior\BuildLiteBehavior [ RunTime:0.000046s ]
INFO: [ app_init ] --END-- [ RunTime:0.001398s ]

[ 2015-07-02T12:50:50+08:00 ] ::1 /capcc0624/index.php/Home/images/botton-left.png
INFO: [ app_init ] --START--
INFO: Run Behavior\BuildLiteBehavior [ RunTime:0.000149s ]
INFO: [ app_init ] --END-- [ RunTime:0.003379s ]

[ 2015-07-02T12:50:50+08:00 ] ::1 /capcc0624/index.php/Home/images/botton-right.png
INFO: [ app_init ] --START--
INFO: Run Behavior\BuildLiteBehavior [ RunTime:0.000027s ]
INFO: [ app_init ] --END-- [ RunTime:0.000788s ]

[ 2015-07-02T12:50:50+08:00 ] ::1 /capcc0624/index.php/Home/images/footer-bg2.png
INFO: [ app_init ] --START--
INFO: Run Behavior\BuildLiteBehavior [ RunTime:0.000060s ]
INFO: [ app_init ] --END-- [ RunTime:0.001258s ]

[ 2015-07-02T12:50:50+08:00 ] ::1 /capcc0624/index.php/Home/images/botton-left.png
INFO: [ app_init ] --START--
INFO: Run Behavior\BuildLiteBehavior [ RunTime:0.000034s ]
INFO: [ app_init ] --END-- [ RunTime:0.001074s ]

[ 2015-07-02T12:51:26+08:00 ] ::1 /capcc0624/index.php/Home/City
INFO: [ app_init ] --START--
INFO: Run Behavior\BuildLiteBehavior [ RunTime:0.000048s ]
INFO: [ app_init ] --END-- [ RunTime:0.001026s ]

[ 2015-07-02T12:51:27+08:00 ] ::1 /capcc0624/index.php/Home/images/botton-right.png
INFO: [ app_init ] --START--
INFO: Run Behavior\BuildLiteBehavior [ RunTime:0.000034s ]
INFO: [ app_init ] --END-- [ RunTime:0.001780s ]

[ 2015-07-02T12:51:27+08:00 ] ::1 /capcc0624/index.php/Home/images/botton-left.png
INFO: [ app_init ] --START--
INFO: Run Behavior\BuildLiteBehavior [ RunTime:0.000045s ]
INFO: [ app_init ] --END-- [ RunTime:0.041432s ]

[ 2015-07-02T12:51:27+08:00 ] ::1 /capcc0624/index.php/Home/images/body_center_1bg.jpg
INFO: [ app_init ] --START--
INFO: Run Behavior\BuildLiteBehavior [ RunTime:0.000028s ]
INFO: [ app_init ] --END-- [ RunTime:0.000905s ]

[ 2015-07-02T12:51:27+08:00 ] ::1 /capcc0624/index.php/Home/images/footer-bg2.png
INFO: [ app_init ] --START--
INFO: Run Behavior\BuildLiteBehavior [ RunTime:0.000046s ]
INFO: [ app_init ] --END-- [ RunTime:0.001591s ]

[ 2015-07-02T12:51:27+08:00 ] ::1 /capcc0624/index.php/Home/images/botton-right.png
INFO: [ app_init ] --START--
INFO: Run Behavior\BuildLiteBehavior [ RunTime:0.000041s ]
INFO: [ app_init ] --END-- [ RunTime:0.002612s ]

[ 2015-07-02T12:51:27+08:00 ] ::1 /capcc0624/index.php/Home/images/botton-left.png
INFO: [ app_init ] --START--
INFO: Run Behavior\BuildLiteBehavior [ RunTime:0.000031s ]
INFO: [ app_init ] --END-- [ RunTime:0.000866s ]

[ 2015-07-02T12:51:27+08:00 ] ::1 /capcc0624/index.php/Home/images/botton-right.png
INFO: [ app_init ] --START--
INFO: Run Behavior\BuildLiteBehavior [ RunTime:0.000038s ]
INFO: [ app_init ] --END-- [ RunTime:0.001013s ]

[ 2015-07-02T12:52:10+08:00 ] ::1 /capcc0624/index.php/Home/City
INFO: [ app_init ] --START--
INFO: Run Behavior\BuildLiteBehavior [ RunTime:0.000029s ]
INFO: [ app_init ] --END-- [ RunTime:0.000868s ]

[ 2015-07-02T12:52:10+08:00 ] ::1 /capcc0624/index.php/Home/images/botton-left.png
INFO: [ app_init ] --START--
INFO: Run Behavior\BuildLiteBehavior [ RunTime:0.000079s ]
INFO: [ app_init ] --END-- [ RunTime:0.001534s ]

[ 2015-07-02T12:52:10+08:00 ] ::1 /capcc0624/index.php/Home/images/botton-right.png
INFO: [ app_init ] --START--
INFO: Run Behavior\BuildLiteBehavior [ RunTime:0.000037s ]
INFO: [ app_init ] --END-- [ RunTime:0.003198s ]

[ 2015-07-02T12:52:11+08:00 ] ::1 /capcc0624/index.php/Home/images/body_center_1bg.jpg
INFO: [ app_init ] --START--
INFO: Run Behavior\BuildLiteBehavior [ RunTime:0.000043s ]
INFO: [ app_init ] --END-- [ RunTime:0.000943s ]

[ 2015-07-02T12:52:11+08:00 ] ::1 /capcc0624/index.php/Home/images/botton-right.png
INFO: [ app_init ] --START--
INFO: Run Behavior\BuildLiteBehavior [ RunTime:0.000100s ]
INFO: [ app_init ] --END-- [ RunTime:0.001911s ]

[ 2015-07-02T12:52:11+08:00 ] ::1 /capcc0624/index.php/Home/images/botton-left.png
INFO: [ app_init ] --START--
INFO: Run Behavior\BuildLiteBehavior [ RunTime:0.000056s ]
INFO: [ app_init ] --END-- [ RunTime:0.001437s ]

[ 2015-07-02T12:52:22+08:00 ] ::1 /capcc0624/index.php/Home/City
INFO: [ app_init ] --START--
INFO: Run Behavior\BuildLiteBehavior [ RunTime:0.000057s ]
INFO: [ app_init ] --END-- [ RunTime:0.002969s ]

[ 2015-07-02T12:52:23+08:00 ] ::1 /capcc0624/index.php/Home/images/botton-left.png
INFO: [ app_init ] --START--
INFO: Run Behavior\BuildLiteBehavior [ RunTime:0.000029s ]
INFO: [ app_init ] --END-- [ RunTime:0.000797s ]

[ 2015-07-02T12:52:23+08:00 ] ::1 /capcc0624/index.php/Home/images/botton-right.png
INFO: [ app_init ] --START--
INFO: Run Behavior\BuildLiteBehavior [ RunTime:0.000031s ]
INFO: [ app_init ] --END-- [ RunTime:0.000928s ]

[ 2015-07-02T12:52:24+08:00 ] ::1 /capcc0624/index.php/Home/images/botton-left.png
INFO: [ app_init ] --START--
INFO: Run Behavior\BuildLiteBehavior [ RunTime:0.000027s ]
INFO: [ app_init ] --END-- [ RunTime:0.000690s ]

[ 2015-07-02T12:52:24+08:00 ] ::1 /capcc0624/index.php/Home/images/body_center_1bg.jpg
INFO: [ app_init ] --START--
INFO: Run Behavior\BuildLiteBehavior [ RunTime:0.000030s ]
INFO: [ app_init ] --END-- [ RunTime:0.000857s ]

[ 2015-07-02T12:52:24+08:00 ] ::1 /capcc0624/index.php/Home/images/footer-bg2.png
INFO: [ app_init ] --START--
INFO: Run Behavior\BuildLiteBehavior [ RunTime:0.000029s ]
INFO: [ app_init ] --END-- [ RunTime:0.000957s ]

[ 2015-07-02T12:52:24+08:00 ] ::1 /capcc0624/index.php/Home/images/botton-right.png
INFO: [ app_init ] --START--
INFO: Run Behavior\BuildLiteBehavior [ RunTime:0.000042s ]
INFO: [ app_init ] --END-- [ RunTime:0.001238s ]

[ 2015-07-02T12:52:24+08:00 ] ::1 /capcc0624/index.php/Home/images/botton-left.png
INFO: [ app_init ] --START--
INFO: Run Behavior\BuildLiteBehavior [ RunTime:0.000031s ]
INFO: [ app_init ] --END-- [ RunTime:0.000914s ]

[ 2015-07-02T12:52:24+08:00 ] ::1 /capcc0624/index.php/Home/images/botton-right.png
INFO: [ app_init ] --START--
INFO: Run Behavior\BuildLiteBehavior [ RunTime:0.000035s ]
INFO: [ app_init ] --END-- [ RunTime:0.001128s ]

[ 2015-07-02T12:58:05+08:00 ] ::1 /capcc0624/index.php/Home/__PUBLIC__/Home/Images/bracket.jpg
INFO: [ app_init ] --START--
INFO: Run Behavior\BuildLiteBehavior [ RunTime:0.000052s ]
INFO: [ app_init ] --END-- [ RunTime:0.005315s ]

[ 2015-07-02T12:58:16+08:00 ] ::1 /capcc0624/index.php/Home/__PUBLIC__/Home/Images/bracket.jpg
INFO: [ app_init ] --START--
INFO: Run Behavior\BuildLiteBehavior [ RunTime:0.000052s ]
INFO: [ app_init ] --END-- [ RunTime:0.001100s ]

[ 2015-07-02T12:58:17+08:00 ] ::1 /capcc0624/index.php/Home/__PUBLIC__/Home/Images/bracket.jpg
INFO: [ app_init ] --START--
INFO: Run Behavior\BuildLiteBehavior [ RunTime:0.000044s ]
INFO: [ app_init ] --END-- [ RunTime:0.000838s ]

[ 2015-07-02T13:00:51+08:00 ] ::1 /capcc0624/index.php/Home/City
INFO: [ app_init ] --START--
INFO: Run Behavior\BuildLiteBehavior [ RunTime:0.000031s ]
INFO: [ app_init ] --END-- [ RunTime:0.000788s ]

[ 2015-07-02T13:00:51+08:00 ] ::1 /capcc0624/index.php/Home/images/botton-left.png
INFO: [ app_init ] --START--
INFO: Run Behavior\BuildLiteBehavior [ RunTime:0.000042s ]
INFO: [ app_init ] --END-- [ RunTime:0.000951s ]

[ 2015-07-02T13:00:51+08:00 ] ::1 /capcc0624/index.php/Home/images/botton-right.png
INFO: [ app_init ] --START--
INFO: Run Behavior\BuildLiteBehavior [ RunTime:0.000068s ]
INFO: [ app_init ] --END-- [ RunTime:0.001403s ]

[ 2015-07-02T13:00:52+08:00 ] ::1 /capcc0624/index.php/Home/images/botton-left.png
INFO: [ app_init ] --START--
INFO: Run Behavior\BuildLiteBehavior [ RunTime:0.000044s ]
INFO: [ app_init ] --END-- [ RunTime:0.000950s ]

[ 2015-07-02T13:00:52+08:00 ] ::1 /capcc0624/index.php/Home/images/botton-right.png
INFO: [ app_init ] --START--
INFO: Run Behavior\BuildLiteBehavior [ RunTime:0.000042s ]
INFO: [ app_init ] --END-- [ RunTime:0.001486s ]

[ 2015-07-02T13:00:52+08:00 ] ::1 /capcc0624/index.php/Home/images/body_center_1bg.jpg
INFO: [ app_init ] --START--
INFO: Run Behavior\BuildLiteBehavior [ RunTime:0.000033s ]
INFO: [ app_init ] --END-- [ RunTime:0.000933s ]

[ 2015-07-02T13:00:52+08:00 ] ::1 /capcc0624/index.php/Home/images/footer-bg2.png
INFO: [ app_init ] --START--
INFO: Run Behavior\BuildLiteBehavior [ RunTime:0.000033s ]
INFO: [ app_init ] --END-- [ RunTime:0.000758s ]

[ 2015-07-02T13:00:52+08:00 ] ::1 /capcc0624/index.php/Home/images/botton-left.png
INFO: [ app_init ] --START--
INFO: Run Behavior\BuildLiteBehavior [ RunTime:0.000039s ]
INFO: [ app_init ] --END-- [ RunTime:0.001511s ]

[ 2015-07-02T13:00:52+08:00 ] ::1 /capcc0624/index.php/Home/images/botton-right.png
INFO: [ app_init ] --START--
INFO: Run Behavior\BuildLiteBehavior [ RunTime:0.000058s ]
INFO: [ app_init ] --END-- [ RunTime:0.003066s ]

[ 2015-07-02T13:00:54+08:00 ] ::1 /capcc0624/index.php/Home/__PUBLIC__/Home/Images/bracket.jpg
INFO: [ app_init ] --START--
INFO: Run Behavior\BuildLiteBehavior [ RunTime:0.000032s ]
INFO: [ app_init ] --END-- [ RunTime:0.000885s ]

[ 2015-07-02T13:00:55+08:00 ] ::1 /capcc0624/index.php/Home/__PUBLIC__/Home/Images/bracket.jpg
INFO: [ app_init ] --START--
INFO: Run Behavior\BuildLiteBehavior [ RunTime:0.000034s ]
INFO: [ app_init ] --END-- [ RunTime:0.000880s ]

[ 2015-07-02T13:02:08+08:00 ] ::1 /capcc0624/index.php/Home/City
INFO: [ app_init ] --START--
INFO: Run Behavior\BuildLiteBehavior [ RunTime:0.000034s ]
INFO: [ app_init ] --END-- [ RunTime:0.000932s ]

[ 2015-07-02T13:02:09+08:00 ] ::1 /capcc0624/index.php/Home/images/botton-left.png
INFO: [ app_init ] --START--
INFO: Run Behavior\BuildLiteBehavior [ RunTime:0.000034s ]
INFO: [ app_init ] --END-- [ RunTime:0.001205s ]

[ 2015-07-02T13:02:09+08:00 ] ::1 /capcc0624/index.php/Home/images/botton-right.png
INFO: [ app_init ] --START--
INFO: Run Behavior\BuildLiteBehavior [ RunTime:0.000038s ]
INFO: [ app_init ] --END-- [ RunTime:0.002520s ]

[ 2015-07-02T13:02:09+08:00 ] ::1 /capcc0624/index.php/Home/images/footer-bg2.png
INFO: [ app_init ] --START--
INFO: Run Behavior\BuildLiteBehavior [ RunTime:0.000384s ]
INFO: [ app_init ] --END-- [ RunTime:0.001545s ]

[ 2015-07-02T13:02:09+08:00 ] ::1 /capcc0624/index.php/Home/images/body_center_1bg.jpg
INFO: [ app_init ] --START--
INFO: Run Behavior\BuildLiteBehavior [ RunTime:0.000028s ]
INFO: [ app_init ] --END-- [ RunTime:0.000856s ]

[ 2015-07-02T13:02:09+08:00 ] ::1 /capcc0624/index.php/Home/images/botton-left.png
INFO: [ app_init ] --START--
INFO: Run Behavior\BuildLiteBehavior [ RunTime:0.000042s ]
INFO: [ app_init ] --END-- [ RunTime:0.001086s ]

[ 2015-07-02T13:02:09+08:00 ] ::1 /capcc0624/index.php/Home/images/botton-right.png
INFO: [ app_init ] --START--
INFO: Run Behavior\BuildLiteBehavior [ RunTime:0.000107s ]
INFO: [ app_init ] --END-- [ RunTime:0.001535s ]

[ 2015-07-02T13:02:09+08:00 ] ::1 /capcc0624/index.php/Home/images/botton-left.png
INFO: [ app_init ] --START--
INFO: Run Behavior\BuildLiteBehavior [ RunTime:0.000035s ]
INFO: [ app_init ] --END-- [ RunTime:0.001545s ]

[ 2015-07-02T13:02:31+08:00 ] ::1 /capcc0624/index.php/Home/__PUBLIC__/Home/Images/bracket.jpg
INFO: [ app_init ] --START--
INFO: Run Behavior\BuildLiteBehavior [ RunTime:0.000057s ]
INFO: [ app_init ] --END-- [ RunTime:0.000924s ]

[ 2015-07-02T13:02:32+08:00 ] ::1 /capcc0624/index.php/Home/City
INFO: [ app_init ] --START--
INFO: Run Behavior\BuildLiteBehavior [ RunTime:0.000030s ]
INFO: [ app_init ] --END-- [ RunTime:0.000980s ]

[ 2015-07-02T13:02:32+08:00 ] ::1 /capcc0624/index.php/Home/images/botton-left.png
INFO: [ app_init ] --START--
INFO: Run Behavior\BuildLiteBehavior [ RunTime:0.000030s ]
INFO: [ app_init ] --END-- [ RunTime:0.001336s ]

[ 2015-07-02T13:02:32+08:00 ] ::1 /capcc0624/index.php/Home/images/botton-right.png
INFO: [ app_init ] --START--
INFO: Run Behavior\BuildLiteBehavior [ RunTime:0.000056s ]
INFO: [ app_init ] --END-- [ RunTime:0.001069s ]

[ 2015-07-02T13:02:33+08:00 ] ::1 /capcc0624/index.php/Home/images/botton-right.png
INFO: [ app_init ] --START--
INFO: Run Behavior\BuildLiteBehavior [ RunTime:0.000027s ]
INFO: [ app_init ] --END-- [ RunTime:0.000758s ]

 2015-07-02T13:02:33+08:00 ] ::1 /capcc0624/index.php/Home/__PUBLIC__/Home/Images/bracket.jpg
INFO: [ app_init ] --START--
INFO: Run Behavior\BuildLiteBehavior [ RunTime:0.000024s ]
INFO: [ app_init ] --END-- [ RunTime:0.000827s ]

[ 2015-07-02T13:02:33+08:00 ] ::1 /capcc0624/index.php/Home/images/footer-bg2.png
INFO: [ app_init ] --START--
INFO: Run Behavior\BuildLiteBehavior [ RunTime:0.000033s ]
INFO: [ app_init ] --END-- [ RunTime:0.000941s ]

[ 2015-07-02T13:02:33+08:00 ] ::1 /capcc0624/index.php/Home/images/botton-left.png
INFO: [ app_init ] --START--
INFO: Run Behavior\BuildLiteBehavior [ RunTime:0.000032s ]
INFO: [ app_init ] --END-- [ RunTime:0.001162s ]

[ 2015-07-02T13:02:33+08:00 ] ::1 /capcc0624/index.php/Home/images/botton-right.png
INFO: [ app_init ] --START--
INFO: Run Behavior\BuildLiteBehavior [ RunTime:0.000062s ]
INFO: [ app_init ] --END-- [ RunTime:0.001260s ]

[ 2015-07-02T13:02:33+08:00 ] ::1 /capcc0624/index.php/Home/images/body_center_1bg.jpg
INFO: [ app_init ] --START--
INFO: Run Behavior\BuildLiteBehavior [ RunTime:0.000034s ]
INFO: [ app_init ] --END-- [ RunTime:0.000866s ]

[ 2015-07-02T13:03:00+08:00 ] ::1 /capcc0624/index.php/Home/__PUBLIC__/Home/Images/bracket.jpg
INFO: [ app_init ] --START--
INFO: Run Behavior\BuildLiteBehavior [ RunTime:0.000031s ]
INFO: [ app_init ] --END-- [ RunTime:0.000901s ]

[ 2015-07-02T13:03:01+08:00 ] ::1 /capcc0624/index.php/Home/__PUBLIC__/Home/Images/bracket.jpg
INFO: [ app_init ] --START--
INFO: Run Behavior\BuildLiteBehavior [ RunTime:0.000033s ]
INFO: [ app_init ] --END-- [ RunTime:0.001030s ]

[ 2015-07-02T13:03:01+08:00 ] ::1 /capcc0624/index.php/Home/City
INFO: [ app_init ] --START--
INFO: Run Behavior\BuildLiteBehavior [ RunTime:0.000060s ]
INFO: [ app_init ] --END-- [ RunTime:0.001356s ]

[ 2015-07-02T13:03:02+08:00 ] ::1 /capcc0624/index.php/Home/images/botton-left.png
INFO: [ app_init ] --START--
INFO: Run Behavior\BuildLiteBehavior [ RunTime:0.000081s ]
INFO: [ app_init ] --END-- [ RunTime:0.002000s ]

[ 2015-07-02T13:03:02+08:00 ] ::1 /capcc0624/index.php/Home/images/botton-right.png
INFO: [ app_init ] --START--
INFO: Run Behavior\BuildLiteBehavior [ RunTime:0.000032s ]
INFO: [ app_init ] --END-- [ RunTime:0.001170s ]

[ 2015-07-02T13:03:03+08:00 ] ::1 /capcc0624/index.php/Home/images/botton-left.png
INFO: [ app_init ] --START--
INFO: Run Behavior\BuildLiteBehavior [ RunTime:0.000043s ]
INFO: [ app_init ] --END-- [ RunTime:0.001005s ]

[ 2015-07-02T13:03:03+08:00 ] ::1 /capcc0624/index.php/Home/images/botton-right.png
INFO: [ app_init ] --START--
INFO: Run Behavior\BuildLiteBehavior [ RunTime:0.000054s ]
INFO: [ app_init ] --END-- [ RunTime:0.001365s ]

[ 2015-07-02T13:03:03+08:00 ] ::1 /capcc0624/index.php/Home/images/body_center_1bg.jpg
INFO: [ app_init ] --START--
INFO: Run Behavior\BuildLiteBehavior [ RunTime:0.000039s ]
INFO: [ app_init ] --END-- [ RunTime:0.001070s ]

[ 2015-07-02T13:03:03+08:00 ] ::1 /capcc0624/index.php/Home/images/footer-bg2.png
INFO: [ app_init ] --START--
INFO: Run Behavior\BuildLiteBehavior [ RunTime:0.000032s ]
INFO: [ app_init ] --END-- [ RunTime:0.000844s ]

[ 2015-07-02T13:03:03+08:00 ] ::1 /capcc0624/index.php/Home/images/botton-left.png
INFO: [ app_init ] --START--
INFO: Run Behavior\BuildLiteBehavior [ RunTime:0.000039s ]
INFO: [ app_init ] --END-- [ RunTime:0.000908s ]

[ 2015-07-02T13:03:03+08:00 ] ::1 /capcc0624/index.php/Home/images/botton-right.png
INFO: [ app_init ] --START--
INFO: Run Behavior\BuildLiteBehavior [ RunTime:0.000051s ]
INFO: [ app_init ] --END-- [ RunTime:0.000978s ]

[ 2015-07-02T13:03:53+08:00 ] ::1 /capcc0624/index.php/Home/City
INFO: [ app_init ] --START--
INFO: Run Behavior\BuildLiteBehavior [ RunTime:0.000030s ]
INFO: [ app_init ] --END-- [ RunTime:0.000806s ]

[ 2015-07-02T13:03:53+08:00 ] ::1 /capcc0624/index.php/Home/images/botton-left.png
INFO: [ app_init ] --START--
INFO: Run Behavior\BuildLiteBehavior [ RunTime:0.000034s ]
INFO: [ app_init ] --END-- [ RunTime:0.000902s ]

[ 2015-07-02T13:03:53+08:00 ] ::1 /capcc0624/index.php/Home/images/botton-right.png
INFO: [ app_init ] --START--
INFO: Run Behavior\BuildLiteBehavior [ RunTime:0.000053s ]
INFO: [ app_init ] --END-- [ RunTime:0.001390s ]

[ 2015-07-02T13:03:54+08:00 ] ::1 /capcc0624/index.php/Home/images/body_center_1bg.jpg
INFO: [ app_init ] --START--
INFO: Run Behavior\BuildLiteBehavior [ RunTime:0.000032s ]
INFO: [ app_init ] --END-- [ RunTime:0.000978s ]

[ 2015-07-02T13:03:54+08:00 ] ::1 /capcc0624/index.php/Home/images/footer-bg2.png
INFO: [ app_init ] --START--
INFO: Run Behavior\BuildLiteBehavior [ RunTime:0.000032s ]
INFO: [ app_init ] --END-- [ RunTime:0.001010s ]

[ 2015-07-02T13:03:54+08:00 ] ::1 /capcc0624/index.php/Home/images/botton-left.png
INFO: [ app_init ] --START--
INFO: Run Behavior\BuildLiteBehavior [ RunTime:0.000031s ]
INFO: [ app_init ] --END-- [ RunTime:0.000974s ]

[ 2015-07-02T13:03:54+08:00 ] ::1 /capcc0624/index.php/Home/images/botton-right.png
INFO: [ app_init ] --START--
INFO: Run Behavior\BuildLiteBehavior [ RunTime:0.000090s ]
INFO: [ app_init ] --END-- [ RunTime:0.000857s ]

[ 2015-07-02T13:04:30+08:00 ] ::1 /capcc0624/index.php/Home/City
INFO: [ app_init ] --START--
INFO: Run Behavior\BuildLiteBehavior [ RunTime:0.000028s ]
INFO: [ app_init ] --END-- [ RunTime:0.000830s ]

[ 2015-07-02T13:04:31+08:00 ] ::1 /capcc0624/index.php/Home/images/body_center_1bg.jpg
INFO: [ app_init ] --START--
INFO: Run Behavior\BuildLiteBehavior [ RunTime:0.000031s ]
INFO: [ app_init ] --END-- [ RunTime:0.000745s ]

[ 2015-07-02T13:04:31+08:00 ] ::1 /capcc0624/index.php/Home/images/footer-bg2.png
INFO: [ app_init ] --START--
INFO: Run Behavior\BuildLiteBehavior [ RunTime:0.000034s ]
INFO: [ app_init ] --END-- [ RunTime:0.001099s ]

[ 2015-07-02T13:07:18+08:00 ] ::1 /capcc0624/index.php/Home/City
INFO: [ app_init ] --START--
INFO: Run Behavior\BuildLiteBehavior [ RunTime:0.000030s ]
INFO: [ app_init ] --END-- [ RunTime:0.003158s ]

[ 2015-07-02T13:07:19+08:00 ] ::1 /capcc0624/index.php/Home/images/body_center_1bg.jpg
INFO: [ app_init ] --START--
INFO: Run Behavior\BuildLiteBehavior [ RunTime:0.000029s ]
INFO: [ app_init ] --END-- [ RunTime:0.004021s ]

[ 2015-07-02T13:07:19+08:00 ] ::1 /capcc0624/index.php/Home/images/footer-bg2.png
INFO: [ app_init ] --START--
INFO: Run Behavior\BuildLiteBehavior [ RunTime:0.000035s ]
INFO: [ app_init ] --END-- [ RunTime:0.001686s ]

[ 2015-07-02T13:07:26+08:00 ] ::1 /capcc0624/index.php/Home/__PUBLIC__/Home/Images/bracket.jpg
INFO: [ app_init ] --START--
INFO: Run Behavior\BuildLiteBehavior [ RunTime:0.000040s ]
INFO: [ app_init ] --END-- [ RunTime:0.001163s ]

[ 2015-07-02T13:07:26+08:00 ] ::1 /capcc0624/index.php/Home/News
INFO: [ app_init ] --START--
INFO: Run Behavior\BuildLiteBehavior [ RunTime:0.000025s ]
INFO: [ app_init ] --END-- [ RunTime:0.000788s ]

[ 2015-07-02T13:07:27+08:00 ] ::1 /capcc0624/index.php/Home/images/footer-bg2.png
INFO: [ app_init ] --START--
INFO: Run Behavior\BuildLiteBehavior [ RunTime:0.000029s ]
INFO: [ app_init ] --END-- [ RunTime:0.000753s ]

[ 2015-07-02T13:07:49+08:00 ] ::1 /capcc0624/index.php/Home/__PUBLIC__/Home/Images/bracket.jpg
INFO: [ app_init ] --START--
INFO: Run Behavior\BuildLiteBehavior [ RunTime:0.000039s ]
INFO: [ app_init ] --END-- [ RunTime:0.001212s ]

[ 2015-07-02T13:07:49+08:00 ] ::1 /capcc0624/index.php/Home/__PUBLIC__/Home/Images/bracket.jpg
INFO: [ app_init ] --START--
INFO: Run Behavior\BuildLiteBehavior [ RunTime:0.000035s ]
INFO: [ app_init ] --END-- [ RunTime:0.001366s ]

[ 2015-07-02T13:07:50+08:00 ] ::1 /capcc0624/index.php/Home/__PUBLIC__/Home/Images/bracket.jpg
INFO: [ app_init ] --START--
INFO: Run Behavior\BuildLiteBehavior [ RunTime:0.000030s ]
INFO: [ app_init ] --END-- [ RunTime:0.000875s ]

[ 2015-07-02T13:07:50+08:00 ] ::1 /capcc0624/index.php/Home/City
INFO: [ app_init ] --START--
INFO: Run Behavior\BuildLiteBehavior [ RunTime:0.000032s ]
INFO: [ app_init ] --END-- [ RunTime:0.000928s ]

[ 2015-07-02T13:07:51+08:00 ] ::1 /capcc0624/index.php/Home/images/body_center_1bg.jpg
INFO: [ app_init ] --START--
INFO: Run Behavior\BuildLiteBehavior [ RunTime:0.000034s ]
INFO: [ app_init ] --END-- [ RunTime:0.000918s ]

[ 2015-07-02T13:07:51+08:00 ] ::1 /capcc0624/index.php/Home/images/footer-bg2.png
INFO: [ app_init ] --START--
INFO: Run Behavior\BuildLiteBehavior [ RunTime:0.000038s ]
INFO: [ app_init ] --END-- [ RunTime:0.001060s ]

[ 2015-07-02T13:07:51+08:00 ] ::1 /capcc0624/index.php/Home/__PUBLIC__/Home/Images/bracket.jpg
INFO: [ app_init ] --START--
INFO: Run Behavior\BuildLiteBehavior [ RunTime:0.000036s ]
INFO: [ app_init ] --END-- [ RunTime:0.001016s ]

[ 2015-07-02T13:09:35+08:00 ] ::1 /capcc0624/index.php/Home/City
INFO: [ app_init ] --START--
INFO: Run Behavior\BuildLiteBehavior [ RunTime:0.000115s ]
INFO: [ app_init ] --END-- [ RunTime:0.019354s ]

[ 2015-07-02T13:09:36+08:00 ] ::1 /capcc0624/index.php/Home/images/footer-bg2.png
INFO: [ app_init ] --START--
INFO: Run Behavior\BuildLiteBehavior [ RunTime:0.000043s ]
INFO: [ app_init ] --END-- [ RunTime:0.001045s ]

[ 2015-07-02T13:10:10+08:00 ] ::1 /capcc0624/index.php/Home/City
INFO: [ app_init ] --START--
INFO: Run Behavior\BuildLiteBehavior [ RunTime:0.000029s ]
INFO: [ app_init ] --END-- [ RunTime:0.001327s ]

[ 2015-07-02T13:10:11+08:00 ] ::1 /capcc0624/index.php/Home/images/footer-bg2.png
INFO: [ app_init ] --START--
INFO: Run Behavior\BuildLiteBehavior [ RunTime:0.000038s ]
INFO: [ app_init ] --END-- [ RunTime:0.000825s ]

[ 2015-07-02T13:14:10+08:00 ] ::1 /capcc0624/index.php/Home/City
INFO: [ app_init ] --START--
INFO: Run Behavior\BuildLiteBehavior [ RunTime:0.000040s ]
INFO: [ app_init ] --END-- [ RunTime:0.001508s ]
ERR: XML标签语法错误 : name="mod" value="1" <td

[ 2015-07-02T13:16:45+08:00 ] ::1 /capcc0624/index.php/Home/__PUBLIC__/Home/Images/bracket.jpg
INFO: [ app_init ] --START--
INFO: Run Behavior\BuildLiteBehavior [ RunTime:0.000162s ]
INFO: [ app_init ] --END-- [ RunTime:0.001450s ]

[ 2015-07-02T13:16:46+08:00 ] ::1 /capcc0624/index.php/Home/City
INFO: [ app_init ] --START--
INFO: Run Behavior\BuildLiteBehavior [ RunTime:0.000031s ]
INFO: [ app_init ] --END-- [ RunTime:0.000799s ]
ERR: XML标签语法错误 : name="mod" value="1" <td

[ 2015-07-02T13:16:50+08:00 ] ::1 /capcc0624/index.php/Home/__PUBLIC__/Home/Images/bracket.jpg
INFO: [ app_init ] --START--
INFO: Run Behavior\BuildLiteBehavior [ RunTime:0.000080s ]
INFO: [ app_init ] --END-- [ RunTime:0.001455s ]

[ 2015-07-02T13:17:10+08:00 ] ::1 /capcc0624/index.php/Home/__PUBLIC__/Home/Images/bracket.jpg
INFO: [ app_init ] --START--
INFO: Run Behavior\BuildLiteBehavior [ RunTime:0.000029s ]
INFO: [ app_init ] --END-- [ RunTime:0.002300s ]

[ 2015-07-02T13:17:11+08:00 ] ::1 /capcc0624/index.php/Home/City
INFO: [ app_init ] --START--
INFO: Run Behavior\BuildLiteBehavior [ RunTime:0.000045s ]
INFO: [ app_init ] --END-- [ RunTime:0.001138s ]

[ 2015-07-02T13:17:12+08:00 ] ::1 /capcc0624/index.php/Home/images/footer-bg2.png
INFO: [ app_init ] --START--
INFO: Run Behavior\BuildLiteBehavior [ RunTime:0.000035s ]
INFO: [ app_init ] --END-- [ RunTime:0.001573s ]

[ 2015-07-02T13:17:12+08:00 ] ::1 /capcc0624/index.php/Home/__PUBLIC__/Home/Images/bracket.jpg
INFO: [ app_init ] --START--
INFO: Run Behavior\BuildLiteBehavior [ RunTime:0.000030s ]
INFO: [ app_init ] --END-- [ RunTime:0.000837s ]

[ 2015-07-02T13:18:13+08:00 ] ::1 /capcc0624/index.php/Home/City
INFO: [ app_init ] --START--
INFO: Run Behavior\BuildLiteBehavior [ RunTime:0.000035s ]
INFO: [ app_init ] --END-- [ RunTime:0.002157s ]

[ 2015-07-02T13:18:14+08:00 ] ::1 /capcc0624/index.php/Home/images/footer-bg2.png
INFO: [ app_init ] --START--
INFO: Run Behavior\BuildLiteBehavior [ RunTime:0.000029s ]
INFO: [ app_init ] --END-- [ RunTime:0.000802s ]

[ 2015-07-02T13:18:54+08:00 ] ::1 /capcc0624/index.php/Home/City
INFO: [ app_init ] --START--
INFO: Run Behavior\BuildLiteBehavior [ RunTime:0.000031s ]
INFO: [ app_init ] --END-- [ RunTime:0.000891s ]

[ 2015-07-02T13:18:55+08:00 ] ::1 /capcc0624/index.php/Home/images/footer-bg2.png
INFO: [ app_init ] --START--
INFO: Run Behavior\BuildLiteBehavior [ RunTime:0.000027s ]
INFO: [ app_init ] --END-- [ RunTime:0.000811s ]

[ 2015-07-02T13:21:19+08:00 ] ::1 /capcc0624/index.php/Home/City
INFO: [ app_init ] --START--
INFO: Run Behavior\BuildLiteBehavior [ RunTime:0.000033s ]
INFO: [ app_init ] --END-- [ RunTime:0.001349s ]

[ 2015-07-02T13:21:21+08:00 ] ::1 /capcc0624/index.php/Home/images/footer-bg2.png
INFO: [ app_init ] --START--
INFO: Run Behavior\BuildLiteBehavior [ RunTime:0.000029s ]
INFO: [ app_init ] --END-- [ RunTime:0.000922s ]

[ 2015-07-02T13:21:52+08:00 ] ::1 /capcc0624/index.php/Home/City
INFO: [ app_init ] --START--
INFO: Run Behavior\BuildLiteBehavior [ RunTime:0.000029s ]
INFO: [ app_init ] --END-- [ RunTime:0.000675s ]

[ 2015-07-02T13:21:54+08:00 ] ::1 /capcc0624/index.php/Home/images/footer-bg2.png
INFO: [ app_init ] --START--
INFO: Run Behavior\BuildLiteBehavior [ RunTime:0.000029s ]
INFO: [ app_init ] --END-- [ RunTime:0.001015s ]

[ 2015-07-02T13:22:51+08:00 ] ::1 /capcc0624/index.php/Home/City
INFO: [ app_init ] --START--
INFO: Run Behavior\BuildLiteBehavior [ RunTime:0.000034s ]
INFO: [ app_init ] --END-- [ RunTime:0.001684s ]

[ 2015-07-02T13:22:52+08:00 ] ::1 /capcc0624/index.php/Home/images/footer-bg2.png
INFO: [ app_init ] --START--
INFO: Run Behavior\BuildLiteBehavior [ RunTime:0.000034s ]
INFO: [ app_init ] --END-- [ RunTime:0.002310s ]

[ 2015-07-02T13:23:48+08:00 ] ::1 /capcc0624/index.php/Home/City
INFO: [ app_init ] --START--
INFO: Run Behavior\BuildLiteBehavior [ RunTime:0.000110s ]
INFO: [ app_init ] --END-- [ RunTime:0.001166s ]

[ 2015-07-02T13:23:50+08:00 ] ::1 /capcc0624/index.php/Home/images/footer-bg2.png
INFO: [ app_init ] --START--
INFO: Run Behavior\BuildLiteBehavior [ RunTime:0.000039s ]
INFO: [ app_init ] --END-- [ RunTime:0.000941s ]

[ 2015-07-02T13:24:51+08:00 ] ::1 /capcc0624/index.php/Home/City
INFO: [ app_init ] --START--
INFO: Run Behavior\BuildLiteBehavior [ RunTime:0.000050s ]
INFO: [ app_init ] --END-- [ RunTime:0.001269s ]

[ 2015-07-02T13:24:52+08:00 ] ::1 /capcc0624/index.php/Home/images/footer-bg2.png
INFO: [ app_init ] --START--
INFO: Run Behavior\BuildLiteBehavior [ RunTime:0.000032s ]
INFO: [ app_init ] --END-- [ RunTime:0.002582s ]

[ 2015-07-02T13:25:37+08:00 ] ::1 /capcc0624/index.php/Home/City
INFO: [ app_init ] --START--
INFO: Run Behavior\BuildLiteBehavior [ RunTime:0.000032s ]
INFO: [ app_init ] --END-- [ RunTime:0.001136s ]

[ 2015-07-02T13:25:38+08:00 ] ::1 /capcc0624/index.php/Home/images/footer-bg2.png
INFO: [ app_init ] --START--
INFO: Run Behavior\BuildLiteBehavior [ RunTime:0.000027s ]
INFO: [ app_init ] --END-- [ RunTime:0.000843s ]

[ 2015-07-02T15:31:56+08:00 ] ::1 /capcc0624/index.php/Home/__PUBLIC__/Home/Images/bracket.jpg
INFO: [ app_init ] --START--
INFO: Run Behavior\BuildLiteBehavior [ RunTime:0.000031s ]
INFO: [ app_init ] --END-- [ RunTime:0.000892s ]

[ 2015-07-02T15:33:12+08:00 ] ::1 /capcc0624/index.php/Home/__PUBLIC__/Home/Images/bracket.jpg
INFO: [ app_init ] --START--
INFO: Run Behavior\BuildLiteBehavior [ RunTime:0.000082s ]
INFO: [ app_init ] --END-- [ RunTime:0.001031s ]

[ 2015-07-02T15:33:13+08:00 ] ::1 /capcc0624/index.php/Home/City
INFO: [ app_init ] --START--
INFO: Run Behavior\BuildLiteBehavior [ RunTime:0.000034s ]
INFO: [ app_init ] --END-- [ RunTime:0.000948s ]

[ 2015-07-02T15:33:14+08:00 ] ::1 /capcc0624/index.php/Home/images/footer-bg2.png
INFO: [ app_init ] --START--
INFO: Run Behavior\BuildLiteBehavior [ RunTime:0.000037s ]
INFO: [ app_init ] --END-- [ RunTime:0.000916s ]

[ 2015-07-02T15:34:22+08:00 ] ::1 /capcc0624/index.php/Home/City
INFO: [ app_init ] --START--
INFO: Run Behavior\BuildLiteBehavior [ RunTime:0.000034s ]
INFO: [ app_init ] --END-- [ RunTime:0.001098s ]

[ 2015-07-02T15:34:23+08:00 ] ::1 /capcc0624/index.php/Home/images/footer-bg2.png
INFO: [ app_init ] --START--
INFO: Run Behavior\BuildLiteBehavior [ RunTime:0.000028s ]
INFO: [ app_init ] --END-- [ RunTime:0.000796s ]

[ 2015-07-02T15:34:59+08:00 ] ::1 /capcc0624/index.php/Home/City
INFO: [ app_init ] --START--
INFO: Run Behavior\BuildLiteBehavior [ RunTime:0.000030s ]
INFO: [ app_init ] --END-- [ RunTime:0.000927s ]

[ 2015-07-02T15:35:00+08:00 ] ::1 /capcc0624/index.php/Home/images/footer-bg2.png
INFO: [ app_init ] --START--
INFO: Run Behavior\BuildLiteBehavior [ RunTime:0.000030s ]
INFO: [ app_init ] --END-- [ RunTime:0.000860s ]

[ 2015-07-02T15:35:07+08:00 ] ::1 /capcc0624/index.php/Home/City
INFO: [ app_init ] --START--
INFO: Run Behavior\BuildLiteBehavior [ RunTime:0.000026s ]
INFO: [ app_init ] --END-- [ RunTime:0.000712s ]

[ 2015-07-02T15:35:08+08:00 ] ::1 /capcc0624/index.php/Home/images/footer-bg2.png
INFO: [ app_init ] --START--
INFO: Run Behavior\BuildLiteBehavior [ RunTime:0.000083s ]
INFO: [ app_init ] --END-- [ RunTime:0.001570s ]

[ 2015-07-02T15:35:13+08:00 ] ::1 /capcc0624/index.php/Home/City
INFO: [ app_init ] --START--
INFO: Run Behavior\BuildLiteBehavior [ RunTime:0.000041s ]
INFO: [ app_init ] --END-- [ RunTime:0.001136s ]

[ 2015-07-02T15:35:15+08:00 ] ::1 /capcc0624/index.php/Home/images/footer-bg2.png
INFO: [ app_init ] --START--
INFO: Run Behavior\BuildLiteBehavior [ RunTime:0.000057s ]
INFO: [ app_init ] --END-- [ RunTime:0.001759s ]

[ 2015-07-02T15:35:18+08:00 ] ::1 /capcc0624/index.php/Home/__PUBLIC__/Home/Images/bracket.jpg
INFO: [ app_init ] --START--
INFO: Run Behavior\BuildLiteBehavior [ RunTime:0.000027s ]
INFO: [ app_init ] --END-- [ RunTime:0.000835s ]

[ 2015-07-02T15:35:30+08:00 ] ::1 /capcc0624/index.php/Home/__PUBLIC__/Home/Images/bracket.jpg
INFO: [ app_init ] --START--
INFO: Run Behavior\BuildLiteBehavior [ RunTime:0.000029s ]
INFO: [ app_init ] --END-- [ RunTime:0.000807s ]

[ 2015-07-02T15:35:31+08:00 ] ::1 /capcc0624/index.php/Home/__PUBLIC__/Home/Images/bracket.jpg
INFO: [ app_init ] --START--
INFO: Run Behavior\BuildLiteBehavior [ RunTime:0.000035s ]
INFO: [ app_init ] --END-- [ RunTime:0.000924s ]

[ 2015-07-02T15:36:06+08:00 ] ::1 /capcc0624/index.php/Home/__PUBLIC__/Home/Images/bracket.jpg
INFO: [ app_init ] --START--
INFO: Run Behavior\BuildLiteBehavior [ RunTime:0.000036s ]
INFO: [ app_init ] --END-- [ RunTime:0.001522s ]

[ 2015-07-02T15:36:08+08:00 ] ::1 /capcc0624/index.php/Home/City
INFO: [ app_init ] --START--
INFO: Run Behavior\BuildLiteBehavior [ RunTime:0.000037s ]
INFO: [ app_init ] --END-- [ RunTime:0.001023s ]

[ 2015-07-02T15:36:08+08:00 ] ::1 /capcc0624/index.php/Home/__PUBLIC__/Home/Images/bracket.jpg
INFO: [ app_init ] --START--
INFO: Run Behavior\BuildLiteBehavior [ RunTime:0.000032s ]
INFO: [ app_init ] --END-- [ RunTime:0.001007s ]

[ 2015-07-02T15:36:09+08:00 ] ::1 /capcc0624/index.php/Home/images/footer-bg2.png
INFO: [ app_init ] --START--
INFO: Run Behavior\BuildLiteBehavior [ RunTime:0.000031s ]
INFO: [ app_init ] --END-- [ RunTime:0.000853s ]

[ 2015-07-02T15:36:18+08:00 ] ::1 /capcc0624/index.php/Home/City
INFO: [ app_init ] --START--
INFO: Run Behavior\BuildLiteBehavior [ RunTime:0.000056s ]
INFO: [ app_init ] --END-- [ RunTime:0.004179s ]

[ 2015-07-02T15:36:19+08:00 ] ::1 /capcc0624/index.php/Home/images/footer-bg2.png
INFO: [ app_init ] --START--
INFO: Run Behavior\BuildLiteBehavior [ RunTime:0.000035s ]
INFO: [ app_init ] --END-- [ RunTime:0.001200s ]

[ 2015-07-02T15:37:08+08:00 ] ::1 /capcc0624/index.php/Home/City
INFO: [ app_init ] --START--
INFO: Run Behavior\BuildLiteBehavior [ RunTime:0.000028s ]
INFO: [ app_init ] --END-- [ RunTime:0.000754s ]

[ 2015-07-02T15:37:09+08:00 ] ::1 /capcc0624/index.php/Home/images/footer-bg2.png
INFO: [ app_init ] --START--
INFO: Run Behavior\BuildLiteBehavior [ RunTime:0.000035s ]
INFO: [ app_init ] --END-- [ RunTime:0.000804s ]

[ 2015-07-02T15:40:54+08:00 ] ::1 /capcc0624/index.php/Home/City
INFO: [ app_init ] --START--
INFO: Run Behavior\BuildLiteBehavior [ RunTime:0.000053s ]
INFO: [ app_init ] --END-- [ RunTime:0.001015s ]

[ 2015-07-02T15:40:55+08:00 ] ::1 /capcc0624/index.php/Home/images/footer-bg2.png
INFO: [ app_init ] --START--
INFO: Run Behavior\BuildLiteBehavior [ RunTime:0.000029s ]
INFO: [ app_init ] --END-- [ RunTime:0.000891s ]

[ 2015-07-02T15:43:36+08:00 ] ::1 /capcc0624/index.php/Home/City
INFO: [ app_init ] --START--
INFO: Run Behavior\BuildLiteBehavior [ RunTime:0.000026s ]
INFO: [ app_init ] --END-- [ RunTime:0.000862s ]

[ 2015-07-02T15:43:37+08:00 ] ::1 /capcc0624/index.php/Home/images/footer-bg2.png
INFO: [ app_init ] --START--
INFO: Run Behavior\BuildLiteBehavior [ RunTime:0.000038s ]
INFO: [ app_init ] --END-- [ RunTime:0.000946s ]

[ 2015-07-02T15:48:38+08:00 ] ::1 /capcc0624/index.php/Home/City
INFO: [ app_init ] --START--
INFO: Run Behavior\BuildLiteBehavior [ RunTime:0.000054s ]
INFO: [ app_init ] --END-- [ RunTime:0.001620s ]

[ 2015-07-02T15:48:39+08:00 ] ::1 /capcc0624/index.php/Home/images/footer-bg2.png
INFO: [ app_init ] --START--
INFO: Run Behavior\BuildLiteBehavior [ RunTime:0.000036s ]
INFO: [ app_init ] --END-- [ RunTime:0.001414s ]

[ 2015-07-02T15:48:41+08:00 ] ::1 /capcc0624/index.php/Home/City
INFO: [ app_init ] --START--
INFO: Run Behavior\BuildLiteBehavior [ RunTime:0.000031s ]
INFO: [ app_init ] --END-- [ RunTime:0.000847s ]

[ 2015-07-02T15:49:34+08:00 ] ::1 /capcc0624/index.php/Home/City
INFO: [ app_init ] --START--
INFO: Run Behavior\BuildLiteBehavior [ RunTime:0.000032s ]
INFO: [ app_init ] --END-- [ RunTime:0.000786s ]

[ 2015-07-02T15:49:36+08:00 ] ::1 /capcc0624/index.php/Home/images/footer-bg2.png
INFO: [ app_init ] --START--
INFO: Run Behavior\BuildLiteBehavior [ RunTime:0.000042s ]
INFO: [ app_init ] --END-- [ RunTime:0.001214s ]

[ 2015-07-02T15:54:04+08:00 ] ::1 /capcc0624/index.php/Home/City
INFO: [ app_init ] --START--
INFO: Run Behavior\BuildLiteBehavior [ RunTime:0.000031s ]
INFO: [ app_init ] --END-- [ RunTime:0.001666s ]

[ 2015-07-02T15:54:05+08:00 ] ::1 /capcc0624/index.php/Home/images/footer-bg2.png
INFO: [ app_init ] --START--
INFO: Run Behavior\BuildLiteBehavior [ RunTime:0.000056s ]
INFO: [ app_init ] --END-- [ RunTime:0.001041s ]

[ 2015-07-02T15:54:17+08:00 ] ::1 /capcc0624/index.php/Home/City
INFO: [ app_init ] --START--
INFO: Run Behavior\BuildLiteBehavior [ RunTime:0.000029s ]
INFO: [ app_init ] --END-- [ RunTime:0.000712s ]

[ 2015-07-02T15:55:01+08:00 ] ::1 /capcc0624/index.php/Home/City
INFO: [ app_init ] --START--
INFO: Run Behavior\BuildLiteBehavior [ RunTime:0.000035s ]
INFO: [ app_init ] --END-- [ RunTime:0.001087s ]

[ 2015-07-02T15:55:02+08:00 ] ::1 /capcc0624/index.php/Home/images/footer-bg2.png
INFO: [ app_init ] --START--
INFO: Run Behavior\BuildLiteBehavior [ RunTime:0.000049s ]
INFO: [ app_init ] --END-- [ RunTime:0.001403s ]

[ 2015-07-02T15:55:37+08:00 ] ::1 /capcc0624/index.php/Home/City
INFO: [ app_init ] --START--
INFO: Run Behavior\BuildLiteBehavior [ RunTime:0.000028s ]
INFO: [ app_init ] --END-- [ RunTime:0.000793s ]

[ 2015-07-02T15:55:38+08:00 ] ::1 /capcc0624/index.php/Home/images/footer-bg2.png
INFO: [ app_init ] --START--
INFO: Run Behavior\BuildLiteBehavior [ RunTime:0.000027s ]
INFO: [ app_init ] --END-- [ RunTime:0.000710s ]

[ 2015-07-02T15:55:59+08:00 ] ::1 /capcc0624/index.php/Home/City
INFO: [ app_init ] --START--
INFO: Run Behavior\BuildLiteBehavior [ RunTime:0.000033s ]
INFO: [ app_init ] --END-- [ RunTime:0.001290s ]

[ 2015-07-02T15:56:00+08:00 ] ::1 /capcc0624/index.php/Home/images/footer-bg2.png
INFO: [ app_init ] --START--
INFO: Run Behavior\BuildLiteBehavior [ RunTime:0.000035s ]
INFO: [ app_init ] --END-- [ RunTime:0.000879s ]

[ 2015-07-02T15:56:45+08:00 ] ::1 /capcc0624/index.php/Home/__PUBLIC__/Home/Images/bracket.jpg
INFO: [ app_init ] --START--
INFO: Run Behavior\BuildLiteBehavior [ RunTime:0.000033s ]
INFO: [ app_init ] --END-- [ RunTime:0.001524s ]

[ 2015-07-02T15:56:46+08:00 ] ::1 /capcc0624/index.php/Home/__PUBLIC__/Home/Images/bracket.jpg
INFO: [ app_init ] --START--
INFO: Run Behavior\BuildLiteBehavior [ RunTime:0.000053s ]
INFO: [ app_init ] --END-- [ RunTime:0.001256s ]

[ 2015-07-02T15:56:46+08:00 ] ::1 /capcc0624/index.php/Home/__PUBLIC__/Home/Images/bracket.jpg
INFO: [ app_init ] --START--
INFO: Run Behavior\BuildLiteBehavior [ RunTime:0.000035s ]
INFO: [ app_init ] --END-- [ RunTime:0.001211s ]

[ 2015-07-02T15:56:46+08:00 ] ::1 /capcc0624/index.php/Home/__PUBLIC__/Home/Images/bracket.jpg
INFO: [ app_init ] --START--
INFO: Run Behavior\BuildLiteBehavior [ RunTime:0.000033s ]
INFO: [ app_init ] --END-- [ RunTime:0.000912s ]

[ 2015-07-02T15:56:48+08:00 ] ::1 /capcc0624/index.php/Home/__PUBLIC__/Home/Images/bracket.jpg
INFO: [ app_init ] --START--
INFO: Run Behavior\BuildLiteBehavior [ RunTime:0.000033s ]
INFO: [ app_init ] --END-- [ RunTime:0.000901s ]

