[ 2015-07-03T09:05:57+08:00 ] ::1 /capcc0624/
INFO: [ app_init ] --START--
INFO: Run Behavior\BuildLiteBehavior [ RunTime:0.000033s ]
INFO: [ app_init ] --END-- [ RunTime:0.000983s ]

[ 2015-07-03T09:05:59+08:00 ] ::1 /capcc0624/index.php/Home/News
INFO: [ app_init ] --START--
INFO: Run Behavior\BuildLiteBehavior [ RunTime:0.000035s ]
INFO: [ app_init ] --END-- [ RunTime:0.000899s ]

[ 2015-07-03T09:05:59+08:00 ] ::1 /capcc0624/index.php/Home/images/footer-bg2.png
INFO: [ app_init ] --START--
INFO: Run Behavior\BuildLiteBehavior [ RunTime:0.000030s ]
INFO: [ app_init ] --END-- [ RunTime:0.000731s ]

[ 2015-07-03T09:17:39+08:00 ] ::1 /capcc0624/index.php/Home/__PUBLIC__/Home/Images/bracket.jpg
INFO: [ app_init ] --START--
INFO: Run Behavior\BuildLiteBehavior [ RunTime:0.000018s ]
INFO: [ app_init ] --END-- [ RunTime:0.000540s ]

[ 2015-07-03T09:17:40+08:00 ] ::1 /capcc0624/index.php/Home/__PUBLIC__/Home/Images/bracket.jpg
INFO: [ app_init ] --START--
INFO: Run Behavior\BuildLiteBehavior [ RunTime:0.000033s ]
INFO: [ app_init ] --END-- [ RunTime:0.000897s ]

[ 2015-07-03T09:17:40+08:00 ] ::1 /capcc0624/index.php/Home/__PUBLIC__/Home/Images/bracket.jpg
INFO: [ app_init ] --START--
INFO: Run Behavior\BuildLiteBehavior [ RunTime:0.000034s ]
INFO: [ app_init ] --END-- [ RunTime:0.000794s ]

[ 2015-07-03T09:17:40+08:00 ] ::1 /capcc0624/index.php/Home/__PUBLIC__/Home/Images/bracket.jpg
INFO: [ app_init ] --START--
INFO: Run Behavior\BuildLiteBehavior [ RunTime:0.000039s ]
INFO: [ app_init ] --END-- [ RunTime:0.000990s ]

[ 2015-07-03T09:17:40+08:00 ] ::1 /capcc0624/index.php/Home/__PUBLIC__/Home/Images/bracket.jpg
INFO: [ app_init ] --START--
INFO: Run Behavior\BuildLiteBehavior [ RunTime:0.000031s ]
INFO: [ app_init ] --END-- [ RunTime:0.000850s ]

[ 2015-07-03T09:17:40+08:00 ] ::1 /capcc0624/index.php/Home/City
INFO: [ app_init ] --START--
INFO: Run Behavior\BuildLiteBehavior [ RunTime:0.000018s ]
INFO: [ app_init ] --END-- [ RunTime:0.000486s ]

[ 2015-07-03T09:17:41+08:00 ] ::1 /capcc0624/index.php/Home/images/footer-bg2.png
INFO: [ app_init ] --START--
INFO: Run Behavior\BuildLiteBehavior [ RunTime:0.000019s ]
INFO: [ app_init ] --END-- [ RunTime:0.000451s ]

[ 2015-07-03T09:23:32+08:00 ] ::1 /capcc0624/index.php/Home/__PUBLIC__/Home/Images/bracket.jpg
INFO: [ app_init ] --START--
INFO: Run Behavior\BuildLiteBehavior [ RunTime:0.000020s ]
INFO: [ app_init ] --END-- [ RunTime:0.000673s ]

[ 2015-07-03T09:23:32+08:00 ] ::1 /capcc0624/index.php/Home/__PUBLIC__/Home/Images/bracket.jpg
INFO: [ app_init ] --START--
INFO: Run Behavior\BuildLiteBehavior [ RunTime:0.000027s ]
INFO: [ app_init ] --END-- [ RunTime:0.000567s ]

[ 2015-07-03T09:23:32+08:00 ] ::1 /capcc0624/index.php/Home/__PUBLIC__/Home/Images/bracket.jpg
INFO: [ app_init ] --START--
INFO: Run Behavior\BuildLiteBehavior [ RunTime:0.000020s ]
INFO: [ app_init ] --END-- [ RunTime:0.000605s ]

[ 2015-07-03T09:23:32+08:00 ] ::1 /capcc0624/index.php/Home/__PUBLIC__/Home/Images/bracket.jpg
INFO: [ app_init ] --START--
INFO: Run Behavior\BuildLiteBehavior [ RunTime:0.000031s ]
INFO: [ app_init ] --END-- [ RunTime:0.000768s ]

[ 2015-07-03T09:23:33+08:00 ] ::1 /capcc0624/index.php/Home/News
INFO: [ app_init ] --START--
INFO: Run Behavior\BuildLiteBehavior [ RunTime:0.000019s ]
INFO: [ app_init ] --END-- [ RunTime:0.000467s ]

[ 2015-07-03T09:23:33+08:00 ] ::1 /capcc0624/index.php/Home/__PUBLIC__/Home/Images/bracket.jpg
INFO: [ app_init ] --START--
INFO: Run Behavior\BuildLiteBehavior [ RunTime:0.000036s ]
INFO: [ app_init ] --END-- [ RunTime:0.002633s ]

[ 2015-07-03T09:23:33+08:00 ] ::1 /capcc0624/index.php/Home/images/footer-bg2.png
INFO: [ app_init ] --START--
INFO: Run Behavior\BuildLiteBehavior [ RunTime:0.000036s ]
INFO: [ app_init ] --END-- [ RunTime:0.000740s ]

[ 2015-07-03T09:48:10+08:00 ] ::1 /capcc0624/index.php/Home/__PUBLIC__/Home/Images/bracket.jpg
INFO: [ app_init ] --START--
INFO: Run Behavior\BuildLiteBehavior [ RunTime:0.000021s ]
INFO: [ app_init ] --END-- [ RunTime:0.000575s ]

[ 2015-07-03T09:48:10+08:00 ] ::1 /capcc0624/index.php/Home/__PUBLIC__/Home/Images/bracket.jpg
INFO: [ app_init ] --START--
INFO: Run Behavior\BuildLiteBehavior [ RunTime:0.000019s ]
INFO: [ app_init ] --END-- [ RunTime:0.000482s ]

[ 2015-07-03T09:54:39+08:00 ] ::1 /capcc0624/index.php/Home/__PUBLIC__/Home/Images/bracket.jpg
INFO: [ app_init ] --START--
INFO: Run Behavior\BuildLiteBehavior [ RunTime:0.000020s ]
INFO: [ app_init ] --END-- [ RunTime:0.000740s ]

[ 2015-07-03T09:54:40+08:00 ] ::1 /capcc0624/index.php/Home/News
INFO: [ app_init ] --START--
INFO: Run Behavior\BuildLiteBehavior [ RunTime:0.000029s ]
INFO: [ app_init ] --END-- [ RunTime:0.000797s ]

[ 2015-07-03T09:54:41+08:00 ] ::1 /capcc0624/index.php/Home/images/footer-bg2.png
INFO: [ app_init ] --START--
INFO: Run Behavior\BuildLiteBehavior [ RunTime:0.000031s ]
INFO: [ app_init ] --END-- [ RunTime:0.000913s ]

[ 2015-07-03T10:59:35+08:00 ] ::1 /capcc0624/index.php/Home/__PUBLIC__/Home/Images/bracket.jpg
INFO: [ app_init ] --START--
INFO: Run Behavior\BuildLiteBehavior [ RunTime:0.000024s ]
INFO: [ app_init ] --END-- [ RunTime:0.037818s ]

