[ 2015-07-24T09:36:41+08:00 ] ::1 /capcc0723/index.php/Home/Login/Login/check_reg_name/uname3333
INFO: [ app_begin ] --START--
INFO: Run Behavior\ReadHtmlCacheBehavior [ RunTime:0.000815s ]
INFO: [ app_begin ] --END-- [ RunTime:0.001410s ]
ERR: 非法操作:Login

[ 2015-07-24T09:37:29+08:00 ] ::1 /capcc0723/index.php/Home/Login/Login/check_reg_name/uname
INFO: [ app_begin ] --START--
INFO: Run Behavior\ReadHtmlCacheBehavior [ RunTime:0.000587s ]
INFO: [ app_begin ] --END-- [ RunTime:0.001003s ]
ERR: 非法操作:Login

[ 2015-07-24T09:37:30+08:00 ] ::1 /capcc0723/index.php/Home/Login/Login/check_reg_name/uname
INFO: [ app_begin ] --START--
INFO: Run Behavior\ReadHtmlCacheBehavior [ RunTime:0.000649s ]
INFO: [ app_begin ] --END-- [ RunTime:0.001142s ]
ERR: 非法操作:Login

[ 2015-07-24T09:37:56+08:00 ] ::1 /capcc0723/index.php/Home/Login/Login/check_reg_name/uname
INFO: [ app_begin ] --START--
INFO: Run Behavior\ReadHtmlCacheBehavior [ RunTime:0.000582s ]
INFO: [ app_begin ] --END-- [ RunTime:0.000969s ]
ERR: 非法操作:Login

[ 2015-07-24T09:39:06+08:00 ] ::1 /capcc0723/index.php/Home/Login/Login/check_reg_name/uname
INFO: [ app_begin ] --START--
INFO: Run Behavior\ReadHtmlCacheBehavior [ RunTime:0.000735s ]
INFO: [ app_begin ] --END-- [ RunTime:0.001392s ]
ERR: 非法操作:Login

[ 2015-07-24T09:39:51+08:00 ] ::1 /capcc0723/index.php/Home/Login/__APP__/Home/Login/check_reg_name/uname/
INFO: [ app_begin ] --START--
INFO: Run Behavior\ReadHtmlCacheBehavior [ RunTime:0.000532s ]
INFO: [ app_begin ] --END-- [ RunTime:0.000874s ]
ERR: 非法操作:__APP__

[ 2015-07-24T09:39:58+08:00 ] ::1 /capcc0723/index.php/Home/Login/__APP__/Home/Login/check_reg_name/uname/1111
INFO: [ app_begin ] --START--
INFO: Run Behavior\ReadHtmlCacheBehavior [ RunTime:0.000551s ]
INFO: [ app_begin ] --END-- [ RunTime:0.000954s ]
ERR: 非法操作:__APP__

[ 2015-07-24T09:40:51+08:00 ] ::1 /capcc0723/index.php/Home/Login/localhsot/capcc0723/index.php/Home/Login/check_reg_name/uname/1111
INFO: [ app_begin ] --START--
INFO: Run Behavior\ReadHtmlCacheBehavior [ RunTime:0.000598s ]
INFO: [ app_begin ] --END-- [ RunTime:0.000988s ]
ERR: 非法操作:localhsot

[ 2015-07-24T09:41:38+08:00 ] ::1 /capcc0723/index.php/Home/Login/localhsot/capcc0723/index.php/Home/Login/check_reg_name/uname/1111
INFO: [ app_begin ] --START--
INFO: Run Behavior\ReadHtmlCacheBehavior [ RunTime:0.000621s ]
INFO: [ app_begin ] --END-- [ RunTime:0.001107s ]
ERR: 非法操作:localhsot

[ 2015-07-24T09:42:19+08:00 ] ::1 /capcc0723/index.php/Home/Login/localhost/capcc0723/index.php/Home/Login/check_reg_name/uname/1111
INFO: [ app_begin ] --START--
INFO: Run Behavior\ReadHtmlCacheBehavior [ RunTime:0.000598s ]
INFO: [ app_begin ] --END-- [ RunTime:0.001000s ]
ERR: 非法操作:localhost

[ 2015-07-24T09:49:43+08:00 ] ::1 /capcc0723/index.php/Home/Login/localhost/capcc0723/index.php/Home/Login/check_reg_name?name=3333
INFO: [ app_begin ] --START--
INFO: Run Behavior\ReadHtmlCacheBehavior [ RunTime:0.000599s ]
INFO: [ app_begin ] --END-- [ RunTime:0.000980s ]
ERR: 非法操作:localhost

[ 2015-07-24T09:50:37+08:00 ] ::1 /capcc0723/index.php/Home/Login/check_reg_name?name=1111
INFO: [ app_begin ] --START--
INFO: Run Behavior\ReadHtmlCacheBehavior [ RunTime:0.000629s ]
INFO: [ app_begin ] --END-- [ RunTime:0.001044s ]
SQL: SHOW COLUMNS FROM `user` [ RunTime:0.0026s ]
ERR: SQLSTATE[42000]: Syntax error or access violation: 1064 Erreur de syntaxe près de '%name ) LIMIT 1' à la ligne 1

[ 2015-07-24T09:50:39+08:00 ] ::1 /capcc0723/index.php/Home/Login/check_reg_name?name=1111
INFO: [ app_begin ] --START--
INFO: Run Behavior\ReadHtmlCacheBehavior [ RunTime:0.000605s ]
INFO: [ app_begin ] --END-- [ RunTime:0.000975s ]
SQL: SHOW COLUMNS FROM `user` [ RunTime:0.0030s ]
ERR: SQLSTATE[42000]: Syntax error or access violation: 1064 Erreur de syntaxe près de '%name ) LIMIT 1' à la ligne 1

[ 2015-07-24T09:52:30+08:00 ] ::1 /capcc0723/index.php/Home/Login/check_reg_name?name=2222
INFO: [ app_begin ] --START--
INFO: Run Behavior\ReadHtmlCacheBehavior [ RunTime:0.000578s ]
INFO: [ app_begin ] --END-- [ RunTime:0.000924s ]
SQL: SHOW COLUMNS FROM `user` [ RunTime:0.0027s ]
ERR: SQLSTATE[42000]: Syntax error or access violation: 1064 Erreur de syntaxe près de '%name ) LIMIT 1' à la ligne 1

[ 2015-07-24T09:56:11+08:00 ] ::1 /capcc0723/index.php/Home/Login/%3C%7B:U('Login/check_reg_name')%7D%3E?name=1111
INFO: [ app_begin ] --START--
INFO: Run Behavior\ReadHtmlCacheBehavior [ RunTime:0.000660s ]
INFO: [ app_begin ] --END-- [ RunTime:0.001064s ]
ERR: 非法操作:

[ 2015-07-24T10:01:41+08:00 ] ::1 /capcc0723/index.php/Home/Login/URL/Login/check_reg_name?name=1111
INFO: [ app_begin ] --START--
INFO: Run Behavior\ReadHtmlCacheBehavior [ RunTime:0.000594s ]
INFO: [ app_begin ] --END-- [ RunTime:0.001014s ]
ERR: 非法操作:URL

[ 2015-07-24T10:02:15+08:00 ] ::1 /capcc0723/index.php/Home/Login/URL/Login/check_reg_name?name=1111
INFO: [ app_begin ] --START--
INFO: Run Behavior\ReadHtmlCacheBehavior [ RunTime:0.000704s ]
INFO: [ app_begin ] --END-- [ RunTime:0.001136s ]
ERR: 非法操作:URL

[ 2015-07-24T10:06:18+08:00 ] ::1 /capcc0723/index.php/Home/Login/__APP__/Home/Login/check_reg_name?name=1111
INFO: [ app_begin ] --START--
INFO: Run Behavior\ReadHtmlCacheBehavior [ RunTime:0.001191s ]
INFO: [ app_begin ] --END-- [ RunTime:0.001727s ]
ERR: 非法操作:__APP__

[ 2015-07-24T10:07:21+08:00 ] ::1 /capcc0723/index.php/Home/Login/check_reg_name?name=1111
INFO: [ app_begin ] --START--
INFO: Run Behavior\ReadHtmlCacheBehavior [ RunTime:0.000619s ]
INFO: [ app_begin ] --END-- [ RunTime:0.001037s ]
SQL: SHOW COLUMNS FROM `user` [ RunTime:0.0029s ]
ERR: SQLSTATE[42000]: Syntax error or access violation: 1064 Erreur de syntaxe près de '%name ) LIMIT 1' à la ligne 1

[ 2015-07-24T10:08:23+08:00 ] ::1 /capcc0723/index.php/Home/Login/check_reg_name?name=1111
ERR: SQLSTATE[42000]: Syntax error or access violation: 1064 Erreur de syntaxe près de '%name ) LIMIT 1' à la ligne 1

[ 2015-07-24T10:09:20+08:00 ] ::1 /capcc0723/index.php/Home/Login/check_reg_name?name=1111
INFO: [ app_begin ] --START--
INFO: Run Behavior\ReadHtmlCacheBehavior [ RunTime:0.000814s ]
INFO: [ app_begin ] --END-- [ RunTime:0.001199s ]
SQL: SHOW COLUMNS FROM `user` [ RunTime:0.0033s ]
SQL: SELECT * FROM `user` WHERE ( username=1111 ) LIMIT 1   [ RunTime:0.0002s ]
INFO: [ app_end ] --START--
INFO: Run Behavior\ShowPageTraceBehavior [ RunTime:0.000586s ]
INFO: [ app_end ] --END-- [ RunTime:0.000674s ]

[ 2015-07-24T10:12:45+08:00 ] ::1 /capcc0723/index.php/Home/Login/check_reg_name?name=1111
INFO: [ app_begin ] --START--
INFO: Run Behavior\ReadHtmlCacheBehavior [ RunTime:0.000534s ]
INFO: [ app_begin ] --END-- [ RunTime:0.000876s ]
SQL: SHOW COLUMNS FROM `user` [ RunTime:0.0026s ]
SQL: SELECT * FROM `user` WHERE ( username=1111 ) LIMIT 1   [ RunTime:0.0003s ]
INFO: [ app_end ] --START--
INFO: Run Behavior\ShowPageTraceBehavior [ RunTime:0.000530s ]
INFO: [ app_end ] --END-- [ RunTime:0.000617s ]

[ 2015-07-24T10:12:59+08:00 ] ::1 /capcc0723/index.php/Home/Login/check_reg_name?name=1111
INFO: [ app_begin ] --START--
INFO: Run Behavior\ReadHtmlCacheBehavior [ RunTime:0.000579s ]
INFO: [ app_begin ] --END-- [ RunTime:0.000959s ]
SQL: SHOW COLUMNS FROM `user` [ RunTime:0.0030s ]
SQL: SELECT * FROM `user` WHERE ( username=1111 ) LIMIT 1   [ RunTime:0.0002s ]
INFO: [ app_end ] --START--
INFO: Run Behavior\ShowPageTraceBehavior [ RunTime:0.000588s ]
INFO: [ app_end ] --END-- [ RunTime:0.000676s ]

[ 2015-07-24T10:13:02+08:00 ] ::1 /capcc0723/index.php/Home/Login/check_reg_name?name=3333
INFO: [ app_begin ] --START--
INFO: Run Behavior\ReadHtmlCacheBehavior [ RunTime:0.000588s ]
INFO: [ app_begin ] --END-- [ RunTime:0.001002s ]
SQL: SHOW COLUMNS FROM `user` [ RunTime:0.0029s ]
SQL: SELECT * FROM `user` WHERE ( username=3333 ) LIMIT 1   [ RunTime:0.0002s ]
INFO: [ app_end ] --START--
INFO: Run Behavior\ShowPageTraceBehavior [ RunTime:0.000579s ]
INFO: [ app_end ] --END-- [ RunTime:0.000667s ]

[ 2015-07-24T10:31:03+08:00 ] ::1 /capcc0723/index.php/Home/Login/check_reg_name?name=1111
INFO: [ app_begin ] --START--
INFO: Run Behavior\ReadHtmlCacheBehavior [ RunTime:0.000655s ]
INFO: [ app_begin ] --END-- [ RunTime:0.001073s ]
SQL: SHOW COLUMNS FROM `user` [ RunTime:0.0028s ]
SQL: SELECT * FROM `user` WHERE ( username=1111 ) LIMIT 1   [ RunTime:0.0002s ]
INFO: [ app_end ] --START--
INFO: Run Behavior\ShowPageTraceBehavior [ RunTime:0.000653s ]
INFO: [ app_end ] --END-- [ RunTime:0.000740s ]

[ 2015-07-24T10:31:20+08:00 ] ::1 /capcc0723/index.php/Home/Login/check_reg_name?name=1111
INFO: [ app_begin ] --START--
INFO: Run Behavior\ReadHtmlCacheBehavior [ RunTime:0.000631s ]
INFO: [ app_begin ] --END-- [ RunTime:0.001006s ]
SQL: SHOW COLUMNS FROM `user` [ RunTime:0.0031s ]
SQL: SELECT * FROM `user` WHERE ( username=1111 ) LIMIT 1   [ RunTime:0.0002s ]
INFO: [ app_end ] --START--
INFO: Run Behavior\ShowPageTraceBehavior [ RunTime:0.000668s ]
INFO: [ app_end ] --END-- [ RunTime:0.000754s ]

[ 2015-07-24T11:03:42+08:00 ] ::1 /capcc0723/index.php/Home/Login/%E7%99%BB%E5%BD%95%E6%88%90%E5%8A%9F
ERR: 非法操作:登录成功

[ 2015-07-24T11:04:51+08:00 ] ::1 /capcc0723/index.php/Home/Login/%E7%99%BB%E5%BD%95%E6%88%90%E5%8A%9F
ERR: 非法操作:登录成功

[ 2015-07-24T11:04:59+08:00 ] ::1 /capcc0723/index.php/Home/Login/Index/index
ERR: 非法操作:Index

[ 2015-07-24T11:11:36+08:00 ] ::1 /capcc0723/index.php/Home/Login/Index/index
ERR: 非法操作:Index

[ 2015-07-24T11:31:41+08:00 ] ::1 /capcc0723/index.php/Home/Login/check_reg_name?name=
INFO: [ app_begin ] --START--
INFO: Run Behavior\ReadHtmlCacheBehavior [ RunTime:0.001080s ]
INFO: [ app_begin ] --END-- [ RunTime:0.001733s ]
SQL: SHOW COLUMNS FROM `user` [ RunTime:0.0030s ]
ERR: SQLSTATE[42000]: Syntax error or access violation: 1064 Erreur de syntaxe près de ') LIMIT 1' à la ligne 1

[ 2015-07-24T11:31:44+08:00 ] ::1 /capcc0723/index.php/Home/Login/check_reg_name?name=11
INFO: [ app_begin ] --START--
INFO: Run Behavior\ReadHtmlCacheBehavior [ RunTime:0.000662s ]
INFO: [ app_begin ] --END-- [ RunTime:0.001035s ]
SQL: SHOW COLUMNS FROM `user` [ RunTime:0.0030s ]
SQL: SELECT * FROM `user` WHERE ( username=11 ) LIMIT 1   [ RunTime:0.0002s ]
INFO: [ app_end ] --START--
INFO: Run Behavior\ShowPageTraceBehavior [ RunTime:0.000679s ]
INFO: [ app_end ] --END-- [ RunTime:0.000771s ]

[ 2015-07-24T11:35:22+08:00 ] ::1 /capcc0723/index.php/Home/Login/check_reg_name?name=
INFO: [ app_begin ] --START--
INFO: Run Behavior\ReadHtmlCacheBehavior [ RunTime:0.000618s ]
INFO: [ app_begin ] --END-- [ RunTime:0.001010s ]
SQL: SHOW COLUMNS FROM `user` [ RunTime:0.0026s ]
ERR: SQLSTATE[42000]: Syntax error or access violation: 1064 Erreur de syntaxe près de ') LIMIT 1' à la ligne 1

[ 2015-07-24T11:35:27+08:00 ] ::1 /capcc0723/index.php/Home/Login/check_reg_name?name=11
INFO: [ app_begin ] --START--
INFO: Run Behavior\ReadHtmlCacheBehavior [ RunTime:0.000585s ]
INFO: [ app_begin ] --END-- [ RunTime:0.000910s ]
SQL: SHOW COLUMNS FROM `user` [ RunTime:0.0030s ]
SQL: SELECT * FROM `user` WHERE ( username=11 ) LIMIT 1   [ RunTime:0.0002s ]
INFO: [ app_end ] --START--
INFO: Run Behavior\ShowPageTraceBehavior [ RunTime:0.000596s ]
INFO: [ app_end ] --END-- [ RunTime:0.000683s ]

[ 2015-07-24T12:52:05+08:00 ] ::1 /capcc0723/index.php/Home/Login/check_reg_name?name=11
INFO: [ app_begin ] --START--
INFO: Run Behavior\ReadHtmlCacheBehavior [ RunTime:0.000773s ]
INFO: [ app_begin ] --END-- [ RunTime:0.001303s ]
SQL: SHOW COLUMNS FROM `user` [ RunTime:0.0028s ]
SQL: SELECT * FROM `user` WHERE ( username=11 ) LIMIT 1   [ RunTime:0.0002s ]
INFO: [ app_end ] --START--
INFO: Run Behavior\ShowPageTraceBehavior [ RunTime:0.000651s ]
INFO: [ app_end ] --END-- [ RunTime:0.000737s ]

[ 2015-07-24T12:52:11+08:00 ] ::1 /capcc0723/index.php/Home/Login/check_reg_name?name=1111
INFO: [ app_begin ] --START--
INFO: Run Behavior\ReadHtmlCacheBehavior [ RunTime:0.000656s ]
INFO: [ app_begin ] --END-- [ RunTime:0.001074s ]
SQL: SHOW COLUMNS FROM `user` [ RunTime:0.0031s ]
SQL: SELECT * FROM `user` WHERE ( username=1111 ) LIMIT 1   [ RunTime:0.0002s ]
INFO: [ app_end ] --START--
INFO: Run Behavior\ShowPageTraceBehavior [ RunTime:0.000626s ]
INFO: [ app_end ] --END-- [ RunTime:0.000712s ]

[ 2015-07-24T13:02:42+08:00 ] ::1 /capcc0723/index.php/Home/Login/check_reg_name?name=1111
INFO: [ app_begin ] --START--
INFO: Run Behavior\ReadHtmlCacheBehavior [ RunTime:0.000570s ]
INFO: [ app_begin ] --END-- [ RunTime:0.000958s ]
SQL: SHOW COLUMNS FROM `user` [ RunTime:0.0027s ]
SQL: SELECT * FROM `user` WHERE ( username=1111 ) LIMIT 1   [ RunTime:0.0002s ]
INFO: [ app_end ] --START--
INFO: Run Behavior\ShowPageTraceBehavior [ RunTime:0.000606s ]
INFO: [ app_end ] --END-- [ RunTime:0.000693s ]

[ 2015-07-24T13:02:46+08:00 ] ::1 /capcc0723/index.php/Home/Login/check_reg_name?name=1112
INFO: [ app_begin ] --START--
INFO: Run Behavior\ReadHtmlCacheBehavior [ RunTime:0.000541s ]
INFO: [ app_begin ] --END-- [ RunTime:0.000911s ]
SQL: SHOW COLUMNS FROM `user` [ RunTime:0.0033s ]
SQL: SELECT * FROM `user` WHERE ( username=1112 ) LIMIT 1   [ RunTime:0.0002s ]
INFO: [ app_end ] --START--
INFO: Run Behavior\ShowPageTraceBehavior [ RunTime:0.000589s ]
INFO: [ app_end ] --END-- [ RunTime:0.000675s ]

[ 2015-07-24T13:06:06+08:00 ] ::1 /capcc0723/index.php/Home/Login/check_reg_name?name=111
INFO: [ app_begin ] --START--
INFO: Run Behavior\ReadHtmlCacheBehavior [ RunTime:0.000653s ]
INFO: [ app_begin ] --END-- [ RunTime:0.001073s ]
SQL: SHOW COLUMNS FROM `user` [ RunTime:0.0034s ]
SQL: SELECT * FROM `user` WHERE ( username=111 ) LIMIT 1   [ RunTime:0.0002s ]
INFO: [ app_end ] --START--
INFO: Run Behavior\ShowPageTraceBehavior [ RunTime:0.000643s ]
INFO: [ app_end ] --END-- [ RunTime:0.000732s ]

[ 2015-07-24T13:06:08+08:00 ] ::1 /capcc0723/index.php/Home/Login/check_reg_name?name=1111
INFO: [ app_begin ] --START--
INFO: Run Behavior\ReadHtmlCacheBehavior [ RunTime:0.000606s ]
INFO: [ app_begin ] --END-- [ RunTime:0.000992s ]
SQL: SHOW COLUMNS FROM `user` [ RunTime:0.0033s ]
SQL: SELECT * FROM `user` WHERE ( username=1111 ) LIMIT 1   [ RunTime:0.0002s ]
INFO: [ app_end ] --START--
INFO: Run Behavior\ShowPageTraceBehavior [ RunTime:0.000633s ]
INFO: [ app_end ] --END-- [ RunTime:0.000724s ]

[ 2015-07-24T13:06:09+08:00 ] ::1 /capcc0723/index.php/Home/Login/check_reg_name?name=11111
INFO: [ app_begin ] --START--
INFO: Run Behavior\ReadHtmlCacheBehavior [ RunTime:0.000613s ]
INFO: [ app_begin ] --END-- [ RunTime:0.001022s ]
SQL: SHOW COLUMNS FROM `user` [ RunTime:0.0036s ]
SQL: SELECT * FROM `user` WHERE ( username=11111 ) LIMIT 1   [ RunTime:0.0002s ]
INFO: [ app_end ] --START--
INFO: Run Behavior\ShowPageTraceBehavior [ RunTime:0.000608s ]
INFO: [ app_end ] --END-- [ RunTime:0.000702s ]

