[ 2015-06-29T12:34:07+08:00 ] ::1 /capcc0624/
INFO: [ app_init ] --START--
INFO: Run Behavior\BuildLiteBehavior [ RunTime:0.000034s ]
INFO: [ app_init ] --END-- [ RunTime:0.002547s ]

[ 2015-06-29T15:51:42+08:00 ] ::1 /capcc0624/Home/Index/test
INFO: [ app_init ] --START--
INFO: Run Behavior\BuildLiteBehavior [ RunTime:0.000024s ]
INFO: [ app_init ] --END-- [ RunTime:0.001116s ]

[ 2015-06-29T15:51:59+08:00 ] ::1 /capcc0624/Home/Index/test
INFO: [ app_init ] --START--
INFO: Run Behavior\BuildLiteBehavior [ RunTime:0.000019s ]
INFO: [ app_init ] --END-- [ RunTime:0.000531s ]

[ 2015-06-29T15:53:34+08:00 ] ::1 /capcc0624/Home/Index/
INFO: [ app_init ] --START--
INFO: Run Behavior\BuildLiteBehavior [ RunTime:0.000032s ]
INFO: [ app_init ] --END-- [ RunTime:0.000777s ]

[ 2015-06-29T15:53:34+08:00 ] ::1 /capcc0624/Home/Index/images/body_up.png
INFO: [ app_init ] --START--
INFO: Run Behavior\BuildLiteBehavior [ RunTime:0.000030s ]
INFO: [ app_init ] --END-- [ RunTime:0.000754s ]

[ 2015-06-29T15:53:34+08:00 ] ::1 /capcc0624/Home/Index/images_show/1%20(2).jpg
INFO: [ app_init ] --START--
INFO: Run Behavior\BuildLiteBehavior [ RunTime:0.000033s ]
INFO: [ app_init ] --END-- [ RunTime:0.000841s ]

[ 2015-06-29T15:53:34+08:00 ] ::1 /capcc0624/Home/Index/images_show/1%20(1).jpg
INFO: [ app_init ] --START--
INFO: Run Behavior\BuildLiteBehavior [ RunTime:0.000030s ]
INFO: [ app_init ] --END-- [ RunTime:0.001017s ]

[ 2015-06-29T15:53:34+08:00 ] ::1 /capcc0624/Home/Index/images_show/1%20(5).jpg
INFO: [ app_init ] --START--
INFO: Run Behavior\BuildLiteBehavior [ RunTime:0.000028s ]
INFO: [ app_init ] --END-- [ RunTime:0.000726s ]

[ 2015-06-29T15:53:34+08:00 ] ::1 /capcc0624/Home/Index/images_show/1%20(4).jpg
INFO: [ app_init ] --START--
INFO: Run Behavior\BuildLiteBehavior [ RunTime:0.000031s ]
INFO: [ app_init ] --END-- [ RunTime:0.000826s ]

[ 2015-06-29T15:53:34+08:00 ] ::1 /capcc0624/Home/Index/images_show/1%20(6).jpg
INFO: [ app_init ] --START--
INFO: Run Behavior\BuildLiteBehavior [ RunTime:0.000036s ]
INFO: [ app_init ] --END-- [ RunTime:0.001488s ]

[ 2015-06-29T15:53:34+08:00 ] ::1 /capcc0624/Home/Index/images_show/1%20(7).jpg
INFO: [ app_init ] --START--
INFO: Run Behavior\BuildLiteBehavior [ RunTime:0.000030s ]
INFO: [ app_init ] --END-- [ RunTime:0.000805s ]

[ 2015-06-29T15:53:34+08:00 ] ::1 /capcc0624/Home/Index/images_show/1%20(8).jpg
INFO: [ app_init ] --START--
INFO: Run Behavior\BuildLiteBehavior [ RunTime:0.000031s ]
INFO: [ app_init ] --END-- [ RunTime:0.000751s ]

[ 2015-06-29T15:53:34+08:00 ] ::1 /capcc0624/Home/Index/images_show/1%20(3).jpg
INFO: [ app_init ] --START--
INFO: Run Behavior\BuildLiteBehavior [ RunTime:0.000037s ]
INFO: [ app_init ] --END-- [ RunTime:0.004102s ]

[ 2015-06-29T15:53:34+08:00 ] ::1 /capcc0624/Home/Index/images/%E6%89%AC%E5%B7%9E%20%E6%99%AE%E5%93%88%E4%B8%81%E5%A2%93%E5%9B%AD%20%E4%B8%81%E6%98%A5%E6%99%B4%E6%91%84.jpg
INFO: [ app_init ] --START--
INFO: Run Behavior\BuildLiteBehavior [ RunTime:0.000029s ]
INFO: [ app_init ] --END-- [ RunTime:0.000734s ]

[ 2015-06-29T15:53:34+08:00 ] ::1 /capcc0624/Home/Index/images/%E7%BB%BC%E5%90%88%E8%AE%BE%E8%AE%A1%E7%B4%A0%E6%9D%90%20108.jpg
INFO: [ app_init ] --START--
INFO: Run Behavior\BuildLiteBehavior [ RunTime:0.000028s ]
INFO: [ app_init ] --END-- [ RunTime:0.000694s ]

[ 2015-06-29T15:53:34+08:00 ] ::1 /capcc0624/Home/Index/images/%E6%A0%87%E8%AF%86%E7%AC%A6%E5%8F%B7%20(1).jpg
INFO: [ app_init ] --START--
INFO: Run Behavior\BuildLiteBehavior [ RunTime:0.000033s ]
INFO: [ app_init ] --END-- [ RunTime:0.017577s ]

[ 2015-06-29T15:53:34+08:00 ] ::1 /capcc0624/Home/Index/images/%E7%94%B3%E9%81%97.JPG
INFO: [ app_init ] --START--
INFO: Run Behavior\BuildLiteBehavior [ RunTime:0.000035s ]
INFO: [ app_init ] --END-- [ RunTime:0.000909s ]

[ 2015-06-29T15:53:34+08:00 ] ::1 /capcc0624/Home/Index/images/%E8%BF%90%E6%B2%B3%E4%BA%94%E5%8F%B7-09.jpg
INFO: [ app_init ] --START--
INFO: Run Behavior\BuildLiteBehavior [ RunTime:0.000034s ]
INFO: [ app_init ] --END-- [ RunTime:0.000983s ]

[ 2015-06-29T15:53:34+08:00 ] ::1 /capcc0624/Home/Index/images/%E5%85%B8%E8%97%8F-%E9%99%88%E5%BE%B7%E5%BF%A0-(2).jpg
INFO: [ app_init ] --START--
INFO: Run Behavior\BuildLiteBehavior [ RunTime:0.000026s ]
INFO: [ app_init ] --END-- [ RunTime:0.000781s ]

[ 2015-06-29T15:53:34+08:00 ] ::1 /capcc0624/Home/Index/images/%E5%93%81%E7%89%8C%E7%BB%BF%E6%B3%A2%E7%BE%8E%E6%9C%AF%E9%A6%86.jpg
INFO: [ app_init ] --START--
INFO: Run Behavior\BuildLiteBehavior [ RunTime:0.000047s ]
INFO: [ app_init ] --END-- [ RunTime:0.001353s ]

[ 2015-06-29T15:53:34+08:00 ] ::1 /capcc0624/Home/Index/images/%E5%93%81%E7%89%8C-%E7%BB%BF%E6%B3%A2.jpg
INFO: [ app_init ] --START--
INFO: Run Behavior\BuildLiteBehavior [ RunTime:0.000027s ]
INFO: [ app_init ] --END-- [ RunTime:0.001729s ]

[ 2015-06-29T15:53:34+08:00 ] ::1 /capcc0624/Home/Index/images/%E5%85%B8%E8%97%8F-%E9%99%88%E5%BE%B7%E5%BF%A0.jpg
INFO: [ app_init ] --START--
INFO: Run Behavior\BuildLiteBehavior [ RunTime:0.000076s ]
INFO: [ app_init ] --END-- [ RunTime:0.002673s ]

[ 2015-06-29T15:53:34+08:00 ] ::1 /capcc0624/Home/Index/images/body_center1bg.jpg
INFO: [ app_init ] --START--
INFO: Run Behavior\BuildLiteBehavior [ RunTime:0.000033s ]
INFO: [ app_init ] --END-- [ RunTime:0.000804s ]

[ 2015-06-29T15:53:44+08:00 ] ::1 /capcc0624/Home/Index/images/bracket.jpg
INFO: [ app_init ] --START--
INFO: Run Behavior\BuildLiteBehavior [ RunTime:0.000018s ]
INFO: [ app_init ] --END-- [ RunTime:0.000590s ]

[ 2015-06-29T15:53:45+08:00 ] ::1 /capcc0624/Home/Index/images/bracket.jpg
INFO: [ app_init ] --START--
INFO: Run Behavior\BuildLiteBehavior [ RunTime:0.000025s ]
INFO: [ app_init ] --END-- [ RunTime:0.000536s ]

[ 2015-06-29T15:53:46+08:00 ] ::1 /capcc0624/Home/Index/images/bracket.jpg
INFO: [ app_init ] --START--
INFO: Run Behavior\BuildLiteBehavior [ RunTime:0.000019s ]
INFO: [ app_init ] --END-- [ RunTime:0.000535s ]

[ 2015-06-29T15:53:46+08:00 ] ::1 /capcc0624/Home/Index/images/bracket.jpg
INFO: [ app_init ] --START--
INFO: Run Behavior\BuildLiteBehavior [ RunTime:0.000028s ]
INFO: [ app_init ] --END-- [ RunTime:0.000765s ]

[ 2015-06-29T15:53:47+08:00 ] ::1 /capcc0624/Home/Index/images/bracket.jpg
INFO: [ app_init ] --START--
INFO: Run Behavior\BuildLiteBehavior [ RunTime:0.000021s ]
INFO: [ app_init ] --END-- [ RunTime:0.000556s ]

[ 2015-06-29T16:00:19+08:00 ] ::1 /capcc0624/Home/Index/
INFO: [ app_init ] --START--
INFO: Run Behavior\BuildLiteBehavior [ RunTime:0.000056s ]
INFO: [ app_init ] --END-- [ RunTime:0.000899s ]

[ 2015-06-29T16:00:19+08:00 ] ::1 /capcc0624/Home/Index/images/body_up.png
INFO: [ app_init ] --START--
INFO: Run Behavior\BuildLiteBehavior [ RunTime:0.000034s ]
INFO: [ app_init ] --END-- [ RunTime:0.001068s ]

[ 2015-06-29T16:00:19+08:00 ] ::1 /capcc0624/Home/Index/images_show/1%20(2).jpg
INFO: [ app_init ] --START--
INFO: Run Behavior\BuildLiteBehavior [ RunTime:0.000030s ]
INFO: [ app_init ] --END-- [ RunTime:0.000779s ]

[ 2015-06-29T16:00:19+08:00 ] ::1 /capcc0624/Home/Index/images_show/1%20(1).jpg
INFO: [ app_init ] --START--
INFO: Run Behavior\BuildLiteBehavior [ RunTime:0.000030s ]
INFO: [ app_init ] --END-- [ RunTime:0.000772s ]

[ 2015-06-29T16:00:19+08:00 ] ::1 /capcc0624/Home/Index/images_show/1%20(3).jpg
INFO: [ app_init ] --START--
INFO: Run Behavior\BuildLiteBehavior [ RunTime:0.000032s ]
INFO: [ app_init ] --END-- [ RunTime:0.000937s ]

[ 2015-06-29T16:00:19+08:00 ] ::1 /capcc0624/Home/Index/images_show/1%20(4).jpg
INFO: [ app_init ] --START--
INFO: Run Behavior\BuildLiteBehavior [ RunTime:0.000033s ]
INFO: [ app_init ] --END-- [ RunTime:0.001550s ]

[ 2015-06-29T16:00:19+08:00 ] ::1 /capcc0624/Home/Index/images_show/1%20(6).jpg
INFO: [ app_init ] --START--
INFO: Run Behavior\BuildLiteBehavior [ RunTime:0.000029s ]
INFO: [ app_init ] --END-- [ RunTime:0.000715s ]

[ 2015-06-29T16:00:19+08:00 ] ::1 /capcc0624/Home/Index/images_show/1%20(7).jpg
INFO: [ app_init ] --START--
INFO: Run Behavior\BuildLiteBehavior [ RunTime:0.000037s ]
INFO: [ app_init ] --END-- [ RunTime:0.000973s ]

[ 2015-06-29T16:00:19+08:00 ] ::1 /capcc0624/Home/Index/images_show/1%20(8).jpg
INFO: [ app_init ] --START--
INFO: Run Behavior\BuildLiteBehavior [ RunTime:0.000032s ]
INFO: [ app_init ] --END-- [ RunTime:0.015587s ]

[ 2015-06-29T16:00:19+08:00 ] ::1 /capcc0624/Home/Index/images/%E7%BB%BC%E5%90%88%E8%AE%BE%E8%AE%A1%E7%B4%A0%E6%9D%90%20108.jpg
INFO: [ app_init ] --START--
INFO: Run Behavior\BuildLiteBehavior [ RunTime:0.000070s ]
INFO: [ app_init ] --END-- [ RunTime:0.001467s ]

[ 2015-06-29T16:00:19+08:00 ] ::1 /capcc0624/Home/Index/images_show/1%20(5).jpg
INFO: [ app_init ] --START--
INFO: Run Behavior\BuildLiteBehavior [ RunTime:0.000028s ]
INFO: [ app_init ] --END-- [ RunTime:0.000732s ]

[ 2015-06-29T16:00:19+08:00 ] ::1 /capcc0624/Home/Index/images/%E6%89%AC%E5%B7%9E%20%E6%99%AE%E5%93%88%E4%B8%81%E5%A2%93%E5%9B%AD%20%E4%B8%81%E6%98%A5%E6%99%B4%E6%91%84.jpg
INFO: [ app_init ] --START--
INFO: Run Behavior\BuildLiteBehavior [ RunTime:0.000033s ]
INFO: [ app_init ] --END-- [ RunTime:0.000665s ]

[ 2015-06-29T16:00:19+08:00 ] ::1 /capcc0624/Home/Index/images/%E6%A0%87%E8%AF%86%E7%AC%A6%E5%8F%B7%20(1).jpg
INFO: [ app_init ] --START--
INFO: Run Behavior\BuildLiteBehavior [ RunTime:0.000032s ]
INFO: [ app_init ] --END-- [ RunTime:0.000987s ]

[ 2015-06-29T16:00:19+08:00 ] ::1 /capcc0624/Home/Index/images/%E7%94%B3%E9%81%97.JPG
INFO: [ app_init ] --START--
INFO: Run Behavior\BuildLiteBehavior [ RunTime:0.000044s ]
INFO: [ app_init ] --END-- [ RunTime:0.000685s ]

[ 2015-06-29T16:00:19+08:00 ] ::1 /capcc0624/Home/Index/images/%E5%85%B8%E8%97%8F-%E9%99%88%E5%BE%B7%E5%BF%A0.jpg
INFO: [ app_init ] --START--
INFO: Run Behavior\BuildLiteBehavior [ RunTime:0.000030s ]
INFO: [ app_init ] --END-- [ RunTime:0.000742s ]

[ 2015-06-29T16:00:19+08:00 ] ::1 /capcc0624/Home/Index/images/%E8%BF%90%E6%B2%B3%E4%BA%94%E5%8F%B7-09.jpg
INFO: [ app_init ] --START--
INFO: Run Behavior\BuildLiteBehavior [ RunTime:0.000030s ]
INFO: [ app_init ] --END-- [ RunTime:0.000929s ]

[ 2015-06-29T16:00:19+08:00 ] ::1 /capcc0624/Home/Index/images/%E5%85%B8%E8%97%8F-%E9%99%88%E5%BE%B7%E5%BF%A0-(2).jpg
INFO: [ app_init ] --START--
INFO: Run Behavior\BuildLiteBehavior [ RunTime:0.000018s ]
INFO: [ app_init ] --END-- [ RunTime:0.000485s ]

[ 2015-06-29T16:00:19+08:00 ] ::1 /capcc0624/Home/Index/images/%E5%93%81%E7%89%8C%E7%BB%BF%E6%B3%A2%E7%BE%8E%E6%9C%AF%E9%A6%86.jpg
INFO: [ app_init ] --START--
INFO: Run Behavior\BuildLiteBehavior [ RunTime:0.000020s ]
INFO: [ app_init ] --END-- [ RunTime:0.000577s ]

[ 2015-06-29T16:00:19+08:00 ] ::1 /capcc0624/Home/Index/images/%E5%93%81%E7%89%8C-%E7%BB%BF%E6%B3%A2.jpg
INFO: [ app_init ] --START--
INFO: Run Behavior\BuildLiteBehavior [ RunTime:0.000017s ]
INFO: [ app_init ] --END-- [ RunTime:0.000504s ]

[ 2015-06-29T16:00:20+08:00 ] ::1 /capcc0624/Home/Index/images/body_center1bg.jpg
INFO: [ app_init ] --START--
INFO: Run Behavior\BuildLiteBehavior [ RunTime:0.000028s ]
INFO: [ app_init ] --END-- [ RunTime:0.000943s ]

[ 2015-06-29T16:00:20+08:00 ] ::1 /capcc0624/Home/Index/images/bracket.jpg
INFO: [ app_init ] --START--
INFO: Run Behavior\BuildLiteBehavior [ RunTime:0.000064s ]
INFO: [ app_init ] --END-- [ RunTime:0.001325s ]

[ 2015-06-29T16:01:37+08:00 ] ::1 /capcc0624/Home/Index/images/bracket.jpg
INFO: [ app_init ] --START--
INFO: Run Behavior\BuildLiteBehavior [ RunTime:0.000019s ]
INFO: [ app_init ] --END-- [ RunTime:0.000569s ]

[ 2015-06-29T16:01:38+08:00 ] ::1 /capcc0624/Home/Index/
INFO: [ app_init ] --START--
INFO: Run Behavior\BuildLiteBehavior [ RunTime:0.000028s ]
INFO: [ app_init ] --END-- [ RunTime:0.000786s ]

[ 2015-06-29T16:01:39+08:00 ] ::1 /capcc0624/Home/Index/images/body_up.png
INFO: [ app_init ] --START--
INFO: Run Behavior\BuildLiteBehavior [ RunTime:0.000034s ]
INFO: [ app_init ] --END-- [ RunTime:0.000747s ]

[ 2015-06-29T16:01:39+08:00 ] ::1 /capcc0624/Home/Index/images_show/1%20(2).jpg
INFO: [ app_init ] --START--
INFO: Run Behavior\BuildLiteBehavior [ RunTime:0.000029s ]
INFO: [ app_init ] --END-- [ RunTime:0.000796s ]

[ 2015-06-29T16:01:39+08:00 ] ::1 /capcc0624/Home/Index/images_show/1%20(1).jpg
INFO: [ app_init ] --START--
INFO: Run Behavior\BuildLiteBehavior [ RunTime:0.000032s ]
INFO: [ app_init ] --END-- [ RunTime:0.000738s ]

[ 2015-06-29T16:01:39+08:00 ] ::1 /capcc0624/Home/Index/images_show/1%20(3).jpg
INFO: [ app_init ] --START--
INFO: Run Behavior\BuildLiteBehavior [ RunTime:0.000031s ]
INFO: [ app_init ] --END-- [ RunTime:0.000778s ]

[ 2015-06-29T16:01:39+08:00 ] ::1 /capcc0624/Home/Index/images_show/1%20(5).jpg
INFO: [ app_init ] --START--
INFO: Run Behavior\BuildLiteBehavior [ RunTime:0.000032s ]
INFO: [ app_init ] --END-- [ RunTime:0.001004s ]

[ 2015-06-29T16:01:39+08:00 ] ::1 /capcc0624/Home/Index/images_show/1%20(4).jpg
INFO: [ app_init ] --START--
INFO: Run Behavior\BuildLiteBehavior [ RunTime:0.000028s ]
INFO: [ app_init ] --END-- [ RunTime:0.000760s ]

[ 2015-06-29T16:01:39+08:00 ] ::1 /capcc0624/Home/Index/images_show/1%20(6).jpg
INFO: [ app_init ] --START--
INFO: Run Behavior\BuildLiteBehavior [ RunTime:0.000035s ]
INFO: [ app_init ] --END-- [ RunTime:0.000964s ]

[ 2015-06-29T16:01:39+08:00 ] ::1 /capcc0624/Home/Index/images_show/1%20(7).jpg
INFO: [ app_init ] --START--
INFO: Run Behavior\BuildLiteBehavior [ RunTime:0.000041s ]
INFO: [ app_init ] --END-- [ RunTime:0.001147s ]

[ 2015-06-29T16:01:39+08:00 ] ::1 /capcc0624/Home/Index/images/%E6%A0%87%E8%AF%86%E7%AC%A6%E5%8F%B7%20(1).jpg
INFO: [ app_init ] --START--
INFO: Run Behavior\BuildLiteBehavior [ RunTime:0.000046s ]
INFO: [ app_init ] --END-- [ RunTime:0.001030s ]

[ 2015-06-29T16:01:39+08:00 ] ::1 /capcc0624/Home/Index/images_show/1%20(8).jpg
INFO: [ app_init ] --START--
INFO: Run Behavior\BuildLiteBehavior [ RunTime:0.000032s ]
INFO: [ app_init ] --END-- [ RunTime:0.001055s ]

[ 2015-06-29T16:01:39+08:00 ] ::1 /capcc0624/Home/Index/images/%E7%BB%BC%E5%90%88%E8%AE%BE%E8%AE%A1%E7%B4%A0%E6%9D%90%20108.jpg
INFO: [ app_init ] --START--
INFO: Run Behavior\BuildLiteBehavior [ RunTime:0.000029s ]
INFO: [ app_init ] --END-- [ RunTime:0.000709s ]

[ 2015-06-29T16:01:39+08:00 ] ::1 /capcc0624/Home/Index/images/%E7%94%B3%E9%81%97.JPG
INFO: [ app_init ] --START--
INFO: Run Behavior\BuildLiteBehavior [ RunTime:0.000031s ]
INFO: [ app_init ] --END-- [ RunTime:0.000782s ]

[ 2015-06-29T16:01:39+08:00 ] ::1 /capcc0624/Home/Index/images/%E8%BF%90%E6%B2%B3%E4%BA%94%E5%8F%B7-09.jpg
INFO: [ app_init ] --START--
INFO: Run Behavior\BuildLiteBehavior [ RunTime:0.000034s ]
INFO: [ app_init ] --END-- [ RunTime:0.000691s ]

[ 2015-06-29T16:01:39+08:00 ] ::1 /capcc0624/Home/Index/images/%E5%85%B8%E8%97%8F-%E9%99%88%E5%BE%B7%E5%BF%A0.jpg
INFO: [ app_init ] --START--
INFO: Run Behavior\BuildLiteBehavior [ RunTime:0.000030s ]
INFO: [ app_init ] --END-- [ RunTime:0.000860s ]

[ 2015-06-29T16:01:39+08:00 ] ::1 /capcc0624/Home/Index/images/%E5%93%81%E7%89%8C%E7%BB%BF%E6%B3%A2%E7%BE%8E%E6%9C%AF%E9%A6%86.jpg
INFO: [ app_init ] --START--
INFO: Run Behavior\BuildLiteBehavior [ RunTime:0.000025s ]
INFO: [ app_init ] --END-- [ RunTime:0.000735s ]

[ 2015-06-29T16:01:39+08:00 ] ::1 /capcc0624/Home/Index/images/%E5%85%B8%E8%97%8F-%E9%99%88%E5%BE%B7%E5%BF%A0-(2).jpg
INFO: [ app_init ] --START--
INFO: Run Behavior\BuildLiteBehavior [ RunTime:0.000030s ]
INFO: [ app_init ] --END-- [ RunTime:0.000802s ]

[ 2015-06-29T16:01:39+08:00 ] ::1 /capcc0624/Home/Index/images/%E5%93%81%E7%89%8C-%E7%BB%BF%E6%B3%A2.jpg
INFO: [ app_init ] --START--
INFO: Run Behavior\BuildLiteBehavior [ RunTime:0.000032s ]
INFO: [ app_init ] --END-- [ RunTime:0.000798s ]

[ 2015-06-29T16:01:39+08:00 ] ::1 /capcc0624/Home/Index/images/%E6%89%AC%E5%B7%9E%20%E6%99%AE%E5%93%88%E4%B8%81%E5%A2%93%E5%9B%AD%20%E4%B8%81%E6%98%A5%E6%99%B4%E6%91%84.jpg
INFO: [ app_init ] --START--
INFO: Run Behavior\BuildLiteBehavior [ RunTime:0.000029s ]
INFO: [ app_init ] --END-- [ RunTime:0.000749s ]

[ 2015-06-29T16:01:39+08:00 ] ::1 /capcc0624/Home/Index/images/body_center1bg.jpg
INFO: [ app_init ] --START--
INFO: Run Behavior\BuildLiteBehavior [ RunTime:0.000028s ]
INFO: [ app_init ] --END-- [ RunTime:0.001001s ]

[ 2015-06-29T16:01:40+08:00 ] ::1 /capcc0624/Home/Index/images/bracket.jpg
INFO: [ app_init ] --START--
INFO: Run Behavior\BuildLiteBehavior [ RunTime:0.000039s ]
INFO: [ app_init ] --END-- [ RunTime:0.000943s ]

[ 2015-06-29T16:04:51+08:00 ] ::1 /capcc0624/Home/Index/
INFO: [ app_init ] --START--
INFO: Run Behavior\BuildLiteBehavior [ RunTime:0.000020s ]
INFO: [ app_init ] --END-- [ RunTime:0.000635s ]

[ 2015-06-29T16:04:52+08:00 ] ::1 /capcc0624/Home/Index/images/body_up.png
INFO: [ app_init ] --START--
INFO: Run Behavior\BuildLiteBehavior [ RunTime:0.000020s ]
INFO: [ app_init ] --END-- [ RunTime:0.000645s ]

[ 2015-06-29T16:04:52+08:00 ] ::1 /capcc0624/Home/Index/images_show/1%20(1).jpg
INFO: [ app_init ] --START--
INFO: Run Behavior\BuildLiteBehavior [ RunTime:0.000027s ]
INFO: [ app_init ] --END-- [ RunTime:0.000703s ]

[ 2015-06-29T16:04:52+08:00 ] ::1 /capcc0624/Home/Index/images_show/1%20(3).jpg
INFO: [ app_init ] --START--
INFO: Run Behavior\BuildLiteBehavior [ RunTime:0.000033s ]
INFO: [ app_init ] --END-- [ RunTime:0.001242s ]

[ 2015-06-29T16:04:52+08:00 ] ::1 /capcc0624/Home/Index/images_show/1%20(2).jpg
INFO: [ app_init ] --START--
INFO: Run Behavior\BuildLiteBehavior [ RunTime:0.000031s ]
INFO: [ app_init ] --END-- [ RunTime:0.000867s ]

[ 2015-06-29T16:04:52+08:00 ] ::1 /capcc0624/Home/Index/images_show/1%20(4).jpg
INFO: [ app_init ] --START--
INFO: Run Behavior\BuildLiteBehavior [ RunTime:0.000027s ]
INFO: [ app_init ] --END-- [ RunTime:0.000835s ]

[ 2015-06-29T16:04:52+08:00 ] ::1 /capcc0624/Home/Index/images_show/1%20(5).jpg
INFO: [ app_init ] --START--
INFO: Run Behavior\BuildLiteBehavior [ RunTime:0.000025s ]
INFO: [ app_init ] --END-- [ RunTime:0.000753s ]

[ 2015-06-29T16:04:52+08:00 ] ::1 /capcc0624/Home/Index/images_show/1%20(7).jpg
INFO: [ app_init ] --START--
INFO: Run Behavior\BuildLiteBehavior [ RunTime:0.000027s ]
INFO: [ app_init ] --END-- [ RunTime:0.000817s ]

[ 2015-06-29T16:04:52+08:00 ] ::1 /capcc0624/Home/Index/images_show/1%20(8).jpg
INFO: [ app_init ] --START--
INFO: Run Behavior\BuildLiteBehavior [ RunTime:0.000118s ]
INFO: [ app_init ] --END-- [ RunTime:0.000992s ]

[ 2015-06-29T16:04:52+08:00 ] ::1 /capcc0624/Home/Index/images/%E6%A0%87%E8%AF%86%E7%AC%A6%E5%8F%B7%20(1).jpg
INFO: [ app_init ] --START--
INFO: Run Behavior\BuildLiteBehavior [ RunTime:0.000048s ]
INFO: [ app_init ] --END-- [ RunTime:0.000948s ]

[ 2015-06-29T16:04:52+08:00 ] ::1 /capcc0624/Home/Index/images/%E7%BB%BC%E5%90%88%E8%AE%BE%E8%AE%A1%E7%B4%A0%E6%9D%90%20108.jpg
INFO: [ app_init ] --START--
INFO: Run Behavior\BuildLiteBehavior [ RunTime:0.000022s ]
INFO: [ app_init ] --END-- [ RunTime:0.000849s ]

[ 2015-06-29T16:04:52+08:00 ] ::1 /capcc0624/Home/Index/images/%E8%BF%90%E6%B2%B3%E4%BA%94%E5%8F%B7-09.jpg
INFO: [ app_init ] --START--
INFO: Run Behavior\BuildLiteBehavior [ RunTime:0.000032s ]
INFO: [ app_init ] --END-- [ RunTime:0.000844s ]

[ 2015-06-29T16:04:52+08:00 ] ::1 /capcc0624/Home/Index/images/%E7%94%B3%E9%81%97.JPG
INFO: [ app_init ] --START--
INFO: Run Behavior\BuildLiteBehavior [ RunTime:0.000029s ]
INFO: [ app_init ] --END-- [ RunTime:0.001159s ]

[ 2015-06-29T16:04:52+08:00 ] ::1 /capcc0624/Home/Index/images/%E5%85%B8%E8%97%8F-%E9%99%88%E5%BE%B7%E5%BF%A0-(2).jpg
INFO: [ app_init ] --START--
INFO: Run Behavior\BuildLiteBehavior [ RunTime:0.000033s ]
INFO: [ app_init ] --END-- [ RunTime:0.000797s ]

[ 2015-06-29T16:04:52+08:00 ] ::1 /capcc0624/Home/Index/images/%E5%85%B8%E8%97%8F-%E9%99%88%E5%BE%B7%E5%BF%A0.jpg
INFO: [ app_init ] --START--
INFO: Run Behavior\BuildLiteBehavior [ RunTime:0.000034s ]
INFO: [ app_init ] --END-- [ RunTime:0.001065s ]

[ 2015-06-29T16:04:52+08:00 ] ::1 /capcc0624/Home/Index/images/%E5%93%81%E7%89%8C%E7%BB%BF%E6%B3%A2%E7%BE%8E%E6%9C%AF%E9%A6%86.jpg
INFO: [ app_init ] --START--
INFO: Run Behavior\BuildLiteBehavior [ RunTime:0.000019s ]
INFO: [ app_init ] --END-- [ RunTime:0.000494s ]

[ 2015-06-29T16:04:52+08:00 ] ::1 /capcc0624/Home/Index/images/%E6%89%AC%E5%B7%9E%20%E6%99%AE%E5%93%88%E4%B8%81%E5%A2%93%E5%9B%AD%20%E4%B8%81%E6%98%A5%E6%99%B4%E6%91%84.jpg
INFO: [ app_init ] --START--
INFO: Run Behavior\BuildLiteBehavior [ RunTime:0.000028s ]
INFO: [ app_init ] --END-- [ RunTime:0.000656s ]

[ 2015-06-29T16:04:52+08:00 ] ::1 /capcc0624/Home/Index/images/%E5%93%81%E7%89%8C-%E7%BB%BF%E6%B3%A2.jpg
INFO: [ app_init ] --START--
INFO: Run Behavior\BuildLiteBehavior [ RunTime:0.000034s ]
INFO: [ app_init ] --END-- [ RunTime:0.000957s ]

[ 2015-06-29T16:04:52+08:00 ] ::1 /capcc0624/Home/Index/images/body_up.png
INFO: [ app_init ] --START--
INFO: Run Behavior\BuildLiteBehavior [ RunTime:0.000023s ]
INFO: [ app_init ] --END-- [ RunTime:0.000745s ]

[ 2015-06-29T16:04:53+08:00 ] ::1 /capcc0624/Home/Index/images/body_center1bg.jpg
INFO: [ app_init ] --START--
INFO: Run Behavior\BuildLiteBehavior [ RunTime:0.000020s ]
INFO: [ app_init ] --END-- [ RunTime:0.000712s ]

[ 2015-06-29T16:06:18+08:00 ] ::1 /capcc0624/Home/Index/images/bracket.jpg
INFO: [ app_init ] --START--
INFO: Run Behavior\BuildLiteBehavior [ RunTime:0.000021s ]
INFO: [ app_init ] --END-- [ RunTime:0.001451s ]

[ 2015-06-29T16:06:22+08:00 ] ::1 /capcc0624/Home/Index/images/bracket.jpg
INFO: [ app_init ] --START--
INFO: Run Behavior\BuildLiteBehavior [ RunTime:0.000022s ]
INFO: [ app_init ] --END-- [ RunTime:0.000635s ]

[ 2015-06-29T16:08:17+08:00 ] ::1 /capcc0624/Home/Index/images/bracket.jpg
INFO: [ app_init ] --START--
INFO: Run Behavior\BuildLiteBehavior [ RunTime:0.000034s ]
INFO: [ app_init ] --END-- [ RunTime:0.007093s ]

[ 2015-06-29T16:08:17+08:00 ] ::1 /capcc0624/Home/Index/images/bracket.jpg
INFO: [ app_init ] --START--
INFO: Run Behavior\BuildLiteBehavior [ RunTime:0.000030s ]
INFO: [ app_init ] --END-- [ RunTime:0.000787s ]

[ 2015-06-29T16:08:18+08:00 ] ::1 /capcc0624/Home/Index/images/bracket.jpg
INFO: [ app_init ] --START--
INFO: Run Behavior\BuildLiteBehavior [ RunTime:0.000034s ]
INFO: [ app_init ] --END-- [ RunTime:0.000967s ]

[ 2015-06-29T16:08:18+08:00 ] ::1 /capcc0624/Home/Index/images/bracket.jpg
INFO: [ app_init ] --START--
INFO: Run Behavior\BuildLiteBehavior [ RunTime:0.000049s ]
INFO: [ app_init ] --END-- [ RunTime:0.000852s ]

[ 2015-06-29T16:08:18+08:00 ] ::1 /capcc0624/Home/Index/images/bracket.jpg
INFO: [ app_init ] --START--
INFO: Run Behavior\BuildLiteBehavior [ RunTime:0.000031s ]
INFO: [ app_init ] --END-- [ RunTime:0.000792s ]

[ 2015-06-29T16:08:30+08:00 ] ::1 /capcc0624/Home/Index/images/bracket.jpg
INFO: [ app_init ] --START--
INFO: Run Behavior\BuildLiteBehavior [ RunTime:0.000029s ]
INFO: [ app_init ] --END-- [ RunTime:0.000760s ]

[ 2015-06-29T16:08:32+08:00 ] ::1 /capcc0624/Home/Index/images/bracket.jpg
INFO: [ app_init ] --START--
INFO: Run Behavior\BuildLiteBehavior [ RunTime:0.000021s ]
INFO: [ app_init ] --END-- [ RunTime:0.000686s ]

[ 2015-06-29T16:08:32+08:00 ] ::1 /capcc0624/Home/Index/images/bracket.jpg
INFO: [ app_init ] --START--
INFO: Run Behavior\BuildLiteBehavior [ RunTime:0.000019s ]
INFO: [ app_init ] --END-- [ RunTime:0.000519s ]

[ 2015-06-29T16:08:32+08:00 ] ::1 /capcc0624/Home/Index/images/bracket.jpg
INFO: [ app_init ] --START--
INFO: Run Behavior\BuildLiteBehavior [ RunTime:0.000026s ]
INFO: [ app_init ] --END-- [ RunTime:0.000541s ]

[ 2015-06-29T16:08:41+08:00 ] ::1 /capcc0624/Home/Index/images/bracket.jpg
INFO: [ app_init ] --START--
INFO: Run Behavior\BuildLiteBehavior [ RunTime:0.000019s ]
INFO: [ app_init ] --END-- [ RunTime:0.000537s ]

[ 2015-06-29T16:09:02+08:00 ] ::1 /capcc0624/Home/Index/images/bracket.jpg
INFO: [ app_init ] --START--
INFO: Run Behavior\BuildLiteBehavior [ RunTime:0.000018s ]
INFO: [ app_init ] --END-- [ RunTime:0.000550s ]

[ 2015-06-29T16:09:02+08:00 ] ::1 /capcc0624/Home/Index/images/bracket.jpg
INFO: [ app_init ] --START--
INFO: Run Behavior\BuildLiteBehavior [ RunTime:0.000029s ]
INFO: [ app_init ] --END-- [ RunTime:0.000768s ]

[ 2015-06-29T16:12:16+08:00 ] ::1 /capcc0624/Home/Index/images/bracket.jpg
INFO: [ app_init ] --START--
INFO: Run Behavior\BuildLiteBehavior [ RunTime:0.000018s ]
INFO: [ app_init ] --END-- [ RunTime:0.000533s ]

[ 2015-06-29T16:12:17+08:00 ] ::1 /capcc0624/Home/Index/images/bracket.jpg
INFO: [ app_init ] --START--
INFO: Run Behavior\BuildLiteBehavior [ RunTime:0.000019s ]
INFO: [ app_init ] --END-- [ RunTime:0.000499s ]

[ 2015-06-29T16:12:28+08:00 ] ::1 /capcc0624/Home/Index/images/bracket.jpg
INFO: [ app_init ] --START--
INFO: Run Behavior\BuildLiteBehavior [ RunTime:0.000020s ]
INFO: [ app_init ] --END-- [ RunTime:0.000703s ]

[ 2015-06-29T16:12:29+08:00 ] ::1 /capcc0624/Home/Index/
INFO: [ app_init ] --START--
INFO: Run Behavior\BuildLiteBehavior [ RunTime:0.000030s ]
INFO: [ app_init ] --END-- [ RunTime:0.000880s ]

[ 2015-06-29T16:12:29+08:00 ] ::1 /capcc0624/Home/Index/images/body_up.png
INFO: [ app_init ] --START--
INFO: Run Behavior\BuildLiteBehavior [ RunTime:0.000035s ]
INFO: [ app_init ] --END-- [ RunTime:0.000852s ]

[ 2015-06-29T16:12:30+08:00 ] ::1 /capcc0624/Home/Index/images_show/1%20(2).jpg
INFO: [ app_init ] --START--
INFO: Run Behavior\BuildLiteBehavior [ RunTime:0.000027s ]
INFO: [ app_init ] --END-- [ RunTime:0.000771s ]

[ 2015-06-29T16:12:30+08:00 ] ::1 /capcc0624/Home/Index/images_show/1%20(1).jpg
INFO: [ app_init ] --START--
INFO: Run Behavior\BuildLiteBehavior [ RunTime:0.000028s ]
INFO: [ app_init ] --END-- [ RunTime:0.000909s ]

[ 2015-06-29T16:12:30+08:00 ] ::1 /capcc0624/Home/Index/images_show/1%20(3).jpg
INFO: [ app_init ] --START--
INFO: Run Behavior\BuildLiteBehavior [ RunTime:0.000030s ]
INFO: [ app_init ] --END-- [ RunTime:0.000767s ]

[ 2015-06-29T16:12:30+08:00 ] ::1 /capcc0624/Home/Index/images_show/1%20(4).jpg
INFO: [ app_init ] --START--
INFO: Run Behavior\BuildLiteBehavior [ RunTime:0.000031s ]
INFO: [ app_init ] --END-- [ RunTime:0.000806s ]

[ 2015-06-29T16:12:30+08:00 ] ::1 /capcc0624/Home/Index/images_show/1%20(5).jpg
INFO: [ app_init ] --START--
INFO: Run Behavior\BuildLiteBehavior [ RunTime:0.000031s ]
INFO: [ app_init ] --END-- [ RunTime:0.000777s ]

[ 2015-06-29T16:12:30+08:00 ] ::1 /capcc0624/Home/Index/images_show/1%20(6).jpg
INFO: [ app_init ] --START--
INFO: Run Behavior\BuildLiteBehavior [ RunTime:0.000025s ]
INFO: [ app_init ] --END-- [ RunTime:0.000684s ]

[ 2015-06-29T16:12:30+08:00 ] ::1 /capcc0624/Home/Index/images_show/1%20(8).jpg
INFO: [ app_init ] --START--
INFO: Run Behavior\BuildLiteBehavior [ RunTime:0.000034s ]
INFO: [ app_init ] --END-- [ RunTime:0.000775s ]

[ 2015-06-29T16:12:30+08:00 ] ::1 /capcc0624/Home/Index/images_show/1%20(7).jpg
INFO: [ app_init ] --START--
INFO: Run Behavior\BuildLiteBehavior [ RunTime:0.000026s ]
INFO: [ app_init ] --END-- [ RunTime:0.000702s ]

[ 2015-06-29T16:12:30+08:00 ] ::1 /capcc0624/Home/Index/images/%E7%BB%BC%E5%90%88%E8%AE%BE%E8%AE%A1%E7%B4%A0%E6%9D%90%20108.jpg
INFO: [ app_init ] --START--
INFO: Run Behavior\BuildLiteBehavior [ RunTime:0.000032s ]
INFO: [ app_init ] --END-- [ RunTime:0.000532s ]

[ 2015-06-29T16:12:30+08:00 ] ::1 /capcc0624/Home/Index/images/%E6%89%AC%E5%B7%9E%20%E6%99%AE%E5%93%88%E4%B8%81%E5%A2%93%E5%9B%AD%20%E4%B8%81%E6%98%A5%E6%99%B4%E6%91%84.jpg
INFO: [ app_init ] --START--
INFO: Run Behavior\BuildLiteBehavior [ RunTime:0.000018s ]
INFO: [ app_init ] --END-- [ RunTime:0.000476s ]

[ 2015-06-29T16:12:30+08:00 ] ::1 /capcc0624/Home/Index/images/%E7%94%B3%E9%81%97.JPG
INFO: [ app_init ] --START--
INFO: Run Behavior\BuildLiteBehavior [ RunTime:0.000033s ]
INFO: [ app_init ] --END-- [ RunTime:0.000642s ]

[ 2015-06-29T16:12:30+08:00 ] ::1 /capcc0624/Home/Index/images/%E5%93%81%E7%89%8C%E7%BB%BF%E6%B3%A2%E7%BE%8E%E6%9C%AF%E9%A6%86.jpg
INFO: [ app_init ] --START--
INFO: Run Behavior\BuildLiteBehavior [ RunTime:0.000027s ]
INFO: [ app_init ] --END-- [ RunTime:0.001167s ]

[ 2015-06-29T16:12:30+08:00 ] ::1 /capcc0624/Home/Index/images/%E8%BF%90%E6%B2%B3%E4%BA%94%E5%8F%B7-09.jpg
INFO: [ app_init ] --START--
INFO: Run Behavior\BuildLiteBehavior [ RunTime:0.000034s ]
INFO: [ app_init ] --END-- [ RunTime:0.001405s ]

[ 2015-06-29T16:12:30+08:00 ] ::1 /capcc0624/Home/Index/images/%E5%93%81%E7%89%8C-%E7%BB%BF%E6%B3%A2.jpg
INFO: [ app_init ] --START--
INFO: Run Behavior\BuildLiteBehavior [ RunTime:0.000033s ]
INFO: [ app_init ] --END-- [ RunTime:0.000777s ]

[ 2015-06-29T16:12:30+08:00 ] ::1 /capcc0624/Home/Index/images/%E5%85%B8%E8%97%8F-%E9%99%88%E5%BE%B7%E5%BF%A0-(2).jpg
INFO: [ app_init ] --START--
INFO: Run Behavior\BuildLiteBehavior [ RunTime:0.000050s ]
INFO: [ app_init ] --END-- [ RunTime:0.001733s ]

[ 2015-06-29T16:12:30+08:00 ] ::1 /capcc0624/Home/Index/images/body_up.png
INFO: [ app_init ] --START--
INFO: Run Behavior\BuildLiteBehavior [ RunTime:0.000020s ]
INFO: [ app_init ] --END-- [ RunTime:0.000552s ]

[ 2015-06-29T16:12:30+08:00 ] ::1 /capcc0624/Home/Index/images/body_center1bg.jpg
INFO: [ app_init ] --START--
INFO: Run Behavior\BuildLiteBehavior [ RunTime:0.000019s ]
INFO: [ app_init ] --END-- [ RunTime:0.000499s ]

[ 2015-06-29T16:12:35+08:00 ] ::1 /capcc0624/Home/Index/images/bracket.jpg
INFO: [ app_init ] --START--
INFO: Run Behavior\BuildLiteBehavior [ RunTime:0.000020s ]
INFO: [ app_init ] --END-- [ RunTime:0.000516s ]

[ 2015-06-29T16:12:36+08:00 ] ::1 /capcc0624/Home/Index/images/bracket.jpg
INFO: [ app_init ] --START--
INFO: Run Behavior\BuildLiteBehavior [ RunTime:0.000018s ]
INFO: [ app_init ] --END-- [ RunTime:0.000522s ]

[ 2015-06-29T16:12:36+08:00 ] ::1 /capcc0624/Home/Index/images/bracket.jpg
INFO: [ app_init ] --START--
INFO: Run Behavior\BuildLiteBehavior [ RunTime:0.000020s ]
INFO: [ app_init ] --END-- [ RunTime:0.000637s ]

[ 2015-06-29T16:12:36+08:00 ] ::1 /capcc0624/Home/Index/images/bracket.jpg
INFO: [ app_init ] --START--
INFO: Run Behavior\BuildLiteBehavior [ RunTime:0.000033s ]
INFO: [ app_init ] --END-- [ RunTime:0.000846s ]

[ 2015-06-29T16:12:36+08:00 ] ::1 /capcc0624/Home/Index/images/bracket.jpg
INFO: [ app_init ] --START--
INFO: Run Behavior\BuildLiteBehavior [ RunTime:0.000021s ]
INFO: [ app_init ] --END-- [ RunTime:0.000624s ]

[ 2015-06-29T16:12:36+08:00 ] ::1 /capcc0624/Home/Index/images/bracket.jpg
INFO: [ app_init ] --START--
INFO: Run Behavior\BuildLiteBehavior [ RunTime:0.000031s ]
INFO: [ app_init ] --END-- [ RunTime:0.000755s ]

[ 2015-06-29T16:12:36+08:00 ] ::1 /capcc0624/Home/Index/images/bracket.jpg
INFO: [ app_init ] --START--
INFO: Run Behavior\BuildLiteBehavior [ RunTime:0.000022s ]
INFO: [ app_init ] --END-- [ RunTime:0.000777s ]

[ 2015-06-29T16:12:37+08:00 ] ::1 /capcc0624/Home/Index/images/bracket.jpg
INFO: [ app_init ] --START--
INFO: Run Behavior\BuildLiteBehavior [ RunTime:0.000027s ]
INFO: [ app_init ] --END-- [ RunTime:0.000743s ]

[ 2015-06-29T16:12:38+08:00 ] ::1 /capcc0624/Home/Index/images/bracket.jpg
INFO: [ app_init ] --START--
INFO: Run Behavior\BuildLiteBehavior [ RunTime:0.000023s ]
INFO: [ app_init ] --END-- [ RunTime:0.000717s ]

[ 2015-06-29T16:12:38+08:00 ] ::1 /capcc0624/Home/Index/images/bracket.jpg
INFO: [ app_init ] --START--
INFO: Run Behavior\BuildLiteBehavior [ RunTime:0.000030s ]
INFO: [ app_init ] --END-- [ RunTime:0.000629s ]

[ 2015-06-29T16:12:38+08:00 ] ::1 /capcc0624/Home/Index/images/bracket.jpg
INFO: [ app_init ] --START--
INFO: Run Behavior\BuildLiteBehavior [ RunTime:0.000019s ]
INFO: [ app_init ] --END-- [ RunTime:0.000504s ]

[ 2015-06-29T16:14:02+08:00 ] ::1 /capcc0624/Home/Index/
INFO: [ app_init ] --START--
INFO: Run Behavior\BuildLiteBehavior [ RunTime:0.000049s ]
INFO: [ app_init ] --END-- [ RunTime:0.001251s ]

[ 2015-06-29T16:14:02+08:00 ] ::1 /capcc0624/Home/Index/images/body_up.png
INFO: [ app_init ] --START--
INFO: Run Behavior\BuildLiteBehavior [ RunTime:0.000035s ]
INFO: [ app_init ] --END-- [ RunTime:0.001116s ]

[ 2015-06-29T16:14:03+08:00 ] ::1 /capcc0624/Home/Index/images_show/1%20(2).jpg
INFO: [ app_init ] --START--
INFO: Run Behavior\BuildLiteBehavior [ RunTime:0.000027s ]
INFO: [ app_init ] --END-- [ RunTime:0.001029s ]

[ 2015-06-29T16:14:03+08:00 ] ::1 /capcc0624/Home/Index/images_show/1%20(1).jpg
INFO: [ app_init ] --START--
INFO: Run Behavior\BuildLiteBehavior [ RunTime:0.000079s ]
INFO: [ app_init ] --END-- [ RunTime:0.000854s ]

[ 2015-06-29T16:14:03+08:00 ] ::1 /capcc0624/Home/Index/images_show/1%20(4).jpg
INFO: [ app_init ] --START--
INFO: Run Behavior\BuildLiteBehavior [ RunTime:0.000030s ]
INFO: [ app_init ] --END-- [ RunTime:0.000735s ]

[ 2015-06-29T16:14:03+08:00 ] ::1 /capcc0624/Home/Index/images_show/1%20(3).jpg
INFO: [ app_init ] --START--
INFO: Run Behavior\BuildLiteBehavior [ RunTime:0.000036s ]
INFO: [ app_init ] --END-- [ RunTime:0.001272s ]

[ 2015-06-29T16:14:03+08:00 ] ::1 /capcc0624/Home/Index/images_show/1%20(8).jpg
INFO: [ app_init ] --START--
INFO: Run Behavior\BuildLiteBehavior [ RunTime:0.000033s ]
INFO: [ app_init ] --END-- [ RunTime:0.000787s ]

[ 2015-06-29T16:14:03+08:00 ] ::1 /capcc0624/Home/Index/images_show/1%20(7).jpg
INFO: [ app_init ] --START--
INFO: Run Behavior\BuildLiteBehavior [ RunTime:0.000035s ]
INFO: [ app_init ] --END-- [ RunTime:0.001798s ]

[ 2015-06-29T16:14:03+08:00 ] ::1 /capcc0624/Home/Index/images/%E6%A0%87%E8%AF%86%E7%AC%A6%E5%8F%B7%20(1).jpg
INFO: [ app_init ] --START--
INFO: Run Behavior\BuildLiteBehavior [ RunTime:0.000048s ]
INFO: [ app_init ] --END-- [ RunTime:0.001234s ]

[ 2015-06-29T16:14:03+08:00 ] ::1 /capcc0624/Home/Index/images_show/1%20(6).jpg
INFO: [ app_init ] --START--
INFO: Run Behavior\BuildLiteBehavior [ RunTime:0.000034s ]
INFO: [ app_init ] --END-- [ RunTime:0.003594s ]

[ 2015-06-29T16:14:03+08:00 ] ::1 /capcc0624/Home/Index/images/%E7%BB%BC%E5%90%88%E8%AE%BE%E8%AE%A1%E7%B4%A0%E6%9D%90%20108.jpg
INFO: [ app_init ] --START--
INFO: Run Behavior\BuildLiteBehavior [ RunTime:0.000030s ]
INFO: [ app_init ] --END-- [ RunTime:0.000812s ]

[ 2015-06-29T16:14:03+08:00 ] ::1 /capcc0624/Home/Index/images/%E7%94%B3%E9%81%97.JPG
INFO: [ app_init ] --START--
INFO: Run Behavior\BuildLiteBehavior [ RunTime:0.000019s ]
INFO: [ app_init ] --END-- [ RunTime:0.000546s ]

iteBehavior [ RunTime:0.000022s ]
INFO: [ app_init ] --END-- [ RunTime:0.000576s ]

[ 2015-06-29T16:14:03+08:00 ] ::1 /capcc0624/Home/Index/images/%E8%BF%90%E6%B2%B3%E4%BA%94%E5%8F%B7-09.jpg
INFO: [ app_init ] --START--
INFO: Run Behavior\BuildLiteBehavior [ RunTime:0.000034s ]
INFO: [ app_init ] --END-- [ RunTime:0.001056s ]

[ 2015-06-29T16:14:03+08:00 ] ::1 /capcc0624/Home/Index/images/%E5%93%81%E7%89%8C%E7%BB%BF%E6%B3%A2%E7%BE%8E%E6%9C%AF%E9%A6%86.jpg
INFO: [ app_init ] --START--
INFO: Run Behavior\BuildLiteBehavior [ RunTime:0.000030s ]
INFO: [ app_init ] --END-- [ RunTime:0.000723s ]

[ 2015-06-29T16:14:03+08:00 ] ::1 /capcc0624/Home/Index/images/%E5%93%81%E7%89%8C-%E7%BB%BF%E6%B3%A2.jpg
INFO: [ app_init ] --START--
INFO: Run Behavior\BuildLiteBehavior [ RunTime:0.000027s ]
INFO: [ app_init ] --END-- [ RunTime:0.000818s ]

[ 2015-06-29T16:14:03+08:00 ] ::1 /capcc0624/Home/Index/images/%E5%85%B8%E8%97%8F-%E9%99%88%E5%BE%B7%E5%BF%A0.jpg
INFO: [ app_init ] --START--
INFO: Run Behavior\BuildLiteBehavior [ RunTime:0.000031s ]
INFO: [ app_init ] --END-- [ RunTime:0.000921s ]

[ 2015-06-29T16:14:03+08:00 ] ::1 /capcc0624/Home/Index/images/body_center1bg.jpg
INFO: [ app_init ] --START--
INFO: Run Behavior\BuildLiteBehavior [ RunTime:0.000051s ]
INFO: [ app_init ] --END-- [ RunTime:0.001440s ]

[ 2015-06-29T16:14:03+08:00 ] ::1 /capcc0624/Home/Index/images/%E5%85%B8%E8%97%8F-%E9%99%88%E5%BE%B7%E5%BF%A0-(2).jpg
INFO: [ app_init ] --START--
INFO: Run Behavior\BuildLiteBehavior [ RunTime:0.000035s ]
INFO: [ app_init ] --END-- [ RunTime:0.001027s ]

[ 2015-06-29T16:14:08+08:00 ] ::1 /capcc0624/Home/Index/images/bracket.jpg
INFO: [ app_init ] --START--
INFO: Run Behavior\BuildLiteBehavior [ RunTime:0.000020s ]
INFO: [ app_init ] --END-- [ RunTime:0.000613s ]

[ 2015-06-29T16:14:15+08:00 ] ::1 /capcc0624/Home/Index/images/bracket.jpg
INFO: [ app_init ] --START--
INFO: Run Behavior\BuildLiteBehavior [ RunTime:0.000039s ]
INFO: [ app_init ] --END-- [ RunTime:0.000975s ]

[ 2015-06-29T16:14:15+08:00 ] ::1 /capcc0624/Home/Index/images/bracket.jpg
INFO: [ app_init ] --START--
INFO: Run Behavior\BuildLiteBehavior [ RunTime:0.000021s ]
INFO: [ app_init ] --END-- [ RunTime:0.000632s ]

[ 2015-06-29T16:14:15+08:00 ] ::1 /capcc0624/Home/Index/images/bracket.jpg
INFO: [ app_init ] --START--
INFO: Run Behavior\BuildLiteBehavior [ RunTime:0.000032s ]
INFO: [ app_init ] --END-- [ RunTime:0.000739s ]

[ 2015-06-29T16:14:29+08:00 ] ::1 /capcc0624/Home/Index/images/bracket.jpg
INFO: [ app_init ] --START--
INFO: Run Behavior\BuildLiteBehavior [ RunTime:0.000031s ]
INFO: [ app_init ] --END-- [ RunTime:0.001020s ]

[ 2015-06-29T16:14:32+08:00 ] ::1 /capcc0624/Home/Index/images/bracket.jpg
INFO: [ app_init ] --START--
INFO: Run Behavior\BuildLiteBehavior [ RunTime:0.000039s ]
INFO: [ app_init ] --END-- [ RunTime:0.001132s ]

[ 2015-06-29T16:15:05+08:00 ] ::1 /capcc0624/Home/Index/images/bracket.jpg
INFO: [ app_init ] --START--
INFO: Run Behavior\BuildLiteBehavior [ RunTime:0.000022s ]
INFO: [ app_init ] --END-- [ RunTime:0.000620s ]

[ 2015-06-29T16:15:07+08:00 ] ::1 /capcc0624/Home/Index/
INFO: [ app_init ] --START--
INFO: Run Behavior\BuildLiteBehavior [ RunTime:0.000020s ]
INFO: [ app_init ] --END-- [ RunTime:0.000571s ]

[ 2015-06-29T16:16:17+08:00 ] ::1 /capcc0624/Home/Index/images/bracket.jpg
INFO: [ app_init ] --START--
INFO: Run Behavior\BuildLiteBehavior [ RunTime:0.000019s ]
INFO: [ app_init ] --END-- [ RunTime:0.000630s ]

[ 2015-06-29T16:16:17+08:00 ] ::1 /capcc0624/index.php/Home/News/activities?newsid=
INFO: [ app_init ] --START--
INFO: Run Behavior\BuildLiteBehavior [ RunTime:0.000020s ]
INFO: [ app_init ] --END-- [ RunTime:0.000525s ]

[ 2015-06-29T16:16:23+08:00 ] ::1 /capcc0624/Home/Index/images/bracket.jpg
INFO: [ app_init ] --START--
INFO: Run Behavior\BuildLiteBehavior [ RunTime:0.000067s ]
INFO: [ app_init ] --END-- [ RunTime:0.001035s ]

[ 2015-06-29T16:16:49+08:00 ] ::1 /capcc0624/Home/Index/images/bracket.jpg
INFO: [ app_init ] --START--
INFO: Run Behavior\BuildLiteBehavior [ RunTime:0.000018s ]
INFO: [ app_init ] --END-- [ RunTime:0.000526s ]

[ 2015-06-29T16:16:51+08:00 ] ::1 /capcc0624/Home/Index/images/bracket.jpg
INFO: [ app_init ] --START--
INFO: Run Behavior\BuildLiteBehavior [ RunTime:0.000049s ]
INFO: [ app_init ] --END-- [ RunTime:0.001259s ]

[ 2015-06-29T16:16:51+08:00 ] ::1 /capcc0624/Home/Index/images/bracket.jpg
INFO: [ app_init ] --START--
INFO: Run Behavior\BuildLiteBehavior [ RunTime:0.000022s ]
INFO: [ app_init ] --END-- [ RunTime:0.000666s ]

[ 2015-06-29T16:16:51+08:00 ] ::1 /capcc0624/Home/Index/images/bracket.jpg
INFO: [ app_init ] --START--
INFO: Run Behavior\BuildLiteBehavior [ RunTime:0.000018s ]
INFO: [ app_init ] --END-- [ RunTime:0.000518s ]

[ 2015-06-29T16:16:51+08:00 ] ::1 /capcc0624/Home/Index/images/bracket.jpg
INFO: [ app_init ] --START--
INFO: Run Behavior\BuildLiteBehavior [ RunTime:0.000033s ]
INFO: [ app_init ] --END-- [ RunTime:0.000858s ]

[ 2015-06-29T16:16:51+08:00 ] ::1 /capcc0624/Home/Index/images/bracket.jpg
INFO: [ app_init ] --START--
INFO: Run Behavior\BuildLiteBehavior [ RunTime:0.000026s ]
INFO: [ app_init ] --END-- [ RunTime:0.000540s ]

[ 2015-06-29T16:16:52+08:00 ] ::1 /capcc0624/Home/Index/images/bracket.jpg
INFO: [ app_init ] --START--
INFO: Run Behavior\BuildLiteBehavior [ RunTime:0.000025s ]
INFO: [ app_init ] --END-- [ RunTime:0.000733s ]

[ 2015-06-29T16:25:34+08:00 ] ::1 /capcc0624/Home/Index/
INFO: [ app_init ] --START--
INFO: Run Behavior\BuildLiteBehavior [ RunTime:0.000019s ]
INFO: [ app_init ] --END-- [ RunTime:0.000548s ]

[ 2015-06-29T16:25:34+08:00 ] ::1 /capcc0624/Home/Index/images/body_up.png
INFO: [ app_init ] --START--
INFO: Run Behavior\BuildLiteBehavior [ RunTime:0.000030s ]
INFO: [ app_init ] --END-- [ RunTime:0.000766s ]

[ 2015-06-29T16:25:35+08:00 ] ::1 /capcc0624/Home/Index/images_show/1%20(1).jpg
INFO: [ app_init ] --START--
INFO: Run Behavior\BuildLiteBehavior [ RunTime:0.000028s ]
INFO: [ app_init ] --END-- [ RunTime:0.000598s ]

[ 2015-06-29T16:25:35+08:00 ] ::1 /capcc0624/Home/Index/images_show/1%20(2).jpg
INFO: [ app_init ] --START--
INFO: Run Behavior\BuildLiteBehavior [ RunTime:0.000019s ]
INFO: [ app_init ] --END-- [ RunTime:0.000498s ]

[ 2015-06-29T16:25:35+08:00 ] ::1 /capcc0624/Home/Index/images_show/1%20(5).jpg
INFO: [ app_init ] --START--
INFO: Run Behavior\BuildLiteBehavior [ RunTime:0.000031s ]
INFO: [ app_init ] --END-- [ RunTime:0.000848s ]

[ 2015-06-29T16:25:35+08:00 ] ::1 /capcc0624/Home/Index/images_show/1%20(4).jpg
INFO: [ app_init ] --START--
INFO: Run Behavior\BuildLiteBehavior [ RunTime:0.000033s ]
INFO: [ app_init ] --END-- [ RunTime:0.000787s ]

[ 2015-06-29T16:25:35+08:00 ] ::1 /capcc0624/Home/Index/images_show/1%20(7).jpg
INFO: [ app_init ] --START--
INFO: Run Behavior\BuildLiteBehavior [ RunTime:0.000030s ]
INFO: [ app_init ] --END-- [ RunTime:0.000736s ]

[ 2015-06-29T16:25:35+08:00 ] ::1 /capcc0624/Home/Index/images_show/1%20(8).jpg
INFO: [ app_init ] --START--
INFO: Run Behavior\BuildLiteBehavior [ RunTime:0.000027s ]
INFO: [ app_init ] --END-- [ RunTime:0.000730s ]

[ 2015-06-29T16:25:35+08:00 ] ::1 /capcc0624/Home/Index/images_show/1%20(6).jpg
INFO: [ app_init ] --START--
INFO: Run Behavior\BuildLiteBehavior [ RunTime:0.000031s ]
INFO: [ app_init ] --END-- [ RunTime:0.000796s ]

[ 2015-06-29T16:25:35+08:00 ] ::1 /capcc0624/Home/Index/images/%E6%A0%87%E8%AF%86%E7%AC%A6%E5%8F%B7%20(1).jpg
INFO: [ app_init ] --START--
INFO: Run Behavior\BuildLiteBehavior [ RunTime:0.000034s ]
INFO: [ app_init ] --END-- [ RunTime:0.001315s ]

[ 2015-06-29T16:25:35+08:00 ] ::1 /capcc0624/Home/Index/images_show/1%20(3).jpg
INFO: [ app_init ] --START--
INFO: Run Behavior\BuildLiteBehavior [ RunTime:0.000209s ]
INFO: [ app_init ] --END-- [ RunTime:0.014897s ]

[ 2015-06-29T16:25:35+08:00 ] ::1 /capcc0624/Home/Index/images/%E7%BB%BC%E5%90%88%E8%AE%BE%E8%AE%A1%E7%B4%A0%E6%9D%90%20108.jpg
INFO: [ app_init ] --START--
INFO: Run Behavior\BuildLiteBehavior [ RunTime:0.000032s ]
INFO: [ app_init ] --END-- [ RunTime:0.000865s ]

[ 2015-06-29T16:25:35+08:00 ] ::1 /capcc0624/Home/Index/images/%E7%94%B3%E9%81%97.JPG
INFO: [ app_init ] --START--
INFO: Run Behavior\BuildLiteBehavior [ RunTime:0.000033s ]
INFO: [ app_init ] --END-- [ RunTime:0.000972s ]

[ 2015-06-29T16:25:35+08:00 ] ::1 /capcc0624/Home/Index/images/%E6%89%AC%E5%B7%9E%20%E6%99%AE%E5%93%88%E4%B8%81%E5%A2%93%E5%9B%AD%20%E4%B8%81%E6%98%A5%E6%99%B4%E6%91%84.jpg
INFO: [ app_init ] --START--
INFO: Run Behavior\BuildLiteBehavior [ RunTime:0.000655s ]
INFO: [ app_init ] --END-- [ RunTime:0.001823s ]

[ 2015-06-29T16:25:35+08:00 ] ::1 /capcc0624/Home/Index/images/%E8%BF%90%E6%B2%B3%E4%BA%94%E5%8F%B7-09.jpg
INFO: [ app_init ] --START--
INFO: Run Behavior\BuildLiteBehavior [ RunTime:0.000032s ]
INFO: [ app_init ] --END-- [ RunTime:0.000711s ]

[ 2015-06-29T16:25:35+08:00 ] ::1 /capcc0624/Home/Index/images/%E5%85%B8%E8%97%8F-%E9%99%88%E5%BE%B7%E5%BF%A0.jpg
INFO: [ app_init ] --START--
INFO: Run Behavior\BuildLiteBehavior [ RunTime:0.000035s ]
INFO: [ app_init ] --END-- [ RunTime:0.001124s ]

[ 2015-06-29T16:25:35+08:00 ] ::1 /capcc0624/Home/Index/images/%E5%85%B8%E8%97%8F-%E9%99%88%E5%BE%B7%E5%BF%A0-(2).jpg
INFO: [ app_init ] --START--
INFO: Run Behavior\BuildLiteBehavior [ RunTime:0.000081s ]
INFO: [ app_init ] --END-- [ RunTime:0.000946s ]

[ 2015-06-29T16:25:35+08:00 ] ::1 /capcc0624/Home/Index/images/%E5%93%81%E7%89%8C%E7%BB%BF%E6%B3%A2%E7%BE%8E%E6%9C%AF%E9%A6%86.jpg
INFO: [ app_init ] --START--
INFO: Run Behavior\BuildLiteBehavior [ RunTime:0.000032s ]
INFO: [ app_init ] --END-- [ RunTime:0.000857s ]

[ 2015-06-29T16:25:35+08:00 ] ::1 /capcc0624/Home/Index/images/%E5%93%81%E7%89%8C-%E7%BB%BF%E6%B3%A2.jpg
INFO: [ app_init ] --START--
INFO: Run Behavior\BuildLiteBehavior [ RunTime:0.000027s ]
INFO: [ app_init ] --END-- [ RunTime:0.000766s ]

[ 2015-06-29T16:25:35+08:00 ] ::1 /capcc0624/Home/Index/images/body_center1bg.jpg
INFO: [ app_init ] --START--
INFO: Run Behavior\BuildLiteBehavior [ RunTime:0.000107s ]
INFO: [ app_init ] --END-- [ RunTime:0.002305s ]

[ 2015-06-29T16:33:53+08:00 ] ::1 /capcc0624/Home/Index/
INFO: [ app_init ] --START--
INFO: Run Behavior\BuildLiteBehavior [ RunTime:0.000043s ]
INFO: [ app_init ] --END-- [ RunTime:0.001158s ]

[ 2015-06-29T16:33:54+08:00 ] ::1 /capcc0624/Home/Index/images/body_up.png
INFO: [ app_init ] --START--
INFO: Run Behavior\BuildLiteBehavior [ RunTime:0.000033s ]
INFO: [ app_init ] --END-- [ RunTime:0.000995s ]

[ 2015-06-29T16:33:54+08:00 ] ::1 /capcc0624/Home/Index/images/%E6%A0%87%E8%AF%86%E7%AC%A6%E5%8F%B7%20(1).jpg
INFO: [ app_init ] --START--
INFO: Run Behavior\BuildLiteBehavior [ RunTime:0.000030s ]
INFO: [ app_init ] --END-- [ RunTime:0.000879s ]

[ 2015-06-29T16:33:54+08:00 ] ::1 /capcc0624/Home/Index/images/body_center1bg.jpg
INFO: [ app_init ] --START--
INFO: Run Behavior\BuildLiteBehavior [ RunTime:0.000026s ]
INFO: [ app_init ] --END-- [ RunTime:0.000736s ]

[ 2015-06-29T16:33:54+08:00 ] ::1 /capcc0624/Home/Index/images_show/1%20(1).jpg
INFO: [ app_init ] --START--
INFO: Run Behavior\BuildLiteBehavior [ RunTime:0.000031s ]
INFO: [ app_init ] --END-- [ RunTime:0.001123s ]

[ 2015-06-29T16:33:54+08:00 ] ::1 /capcc0624/Home/Index/images_show/1%20(3).jpg
INFO: [ app_init ] --START--
INFO: Run Behavior\BuildLiteBehavior [ RunTime:0.000022s ]
INFO: [ app_init ] --END-- [ RunTime:0.000629s ]

[ 2015-06-29T16:33:54+08:00 ] ::1 /capcc0624/Home/Index/images_show/1%20(5).jpg
INFO: [ app_init ] --START--
INFO: Run Behavior\BuildLiteBehavior [ RunTime:0.000024s ]
INFO: [ app_init ] --END-- [ RunTime:0.000684s ]

[ 2015-06-29T16:33:54+08:00 ] ::1 /capcc0624/Home/Index/images_show/1%20(6).jpg
INFO: [ app_init ] --START--
INFO: Run Behavior\BuildLiteBehavior [ RunTime:0.000023s ]
INFO: [ app_init ] --END-- [ RunTime:0.000670s ]

[ 2015-06-29T16:33:54+08:00 ] ::1 /capcc0624/Home/Index/images_show/1%20(8).jpg
INFO: [ app_init ] --START--
INFO: Run Behavior\BuildLiteBehavior [ RunTime:0.000032s ]
INFO: [ app_init ] --END-- [ RunTime:0.000910s ]

[ 2015-06-29T16:33:54+08:00 ] ::1 /capcc0624/Home/Index/images_show/1%20(7).jpg
INFO: [ app_init ] --START--
INFO: Run Behavior\BuildLiteBehavior [ RunTime:0.000028s ]
INFO: [ app_init ] --END-- [ RunTime:0.000822s ]

[ 2015-06-29T16:33:54+08:00 ] ::1 /capcc0624/Home/Index/images/%E7%BB%BC%E5%90%88%E8%AE%BE%E8%AE%A1%E7%B4%A0%E6%9D%90%20108.jpg
INFO: [ app_init ] --START--
INFO: Run Behavior\BuildLiteBehavior [ RunTime:0.000033s ]
INFO: [ app_init ] --END-- [ RunTime:0.000910s ]

[ 2015-06-29T16:33:54+08:00 ] ::1 /capcc0624/Home/Index/images/%E7%94%B3%E9%81%97.JPG
INFO: [ app_init ] --START--
INFO: Run Behavior\BuildLiteBehavior [ RunTime:0.000030s ]
INFO: [ app_init ] --END-- [ RunTime:0.000677s ]

[ 2015-06-29T16:33:54+08:00 ] ::1 /capcc0624/Home/Index/images/%E6%89%AC%E5%B7%9E%20%E6%99%AE%E5%93%88%E4%B8%81%E5%A2%93%E5%9B%AD%20%E4%B8%81%E6%98%A5%E6%99%B4%E6%91%84.jpg
INFO: [ app_init ] --START--
INFO: Run Behavior\BuildLiteBehavior [ RunTime:0.000028s ]
INFO: [ app_init ] --END-- [ RunTime:0.000817s ]

[ 2015-06-29T16:33:54+08:00 ] ::1 /capcc0624/Home/Index/images/%E5%85%B8%E8%97%8F-%E9%99%88%E5%BE%B7%E5%BF%A0.jpg
INFO: [ app_init ] --START--
INFO: Run Behavior\BuildLiteBehavior [ RunTime:0.000028s ]
INFO: [ app_init ] --END-- [ RunTime:0.000727s ]

[ 2015-06-29T16:33:54+08:00 ] ::1 /capcc0624/Home/Index/images/%E8%BF%90%E6%B2%B3%E4%BA%94%E5%8F%B7-09.jpg
INFO: [ app_init ] --START--
INFO: Run Behavior\BuildLiteBehavior [ RunTime:0.000029s ]
INFO: [ app_init ] --END-- [ RunTime:0.000783s ]

[ 2015-06-29T16:33:54+08:00 ] ::1 /capcc0624/Home/Index/images/%E5%85%B8%E8%97%8F-%E9%99%88%E5%BE%B7%E5%BF%A0-(2).jpg
INFO: [ app_init ] --START--
INFO: Run Behavior\BuildLiteBehavior [ RunTime:0.000028s ]
INFO: [ app_init ] --END-- [ RunTime:0.000718s ]

[ 2015-06-29T16:33:54+08:00 ] ::1 /capcc0624/Home/Index/images/%E5%93%81%E7%89%8C%E7%BB%BF%E6%B3%A2%E7%BE%8E%E6%9C%AF%E9%A6%86.jpg
INFO: [ app_init ] --START--
INFO: Run Behavior\BuildLiteBehavior [ RunTime:0.000031s ]
INFO: [ app_init ] --END-- [ RunTime:0.000957s ]

[ 2015-06-29T16:33:54+08:00 ] ::1 /capcc0624/Home/Index/images/%E5%93%81%E7%89%8C-%E7%BB%BF%E6%B3%A2.jpg
INFO: [ app_init ] --START--
INFO: Run Behavior\BuildLiteBehavior [ RunTime:0.000028s ]
INFO: [ app_init ] --END-- [ RunTime:0.000776s ]

[ 2015-06-29T16:35:36+08:00 ] ::1 /capcc0624/Home/Index/
INFO: [ app_init ] --START--
INFO: Run Behavior\BuildLiteBehavior [ RunTime:0.000032s ]
INFO: [ app_init ] --END-- [ RunTime:0.000632s ]

[ 2015-06-29T16:35:36+08:00 ] ::1 /capcc0624/Home/Index/images/body_up.png
INFO: [ app_init ] --START--
INFO: Run Behavior\BuildLiteBehavior [ RunTime:0.000048s ]
INFO: [ app_init ] --END-- [ RunTime:0.000842s ]

[ 2015-06-29T16:35:37+08:00 ] ::1 /capcc0624/Home/Index/images/body_center1bg.jpg
INFO: [ app_init ] --START--
INFO: Run Behavior\BuildLiteBehavior [ RunTime:0.000031s ]
INFO: [ app_init ] --END-- [ RunTime:0.001009s ]

[ 2015-06-29T16:35:37+08:00 ] ::1 /capcc0624/Home/Index/images/%E6%A0%87%E8%AF%86%E7%AC%A6%E5%8F%B7%20(1).jpg
INFO: [ app_init ] --START--
INFO: Run Behavior\BuildLiteBehavior [ RunTime:0.000022s ]
INFO: [ app_init ] --END-- [ RunTime:0.000670s ]

[ 2015-06-29T16:35:37+08:00 ] ::1 /capcc0624/Home/Index/images_show/1%20(1).jpg
INFO: [ app_init ] --START--
INFO: Run Behavior\BuildLiteBehavior [ RunTime:0.000023s ]
INFO: [ app_init ] --END-- [ RunTime:0.000615s ]

[ 2015-06-29T16:35:37+08:00 ] ::1 /capcc0624/Home/Index/images_show/1%20(2).jpg
INFO: [ app_init ] --START--
INFO: Run Behavior\BuildLiteBehavior [ RunTime:0.000028s ]
INFO: [ app_init ] --END-- [ RunTime:0.000746s ]

[ 2015-06-29T16:35:37+08:00 ] ::1 /capcc0624/Home/Index/images_show/1%20(3).jpg
INFO: [ app_init ] --START--
INFO: Run Behavior\BuildLiteBehavior [ RunTime:0.000018s ]
INFO: [ app_init ] --END-- [ RunTime:0.000725s ]

[ 2015-06-29T16:35:37+08:00 ] ::1 /capcc0624/Home/Index/images_show/1%20(5).jpg
INFO: [ app_init ] --START--
INFO: Run Behavior\BuildLiteBehavior [ RunTime:0.000032s ]
INFO: [ app_init ] --END-- [ RunTime:0.000937s ]

[ 2015-06-29T16:35:37+08:00 ] ::1 /capcc0624/Home/Index/images_show/1%20(7).jpg
INFO: [ app_init ] --START--
INFO: Run Behavior\BuildLiteBehavior [ RunTime:0.000024s ]
INFO: [ app_init ] --END-- [ RunTime:0.000604s ]

[ 2015-06-29T16:35:37+08:00 ] ::1 /capcc0624/Home/Index/images/%E6%89%AC%E5%B7%9E%20%E6%99%AE%E5%93%88%E4%B8%81%E5%A2%93%E5%9B%AD%20%E4%B8%81%E6%98%A5%E6%99%B4%E6%91%84.jpg
INFO: [ app_init ] --START--
INFO: Run Behavior\BuildLiteBehavior [ RunTime:0.000027s ]
INFO: [ app_init ] --END-- [ RunTime:0.000720s ]

[ 2015-06-29T16:35:37+08:00 ] ::1 /capcc0624/Home/Index/images_show/1%20(8).jpg
INFO: [ app_init ] --START--
INFO: Run Behavior\BuildLiteBehavior [ RunTime:0.000032s ]
INFO: [ app_init ] --END-- [ RunTime:0.002690s ]

[ 2015-06-29T16:35:37+08:00 ] ::1 /capcc0624/Home/Index/images/%E7%94%B3%E9%81%97.JPG
INFO: [ app_init ] --START--
INFO: Run Behavior\BuildLiteBehavior [ RunTime:0.000077s ]
INFO: [ app_init ] --END-- [ RunTime:0.001415s ]

[ 2015-06-29T16:35:37+08:00 ] ::1 /capcc0624/Home/Index/images/%E7%BB%BC%E5%90%88%E8%AE%BE%E8%AE%A1%E7%B4%A0%E6%9D%90%20108.jpg
INFO: [ app_init ] --START--
INFO: Run Behavior\BuildLiteBehavior [ RunTime:0.000040s ]
INFO: [ app_init ] --END-- [ RunTime:0.001158s ]

[ 2015-06-29T16:35:37+08:00 ] ::1 /capcc0624/Home/Index/images/%E8%BF%90%E6%B2%B3%E4%BA%94%E5%8F%B7-09.jpg
INFO: [ app_init ] --START--
INFO: Run Behavior\BuildLiteBehavior [ RunTime:0.000019s ]
INFO: [ app_init ] --END-- [ RunTime:0.000547s ]

[ 2015-06-29T16:35:37+08:00 ] ::1 /capcc0624/Home/Index/images/%E5%85%B8%E8%97%8F-%E9%99%88%E5%BE%B7%E5%BF%A0-(2).jpg
INFO: [ app_init ] --START--
INFO: Run Behavior\BuildLiteBehavior [ RunTime:0.000044s ]
INFO: [ app_init ] --END-- [ RunTime:0.001006s ]

[ 2015-06-29T16:35:37+08:00 ] ::1 /capcc0624/Home/Index/images/%E5%85%B8%E8%97%8F-%E9%99%88%E5%BE%B7%E5%BF%A0.jpg
INFO: [ app_init ] --START--
INFO: Run Behavior\BuildLiteBehavior [ RunTime:0.000026s ]
INFO: [ app_init ] --END-- [ RunTime:0.000739s ]

[ 2015-06-29T16:35:37+08:00 ] ::1 /capcc0624/Home/Index/images/%E5%93%81%E7%89%8C%E7%BB%BF%E6%B3%A2%E7%BE%8E%E6%9C%AF%E9%A6%86.jpg
INFO: [ app_init ] --START--
INFO: Run Behavior\BuildLiteBehavior [ RunTime:0.000029s ]
INFO: [ app_init ] --END-- [ RunTime:0.000848s ]

[ 2015-06-29T16:35:37+08:00 ] ::1 /capcc0624/Home/Index/images/%E5%93%81%E7%89%8C-%E7%BB%BF%E6%B3%A2.jpg
INFO: [ app_init ] --START--
INFO: Run Behavior\BuildLiteBehavior [ RunTime:0.000032s ]
INFO: [ app_init ] --END-- [ RunTime:0.000877s ]

[ 2015-06-29T16:35:37+08:00 ] ::1 /capcc0624/Home/Index/images/body_up.png
INFO: [ app_init ] --START--
INFO: Run Behavior\BuildLiteBehavior [ RunTime:0.000037s ]
INFO: [ app_init ] --END-- [ RunTime:0.000977s ]

