[ 2015-07-03T09:05:57+08:00 ] ::1 /capcc0624/Public/Home/Css/home_page.css
INFO: [ app_init ] --START--
INFO: Run Behavior\BuildLiteBehavior [ RunTime:0.000032s ]
INFO: [ app_init ] --END-- [ RunTime:0.000818s ]
ERR: 无法加载模块:Public

[ 2015-07-03T09:05:57+08:00 ] ::1 /capcc0624/Public/Home/Css/home_head.css
INFO: [ app_init ] --START--
INFO: Run Behavior\BuildLiteBehavior [ RunTime:0.000033s ]
INFO: [ app_init ] --END-- [ RunTime:0.000863s ]
ERR: 无法加载模块:Public

[ 2015-07-03T09:05:58+08:00 ] ::1 /capcc0624/__PUBLIC__/Home/Images/bracket.jpg
INFO: [ app_init ] --START--
INFO: Run Behavior\BuildLiteBehavior [ RunTime:0.000032s ]
INFO: [ app_init ] --END-- [ RunTime:0.000737s ]
ERR: 无法加载模块:__PUBLIC__

[ 2015-07-03T09:05:58+08:00 ] ::1 /capcc0624/__PUBLIC__/Home/Images/bracket.jpg
INFO: [ app_init ] --START--
INFO: Run Behavior\BuildLiteBehavior [ RunTime:0.000035s ]
INFO: [ app_init ] --END-- [ RunTime:0.000843s ]
ERR: 无法加载模块:__PUBLIC__

[ 2015-07-03T09:05:59+08:00 ] ::1 /capcc0624/__PUBLIC__/Home/Images/bracket.jpg
INFO: [ app_init ] --START--
INFO: Run Behavior\BuildLiteBehavior [ RunTime:0.000032s ]
INFO: [ app_init ] --END-- [ RunTime:0.000971s ]
ERR: 无法加载模块:__PUBLIC__

