[ 2015-07-02T08:59:38+08:00 ] ::1 /capcc0624/Public/Home/Css/home_page.css
INFO: [ app_init ] --START--
INFO: Run Behavior\BuildLiteBehavior [ RunTime:0.000028s ]
INFO: [ app_init ] --END-- [ RunTime:0.000784s ]
ERR: 无法加载模块:Public

[ 2015-07-02T08:59:39+08:00 ] ::1 /capcc0624/Public/Home/Images/Home/images_show/1%20(2).jpg
INFO: [ app_init ] --START--
INFO: Run Behavior\BuildLiteBehavior [ RunTime:0.000034s ]
INFO: [ app_init ] --END-- [ RunTime:0.000924s ]
ERR: 无法加载模块:Public

[ 2015-07-02T08:59:40+08:00 ] ::1 /capcc0624/__PUBLIC__/Home/Images/bracket.jpg
INFO: [ app_init ] --START--
INFO: Run Behavior\BuildLiteBehavior [ RunTime:0.000030s ]
INFO: [ app_init ] --END-- [ RunTime:0.000907s ]
ERR: 无法加载模块:__PUBLIC__

[ 2015-07-02T08:59:42+08:00 ] ::1 /capcc0624/__PUBLIC__/Home/Images/bracket.jpg
INFO: [ app_init ] --START--
INFO: Run Behavior\BuildLiteBehavior [ RunTime:0.000032s ]
INFO: [ app_init ] --END-- [ RunTime:0.000891s ]
ERR: 无法加载模块:__PUBLIC__

[ 2015-07-02T08:59:42+08:00 ] ::1 /capcc0624/__PUBLIC__/Home/Images/bracket.jpg
INFO: [ app_init ] --START--
INFO: Run Behavior\BuildLiteBehavior [ RunTime:0.000029s ]
INFO: [ app_init ] --END-- [ RunTime:0.000686s ]
ERR: 无法加载模块:__PUBLIC__

[ 2015-07-02T08:59:42+08:00 ] ::1 /capcc0624/__PUBLIC__/Home/Images/bracket.jpg
INFO: [ app_init ] --START--
INFO: Run Behavior\BuildLiteBehavior [ RunTime:0.000022s ]
INFO: [ app_init ] --END-- [ RunTime:0.000591s ]
ERR: 无法加载模块:__PUBLIC__

[ 2015-07-02T08:59:42+08:00 ] ::1 /capcc0624/__PUBLIC__/Home/Images/bracket.jpg
INFO: [ app_init ] --START--
INFO: Run Behavior\BuildLiteBehavior [ RunTime:0.000031s ]
INFO: [ app_init ] --END-- [ RunTime:0.000885s ]
ERR: 无法加载模块:__PUBLIC__

[ 2015-07-02T09:14:48+08:00 ] ::1 /capcc0624/Public/Home/Css/home_page.css
INFO: [ app_init ] --START--
INFO: Run Behavior\BuildLiteBehavior [ RunTime:0.000028s ]
INFO: [ app_init ] --END-- [ RunTime:0.000814s ]
ERR: 无法加载模块:Public

[ 2015-07-02T09:14:48+08:00 ] ::1 /capcc0624/Public/Home/Images/Home/images_show/1%20(2).jpg
INFO: [ app_init ] --START--
INFO: Run Behavior\BuildLiteBehavior [ RunTime:0.000033s ]
INFO: [ app_init ] --END-- [ RunTime:0.001025s ]
ERR: 无法加载模块:Public

[ 2015-07-02T09:14:52+08:00 ] ::1 /capcc0624/__PUBLIC__/Home/Images/bracket.jpg
INFO: [ app_init ] --START--
INFO: Run Behavior\BuildLiteBehavior [ RunTime:0.000042s ]
INFO: [ app_init ] --END-- [ RunTime:0.001002s ]
ERR: 无法加载模块:__PUBLIC__

[ 2015-07-02T09:14:52+08:00 ] ::1 /capcc0624/__PUBLIC__/Home/Images/bracket.jpg
INFO: [ app_init ] --START--
INFO: Run Behavior\BuildLiteBehavior [ RunTime:0.000018s ]
INFO: [ app_init ] --END-- [ RunTime:0.000504s ]
ERR: 无法加载模块:__PUBLIC__

[ 2015-07-02T09:14:52+08:00 ] ::1 /capcc0624/__PUBLIC__/Home/Images/bracket.jpg
INFO: [ app_init ] --START--
INFO: Run Behavior\BuildLiteBehavior [ RunTime:0.000036s ]
INFO: [ app_init ] --END-- [ RunTime:0.000950s ]
ERR: 无法加载模块:__PUBLIC__

[ 2015-07-02T09:14:53+08:00 ] ::1 /capcc0624/__PUBLIC__/Home/Images/bracket.jpg
INFO: [ app_init ] --START--
INFO: Run Behavior\BuildLiteBehavior [ RunTime:0.000020s ]
INFO: [ app_init ] --END-- [ RunTime:0.000579s ]
ERR: 无法加载模块:__PUBLIC__

[ 2015-07-02T09:19:51+08:00 ] ::1 /capcc0624/Public/Home/Css/home_page.css
INFO: [ app_init ] --START--
INFO: Run Behavior\BuildLiteBehavior [ RunTime:0.000036s ]
INFO: [ app_init ] --END-- [ RunTime:0.000937s ]
ERR: 无法加载模块:Public

[ 2015-07-02T09:19:51+08:00 ] ::1 /capcc0624/Public/Home/Images/Home/images_show/1%20(2).jpg
INFO: [ app_init ] --START--
INFO: Run Behavior\BuildLiteBehavior [ RunTime:0.000036s ]
INFO: [ app_init ] --END-- [ RunTime:0.009416s ]
ERR: 无法加载模块:Public

[ 2015-07-02T09:20:31+08:00 ] ::1 /capcc0624/Public/Home/Css/home_page.css
INFO: [ app_init ] --START--
INFO: Run Behavior\BuildLiteBehavior [ RunTime:0.000031s ]
INFO: [ app_init ] --END-- [ RunTime:0.000855s ]
ERR: 无法加载模块:Public

[ 2015-07-02T09:20:32+08:00 ] ::1 /capcc0624/Public/Home/Images/Home/images_show/1%20(2).jpg
INFO: [ app_init ] --START--
INFO: Run Behavior\BuildLiteBehavior [ RunTime:0.000034s ]
INFO: [ app_init ] --END-- [ RunTime:0.000860s ]
ERR: 无法加载模块:Public

[ 2015-07-02T09:20:50+08:00 ] ::1 /capcc0624/Public/Home/Css/home_page.css
INFO: [ app_init ] --START--
INFO: Run Behavior\BuildLiteBehavior [ RunTime:0.000031s ]
INFO: [ app_init ] --END-- [ RunTime:0.000840s ]
ERR: 无法加载模块:Public

[ 2015-07-02T09:20:51+08:00 ] ::1 /capcc0624/Public/Home/Images/Home/images_show/1%20(2).jpg
INFO: [ app_init ] --START--
INFO: Run Behavior\BuildLiteBehavior [ RunTime:0.000035s ]
INFO: [ app_init ] --END-- [ RunTime:0.000830s ]
ERR: 无法加载模块:Public

[ 2015-07-02T09:20:58+08:00 ] ::1 /capcc0624/index.php/js/resize_picture.js
INFO: [ app_init ] --START--
INFO: Run Behavior\BuildLiteBehavior [ RunTime:0.000024s ]
INFO: [ app_init ] --END-- [ RunTime:0.000713s ]
ERR: 无法加载模块:Js

[ 2015-07-02T09:20:58+08:00 ] ::1 /capcc0624/index.php/images/%E6%A0%87%E8%AF%86%E7%AC%A6%E5%8F%B7%20(1).jpg
INFO: [ app_init ] --START--
INFO: Run Behavior\BuildLiteBehavior [ RunTime:0.000032s ]
INFO: [ app_init ] --END-- [ RunTime:0.000865s ]
ERR: 无法加载模块:Images

[ 2015-07-02T09:34:54+08:00 ] ::1 /capcc0624/Public/Home/Css/home_page.css
INFO: [ app_init ] --START--
INFO: Run Behavior\BuildLiteBehavior [ RunTime:0.000031s ]
INFO: [ app_init ] --END-- [ RunTime:0.000963s ]
ERR: 无法加载模块:Public

[ 2015-07-02T09:34:54+08:00 ] ::1 /capcc0624/Public/Home/Images/Home/images_show/1%20(2).jpg
INFO: [ app_init ] --START--
INFO: Run Behavior\BuildLiteBehavior [ RunTime:0.000030s ]
INFO: [ app_init ] --END-- [ RunTime:0.000765s ]
ERR: 无法加载模块:Public

[ 2015-07-02T09:43:42+08:00 ] ::1 /capcc0624/Public/Home/Css/home_page.css
INFO: [ app_init ] --START--
INFO: Run Behavior\BuildLiteBehavior [ RunTime:0.000036s ]
INFO: [ app_init ] --END-- [ RunTime:0.000956s ]
ERR: 无法加载模块:Public

[ 2015-07-02T09:43:43+08:00 ] ::1 /capcc0624/Public/Home/Images/Home/images_show/1%20(2).jpg
INFO: [ app_init ] --START--
INFO: Run Behavior\BuildLiteBehavior [ RunTime:0.000033s ]
INFO: [ app_init ] --END-- [ RunTime:0.003305s ]
ERR: 无法加载模块:Public

[ 2015-07-02T10:02:39+08:00 ] ::1 /capcc0624/Public/Home/Css/home_page.css
INFO: [ app_init ] --START--
INFO: Run Behavior\BuildLiteBehavior [ RunTime:0.000050s ]
INFO: [ app_init ] --END-- [ RunTime:0.001122s ]
ERR: 无法加载模块:Public

[ 2015-07-02T10:02:39+08:00 ] ::1 /capcc0624/Public/Home/Images/Home/images_show/1%20(2).jpg
INFO: [ app_init ] --START--
INFO: Run Behavior\BuildLiteBehavior [ RunTime:0.000029s ]
INFO: [ app_init ] --END-- [ RunTime:0.000957s ]
ERR: 无法加载模块:Public

[ 2015-07-02T10:02:39+08:00 ] ::1 /capcc0624/Public/Home/Images/Home/images_show/1%20(2).jpg
INFO: [ app_init ] --START--
INFO: Run Behavior\BuildLiteBehavior [ RunTime:0.000031s ]
INFO: [ app_init ] --END-- [ RunTime:0.001181s ]
ERR: 无法加载模块:Public

[ 2015-07-02T10:06:29+08:00 ] ::1 /capcc0624/Public/Home/Css/home_head.css
INFO: [ app_init ] --START--
INFO: Run Behavior\BuildLiteBehavior [ RunTime:0.000024s ]
INFO: [ app_init ] --END-- [ RunTime:0.000631s ]
ERR: 无法加载模块:Public

[ 2015-07-02T10:06:29+08:00 ] ::1 /capcc0624/Public/Home/Css/home_page.css
INFO: [ app_init ] --START--
INFO: Run Behavior\BuildLiteBehavior [ RunTime:0.000030s ]
INFO: [ app_init ] --END-- [ RunTime:0.000890s ]
ERR: 无法加载模块:Public

[ 2015-07-02T10:06:30+08:00 ] ::1 /capcc0624/Public/Home/Images/Home/images_show/1%20(2).jpg
INFO: [ app_init ] --START--
INFO: Run Behavior\BuildLiteBehavior [ RunTime:0.000036s ]
INFO: [ app_init ] --END-- [ RunTime:0.000992s ]
ERR: 无法加载模块:Public

[ 2015-07-02T10:07:34+08:00 ] ::1 /capcc0624/Public/Home/Css/home_head.css
INFO: [ app_init ] --START--
INFO: Run Behavior\BuildLiteBehavior [ RunTime:0.000034s ]
INFO: [ app_init ] --END-- [ RunTime:0.000878s ]
ERR: 无法加载模块:Public

[ 2015-07-02T10:07:35+08:00 ] ::1 /capcc0624/Public/Home/Css/home_page.css
INFO: [ app_init ] --START--
INFO: Run Behavior\BuildLiteBehavior [ RunTime:0.000020s ]
INFO: [ app_init ] --END-- [ RunTime:0.000554s ]
ERR: 无法加载模块:Public

[ 2015-07-02T10:07:36+08:00 ] ::1 /capcc0624/Public/Home/Images/Home/images_show/1%20(2).jpg
INFO: [ app_init ] --START--
INFO: Run Behavior\BuildLiteBehavior [ RunTime:0.000022s ]
INFO: [ app_init ] --END-- [ RunTime:0.000992s ]
ERR: 无法加载模块:Public

[ 2015-07-02T10:07:47+08:00 ] ::1 /capcc0624/Public/Home/Css/home_head.css
INFO: [ app_init ] --START--
INFO: Run Behavior\BuildLiteBehavior [ RunTime:0.000020s ]
INFO: [ app_init ] --END-- [ RunTime:0.000680s ]
ERR: 无法加载模块:Public

[ 2015-07-02T10:07:47+08:00 ] ::1 /capcc0624/Public/Home/Css/home_page.css
INFO: [ app_init ] --START--
INFO: Run Behavior\BuildLiteBehavior [ RunTime:0.000027s ]
INFO: [ app_init ] --END-- [ RunTime:0.000728s ]
ERR: 无法加载模块:Public

[ 2015-07-02T10:07:49+08:00 ] ::1 /capcc0624/Public/Home/Images/Home/images_show/1%20(2).jpg
INFO: [ app_init ] --START--
INFO: Run Behavior\BuildLiteBehavior [ RunTime:0.000069s ]
INFO: [ app_init ] --END-- [ RunTime:0.001593s ]
ERR: 无法加载模块:Public

[ 2015-07-02T10:08:11+08:00 ] ::1 /capcc0624/Public/Home/Css/home_head.css
INFO: [ app_init ] --START--
INFO: Run Behavior\BuildLiteBehavior [ RunTime:0.000018s ]
INFO: [ app_init ] --END-- [ RunTime:0.000540s ]
ERR: 无法加载模块:Public

[ 2015-07-02T10:08:11+08:00 ] ::1 /capcc0624/Public/Home/Css/home_page.css
INFO: [ app_init ] --START--
INFO: Run Behavior\BuildLiteBehavior [ RunTime:0.000034s ]
INFO: [ app_init ] --END-- [ RunTime:0.000959s ]
ERR: 无法加载模块:Public

[ 2015-07-02T10:08:12+08:00 ] ::1 /capcc0624/Public/Home/Images/Home/images_show/1%20(2).jpg
INFO: [ app_init ] --START--
INFO: Run Behavior\BuildLiteBehavior [ RunTime:0.000029s ]
INFO: [ app_init ] --END-- [ RunTime:0.000857s ]
ERR: 无法加载模块:Public

[ 2015-07-02T10:11:59+08:00 ] ::1 /capcc0624/Public/Home/Css/home_head.css
INFO: [ app_init ] --START--
INFO: Run Behavior\BuildLiteBehavior [ RunTime:0.000019s ]
INFO: [ app_init ] --END-- [ RunTime:0.000555s ]
ERR: 无法加载模块:Public

[ 2015-07-02T10:12:00+08:00 ] ::1 /capcc0624/Public/Home/Css/home_page.css
INFO: [ app_init ] --START--
INFO: Run Behavior\BuildLiteBehavior [ RunTime:0.000022s ]
INFO: [ app_init ] --END-- [ RunTime:0.000599s ]
ERR: 无法加载模块:Public

[ 2015-07-02T10:12:02+08:00 ] ::1 /capcc0624/Public/Home/Images/Home/images_show/1%20(2).jpg
INFO: [ app_init ] --START--
INFO: Run Behavior\BuildLiteBehavior [ RunTime:0.000036s ]
INFO: [ app_init ] --END-- [ RunTime:0.001063s ]
ERR: 无法加载模块:Public

[ 2015-07-02T10:16:20+08:00 ] ::1 /capcc0624/Public/Home/Css/home_head.css
INFO: [ app_init ] --START--
INFO: Run Behavior\BuildLiteBehavior [ RunTime:0.000020s ]
INFO: [ app_init ] --END-- [ RunTime:0.000654s ]
ERR: 无法加载模块:Public

[ 2015-07-02T10:16:20+08:00 ] ::1 /capcc0624/Public/Home/Css/home_page.css
INFO: [ app_init ] --START--
INFO: Run Behavior\BuildLiteBehavior [ RunTime:0.000030s ]
INFO: [ app_init ] --END-- [ RunTime:0.000639s ]
ERR: 无法加载模块:Public

[ 2015-07-02T10:16:21+08:00 ] ::1 /capcc0624/Public/Home/Images/Home/images_show/1%20(2).jpg
INFO: [ app_init ] --START--
INFO: Run Behavior\BuildLiteBehavior [ RunTime:0.000019s ]
INFO: [ app_init ] --END-- [ RunTime:0.000510s ]
ERR: 无法加载模块:Public

[ 2015-07-02T10:16:27+08:00 ] ::1 /capcc0624/Public/Home/Images/Home/images_show/1%20(2).jpg
INFO: [ app_init ] --START--
INFO: Run Behavior\BuildLiteBehavior [ RunTime:0.000018s ]
INFO: [ app_init ] --END-- [ RunTime:0.000520s ]
ERR: 无法加载模块:Public

[ 2015-07-02T10:17:32+08:00 ] ::1 /capcc0624/Public/Home/Css/home_head.css
INFO: [ app_init ] --START--
INFO: Run Behavior\BuildLiteBehavior [ RunTime:0.000061s ]
INFO: [ app_init ] --END-- [ RunTime:0.000927s ]
ERR: 无法加载模块:Public

[ 2015-07-02T10:17:32+08:00 ] ::1 /capcc0624/Public/Home/Css/home_page.css
INFO: [ app_init ] --START--
INFO: Run Behavior\BuildLiteBehavior [ RunTime:0.000030s ]
INFO: [ app_init ] --END-- [ RunTime:0.000867s ]
ERR: 无法加载模块:Public

[ 2015-07-02T10:17:33+08:00 ] ::1 /capcc0624/Public/Home/Images/Home/images_show/1%20(2).jpg
INFO: [ app_init ] --START--
INFO: Run Behavior\BuildLiteBehavior [ RunTime:0.000032s ]
INFO: [ app_init ] --END-- [ RunTime:0.000896s ]
ERR: 无法加载模块:Public

[ 2015-07-02T10:18:02+08:00 ] ::1 /capcc0624/Public/Home/Css/home_head.css
INFO: [ app_init ] --START--
INFO: Run Behavior\BuildLiteBehavior [ RunTime:0.000032s ]
INFO: [ app_init ] --END-- [ RunTime:0.000827s ]
ERR: 无法加载模块:Public

[ 2015-07-02T10:18:02+08:00 ] ::1 /capcc0624/Public/Home/Css/home_page.css
INFO: [ app_init ] --START--
INFO: Run Behavior\BuildLiteBehavior [ RunTime:0.000021s ]
INFO: [ app_init ] --END-- [ RunTime:0.000748s ]
ERR: 无法加载模块:Public

[ 2015-07-02T10:18:03+08:00 ] ::1 /capcc0624/Public/Home/Images/Home/images_show/1%20(2).jpg
INFO: [ app_init ] --START--
INFO: Run Behavior\BuildLiteBehavior [ RunTime:0.000022s ]
INFO: [ app_init ] --END-- [ RunTime:0.000710s ]
ERR: 无法加载模块:Public

[ 2015-07-02T10:18:03+08:00 ] ::1 /capcc0624/Public/Home/Images/Home/images_show/1%20(2).jpg
INFO: [ app_init ] --START--
INFO: Run Behavior\BuildLiteBehavior [ RunTime:0.000031s ]
INFO: [ app_init ] --END-- [ RunTime:0.000784s ]
ERR: 无法加载模块:Public

[ 2015-07-02T10:18:35+08:00 ] ::1 /capcc0624/Public/Home/Css/home_head.css
INFO: [ app_init ] --START--
INFO: Run Behavior\BuildLiteBehavior [ RunTime:0.000019s ]
INFO: [ app_init ] --END-- [ RunTime:0.000534s ]
ERR: 无法加载模块:Public

[ 2015-07-02T10:18:39+08:00 ] ::1 /capcc0624/Public/Home/Css/home_head.css
INFO: [ app_init ] --START--
INFO: Run Behavior\BuildLiteBehavior [ RunTime:0.000019s ]
INFO: [ app_init ] --END-- [ RunTime:0.000579s ]
ERR: 无法加载模块:Public

[ 2015-07-02T10:18:39+08:00 ] ::1 /capcc0624/Public/Home/Css/home_page.css
INFO: [ app_init ] --START--
INFO: Run Behavior\BuildLiteBehavior [ RunTime:0.000030s ]
INFO: [ app_init ] --END-- [ RunTime:0.000827s ]
ERR: 无法加载模块:Public

[ 2015-07-02T10:18:40+08:00 ] ::1 /capcc0624/Public/Home/Images/Home/images_show/1%20(2).jpg
INFO: [ app_init ] --START--
INFO: Run Behavior\BuildLiteBehavior [ RunTime:0.000025s ]
INFO: [ app_init ] --END-- [ RunTime:0.000673s ]
ERR: 无法加载模块:Public

[ 2015-07-02T10:20:28+08:00 ] ::1 /capcc0624/Public/Home/Css/home_head.css
INFO: [ app_init ] --START--
INFO: Run Behavior\BuildLiteBehavior [ RunTime:0.000034s ]
INFO: [ app_init ] --END-- [ RunTime:0.000951s ]
ERR: 无法加载模块:Public

[ 2015-07-02T10:20:28+08:00 ] ::1 /capcc0624/Public/Home/Css/home_page.css
INFO: [ app_init ] --START--
INFO: Run Behavior\BuildLiteBehavior [ RunTime:0.000030s ]
INFO: [ app_init ] --END-- [ RunTime:0.000801s ]
ERR: 无法加载模块:Public

[ 2015-07-02T10:20:28+08:00 ] ::1 /capcc0624/Public/Home/Images/Home/images_show/1%20(2).jpg
INFO: [ app_init ] --START--
INFO: Run Behavior\BuildLiteBehavior [ RunTime:0.000020s ]
INFO: [ app_init ] --END-- [ RunTime:0.000546s ]
ERR: 无法加载模块:Public

[ 2015-07-02T10:20:29+08:00 ] ::1 /capcc0624/Public/Home/Images/Home/images_show/1%20(2).jpg
INFO: [ app_init ] --START--
INFO: Run Behavior\BuildLiteBehavior [ RunTime:0.000020s ]
INFO: [ app_init ] --END-- [ RunTime:0.000577s ]
ERR: 无法加载模块:Public

[ 2015-07-02T10:21:45+08:00 ] ::1 /capcc0624/Public/Home/Css/home_page.css
INFO: [ app_init ] --START--
INFO: Run Behavior\BuildLiteBehavior [ RunTime:0.000028s ]
INFO: [ app_init ] --END-- [ RunTime:0.000800s ]
ERR: 无法加载模块:Public

[ 2015-07-02T10:21:49+08:00 ] ::1 /capcc0624/Public/Home/Images/Home/images_show/1%20(2).jpg
INFO: [ app_init ] --START--
INFO: Run Behavior\BuildLiteBehavior [ RunTime:0.000032s ]
INFO: [ app_init ] --END-- [ RunTime:0.001006s ]
ERR: 无法加载模块:Public

[ 2015-07-02T10:22:02+08:00 ] ::1 /capcc0624/Public/Home/Css/home_head.css
INFO: [ app_init ] --START--
INFO: Run Behavior\BuildLiteBehavior [ RunTime:0.000025s ]
INFO: [ app_init ] --END-- [ RunTime:0.000581s ]
ERR: 无法加载模块:Public

[ 2015-07-02T10:22:25+08:00 ] ::1 /capcc0624/Public/Home/Css/home_head.css
INFO: [ app_init ] --START--
INFO: Run Behavior\BuildLiteBehavior [ RunTime:0.000031s ]
INFO: [ app_init ] --END-- [ RunTime:0.000975s ]
ERR: 无法加载模块:Public

[ 2015-07-02T11:00:49+08:00 ] ::1 /capcc0624/Public/Home/Css/home_head.css
INFO: [ app_init ] --START--
INFO: Run Behavior\BuildLiteBehavior [ RunTime:0.000031s ]
INFO: [ app_init ] --END-- [ RunTime:0.000774s ]
ERR: 无法加载模块:Public

[ 2015-07-02T11:00:49+08:00 ] ::1 /capcc0624/Public/Home/Css/home_page.css
INFO: [ app_init ] --START--
INFO: Run Behavior\BuildLiteBehavior [ RunTime:0.000032s ]
INFO: [ app_init ] --END-- [ RunTime:0.000918s ]
ERR: 无法加载模块:Public

[ 2015-07-02T11:00:49+08:00 ] ::1 /capcc0624/Public/Home/Images/images_show/1%20(1).jpg
INFO: [ app_init ] --START--
INFO: Run Behavior\BuildLiteBehavior [ RunTime:0.000041s ]
INFO: [ app_init ] --END-- [ RunTime:0.005041s ]
ERR: 无法加载模块:Public

[ 2015-07-02T11:00:49+08:00 ] ::1 /capcc0624/Public/Home/Images/images_show/1%20(3).jpg
INFO: [ app_init ] --START--
INFO: Run Behavior\BuildLiteBehavior [ RunTime:0.000033s ]
INFO: [ app_init ] --END-- [ RunTime:0.001605s ]
ERR: 无法加载模块:Public

[ 2015-07-02T11:00:49+08:00 ] ::1 /capcc0624/Public/Home/Images/images_show/1%20(4).jpg
INFO: [ app_init ] --START--
INFO: Run Behavior\BuildLiteBehavior [ RunTime:0.000040s ]
INFO: [ app_init ] --END-- [ RunTime:0.000980s ]
ERR: 无法加载模块:Public

[ 2015-07-02T11:00:49+08:00 ] ::1 /capcc0624/Public/Home/Images/images_show/1%20(6).jpg
INFO: [ app_init ] --START--
INFO: Run Behavior\BuildLiteBehavior [ RunTime:0.000035s ]
INFO: [ app_init ] --END-- [ RunTime:0.001011s ]
ERR: 无法加载模块:Public

[ 2015-07-02T11:00:49+08:00 ] ::1 /capcc0624/Public/Home/Images/Home/images_show/1%20(2).jpg
INFO: [ app_init ] --START--
INFO: Run Behavior\BuildLiteBehavior [ RunTime:0.000034s ]
INFO: [ app_init ] --END-- [ RunTime:0.012248s ]
ERR: 无法加载模块:Public

[ 2015-07-02T11:00:49+08:00 ] ::1 /capcc0624/Public/Home/Images/images_show/1%20(8).jpg
INFO: [ app_init ] --START--
INFO: Run Behavior\BuildLiteBehavior [ RunTime:0.000085s ]
INFO: [ app_init ] --END-- [ RunTime:0.001728s ]
ERR: 无法加载模块:Public

[ 2015-07-02T11:00:49+08:00 ] ::1 /capcc0624/Public/Home/Images/images_show/1%20(7).jpg
INFO: [ app_init ] --START--
INFO: Run Behavior\BuildLiteBehavior [ RunTime:0.000041s ]
INFO: [ app_init ] --END-- [ RunTime:0.007474s ]
ERR: 无法加载模块:Public

[ 2015-07-02T11:00:49+08:00 ] ::1 /capcc0624/Public/Home/Images/images_show/1%20(5).jpg
INFO: [ app_init ] --START--
INFO: Run Behavior\BuildLiteBehavior [ RunTime:0.000031s ]
INFO: [ app_init ] --END-- [ RunTime:0.001475s ]
ERR: 无法加载模块:Public

[ 2015-07-02T11:02:24+08:00 ] ::1 /capcc0624/Public/Home/Css/home_page.css
INFO: [ app_init ] --START--
INFO: Run Behavior\BuildLiteBehavior [ RunTime:0.000031s ]
INFO: [ app_init ] --END-- [ RunTime:0.000808s ]
ERR: 无法加载模块:Public

[ 2015-07-02T11:02:24+08:00 ] ::1 /capcc0624/Public/Home/Css/home_head.css
INFO: [ app_init ] --START--
INFO: Run Behavior\BuildLiteBehavior [ RunTime:0.000030s ]
INFO: [ app_init ] --END-- [ RunTime:0.000792s ]
ERR: 无法加载模块:Public

[ 2015-07-02T11:26:47+08:00 ] ::1 /capcc0624/Public/Home/Css/home_head.css
INFO: [ app_init ] --START--
INFO: Run Behavior\BuildLiteBehavior [ RunTime:0.000043s ]
INFO: [ app_init ] --END-- [ RunTime:0.001073s ]
ERR: 无法加载模块:Public

[ 2015-07-02T11:26:50+08:00 ] ::1 /capcc0624/Public/Home/Css/home_head.css
INFO: [ app_init ] --START--
INFO: Run Behavior\BuildLiteBehavior [ RunTime:0.000034s ]
INFO: [ app_init ] --END-- [ RunTime:0.001036s ]
ERR: 无法加载模块:Public

[ 2015-07-02T11:26:50+08:00 ] ::1 /capcc0624/Public/Home/Css/home_page.css
INFO: [ app_init ] --START--
INFO: Run Behavior\BuildLiteBehavior [ RunTime:0.000047s ]
INFO: [ app_init ] --END-- [ RunTime:0.000993s ]
ERR: 无法加载模块:Public

[ 2015-07-02T11:30:25+08:00 ] ::1 /capcc0624/Public/Home/Css/home_head.css
INFO: [ app_init ] --START--
INFO: Run Behavior\BuildLiteBehavior [ RunTime:0.000036s ]
INFO: [ app_init ] --END-- [ RunTime:0.001450s ]
ERR: 无法加载模块:Public

[ 2015-07-02T12:16:42+08:00 ] ::1 /capcc0624/Public/Home/Css/home_head.css
INFO: [ app_init ] --START--
INFO: Run Behavior\BuildLiteBehavior [ RunTime:0.000036s ]
INFO: [ app_init ] --END-- [ RunTime:0.001069s ]
ERR: 无法加载模块:Public

[ 2015-07-02T12:49:32+08:00 ] ::1 /capcc0624/Public/Home/Images/chinese_canal_images/world_canal_city_images/world_canal_city_england_bominghan.jpg
INFO: [ app_init ] --START--
INFO: Run Behavior\BuildLiteBehavior [ RunTime:0.000028s ]
INFO: [ app_init ] --END-- [ RunTime:0.000574s ]
ERR: 无法加载模块:Public

[ 2015-07-02T12:49:33+08:00 ] ::1 /capcc0624/Public/Home/Css/images/nav.png
INFO: [ app_init ] --START--
INFO: Run Behavior\BuildLiteBehavior [ RunTime:0.000036s ]
INFO: [ app_init ] --END-- [ RunTime:0.000932s ]
ERR: 无法加载模块:Public

[ 2015-07-02T12:49:33+08:00 ] ::1 /capcc0624/Public/Home/Images/chinese_canal_images/world_canal_city_images/world_canal_city_india_alapuzha.jpg
INFO: [ app_init ] --START--
INFO: Run Behavior\BuildLiteBehavior [ RunTime:0.000032s ]
INFO: [ app_init ] --END-- [ RunTime:0.000896s ]
ERR: 无法加载模块:Public

[ 2015-07-02T12:49:33+08:00 ] ::1 /capcc0624/Public/Home/Images/chinese_canal_images/world_canal_city_images/world_canal_city_india_alapuzha.jpg
INFO: [ app_init ] --START--
INFO: Run Behavior\BuildLiteBehavior [ RunTime:0.000057s ]
INFO: [ app_init ] --END-- [ RunTime:0.001808s ]
ERR: 无法加载模块:Public

[ 2015-07-02T12:50:24+08:00 ] ::1 /capcc0624/Public/Home/Images/chinese_canal_images/world_canal_city_images/world_canal_city_england_bominghan.jpg
INFO: [ app_init ] --START--
INFO: Run Behavior\BuildLiteBehavior [ RunTime:0.000031s ]
INFO: [ app_init ] --END-- [ RunTime:0.000787s ]
ERR: 无法加载模块:Public

[ 2015-07-02T12:50:24+08:00 ] ::1 /capcc0624/Public/Home/Images/chinese_canal_images/world_canal_city_images/world_canal_city_india_alapuzha.jpg
INFO: [ app_init ] --START--
INFO: Run Behavior\BuildLiteBehavior [ RunTime:0.000033s ]
INFO: [ app_init ] --END-- [ RunTime:0.001222s ]
ERR: 无法加载模块:Public

[ 2015-07-02T12:50:50+08:00 ] ::1 /capcc0624/Public/Home/Images/chinese_canal_images/world_canal_city_images/world_canal_city_england_bominghan.jpg
INFO: [ app_init ] --START--
INFO: Run Behavior\BuildLiteBehavior [ RunTime:0.000036s ]
INFO: [ app_init ] --END-- [ RunTime:0.001357s ]
ERR: 无法加载模块:Public

[ 2015-07-02T12:50:50+08:00 ] ::1 /capcc0624/Public/Home/Images/chinese_canal_images/world_canal_city_images/world_canal_city_india_alapuzha.jpg
INFO: [ app_init ] --START--
INFO: Run Behavior\BuildLiteBehavior [ RunTime:0.000032s ]
INFO: [ app_init ] --END-- [ RunTime:0.000882s ]
ERR: 无法加载模块:Public

[ 2015-07-02T12:50:50+08:00 ] ::1 /capcc0624/Public/Home/Images/chinese_canal_images/world_canal_city_images/world_canal_city_england_bominghan.jpg
INFO: [ app_init ] --START--
INFO: Run Behavior\BuildLiteBehavior [ RunTime:0.000033s ]
INFO: [ app_init ] --END-- [ RunTime:0.000903s ]
ERR: 无法加载模块:Public

[ 2015-07-02T12:51:26+08:00 ] ::1 /capcc0624/Public/Home/Images/chinese_canal_images/world_canal_city_images/world_canal_city_england_bominghan.jpg
INFO: [ app_init ] --START--
INFO: Run Behavior\BuildLiteBehavior [ RunTime:0.000032s ]
INFO: [ app_init ] --END-- [ RunTime:0.002157s ]
ERR: 无法加载模块:Public

[ 2015-07-02T12:51:27+08:00 ] ::1 /capcc0624/Public/Home/Images/chinese_canal_images/world_canal_city_images/world_canal_city_india_alapuzha.jpg
INFO: [ app_init ] --START--
INFO: Run Behavior\BuildLiteBehavior [ RunTime:0.000051s ]
INFO: [ app_init ] --END-- [ RunTime:0.000787s ]
ERR: 无法加载模块:Public

[ 2015-07-02T12:51:27+08:00 ] ::1 /capcc0624/Public/Home/Images/chinese_canal_images/world_canal_city_images/world_canal_city_england_bominghan.jpg
INFO: [ app_init ] --START--
INFO: Run Behavior\BuildLiteBehavior [ RunTime:0.000033s ]
INFO: [ app_init ] --END-- [ RunTime:0.000957s ]
ERR: 无法加载模块:Public

[ 2015-07-02T12:52:10+08:00 ] ::1 /capcc0624/Public/Home/Images/chinese_canal_images/world_canal_city_images/world_canal_city_england_bominghan.jpg
INFO: [ app_init ] --START--
INFO: Run Behavior\BuildLiteBehavior [ RunTime:0.000035s ]
INFO: [ app_init ] --END-- [ RunTime:0.002828s ]
ERR: 无法加载模块:Public

[ 2015-07-02T12:52:11+08:00 ] ::1 /capcc0624/Public/Home/Images/chinese_canal_images/world_canal_city_images/world_canal_city_india_alapuzha.jpg
INFO: [ app_init ] --START--
INFO: Run Behavior\BuildLiteBehavior [ RunTime:0.000033s ]
INFO: [ app_init ] --END-- [ RunTime:0.000950s ]
ERR: 无法加载模块:Public

[ 2015-07-02T12:52:23+08:00 ] ::1 /capcc0624/Public/Home/Images/chinese_canal_images/world_canal_city_images/world_canal_city_england_bominghan.jpg
INFO: [ app_init ] --START--
INFO: Run Behavior\BuildLiteBehavior [ RunTime:0.000042s ]
INFO: [ app_init ] --END-- [ RunTime:0.001226s ]
ERR: 无法加载模块:Public

[ 2015-07-02T12:52:23+08:00 ] ::1 /capcc0624/Public/Home/Images/chinese_canal_images/world_canal_city_images/world_canal_city_india_alapuzha.jpg
INFO: [ app_init ] --START--
INFO: Run Behavior\BuildLiteBehavior [ RunTime:0.000038s ]
INFO: [ app_init ] --END-- [ RunTime:0.001503s ]
ERR: 无法加载模块:Public

[ 2015-07-02T12:52:23+08:00 ] ::1 /capcc0624/Public/Home/Images/chinese_canal_images/world_canal_city_images/world_canal_city_england_bominghan.jpg
INFO: [ app_init ] --START--
INFO: Run Behavior\BuildLiteBehavior [ RunTime:0.000029s ]
INFO: [ app_init ] --END-- [ RunTime:0.001012s ]
ERR: 无法加载模块:Public

[ 2015-07-02T13:00:15+08:00 ] ::1 /capcc0624/Public/Home/Images/chinese_canal_images/world_canal_city_images/world_canal_city_england_bominghan.jpg
INFO: [ app_init ] --START--
INFO: Run Behavior\BuildLiteBehavior [ RunTime:0.000041s ]
INFO: [ app_init ] --END-- [ RunTime:0.001193s ]
ERR: 无法加载模块:Public

[ 2015-07-02T13:00:51+08:00 ] ::1 /capcc0624/Public/Home/Images/chinese_canal_images/world_canal_city_images/world_canal_city_india_alapuzha.jpg
INFO: [ app_init ] --START--
INFO: Run Behavior\BuildLiteBehavior [ RunTime:0.000030s ]
INFO: [ app_init ] --END-- [ RunTime:0.000908s ]
ERR: 无法加载模块:Public

[ 2015-07-02T13:00:52+08:00 ] ::1 /capcc0624/Public/Home/Images/chinese_canal_images/world_canal_city_images/world_canal_city_india_alapuzha.jpg
INFO: [ app_init ] --START--
INFO: Run Behavior\BuildLiteBehavior [ RunTime:0.000031s ]
INFO: [ app_init ] --END-- [ RunTime:0.000846s ]
ERR: 无法加载模块:Public

[ 2015-07-02T13:02:09+08:00 ] ::1 /capcc0624/Public/Home/Images/chinese_canal_images/world_canal_city_images/world_canal_city_india_alapuzha.jpg
INFO: [ app_init ] --START--
INFO: Run Behavior\BuildLiteBehavior [ RunTime:0.000032s ]
INFO: [ app_init ] --END-- [ RunTime:0.000975s ]
ERR: 无法加载模块:Public

[ 2015-07-02T13:02:32+08:00 ] ::1 /capcc0624/Public/Home/Images/chinese_canal_images/world_canal_city_images/world_canal_city_india_alapuzha.jpg
INFO: [ app_init ] --START--
INFO: Run Behavior\BuildLiteBehavior [ RunTime:0.000069s ]
INFO: [ app_init ] --END-- [ RunTime:0.001919s ]
ERR: 无法加载模块:Public

[ 2015-07-02T13:03:02+08:00 ] ::1 /capcc0624/Public/Home/Images/chinese_canal_images/world_canal_city_images/world_canal_city_india_alapuzha.jpg
INFO: [ app_init ] --START--
INFO: Run Behavior\BuildLiteBehavior [ RunTime:0.000033s ]
INFO: [ app_init ] --END-- [ RunTime:0.000982s ]
ERR: 无法加载模块:Public

[ 2015-07-02T13:03:54+08:00 ] ::1 /capcc0624/Public/Home/Images/chinese_canal_images/world_canal_city_images/world_canal_city_india_alapuzha.jpg
INFO: [ app_init ] --START--
INFO: Run Behavior\BuildLiteBehavior [ RunTime:0.000063s ]
INFO: [ app_init ] --END-- [ RunTime:0.001987s ]
ERR: 无法加载模块:Public

[ 2015-07-02T13:04:31+08:00 ] ::1 /capcc0624/Public/Home/Images/chinese_canal_images/world_canal_city_images/world_canal_city_india_alapuzha.jpg
INFO: [ app_init ] --START--
INFO: Run Behavior\BuildLiteBehavior [ RunTime:0.000032s ]
INFO: [ app_init ] --END-- [ RunTime:0.000822s ]
ERR: 无法加载模块:Public

[ 2015-07-02T13:07:19+08:00 ] ::1 /capcc0624/Public/Home/Images/chinese_canal_images/world_canal_city_images/world_canal_city_india_alapuzha.jpg
INFO: [ app_init ] --START--
INFO: Run Behavior\BuildLiteBehavior [ RunTime:0.000034s ]
INFO: [ app_init ] --END-- [ RunTime:0.001248s ]
ERR: 无法加载模块:Public

[ 2015-07-02T13:07:27+08:00 ] ::1 /capcc0624/Public/Home/Css/home_head.css
INFO: [ app_init ] --START--
INFO: Run Behavior\BuildLiteBehavior [ RunTime:0.000036s ]
INFO: [ app_init ] --END-- [ RunTime:0.001216s ]
ERR: 无法加载模块:Public

[ 2015-07-02T13:07:51+08:00 ] ::1 /capcc0624/Public/Home/Images/chinese_canal_images/world_canal_city_images/world_canal_city_india_alapuzha.jpg
INFO: [ app_init ] --START--
INFO: Run Behavior\BuildLiteBehavior [ RunTime:0.000027s ]
INFO: [ app_init ] --END-- [ RunTime:0.001405s ]
ERR: 无法加载模块:Public

[ 2015-07-02T13:09:36+08:00 ] ::1 /capcc0624/Public/Home/Images/chinese_canal_images/world_canal_city_images/world_canal_city_india_alapuzha.jpg
INFO: [ app_init ] --START--
INFO: Run Behavior\BuildLiteBehavior [ RunTime:0.000033s ]
INFO: [ app_init ] --END-- [ RunTime:0.000930s ]
ERR: 无法加载模块:Public

[ 2015-07-02T13:10:11+08:00 ] ::1 /capcc0624/Public/Home/Images/chinese_canal_images/world_canal_city_images/world_canal_city_india_alapuzha.jpg
INFO: [ app_init ] --START--
INFO: Run Behavior\BuildLiteBehavior [ RunTime:0.000032s ]
INFO: [ app_init ] --END-- [ RunTime:0.001186s ]
ERR: 无法加载模块:Public

[ 2015-07-02T13:10:11+08:00 ] ::1 /capcc0624/Public/Home/Images/chinese_canal_images/world_canal_city_images/world_canal_city_india_alapuzha.jpg
INFO: [ app_init ] --START--
INFO: Run Behavior\BuildLiteBehavior [ RunTime:0.000044s ]
INFO: [ app_init ] --END-- [ RunTime:0.001091s ]
ERR: 无法加载模块:Public

[ 2015-07-02T13:17:11+08:00 ] ::1 /capcc0624/Public/Home/Images/chinese_canal_images/world_canal_city_images/world_canal_city_india_alapuzha.jpg
INFO: [ app_init ] --START--
INFO: Run Behavior\BuildLiteBehavior [ RunTime:0.000032s ]
INFO: [ app_init ] --END-- [ RunTime:0.000831s ]
ERR: 无法加载模块:Public

[ 2015-07-02T13:18:14+08:00 ] ::1 /capcc0624/Public/Home/Images/chinese_canal_images/world_canal_city_images/world_canal_city_india_alapuzha.jpg
INFO: [ app_init ] --START--
INFO: Run Behavior\BuildLiteBehavior [ RunTime:0.000029s ]
INFO: [ app_init ] --END-- [ RunTime:0.000831s ]
ERR: 无法加载模块:Public

[ 2015-07-02T13:18:55+08:00 ] ::1 /capcc0624/Public/Home/Images/chinese_canal_images/world_canal_city_images/world_canal_city_india_alapuzha.jpg
INFO: [ app_init ] --START--
INFO: Run Behavior\BuildLiteBehavior [ RunTime:0.000031s ]
INFO: [ app_init ] --END-- [ RunTime:0.000942s ]
ERR: 无法加载模块:Public

[ 2015-07-02T13:21:20+08:00 ] ::1 /capcc0624/Public/Home/Images/chinese_canal_images/world_canal_city_images/world_canal_city_india_alapuzha.jpg
INFO: [ app_init ] --START--
INFO: Run Behavior\BuildLiteBehavior [ RunTime:0.000053s ]
INFO: [ app_init ] --END-- [ RunTime:0.000948s ]
ERR: 无法加载模块:Public

[ 2015-07-02T13:21:20+08:00 ] ::1 /capcc0624/Public/Home/Images/chinese_canal_images/world_canal_city_images/world_canal_city_india_alapuzha.jpg
INFO: [ app_init ] --START--
INFO: Run Behavior\BuildLiteBehavior [ RunTime:0.000038s ]
INFO: [ app_init ] --END-- [ RunTime:0.001010s ]
ERR: 无法加载模块:Public

[ 2015-07-02T13:21:53+08:00 ] ::1 /capcc0624/Public/Home/Images/chinese_canal_images/world_canal_city_images/world_canal_city_india_alapuzha.jpg
INFO: [ app_init ] --START--
INFO: Run Behavior\BuildLiteBehavior [ RunTime:0.000036s ]
INFO: [ app_init ] --END-- [ RunTime:0.001689s ]
ERR: 无法加载模块:Public

[ 2015-07-02T13:22:52+08:00 ] ::1 /capcc0624/Public/Home/Images/chinese_canal_images/world_canal_city_images/world_canal_city_india_alapuzha.jpg
INFO: [ app_init ] --START--
INFO: Run Behavior\BuildLiteBehavior [ RunTime:0.000034s ]
INFO: [ app_init ] --END-- [ RunTime:0.000947s ]
ERR: 无法加载模块:Public

[ 2015-07-02T13:23:49+08:00 ] ::1 /capcc0624/Public/Home/Images/chinese_canal_images/world_canal_city_images/world_canal_city_india_alapuzha.jpg
INFO: [ app_init ] --START--
INFO: Run Behavior\BuildLiteBehavior [ RunTime:0.000037s ]
INFO: [ app_init ] --END-- [ RunTime:0.001082s ]
ERR: 无法加载模块:Public

[ 2015-07-02T13:24:52+08:00 ] ::1 /capcc0624/Public/Home/Images/chinese_canal_images/world_canal_city_images/world_canal_city_india_alapuzha.jpg
INFO: [ app_init ] --START--
INFO: Run Behavior\BuildLiteBehavior [ RunTime:0.000028s ]
INFO: [ app_init ] --END-- [ RunTime:0.000835s ]
ERR: 无法加载模块:Public

[ 2015-07-02T13:25:38+08:00 ] ::1 /capcc0624/Public/Home/Images/chinese_canal_images/world_canal_city_images/world_canal_city_india_alapuzha.jpg
INFO: [ app_init ] --START--
INFO: Run Behavior\BuildLiteBehavior [ RunTime:0.000055s ]
INFO: [ app_init ] --END-- [ RunTime:0.001127s ]
ERR: 无法加载模块:Public

[ 2015-07-02T13:25:38+08:00 ] ::1 /capcc0624/Public/Home/Images/chinese_canal_images/world_canal_city_images/world_canal_city_india_alapuzha.jpg
INFO: [ app_init ] --START--
INFO: Run Behavior\BuildLiteBehavior [ RunTime:0.000032s ]
INFO: [ app_init ] --END-- [ RunTime:0.000869s ]
ERR: 无法加载模块:Public

[ 2015-07-02T15:33:14+08:00 ] ::1 /capcc0624/Public/Home/Images/chinese_canal_images/world_canal_city_images/world_canal_city_india_alapuzha.jpg
INFO: [ app_init ] --START--
INFO: Run Behavior\BuildLiteBehavior [ RunTime:0.000036s ]
INFO: [ app_init ] --END-- [ RunTime:0.000854s ]
ERR: 无法加载模块:Public

[ 2015-07-02T15:34:23+08:00 ] ::1 /capcc0624/Public/Home/Images/chinese_canal_images/world_canal_city_images/world_canal_city_india_alapuzha.jpg
INFO: [ app_init ] --START--
INFO: Run Behavior\BuildLiteBehavior [ RunTime:0.000034s ]
INFO: [ app_init ] --END-- [ RunTime:0.002060s ]
ERR: 无法加载模块:Public

[ 2015-07-02T15:35:00+08:00 ] ::1 /capcc0624/Public/Home/Images/chinese_canal_images/world_canal_city_images/world_canal_city_india_alapuzha.jpg
INFO: [ app_init ] --START--
INFO: Run Behavior\BuildLiteBehavior [ RunTime:0.000032s ]
INFO: [ app_init ] --END-- [ RunTime:0.000857s ]
ERR: 无法加载模块:Public

[ 2015-07-02T15:35:08+08:00 ] ::1 /capcc0624/Public/Home/Images/chinese_canal_images/world_canal_city_images/world_canal_city_india_alapuzha.jpg
INFO: [ app_init ] --START--
INFO: Run Behavior\BuildLiteBehavior [ RunTime:0.000053s ]
INFO: [ app_init ] --END-- [ RunTime:0.000945s ]
ERR: 无法加载模块:Public

[ 2015-07-02T15:35:14+08:00 ] ::1 /capcc0624/Public/Home/Images/chinese_canal_images/world_canal_city_images/world_canal_city_india_alapuzha.jpg
INFO: [ app_init ] --START--
INFO: Run Behavior\BuildLiteBehavior [ RunTime:0.000031s ]
INFO: [ app_init ] --END-- [ RunTime:0.000858s ]
ERR: 无法加载模块:Public

[ 2015-07-02T15:35:15+08:00 ] ::1 /capcc0624/Public/Home/Images/chinese_canal_images/world_canal_city_images/world_canal_city_india_alapuzha.jpg
INFO: [ app_init ] --START--
INFO: Run Behavior\BuildLiteBehavior [ RunTime:0.000035s ]
INFO: [ app_init ] --END-- [ RunTime:0.001209s ]
ERR: 无法加载模块:Public

[ 2015-07-02T15:36:08+08:00 ] ::1 /capcc0624/Public/Home/Images/chinese_canal_images/world_canal_city_images/world_canal_city_india_alapuzha.jpg
INFO: [ app_init ] --START--
INFO: Run Behavior\BuildLiteBehavior [ RunTime:0.000033s ]
INFO: [ app_init ] --END-- [ RunTime:0.000835s ]
ERR: 无法加载模块:Public

[ 2015-07-02T15:36:19+08:00 ] ::1 /capcc0624/Public/Home/Images/chinese_canal_images/world_canal_city_images/world_canal_city_india_alapuzha.jpg
INFO: [ app_init ] --START--
INFO: Run Behavior\BuildLiteBehavior [ RunTime:0.000033s ]
INFO: [ app_init ] --END-- [ RunTime:0.001072s ]
ERR: 无法加载模块:Public

[ 2015-07-02T15:37:09+08:00 ] ::1 /capcc0624/Public/Home/Images/chinese_canal_images/world_canal_city_images/world_canal_city_india_alapuzha.jpg
INFO: [ app_init ] --START--
INFO: Run Behavior\BuildLiteBehavior [ RunTime:0.000032s ]
INFO: [ app_init ] --END-- [ RunTime:0.001190s ]
ERR: 无法加载模块:Public

[ 2015-07-02T15:40:55+08:00 ] ::1 /capcc0624/Public/Home/Images/chinese_canal_images/world_canal_city_images/world_canal_city_india_alapuzha.jpg
INFO: [ app_init ] --START--
INFO: Run Behavior\BuildLiteBehavior [ RunTime:0.000032s ]
INFO: [ app_init ] --END-- [ RunTime:0.000877s ]
ERR: 无法加载模块:Public

[ 2015-07-02T15:43:37+08:00 ] ::1 /capcc0624/Public/Home/Images/chinese_canal_images/world_canal_city_images/world_canal_city_india_alapuzha.jpg
INFO: [ app_init ] --START--
INFO: Run Behavior\BuildLiteBehavior [ RunTime:0.000037s ]
INFO: [ app_init ] --END-- [ RunTime:0.001010s ]
ERR: 无法加载模块:Public

[ 2015-07-02T15:48:39+08:00 ] ::1 /capcc0624/Public/Home/Images/chinese_canal_images/world_canal_city_images/world_canal_city_india_alapuzha.jpg
INFO: [ app_init ] --START--
INFO: Run Behavior\BuildLiteBehavior [ RunTime:0.000053s ]
INFO: [ app_init ] --END-- [ RunTime:0.001488s ]
ERR: 无法加载模块:Public

[ 2015-07-02T15:49:35+08:00 ] ::1 /capcc0624/Public/Home/Images/chinese_canal_images/world_canal_city_images/world_canal_city_india_alapuzha.jpg
INFO: [ app_init ] --START--
INFO: Run Behavior\BuildLiteBehavior [ RunTime:0.000036s ]
INFO: [ app_init ] --END-- [ RunTime:0.001318s ]
ERR: 无法加载模块:Public

[ 2015-07-02T15:54:05+08:00 ] ::1 /capcc0624/Public/Home/Images/chinese_canal_images/world_canal_city_images/world_canal_city_india_alapuzha.jpg
INFO: [ app_init ] --START--
INFO: Run Behavior\BuildLiteBehavior [ RunTime:0.000034s ]
INFO: [ app_init ] --END-- [ RunTime:0.001139s ]
ERR: 无法加载模块:Public

[ 2015-07-02T15:55:02+08:00 ] ::1 /capcc0624/Public/Home/Images/chinese_canal_images/world_canal_city_images/world_canal_city_india_alapuzha.jpg
INFO: [ app_init ] --START--
INFO: Run Behavior\BuildLiteBehavior [ RunTime:0.000034s ]
INFO: [ app_init ] --END-- [ RunTime:0.000938s ]
ERR: 无法加载模块:Public

