[ 2015-07-01T09:30:26+08:00 ] ::1 /capcc0624/__PUBLIC__/Home/Images/bracket.jpg
INFO: [ app_init ] --START--
INFO: Run Behavior\BuildLiteBehavior [ RunTime:0.000027s ]
INFO: [ app_init ] --END-- [ RunTime:0.000682s ]
ERR: 无法加载模块:__PUBLIC__

[ 2015-07-01T09:30:27+08:00 ] ::1 /capcc0624/Public/Home/Css/home_page.css
INFO: [ app_init ] --START--
INFO: Run Behavior\BuildLiteBehavior [ RunTime:0.000029s ]
INFO: [ app_init ] --END-- [ RunTime:0.000669s ]
ERR: 无法加载模块:Public

[ 2015-07-01T09:30:28+08:00 ] ::1 /capcc0624/Public/Home/Images/Home/images_show/1%20(2).jpg
INFO: [ app_init ] --START--
INFO: Run Behavior\BuildLiteBehavior [ RunTime:0.000018s ]
INFO: [ app_init ] --END-- [ RunTime:0.000533s ]
ERR: 无法加载模块:Public

[ 2015-07-01T09:31:43+08:00 ] ::1 /capcc0624/Public/Home/Css/home_page.css
INFO: [ app_init ] --START--
INFO: Run Behavior\BuildLiteBehavior [ RunTime:0.000049s ]
INFO: [ app_init ] --END-- [ RunTime:0.001421s ]
ERR: 无法加载模块:Public

[ 2015-07-01T09:31:44+08:00 ] ::1 /capcc0624/Public/Home/Images/Home/images_show/1%20(2).jpg
INFO: [ app_init ] --START--
INFO: Run Behavior\BuildLiteBehavior [ RunTime:0.000018s ]
INFO: [ app_init ] --END-- [ RunTime:0.000498s ]
ERR: 无法加载模块:Public

[ 2015-07-01T09:32:28+08:00 ] ::1 /capcc0624/Public/Home/Css/home_page.css
INFO: [ app_init ] --START--
INFO: Run Behavior\BuildLiteBehavior [ RunTime:0.000031s ]
INFO: [ app_init ] --END-- [ RunTime:0.000871s ]
ERR: 无法加载模块:Public

[ 2015-07-01T09:32:29+08:00 ] ::1 /capcc0624/Public/Home/Images/Home/images_show/1%20(2).jpg
INFO: [ app_init ] --START--
INFO: Run Behavior\BuildLiteBehavior [ RunTime:0.000050s ]
INFO: [ app_init ] --END-- [ RunTime:0.001126s ]
ERR: 无法加载模块:Public

[ 2015-07-01T09:32:44+08:00 ] ::1 /capcc0624/Public/Home/Css/home_page.css
INFO: [ app_init ] --START--
INFO: Run Behavior\BuildLiteBehavior [ RunTime:0.000030s ]
INFO: [ app_init ] --END-- [ RunTime:0.000690s ]
ERR: 无法加载模块:Public

[ 2015-07-01T09:32:46+08:00 ] ::1 /capcc0624/Public/Home/Images/Home/images_show/1%20(2).jpg
INFO: [ app_init ] --START--
INFO: Run Behavior\BuildLiteBehavior [ RunTime:0.000030s ]
INFO: [ app_init ] --END-- [ RunTime:0.000678s ]
ERR: 无法加载模块:Public

[ 2015-07-01T09:39:31+08:00 ] ::1 /capcc0624/Public/Home/Css/home_page.css
INFO: [ app_init ] --START--
INFO: Run Behavior\BuildLiteBehavior [ RunTime:0.000030s ]
INFO: [ app_init ] --END-- [ RunTime:0.001266s ]
ERR: 无法加载模块:Public

[ 2015-07-01T09:39:31+08:00 ] ::1 /capcc0624/images/botton-right.png
INFO: [ app_init ] --START--
INFO: Run Behavior\BuildLiteBehavior [ RunTime:0.000031s ]
INFO: [ app_init ] --END-- [ RunTime:0.000886s ]
ERR: 无法加载模块:Images

[ 2015-07-01T09:39:31+08:00 ] ::1 /capcc0624/images/botton-left.png
INFO: [ app_init ] --START--
INFO: Run Behavior\BuildLiteBehavior [ RunTime:0.000026s ]
INFO: [ app_init ] --END-- [ RunTime:0.000738s ]
ERR: 无法加载模块:Images

[ 2015-07-01T09:39:31+08:00 ] ::1 /capcc0624/Public/Home/Images/Home/images_show/1%20(2).jpg
INFO: [ app_init ] --START--
INFO: Run Behavior\BuildLiteBehavior [ RunTime:0.000021s ]
INFO: [ app_init ] --END-- [ RunTime:0.000652s ]
ERR: 无法加载模块:Public

[ 2015-07-01T09:39:32+08:00 ] ::1 /capcc0624/images/botton-right.png
INFO: [ app_init ] --START--
INFO: Run Behavior\BuildLiteBehavior [ RunTime:0.000019s ]
INFO: [ app_init ] --END-- [ RunTime:0.000635s ]
ERR: 无法加载模块:Images

[ 2015-07-01T09:39:32+08:00 ] ::1 /capcc0624/images/botton-left.png
INFO: [ app_init ] --START--
INFO: Run Behavior\BuildLiteBehavior [ RunTime:0.000018s ]
INFO: [ app_init ] --END-- [ RunTime:0.000556s ]
ERR: 无法加载模块:Images

[ 2015-07-01T09:41:00+08:00 ] ::1 /capcc0624/Public/Home/Css/home_page.css
INFO: [ app_init ] --START--
INFO: Run Behavior\BuildLiteBehavior [ RunTime:0.000035s ]
INFO: [ app_init ] --END-- [ RunTime:0.001175s ]
ERR: 无法加载模块:Public

[ 2015-07-01T09:41:00+08:00 ] ::1 /capcc0624/__PUBLIC__/Home/Images/bracket.jpg
INFO: [ app_init ] --START--
INFO: Run Behavior\BuildLiteBehavior [ RunTime:0.000047s ]
INFO: [ app_init ] --END-- [ RunTime:0.001136s ]
ERR: 无法加载模块:__PUBLIC__

[ 2015-07-01T09:41:01+08:00 ] ::1 /capcc0624/Public/Home/Images/Home/images_show/1%20(2).jpg
INFO: [ app_init ] --START--
INFO: Run Behavior\BuildLiteBehavior [ RunTime:0.000043s ]
INFO: [ app_init ] --END-- [ RunTime:0.001020s ]
ERR: 无法加载模块:Public

[ 2015-07-01T09:50:22+08:00 ] ::1 /capcc0624/__PUBLIC__/Home/Images/bracket.jpg
INFO: [ app_init ] --START--
INFO: Run Behavior\BuildLiteBehavior [ RunTime:0.000040s ]
INFO: [ app_init ] --END-- [ RunTime:0.001190s ]
ERR: 无法加载模块:__PUBLIC__

[ 2015-07-01T09:50:37+08:00 ] ::1 /capcc0624/Public/Home/Css/home_page.css
INFO: [ app_init ] --START--
INFO: Run Behavior\BuildLiteBehavior [ RunTime:0.000032s ]
INFO: [ app_init ] --END-- [ RunTime:0.000810s ]
ERR: 无法加载模块:Public

[ 2015-07-01T09:50:38+08:00 ] ::1 /capcc0624/Public/Home/Images/Home/images_show/1%20(2).jpg
INFO: [ app_init ] --START--
INFO: Run Behavior\BuildLiteBehavior [ RunTime:0.000035s ]
INFO: [ app_init ] --END-- [ RunTime:0.000945s ]
ERR: 无法加载模块:Public

[ 2015-07-01T09:50:39+08:00 ] ::1 /capcc0624/__PUBLIC__/Home/Images/bracket.jpg
INFO: [ app_init ] --START--
INFO: Run Behavior\BuildLiteBehavior [ RunTime:0.000034s ]
INFO: [ app_init ] --END-- [ RunTime:0.000857s ]
ERR: 无法加载模块:__PUBLIC__

[ 2015-07-01T09:51:48+08:00 ] ::1 /capcc0624/Public/Home/Css/home_page.css
INFO: [ app_init ] --START--
INFO: Run Behavior\BuildLiteBehavior [ RunTime:0.000033s ]
INFO: [ app_init ] --END-- [ RunTime:0.002011s ]
ERR: 无法加载模块:Public

[ 2015-07-01T09:51:49+08:00 ] ::1 /capcc0624/Public/Home/Images/Home/images_show/1%20(2).jpg
INFO: [ app_init ] --START--
INFO: Run Behavior\BuildLiteBehavior [ RunTime:0.000033s ]
INFO: [ app_init ] --END-- [ RunTime:0.000854s ]
ERR: 无法加载模块:Public

[ 2015-07-01T09:52:09+08:00 ] ::1 /capcc0624/Public/Home/Css/home_page.css
INFO: [ app_init ] --START--
INFO: Run Behavior\BuildLiteBehavior [ RunTime:0.000033s ]
INFO: [ app_init ] --END-- [ RunTime:0.000919s ]
ERR: 无法加载模块:Public

[ 2015-07-01T09:52:09+08:00 ] ::1 /capcc0624/Public/Home/Images/Home/images_show/1%20(2).jpg
INFO: [ app_init ] --START--
INFO: Run Behavior\BuildLiteBehavior [ RunTime:0.000033s ]
INFO: [ app_init ] --END-- [ RunTime:0.000848s ]
ERR: 无法加载模块:Public

[ 2015-07-01T09:52:34+08:00 ] ::1 /capcc0624/Public/Home/Css/home_page.css
INFO: [ app_init ] --START--
INFO: Run Behavior\BuildLiteBehavior [ RunTime:0.000032s ]
INFO: [ app_init ] --END-- [ RunTime:0.000881s ]
ERR: 无法加载模块:Public

[ 2015-07-01T09:52:34+08:00 ] ::1 /capcc0624/Public/Home/Images/Home/images_show/1%20(2).jpg
INFO: [ app_init ] --START--
INFO: Run Behavior\BuildLiteBehavior [ RunTime:0.000033s ]
INFO: [ app_init ] --END-- [ RunTime:0.000965s ]
ERR: 无法加载模块:Public

[ 2015-07-01T09:53:04+08:00 ] ::1 /capcc0624/Public/Home/Css/home_page.css
INFO: [ app_init ] --START--
INFO: Run Behavior\BuildLiteBehavior [ RunTime:0.000018s ]
INFO: [ app_init ] --END-- [ RunTime:0.000484s ]
ERR: 无法加载模块:Public

[ 2015-07-01T09:53:04+08:00 ] ::1 /capcc0624/Public/Home/Images/Home/images_show/1%20(2).jpg
INFO: [ app_init ] --START--
INFO: Run Behavior\BuildLiteBehavior [ RunTime:0.000030s ]
INFO: [ app_init ] --END-- [ RunTime:0.001353s ]
ERR: 无法加载模块:Public

[ 2015-07-01T09:59:21+08:00 ] ::1 /capcc0624/Public/Home/Css/home_page.css
INFO: [ app_init ] --START--
INFO: Run Behavior\BuildLiteBehavior [ RunTime:0.000052s ]
INFO: [ app_init ] --END-- [ RunTime:0.001265s ]
ERR: 无法加载模块:Public

[ 2015-07-01T09:59:21+08:00 ] ::1 /capcc0624/__PUBLIC__/Home/Images/bracket.jpg
INFO: [ app_init ] --START--
INFO: Run Behavior\BuildLiteBehavior [ RunTime:0.000021s ]
INFO: [ app_init ] --END-- [ RunTime:0.000728s ]
ERR: 无法加载模块:__PUBLIC__

[ 2015-07-01T09:59:22+08:00 ] ::1 /capcc0624/Public/Home/Images/Home/images_show/1%20(2).jpg
INFO: [ app_init ] --START--
INFO: Run Behavior\BuildLiteBehavior [ RunTime:0.000030s ]
INFO: [ app_init ] --END-- [ RunTime:0.000827s ]
ERR: 无法加载模块:Public

[ 2015-07-01T09:59:48+08:00 ] ::1 /capcc0624/Public/Home/Css/home_page.css
INFO: [ app_init ] --START--
INFO: Run Behavior\BuildLiteBehavior [ RunTime:0.000019s ]
INFO: [ app_init ] --END-- [ RunTime:0.000550s ]
ERR: 无法加载模块:Public

[ 2015-07-01T09:59:49+08:00 ] ::1 /capcc0624/Public/Home/Images/Home/images_show/1%20(2).jpg
INFO: [ app_init ] --START--
INFO: Run Behavior\BuildLiteBehavior [ RunTime:0.000033s ]
INFO: [ app_init ] --END-- [ RunTime:0.000941s ]
ERR: 无法加载模块:Public

[ 2015-07-01T10:00:04+08:00 ] ::1 /capcc0624/Public/Home/Css/home_page.css
INFO: [ app_init ] --START--
INFO: Run Behavior\BuildLiteBehavior [ RunTime:0.000034s ]
INFO: [ app_init ] --END-- [ RunTime:0.001056s ]
ERR: 无法加载模块:Public

[ 2015-07-01T10:00:05+08:00 ] ::1 /capcc0624/Public/Home/Images/Home/images_show/1%20(2).jpg
INFO: [ app_init ] --START--
INFO: Run Behavior\BuildLiteBehavior [ RunTime:0.000018s ]
INFO: [ app_init ] --END-- [ RunTime:0.000537s ]
ERR: 无法加载模块:Public

[ 2015-07-01T10:00:41+08:00 ] ::1 /capcc0624/Public/Home/Css/home_page.css
INFO: [ app_init ] --START--
INFO: Run Behavior\BuildLiteBehavior [ RunTime:0.000019s ]
INFO: [ app_init ] --END-- [ RunTime:0.000513s ]
ERR: 无法加载模块:Public

[ 2015-07-01T10:00:41+08:00 ] ::1 /capcc0624/Public/Home/Images/Home/images_show/1%20(2).jpg
INFO: [ app_init ] --START--
INFO: Run Behavior\BuildLiteBehavior [ RunTime:0.000019s ]
INFO: [ app_init ] --END-- [ RunTime:0.000577s ]
ERR: 无法加载模块:Public

[ 2015-07-01T10:04:26+08:00 ] ::1 /capcc0624/Public/Home/Css/home_page.css
INFO: [ app_init ] --START--
INFO: Run Behavior\BuildLiteBehavior [ RunTime:0.000035s ]
INFO: [ app_init ] --END-- [ RunTime:0.000845s ]
ERR: 无法加载模块:Public

[ 2015-07-01T10:04:26+08:00 ] ::1 /capcc0624/Public/Home/Images/Home/images_show/1%20(2).jpg
INFO: [ app_init ] --START--
INFO: Run Behavior\BuildLiteBehavior [ RunTime:0.000032s ]
INFO: [ app_init ] --END-- [ RunTime:0.001029s ]
ERR: 无法加载模块:Public

[ 2015-07-01T10:07:48+08:00 ] ::1 /capcc0624/Public/Home/Css/home_page.css
INFO: [ app_init ] --START--
INFO: Run Behavior\BuildLiteBehavior [ RunTime:0.000019s ]
INFO: [ app_init ] --END-- [ RunTime:0.000508s ]
ERR: 无法加载模块:Public

[ 2015-07-01T10:07:49+08:00 ] ::1 /capcc0624/Public/Home/Images/Home/images_show/1%20(2).jpg
INFO: [ app_init ] --START--
INFO: Run Behavior\BuildLiteBehavior [ RunTime:0.000034s ]
INFO: [ app_init ] --END-- [ RunTime:0.000999s ]
ERR: 无法加载模块:Public

[ 2015-07-01T10:09:07+08:00 ] ::1 /capcc0624/Public/Home/Css/home_page.css
INFO: [ app_init ] --START--
INFO: Run Behavior\BuildLiteBehavior [ RunTime:0.000019s ]
INFO: [ app_init ] --END-- [ RunTime:0.000497s ]
ERR: 无法加载模块:Public

[ 2015-07-01T10:09:08+08:00 ] ::1 /capcc0624/Public/Home/Images/Home/images_show/1%20(2).jpg
INFO: [ app_init ] --START--
INFO: Run Behavior\BuildLiteBehavior [ RunTime:0.000032s ]
INFO: [ app_init ] --END-- [ RunTime:0.000765s ]
ERR: 无法加载模块:Public

[ 2015-07-01T10:15:54+08:00 ] ::1 /capcc0624/Public/Home/Css/home_page.css
INFO: [ app_init ] --START--
INFO: Run Behavior\BuildLiteBehavior [ RunTime:0.000034s ]
INFO: [ app_init ] --END-- [ RunTime:0.001010s ]
ERR: 无法加载模块:Public

[ 2015-07-01T10:15:55+08:00 ] ::1 /capcc0624/Public/Home/Images/Home/images_show/1%20(2).jpg
INFO: [ app_init ] --START--
INFO: Run Behavior\BuildLiteBehavior [ RunTime:0.000019s ]
INFO: [ app_init ] --END-- [ RunTime:0.000564s ]
ERR: 无法加载模块:Public

[ 2015-07-01T10:17:16+08:00 ] ::1 /capcc0624/__PUBLIC__/Home/Images/bracket.jpg
INFO: [ app_init ] --START--
INFO: Run Behavior\BuildLiteBehavior [ RunTime:0.000034s ]
INFO: [ app_init ] --END-- [ RunTime:0.001357s ]
ERR: 无法加载模块:__PUBLIC__

[ 2015-07-01T10:17:17+08:00 ] ::1 /capcc0624/__PUBLIC__/Home/Images/bracket.jpg
INFO: [ app_init ] --START--
INFO: Run Behavior\BuildLiteBehavior [ RunTime:0.000019s ]
INFO: [ app_init ] --END-- [ RunTime:0.000596s ]
ERR: 无法加载模块:__PUBLIC__

[ 2015-07-01T10:19:06+08:00 ] ::1 /capcc0624/__PUBLIC__/Home/Images/bracket.jpg
INFO: [ app_init ] --START--
INFO: Run Behavior\BuildLiteBehavior [ RunTime:0.000019s ]
INFO: [ app_init ] --END-- [ RunTime:0.000547s ]
ERR: 无法加载模块:__PUBLIC__

[ 2015-07-01T10:19:07+08:00 ] ::1 /capcc0624/Public/Home/Css/home_page.css
INFO: [ app_init ] --START--
INFO: Run Behavior\BuildLiteBehavior [ RunTime:0.000031s ]
INFO: [ app_init ] --END-- [ RunTime:0.000817s ]
ERR: 无法加载模块:Public

[ 2015-07-01T10:19:08+08:00 ] ::1 /capcc0624/Public/Home/Images/Home/images_show/1%20(2).jpg
INFO: [ app_init ] --START--
INFO: Run Behavior\BuildLiteBehavior [ RunTime:0.000035s ]
INFO: [ app_init ] --END-- [ RunTime:0.001240s ]
ERR: 无法加载模块:Public

[ 2015-07-01T10:20:47+08:00 ] ::1 /capcc0624/Public/Home/Css/home_page.css
INFO: [ app_init ] --START--
INFO: Run Behavior\BuildLiteBehavior [ RunTime:0.000040s ]
INFO: [ app_init ] --END-- [ RunTime:0.000941s ]
ERR: 无法加载模块:Public

[ 2015-07-01T10:20:48+08:00 ] ::1 /capcc0624/Public/Home/Images/Home/images_show/1%20(2).jpg
INFO: [ app_init ] --START--
INFO: Run Behavior\BuildLiteBehavior [ RunTime:0.000021s ]
INFO: [ app_init ] --END-- [ RunTime:0.000866s ]
ERR: 无法加载模块:Public

[ 2015-07-01T10:22:23+08:00 ] ::1 /capcc0624/Public/Home/Css/home_page.css
INFO: [ app_init ] --START--
INFO: Run Behavior\BuildLiteBehavior [ RunTime:0.000048s ]
INFO: [ app_init ] --END-- [ RunTime:0.003138s ]
ERR: 无法加载模块:Public

[ 2015-07-01T10:22:24+08:00 ] ::1 /capcc0624/__PUBLIC__/Home/Images/bracket.jpg
INFO: [ app_init ] --START--
INFO: Run Behavior\BuildLiteBehavior [ RunTime:0.000031s ]
INFO: [ app_init ] --END-- [ RunTime:0.000818s ]
ERR: 无法加载模块:__PUBLIC__

[ 2015-07-01T10:22:25+08:00 ] ::1 /capcc0624/Public/Home/Images/Home/images_show/1%20(2).jpg
INFO: [ app_init ] --START--
INFO: Run Behavior\BuildLiteBehavior [ RunTime:0.000033s ]
INFO: [ app_init ] --END-- [ RunTime:0.000983s ]
ERR: 无法加载模块:Public

[ 2015-07-01T10:26:09+08:00 ] ::1 /capcc0624/Public/Home/Css/home_page.css
INFO: [ app_init ] --START--
INFO: Run Behavior\BuildLiteBehavior [ RunTime:0.000033s ]
INFO: [ app_init ] --END-- [ RunTime:0.000984s ]
ERR: 无法加载模块:Public

[ 2015-07-01T10:26:10+08:00 ] ::1 /capcc0624/Public/Home/Images/Home/images_show/1%20(2).jpg
INFO: [ app_init ] --START--
INFO: Run Behavior\BuildLiteBehavior [ RunTime:0.000031s ]
INFO: [ app_init ] --END-- [ RunTime:0.000898s ]
ERR: 无法加载模块:Public

[ 2015-07-01T10:27:45+08:00 ] ::1 /capcc0624/Public/Home/Css/home_page.css
INFO: [ app_init ] --START--
INFO: Run Behavior\BuildLiteBehavior [ RunTime:0.000031s ]
INFO: [ app_init ] --END-- [ RunTime:0.000814s ]
ERR: 无法加载模块:Public

[ 2015-07-01T10:27:46+08:00 ] ::1 /capcc0624/Public/Home/Images/Home/images_show/1%20(2).jpg
INFO: [ app_init ] --START--
INFO: Run Behavior\BuildLiteBehavior [ RunTime:0.000032s ]
INFO: [ app_init ] --END-- [ RunTime:0.000841s ]
ERR: 无法加载模块:Public

[ 2015-07-01T10:29:14+08:00 ] ::1 /capcc0624/Public/Home/Css/home_page.css
INFO: [ app_init ] --START--
INFO: Run Behavior\BuildLiteBehavior [ RunTime:0.000028s ]
INFO: [ app_init ] --END-- [ RunTime:0.000920s ]
ERR: 无法加载模块:Public

[ 2015-07-01T10:29:14+08:00 ] ::1 /capcc0624/Public/Home/Images/Home/images_show/1%20(2).jpg
INFO: [ app_init ] --START--
INFO: Run Behavior\BuildLiteBehavior [ RunTime:0.000034s ]
INFO: [ app_init ] --END-- [ RunTime:0.001065s ]
ERR: 无法加载模块:Public

[ 2015-07-01T10:30:15+08:00 ] ::1 /capcc0624/Public/Home/Css/home_page.css
INFO: [ app_init ] --START--
INFO: Run Behavior\BuildLiteBehavior [ RunTime:0.000047s ]
INFO: [ app_init ] --END-- [ RunTime:0.001017s ]
ERR: 无法加载模块:Public

[ 2015-07-01T10:30:16+08:00 ] ::1 /capcc0624/Public/Home/Images/Home/images_show/1%20(2).jpg
INFO: [ app_init ] --START--
INFO: Run Behavior\BuildLiteBehavior [ RunTime:0.000018s ]
INFO: [ app_init ] --END-- [ RunTime:0.000530s ]
ERR: 无法加载模块:Public

[ 2015-07-01T10:31:06+08:00 ] ::1 /capcc0624/Public/Home/Css/home_page.css
INFO: [ app_init ] --START--
INFO: Run Behavior\BuildLiteBehavior [ RunTime:0.000019s ]
INFO: [ app_init ] --END-- [ RunTime:0.000541s ]
ERR: 无法加载模块:Public

[ 2015-07-01T10:31:08+08:00 ] ::1 /capcc0624/Public/Home/Images/Home/images_show/1%20(2).jpg
INFO: [ app_init ] --START--
INFO: Run Behavior\BuildLiteBehavior [ RunTime:0.000021s ]
INFO: [ app_init ] --END-- [ RunTime:0.000605s ]
ERR: 无法加载模块:Public

[ 2015-07-01T10:32:33+08:00 ] ::1 /capcc0624/Public/Home/Css/home_page.css
INFO: [ app_init ] --START--
INFO: Run Behavior\BuildLiteBehavior [ RunTime:0.000021s ]
INFO: [ app_init ] --END-- [ RunTime:0.000727s ]
ERR: 无法加载模块:Public

[ 2015-07-01T10:32:33+08:00 ] ::1 /capcc0624/Public/Home/Images/Home/images_show/1%20(2).jpg
INFO: [ app_init ] --START--
INFO: Run Behavior\BuildLiteBehavior [ RunTime:0.000018s ]
INFO: [ app_init ] --END-- [ RunTime:0.000588s ]
ERR: 无法加载模块:Public

[ 2015-07-01T10:34:18+08:00 ] ::1 /capcc0624/Public/Home/Css/home_page.css
INFO: [ app_init ] --START--
INFO: Run Behavior\BuildLiteBehavior [ RunTime:0.000033s ]
INFO: [ app_init ] --END-- [ RunTime:0.000881s ]
ERR: 无法加载模块:Public

[ 2015-07-01T10:34:19+08:00 ] ::1 /capcc0624/Public/Home/Images/Home/images_show/1%20(2).jpg
INFO: [ app_init ] --START--
INFO: Run Behavior\BuildLiteBehavior [ RunTime:0.000033s ]
INFO: [ app_init ] --END-- [ RunTime:0.001314s ]
ERR: 无法加载模块:Public

[ 2015-07-01T10:36:55+08:00 ] ::1 /capcc0624/__PUBLIC__/Home/Images/bracket.jpg
INFO: [ app_init ] --START--
INFO: Run Behavior\BuildLiteBehavior [ RunTime:0.000026s ]
INFO: [ app_init ] --END-- [ RunTime:0.000691s ]
ERR: 无法加载模块:__PUBLIC__

[ 2015-07-01T10:36:56+08:00 ] ::1 /capcc0624/__PUBLIC__/Home/Images/bracket.jpg
INFO: [ app_init ] --START--
INFO: Run Behavior\BuildLiteBehavior [ RunTime:0.000018s ]
INFO: [ app_init ] --END-- [ RunTime:0.000536s ]
ERR: 无法加载模块:__PUBLIC__

[ 2015-07-01T10:37:37+08:00 ] ::1 /capcc0624/__PUBLIC__/Home/Images/bracket.jpg
INFO: [ app_init ] --START--
INFO: Run Behavior\BuildLiteBehavior [ RunTime:0.000034s ]
INFO: [ app_init ] --END-- [ RunTime:0.000828s ]
ERR: 无法加载模块:__PUBLIC__

[ 2015-07-01T10:38:23+08:00 ] ::1 /capcc0624/__PUBLIC__/Home/Images/bracket.jpg
INFO: [ app_init ] --START--
INFO: Run Behavior\BuildLiteBehavior [ RunTime:0.000024s ]
INFO: [ app_init ] --END-- [ RunTime:0.000866s ]
ERR: 无法加载模块:__PUBLIC__

[ 2015-07-01T10:38:24+08:00 ] ::1 /capcc0624/Public/Home/Css/home_page.css
INFO: [ app_init ] --START--
INFO: Run Behavior\BuildLiteBehavior [ RunTime:0.000100s ]
INFO: [ app_init ] --END-- [ RunTime:0.001430s ]
ERR: 无法加载模块:Public

[ 2015-07-01T10:38:25+08:00 ] ::1 /capcc0624/Public/Home/Images/Home/images_show/1%20(2).jpg
INFO: [ app_init ] --START--
INFO: Run Behavior\BuildLiteBehavior [ RunTime:0.000036s ]
INFO: [ app_init ] --END-- [ RunTime:0.000928s ]
ERR: 无法加载模块:Public

[ 2015-07-01T10:40:46+08:00 ] ::1 /capcc0624/__PUBLIC__/Home/Images/bracket.jpg
INFO: [ app_init ] --START--
INFO: Run Behavior\BuildLiteBehavior [ RunTime:0.000028s ]
INFO: [ app_init ] --END-- [ RunTime:0.000789s ]
ERR: 无法加载模块:__PUBLIC__

[ 2015-07-01T10:40:46+08:00 ] ::1 /capcc0624/__PUBLIC__/Home/Images/bracket.jpg
INFO: [ app_init ] --START--
INFO: Run Behavior\BuildLiteBehavior [ RunTime:0.000020s ]
INFO: [ app_init ] --END-- [ RunTime:0.000557s ]
ERR: 无法加载模块:__PUBLIC__

[ 2015-07-01T10:41:10+08:00 ] ::1 /capcc0624/__PUBLIC__/Home/Images/bracket.jpg
INFO: [ app_init ] --START--
INFO: Run Behavior\BuildLiteBehavior [ RunTime:0.000021s ]
INFO: [ app_init ] --END-- [ RunTime:0.000537s ]
ERR: 无法加载模块:__PUBLIC__

[ 2015-07-01T10:41:10+08:00 ] ::1 /capcc0624/__PUBLIC__/Home/Images/bracket.jpg
INFO: [ app_init ] --START--
INFO: Run Behavior\BuildLiteBehavior [ RunTime:0.000019s ]
INFO: [ app_init ] --END-- [ RunTime:0.000481s ]
ERR: 无法加载模块:__PUBLIC__

[ 2015-07-01T10:41:12+08:00 ] ::1 /capcc0624/__PUBLIC__/Home/Images/bracket.jpg
INFO: [ app_init ] --START--
INFO: Run Behavior\BuildLiteBehavior [ RunTime:0.000036s ]
INFO: [ app_init ] --END-- [ RunTime:0.001145s ]
ERR: 无法加载模块:__PUBLIC__

[ 2015-07-01T10:41:12+08:00 ] ::1 /capcc0624/__PUBLIC__/Home/Images/bracket.jpg
INFO: [ app_init ] --START--
INFO: Run Behavior\BuildLiteBehavior [ RunTime:0.000035s ]
INFO: [ app_init ] --END-- [ RunTime:0.000803s ]
ERR: 无法加载模块:__PUBLIC__

[ 2015-07-01T10:41:12+08:00 ] ::1 /capcc0624/__PUBLIC__/Home/Images/bracket.jpg
INFO: [ app_init ] --START--
INFO: Run Behavior\BuildLiteBehavior [ RunTime:0.000038s ]
INFO: [ app_init ] --END-- [ RunTime:0.000932s ]
ERR: 无法加载模块:__PUBLIC__

[ 2015-07-01T10:41:12+08:00 ] ::1 /capcc0624/__PUBLIC__/Home/Images/bracket.jpg
INFO: [ app_init ] --START--
INFO: Run Behavior\BuildLiteBehavior [ RunTime:0.000019s ]
INFO: [ app_init ] --END-- [ RunTime:0.000496s ]
ERR: 无法加载模块:__PUBLIC__

[ 2015-07-01T10:41:13+08:00 ] ::1 /capcc0624/__PUBLIC__/Home/Images/bracket.jpg
INFO: [ app_init ] --START--
INFO: Run Behavior\BuildLiteBehavior [ RunTime:0.000020s ]
INFO: [ app_init ] --END-- [ RunTime:0.000525s ]
ERR: 无法加载模块:__PUBLIC__

[ 2015-07-01T10:41:14+08:00 ] ::1 /capcc0624/__PUBLIC__/Home/Images/bracket.jpg
INFO: [ app_init ] --START--
INFO: Run Behavior\BuildLiteBehavior [ RunTime:0.000034s ]
INFO: [ app_init ] --END-- [ RunTime:0.000763s ]
ERR: 无法加载模块:__PUBLIC__

[ 2015-07-01T10:42:17+08:00 ] ::1 /capcc0624/__PUBLIC__/Home/Images/bracket.jpg
INFO: [ app_init ] --START--
INFO: Run Behavior\BuildLiteBehavior [ RunTime:0.000023s ]
INFO: [ app_init ] --END-- [ RunTime:0.000869s ]
ERR: 无法加载模块:__PUBLIC__

[ 2015-07-01T10:42:18+08:00 ] ::1 /capcc0624/__PUBLIC__/Home/Images/bracket.jpg
INFO: [ app_init ] --START--
INFO: Run Behavior\BuildLiteBehavior [ RunTime:0.000034s ]
INFO: [ app_init ] --END-- [ RunTime:0.000883s ]
ERR: 无法加载模块:__PUBLIC__

[ 2015-07-01T10:43:13+08:00 ] ::1 /capcc0624/__PUBLIC__/Home/Images/bracket.jpg
INFO: [ app_init ] --START--
INFO: Run Behavior\BuildLiteBehavior [ RunTime:0.000020s ]
INFO: [ app_init ] --END-- [ RunTime:0.000512s ]
ERR: 无法加载模块:__PUBLIC__

[ 2015-07-01T10:43:16+08:00 ] ::1 /capcc0624/__PUBLIC__/Home/Images/bracket.jpg
INFO: [ app_init ] --START--
INFO: Run Behavior\BuildLiteBehavior [ RunTime:0.000032s ]
INFO: [ app_init ] --END-- [ RunTime:0.000924s ]
ERR: 无法加载模块:__PUBLIC__

[ 2015-07-01T10:43:16+08:00 ] ::1 /capcc0624/__PUBLIC__/Home/Images/bracket.jpg
INFO: [ app_init ] --START--
INFO: Run Behavior\BuildLiteBehavior [ RunTime:0.000032s ]
INFO: [ app_init ] --END-- [ RunTime:0.000785s ]
ERR: 无法加载模块:__PUBLIC__

[ 2015-07-01T10:43:17+08:00 ] ::1 /capcc0624/__PUBLIC__/Home/Images/bracket.jpg
INFO: [ app_init ] --START--
INFO: Run Behavior\BuildLiteBehavior [ RunTime:0.000033s ]
INFO: [ app_init ] --END-- [ RunTime:0.000883s ]
ERR: 无法加载模块:__PUBLIC__

[ 2015-07-01T10:43:17+08:00 ] ::1 /capcc0624/__PUBLIC__/Home/Images/bracket.jpg
INFO: [ app_init ] --START--
INFO: Run Behavior\BuildLiteBehavior [ RunTime:0.000027s ]
INFO: [ app_init ] --END-- [ RunTime:0.000731s ]
ERR: 无法加载模块:__PUBLIC__

[ 2015-07-01T10:43:18+08:00 ] ::1 /capcc0624/__PUBLIC__/Home/Images/bracket.jpg
INFO: [ app_init ] --START--
INFO: Run Behavior\BuildLiteBehavior [ RunTime:0.000038s ]
INFO: [ app_init ] --END-- [ RunTime:0.004092s ]
ERR: 无法加载模块:__PUBLIC__

[ 2015-07-01T10:43:18+08:00 ] ::1 /capcc0624/__PUBLIC__/Home/Images/bracket.jpg
INFO: [ app_init ] --START--
INFO: Run Behavior\BuildLiteBehavior [ RunTime:0.000025s ]
INFO: [ app_init ] --END-- [ RunTime:0.000771s ]
ERR: 无法加载模块:__PUBLIC__

[ 2015-07-01T10:43:18+08:00 ] ::1 /capcc0624/Public/Home/Images/Home/images_show/1%20(2).jpg
INFO: [ app_init ] --START--
INFO: Run Behavior\BuildLiteBehavior [ RunTime:0.000038s ]
INFO: [ app_init ] --END-- [ RunTime:0.000948s ]
ERR: 无法加载模块:Public

[ 2015-07-01T10:43:18+08:00 ] ::1 /capcc0624/Public/Home/Css/home_page.css
INFO: [ app_init ] --START--
INFO: Run Behavior\BuildLiteBehavior [ RunTime:0.000022s ]
INFO: [ app_init ] --END-- [ RunTime:0.000651s ]
ERR: 无法加载模块:Public

[ 2015-07-01T10:43:18+08:00 ] ::1 /capcc0624/__PUBLIC__/Home/Images/bracket.jpg
INFO: [ app_init ] --START--
INFO: Run Behavior\BuildLiteBehavior [ RunTime:0.000039s ]
INFO: [ app_init ] --END-- [ RunTime:0.001079s ]
ERR: 无法加载模块:__PUBLIC__

[ 2015-07-01T10:43:23+08:00 ] ::1 /capcc0624/__PUBLIC__/Home/Images/bracket.jpg
INFO: [ app_init ] --START--
INFO: Run Behavior\BuildLiteBehavior [ RunTime:0.000030s ]
INFO: [ app_init ] --END-- [ RunTime:0.000596s ]
ERR: 无法加载模块:__PUBLIC__

[ 2015-07-01T10:43:23+08:00 ] ::1 /capcc0624/__PUBLIC__/Home/Images/bracket.jpg
INFO: [ app_init ] --START--
INFO: Run Behavior\BuildLiteBehavior [ RunTime:0.000020s ]
INFO: [ app_init ] --END-- [ RunTime:0.000698s ]
ERR: 无法加载模块:__PUBLIC__

[ 2015-07-01T10:43:23+08:00 ] ::1 /capcc0624/__PUBLIC__/Home/Images/bracket.jpg
INFO: [ app_init ] --START--
INFO: Run Behavior\BuildLiteBehavior [ RunTime:0.000034s ]
INFO: [ app_init ] --END-- [ RunTime:0.000904s ]
ERR: 无法加载模块:__PUBLIC__

[ 2015-07-01T10:43:24+08:00 ] ::1 /capcc0624/news.php
INFO: [ app_init ] --START--
INFO: Run Behavior\BuildLiteBehavior [ RunTime:0.000040s ]
INFO: [ app_init ] --END-- [ RunTime:0.001151s ]
ERR: 无法加载模块:News

[ 2015-07-01T10:46:08+08:00 ] ::1 /capcc0624/__PUBLIC__/Home/Images/bracket.jpg
INFO: [ app_init ] --START--
INFO: Run Behavior\BuildLiteBehavior [ RunTime:0.000030s ]
INFO: [ app_init ] --END-- [ RunTime:0.000948s ]
ERR: 无法加载模块:__PUBLIC__

[ 2015-07-01T10:46:09+08:00 ] ::1 /capcc0624/__PUBLIC__/Home/Images/bracket.jpg
INFO: [ app_init ] --START--
INFO: Run Behavior\BuildLiteBehavior [ RunTime:0.000031s ]
INFO: [ app_init ] --END-- [ RunTime:0.000702s ]
ERR: 无法加载模块:__PUBLIC__

[ 2015-07-01T10:46:09+08:00 ] ::1 /capcc0624/__PUBLIC__/Home/Images/bracket.jpg
INFO: [ app_init ] --START--
INFO: Run Behavior\BuildLiteBehavior [ RunTime:0.000030s ]
INFO: [ app_init ] --END-- [ RunTime:0.000677s ]
ERR: 无法加载模块:__PUBLIC__

[ 2015-07-01T10:46:10+08:00 ] ::1 /capcc0624/Public/Home/Css/home_page.css
INFO: [ app_init ] --START--
INFO: Run Behavior\BuildLiteBehavior [ RunTime:0.000021s ]
INFO: [ app_init ] --END-- [ RunTime:0.000821s ]
ERR: 无法加载模块:Public

[ 2015-07-01T10:46:11+08:00 ] ::1 /capcc0624/Public/Home/Images/Home/images_show/1%20(2).jpg
INFO: [ app_init ] --START--
INFO: Run Behavior\BuildLiteBehavior [ RunTime:0.000074s ]
INFO: [ app_init ] --END-- [ RunTime:0.004524s ]
ERR: 无法加载模块:Public

[ 2015-07-01T10:46:11+08:00 ] ::1 /capcc0624/__PUBLIC__/Home/Images/bracket.jpg
INFO: [ app_init ] --START--
INFO: Run Behavior\BuildLiteBehavior [ RunTime:0.000019s ]
INFO: [ app_init ] --END-- [ RunTime:0.000496s ]
ERR: 无法加载模块:__PUBLIC__

[ 2015-07-01T10:46:11+08:00 ] ::1 /capcc0624/__PUBLIC__/Home/Images/bracket.jpg
INFO: [ app_init ] --START--
INFO: Run Behavior\BuildLiteBehavior [ RunTime:0.000023s ]
INFO: [ app_init ] --END-- [ RunTime:0.000553s ]
ERR: 无法加载模块:__PUBLIC__

[ 2015-07-01T10:46:11+08:00 ] ::1 /capcc0624/news.php
INFO: [ app_init ] --START--
INFO: Run Behavior\BuildLiteBehavior [ RunTime:0.000032s ]
INFO: [ app_init ] --END-- [ RunTime:0.000871s ]
ERR: 无法加载模块:News

[ 2015-07-01T10:48:04+08:00 ] ::1 /capcc0624/Public/Home/Css/home_page.css
INFO: [ app_init ] --START--
INFO: Run Behavior\BuildLiteBehavior [ RunTime:0.000032s ]
INFO: [ app_init ] --END-- [ RunTime:0.000893s ]
ERR: 无法加载模块:Public

[ 2015-07-01T10:48:05+08:00 ] ::1 /capcc0624/Public/Home/Images/Home/images_show/1%20(2).jpg
INFO: [ app_init ] --START--
INFO: Run Behavior\BuildLiteBehavior [ RunTime:0.000030s ]
INFO: [ app_init ] --END-- [ RunTime:0.000794s ]
ERR: 无法加载模块:Public

[ 2015-07-01T10:48:05+08:00 ] ::1 /capcc0624/__PUBLIC__/Home/Images/bracket.jpg
INFO: [ app_init ] --START--
INFO: Run Behavior\BuildLiteBehavior [ RunTime:0.000034s ]
INFO: [ app_init ] --END-- [ RunTime:0.000970s ]
ERR: 无法加载模块:__PUBLIC__

[ 2015-07-01T10:48:05+08:00 ] ::1 /capcc0624/__PUBLIC__/Home/Images/bracket.jpg
INFO: [ app_init ] --START--
INFO: Run Behavior\BuildLiteBehavior [ RunTime:0.000020s ]
INFO: [ app_init ] --END-- [ RunTime:0.000580s ]
ERR: 无法加载模块:__PUBLIC__

[ 2015-07-01T10:48:20+08:00 ] ::1 /capcc0624/__PUBLIC__/Home/Images/bracket.jpg
INFO: [ app_init ] --START--
INFO: Run Behavior\BuildLiteBehavior [ RunTime:0.000023s ]
INFO: [ app_init ] --END-- [ RunTime:0.000648s ]
ERR: 无法加载模块:__PUBLIC__

[ 2015-07-01T10:48:20+08:00 ] ::1 /capcc0624/__PUBLIC__/Home/Images/bracket.jpg
INFO: [ app_init ] --START--
INFO: Run Behavior\BuildLiteBehavior [ RunTime:0.000032s ]
INFO: [ app_init ] --END-- [ RunTime:0.000874s ]
ERR: 无法加载模块:__PUBLIC__

[ 2015-07-01T10:50:33+08:00 ] ::1 /capcc0624/Public/Home/Css/home_page.css
INFO: [ app_init ] --START--
INFO: Run Behavior\BuildLiteBehavior [ RunTime:0.000022s ]
INFO: [ app_init ] --END-- [ RunTime:0.000638s ]
ERR: 无法加载模块:Public

[ 2015-07-01T10:50:33+08:00 ] ::1 /capcc0624/Public/Home/Images/Home/images_show/1%20(2).jpg
INFO: [ app_init ] --START--
INFO: Run Behavior\BuildLiteBehavior [ RunTime:0.000033s ]
INFO: [ app_init ] --END-- [ RunTime:0.000900s ]
ERR: 无法加载模块:Public

[ 2015-07-01T10:50:33+08:00 ] ::1 /capcc0624/__PUBLIC__/Home/Images/bracket.jpg
INFO: [ app_init ] --START--
INFO: Run Behavior\BuildLiteBehavior [ RunTime:0.000032s ]
INFO: [ app_init ] --END-- [ RunTime:0.000806s ]
ERR: 无法加载模块:__PUBLIC__

[ 2015-07-01T10:52:14+08:00 ] ::1 /capcc0624/__PUBLIC__/Home/Images/bracket.jpg
INFO: [ app_init ] --START--
INFO: Run Behavior\BuildLiteBehavior [ RunTime:0.000020s ]
INFO: [ app_init ] --END-- [ RunTime:0.000589s ]
ERR: 无法加载模块:__PUBLIC__

[ 2015-07-01T10:52:14+08:00 ] ::1 /capcc0624/__PUBLIC__/Home/Images/bracket.jpg
INFO: [ app_init ] --START--
INFO: Run Behavior\BuildLiteBehavior [ RunTime:0.000048s ]
INFO: [ app_init ] --END-- [ RunTime:0.001145s ]
ERR: 无法加载模块:__PUBLIC__

[ 2015-07-01T10:52:15+08:00 ] ::1 /capcc0624/__PUBLIC__/Home/Images/bracket.jpg
INFO: [ app_init ] --START--
INFO: Run Behavior\BuildLiteBehavior [ RunTime:0.000019s ]
INFO: [ app_init ] --END-- [ RunTime:0.000584s ]
ERR: 无法加载模块:__PUBLIC__

[ 2015-07-01T10:52:15+08:00 ] ::1 /capcc0624/Public/Home/Images/Home/images_show/1%20(2).jpg
INFO: [ app_init ] --START--
INFO: Run Behavior\BuildLiteBehavior [ RunTime:0.000032s ]
INFO: [ app_init ] --END-- [ RunTime:0.000898s ]
ERR: 无法加载模块:Public

[ 2015-07-01T10:52:15+08:00 ] ::1 /capcc0624/Public/Home/Css/home_page.css
INFO: [ app_init ] --START--
INFO: Run Behavior\BuildLiteBehavior [ RunTime:0.000092s ]
INFO: [ app_init ] --END-- [ RunTime:0.002395s ]
ERR: 无法加载模块:Public

[ 2015-07-01T12:12:36+08:00 ] ::1 /capcc0624/Public/Home/Css/home_page.css
INFO: [ app_init ] --START--
INFO: Run Behavior\BuildLiteBehavior [ RunTime:0.000048s ]
INFO: [ app_init ] --END-- [ RunTime:0.001733s ]
ERR: 无法加载模块:Public

[ 2015-07-01T12:12:36+08:00 ] ::1 /capcc0624/Public/Home/Images/Home/images_show/1%20(2).jpg
INFO: [ app_init ] --START--
INFO: Run Behavior\BuildLiteBehavior [ RunTime:0.000034s ]
INFO: [ app_init ] --END-- [ RunTime:0.001458s ]
ERR: 无法加载模块:Public

[ 2015-07-01T12:13:38+08:00 ] ::1 /capcc0624/__PUBLIC__/Home/Images/bracket.jpg
INFO: [ app_init ] --START--
INFO: Run Behavior\BuildLiteBehavior [ RunTime:0.000022s ]
INFO: [ app_init ] --END-- [ RunTime:0.000643s ]
ERR: 无法加载模块:__PUBLIC__

[ 2015-07-01T12:13:38+08:00 ] ::1 /capcc0624/__PUBLIC__/Home/Images/bracket.jpg
INFO: [ app_init ] --START--
INFO: Run Behavior\BuildLiteBehavior [ RunTime:0.000032s ]
INFO: [ app_init ] --END-- [ RunTime:0.001682s ]
ERR: 无法加载模块:__PUBLIC__

[ 2015-07-01T14:12:27+08:00 ] ::1 /capcc0624/Public/Home/Images/chinese_canal_images/chinese_canal_city_images/%E6%89%AC%E5%B7%9E.jpg
INFO: [ app_init ] --START--
INFO: Run Behavior\BuildLiteBehavior [ RunTime:0.000026s ]
INFO: [ app_init ] --END-- [ RunTime:0.000677s ]
ERR: 无法加载模块:Public

[ 2015-07-01T14:13:32+08:00 ] ::1 /capcc0624/Public/Home/Images/chinese_canal_images/chinese_canal_city_images/%E6%89%AC%E5%B7%9E.jpg
INFO: [ app_init ] --START--
INFO: Run Behavior\BuildLiteBehavior [ RunTime:0.000031s ]
INFO: [ app_init ] --END-- [ RunTime:0.000981s ]
ERR: 无法加载模块:Public

[ 2015-07-01T14:14:10+08:00 ] ::1 /capcc0624/Public/Home/Images/chinese_canal_images/chinese_canal_city_images/%E6%89%AC%E5%B7%9E.jpg
INFO: [ app_init ] --START--
INFO: Run Behavior\BuildLiteBehavior [ RunTime:0.000031s ]
INFO: [ app_init ] --END-- [ RunTime:0.001499s ]
ERR: 无法加载模块:Public

[ 2015-07-01T14:16:47+08:00 ] ::1 /capcc0624/Public/Home/Images/chinese_canal_images/chinese_canal_city_images/%E6%89%AC%E5%B7%9E.jpg
INFO: [ app_init ] --START--
INFO: Run Behavior\BuildLiteBehavior [ RunTime:0.000032s ]
INFO: [ app_init ] --END-- [ RunTime:0.000863s ]
ERR: 无法加载模块:Public

[ 2015-07-01T14:20:09+08:00 ] ::1 /capcc0624/Public/Home/Images/chinese_canal_images/chinese_canal_city_images/%E6%89%AC%E5%B7%9E.jpg
INFO: [ app_init ] --START--
INFO: Run Behavior\BuildLiteBehavior [ RunTime:0.000031s ]
INFO: [ app_init ] --END-- [ RunTime:0.000749s ]
ERR: 无法加载模块:Public

[ 2015-07-01T14:21:25+08:00 ] ::1 /capcc0624/Public/Home/Images/chinese_canal_images/chinese_canal_city_images/%E6%89%AC%E5%B7%9E.jpg
INFO: [ app_init ] --START--
INFO: Run Behavior\BuildLiteBehavior [ RunTime:0.000029s ]
INFO: [ app_init ] --END-- [ RunTime:0.000764s ]
ERR: 无法加载模块:Public

[ 2015-07-01T14:22:21+08:00 ] ::1 /capcc0624/Public/Home/Images/chinese_canal_images/chinese_canal_city_images/%E6%89%AC%E5%B7%9E.jpg
INFO: [ app_init ] --START--
INFO: Run Behavior\BuildLiteBehavior [ RunTime:0.000029s ]
INFO: [ app_init ] --END-- [ RunTime:0.000703s ]
ERR: 无法加载模块:Public

[ 2015-07-01T14:23:18+08:00 ] ::1 /capcc0624/Public/Home/Images/chinese_canal_images/chinese_canal_city_images/%E6%89%AC%E5%B7%9E.jpg
INFO: [ app_init ] --START--
INFO: Run Behavior\BuildLiteBehavior [ RunTime:0.000030s ]
INFO: [ app_init ] --END-- [ RunTime:0.000810s ]
ERR: 无法加载模块:Public

[ 2015-07-01T14:23:53+08:00 ] ::1 /capcc0624/Public/Home/Images/chinese_canal_images/chinese_canal_city_images/%E6%89%AC%E5%B7%9E.jpg
INFO: [ app_init ] --START--
INFO: Run Behavior\BuildLiteBehavior [ RunTime:0.000030s ]
INFO: [ app_init ] --END-- [ RunTime:0.000781s ]
ERR: 无法加载模块:Public

[ 2015-07-01T14:24:33+08:00 ] ::1 /capcc0624/Public/Home/Images/chinese_canal_images/news/active-news/1018/%E4%BC%9A%E5%9C%BA.JPG
INFO: [ app_init ] --START--
INFO: Run Behavior\BuildLiteBehavior [ RunTime:0.000032s ]
INFO: [ app_init ] --END-- [ RunTime:0.000778s ]
ERR: 无法加载模块:Public

[ 2015-07-01T14:24:34+08:00 ] ::1 /capcc0624/Public/Home/Images/chinese_canal_images/news/active-news/1018/%E4%BC%9A%E5%9C%BA.JPG
INFO: [ app_init ] --START--
INFO: Run Behavior\BuildLiteBehavior [ RunTime:0.000027s ]
INFO: [ app_init ] --END-- [ RunTime:0.000618s ]
ERR: 无法加载模块:Public

[ 2015-07-01T14:24:34+08:00 ] ::1 /capcc0624/Public/Home/Images/chinese_canal_images/chinese_canal_city_images/%E6%89%AC%E5%B7%9E.jpg
INFO: [ app_init ] --START--
INFO: Run Behavior\BuildLiteBehavior [ RunTime:0.000031s ]
INFO: [ app_init ] --END-- [ RunTime:0.000749s ]
ERR: 无法加载模块:Public

[ 2015-07-01T14:30:52+08:00 ] ::1 /capcc0624/Public/Home/Images/chinese_canal_images/news/active-news/1018/%E4%BC%9A%E5%9C%BA.JPG
INFO: [ app_init ] --START--
INFO: Run Behavior\BuildLiteBehavior [ RunTime:0.000030s ]
INFO: [ app_init ] --END-- [ RunTime:0.002056s ]
ERR: 无法加载模块:Public

[ 2015-07-01T14:30:54+08:00 ] ::1 /capcc0624/Public/Home/Images/chinese_canal_images/news/active-news/1018/%E4%BC%9A%E5%9C%BA.JPG
INFO: [ app_init ] --START--
INFO: Run Behavior\BuildLiteBehavior [ RunTime:0.000021s ]
INFO: [ app_init ] --END-- [ RunTime:0.000693s ]
ERR: 无法加载模块:Public

[ 2015-07-01T14:30:55+08:00 ] ::1 /capcc0624/Public/Home/Images/chinese_canal_images/chinese_canal_city_images/%E6%89%AC%E5%B7%9E.jpg
INFO: [ app_init ] --START--
INFO: Run Behavior\BuildLiteBehavior [ RunTime:0.000032s ]
INFO: [ app_init ] --END-- [ RunTime:0.000867s ]
ERR: 无法加载模块:Public

[ 2015-07-01T14:32:38+08:00 ] ::1 /capcc0624/Public/Home/Images/chinese_canal_images/chinese_canal_city_images/%E6%89%AC%E5%B7%9E.jpg
INFO: [ app_init ] --START--
INFO: Run Behavior\BuildLiteBehavior [ RunTime:0.000026s ]
INFO: [ app_init ] --END-- [ RunTime:0.000713s ]
ERR: 无法加载模块:Public

[ 2015-07-01T14:32:53+08:00 ] ::1 /capcc0624/Public/Home/Images/chinese_canal_images/chinese_canal_city_images/%E6%89%AC%E5%B7%9E.jpg
INFO: [ app_init ] --START--
INFO: Run Behavior\BuildLiteBehavior [ RunTime:0.000046s ]
INFO: [ app_init ] --END-- [ RunTime:0.000784s ]
ERR: 无法加载模块:Public

[ 2015-07-01T14:34:36+08:00 ] ::1 /capcc0624/Public/Home/Images/chinese_canal_images/chinese_canal_city_images/%E6%89%AC%E5%B7%9E.jpg
INFO: [ app_init ] --START--
INFO: Run Behavior\BuildLiteBehavior [ RunTime:0.000023s ]
INFO: [ app_init ] --END-- [ RunTime:0.000693s ]
ERR: 无法加载模块:Public

[ 2015-07-01T14:37:33+08:00 ] ::1 /capcc0624/Public/Home/Images/chinese_canal_images/chinese_canal_city_images/%E6%89%AC%E5%B7%9E.jpg
INFO: [ app_init ] --START--
INFO: Run Behavior\BuildLiteBehavior [ RunTime:0.000024s ]
INFO: [ app_init ] --END-- [ RunTime:0.000689s ]
ERR: 无法加载模块:Public

[ 2015-07-01T14:38:55+08:00 ] ::1 /capcc0624/Public/Home/Images/chinese_canal_images/chinese_canal_city_images/%E6%89%AC%E5%B7%9E.jpg
INFO: [ app_init ] --START--
INFO: Run Behavior\BuildLiteBehavior [ RunTime:0.000029s ]
INFO: [ app_init ] --END-- [ RunTime:0.000816s ]
ERR: 无法加载模块:Public

[ 2015-07-01T14:41:51+08:00 ] ::1 /capcc0624/Public/Images/botton-right.png
INFO: [ app_init ] --START--
INFO: Run Behavior\BuildLiteBehavior [ RunTime:0.000123s ]
INFO: [ app_init ] --END-- [ RunTime:0.000902s ]
ERR: 无法加载模块:Public

[ 2015-07-01T14:41:51+08:00 ] ::1 /capcc0624/Public/Home/Images/chinese_canal_images/chinese_canal_city_images/%E6%89%AC%E5%B7%9E.jpg
INFO: [ app_init ] --START--
INFO: Run Behavior\BuildLiteBehavior [ RunTime:0.000018s ]
INFO: [ app_init ] --END-- [ RunTime:0.000496s ]
ERR: 无法加载模块:Public

[ 2015-07-01T14:41:51+08:00 ] ::1 /capcc0624/Public/Images/botton-right.png
INFO: [ app_init ] --START--
INFO: Run Behavior\BuildLiteBehavior [ RunTime:0.000032s ]
INFO: [ app_init ] --END-- [ RunTime:0.000929s ]
ERR: 无法加载模块:Public

[ 2015-07-01T14:41:51+08:00 ] ::1 /capcc0624/Public/Images/botton-left.png
INFO: [ app_init ] --START--
INFO: Run Behavior\BuildLiteBehavior [ RunTime:0.000032s ]
INFO: [ app_init ] --END-- [ RunTime:0.000888s ]
ERR: 无法加载模块:Public

[ 2015-07-01T14:47:40+08:00 ] ::1 /capcc0624/Public/Home/Images/chinese_canal_images/chinese_canal_city_images/%E6%89%AC%E5%B7%9E.jpg
INFO: [ app_init ] --START--
INFO: Run Behavior\BuildLiteBehavior [ RunTime:0.000018s ]
INFO: [ app_init ] --END-- [ RunTime:0.000528s ]
ERR: 无法加载模块:Public

[ 2015-07-01T14:48:29+08:00 ] ::1 /capcc0624/Public/Home/Images/chinese_canal_images/chinese_canal_city_images/%E6%89%AC%E5%B7%9E.jpg
INFO: [ app_init ] --START--
INFO: Run Behavior\BuildLiteBehavior [ RunTime:0.000031s ]
INFO: [ app_init ] --END-- [ RunTime:0.000832s ]
ERR: 无法加载模块:Public

[ 2015-07-01T14:49:49+08:00 ] ::1 /capcc0624/Public/Home/Images/chinese_canal_images/chinese_canal_city_images/%E6%89%AC%E5%B7%9E.jpg
INFO: [ app_init ] --START--
INFO: Run Behavior\BuildLiteBehavior [ RunTime:0.000025s ]
INFO: [ app_init ] --END-- [ RunTime:0.000743s ]
ERR: 无法加载模块:Public

[ 2015-07-01T14:50:25+08:00 ] ::1 /capcc0624/Public/Home/Images/chinese_canal_images/chinese_canal_city_images/%E6%89%AC%E5%B7%9E.jpg
INFO: [ app_init ] --START--
INFO: Run Behavior\BuildLiteBehavior [ RunTime:0.000019s ]
INFO: [ app_init ] --END-- [ RunTime:0.000502s ]
ERR: 无法加载模块:Public

[ 2015-07-01T14:52:16+08:00 ] ::1 /capcc0624/Public/Home/Images/chinese_canal_images/chinese_canal_city_images/%E6%89%AC%E5%B7%9E.jpg
INFO: [ app_init ] --START--
INFO: Run Behavior\BuildLiteBehavior [ RunTime:0.000031s ]
INFO: [ app_init ] --END-- [ RunTime:0.000967s ]
ERR: 无法加载模块:Public

[ 2015-07-01T14:53:03+08:00 ] ::1 /capcc0624/Public/Home/Images/chinese_canal_images/chinese_canal_city_images/%E6%89%AC%E5%B7%9E.jpg
INFO: [ app_init ] --START--
INFO: Run Behavior\BuildLiteBehavior [ RunTime:0.000034s ]
INFO: [ app_init ] --END-- [ RunTime:0.000904s ]
ERR: 无法加载模块:Public

[ 2015-07-01T14:54:30+08:00 ] ::1 /capcc0624/Public/Home/Images/chinese_canal_images/chinese_canal_city_images/%E6%89%AC%E5%B7%9E.jpg
INFO: [ app_init ] --START--
INFO: Run Behavior\BuildLiteBehavior [ RunTime:0.000033s ]
INFO: [ app_init ] --END-- [ RunTime:0.002751s ]
ERR: 无法加载模块:Public

[ 2015-07-01T14:57:33+08:00 ] ::1 /capcc0624/Public/Home/Images/chinese_canal_images/chinese_canal_city_images/%E6%89%AC%E5%B7%9E.jpg
INFO: [ app_init ] --START--
INFO: Run Behavior\BuildLiteBehavior [ RunTime:0.000032s ]
INFO: [ app_init ] --END-- [ RunTime:0.000894s ]
ERR: 无法加载模块:Public

[ 2015-07-01T14:58:03+08:00 ] ::1 /capcc0624/Public/Home/Images/chinese_canal_images/chinese_canal_city_images/%E6%89%AC%E5%B7%9E.jpg
INFO: [ app_init ] --START--
INFO: Run Behavior\BuildLiteBehavior [ RunTime:0.000026s ]
INFO: [ app_init ] --END-- [ RunTime:0.000768s ]
ERR: 无法加载模块:Public

[ 2015-07-01T14:59:19+08:00 ] ::1 /capcc0624/Public/Home/Images/chinese_canal_images/chinese_canal_city_images/%E6%89%AC%E5%B7%9E.jpg
INFO: [ app_init ] --START--
INFO: Run Behavior\BuildLiteBehavior [ RunTime:0.000036s ]
INFO: [ app_init ] --END-- [ RunTime:0.000894s ]
ERR: 无法加载模块:Public

[ 2015-07-01T15:02:54+08:00 ] ::1 /capcc0624/Public/Home/Images/chinese_canal_images/chinese_canal_city_images/%E6%89%AC%E5%B7%9E.jpg
INFO: [ app_init ] --START--
INFO: Run Behavior\BuildLiteBehavior [ RunTime:0.000032s ]
INFO: [ app_init ] --END-- [ RunTime:0.019848s ]
ERR: 无法加载模块:Public

[ 2015-07-01T15:03:23+08:00 ] ::1 /capcc0624/Public/Home/Images/chinese_canal_images/chinese_canal_city_images/%E6%89%AC%E5%B7%9E.jpg
INFO: [ app_init ] --START--
INFO: Run Behavior\BuildLiteBehavior [ RunTime:0.000050s ]
INFO: [ app_init ] --END-- [ RunTime:0.000994s ]
ERR: 无法加载模块:Public

[ 2015-07-01T15:03:49+08:00 ] ::1 /capcc0624/Public/Home/Images/chinese_canal_images/chinese_canal_city_images/%E6%89%AC%E5%B7%9E.jpg
INFO: [ app_init ] --START--
INFO: Run Behavior\BuildLiteBehavior [ RunTime:0.000032s ]
INFO: [ app_init ] --END-- [ RunTime:0.001125s ]
ERR: 无法加载模块:Public

[ 2015-07-01T15:10:43+08:00 ] ::1 /capcc0624/Public/Home/Images/chinese_canal_images/chinese_canal_city_images/%E6%89%AC%E5%B7%9E.jpg
INFO: [ app_init ] --START--
INFO: Run Behavior\BuildLiteBehavior [ RunTime:0.000032s ]
INFO: [ app_init ] --END-- [ RunTime:0.000941s ]
ERR: 无法加载模块:Public

[ 2015-07-01T15:14:08+08:00 ] ::1 /capcc0624/Public/Home/Images/chinese_canal_images/chinese_canal_city_images/%E6%89%AC%E5%B7%9E.jpg
INFO: [ app_init ] --START--
INFO: Run Behavior\BuildLiteBehavior [ RunTime:0.000031s ]
INFO: [ app_init ] --END-- [ RunTime:0.000862s ]
ERR: 无法加载模块:Public

[ 2015-07-01T15:15:31+08:00 ] ::1 /capcc0624/Public/Home/Images/chinese_canal_images/chinese_canal_city_images/%E6%89%AC%E5%B7%9E.jpg
INFO: [ app_init ] --START--
INFO: Run Behavior\BuildLiteBehavior [ RunTime:0.000019s ]
INFO: [ app_init ] --END-- [ RunTime:0.000562s ]
ERR: 无法加载模块:Public

[ 2015-07-01T15:16:02+08:00 ] ::1 /capcc0624/Public/Home/Images/chinese_canal_images/chinese_canal_city_images/%E6%89%AC%E5%B7%9E.jpg
INFO: [ app_init ] --START--
INFO: Run Behavior\BuildLiteBehavior [ RunTime:0.000026s ]
INFO: [ app_init ] --END-- [ RunTime:0.000731s ]
ERR: 无法加载模块:Public

[ 2015-07-01T15:16:28+08:00 ] ::1 /capcc0624/Public/Home/Images/chinese_canal_images/chinese_canal_city_images/%E6%89%AC%E5%B7%9E.jpg
INFO: [ app_init ] --START--
INFO: Run Behavior\BuildLiteBehavior [ RunTime:0.000027s ]
INFO: [ app_init ] --END-- [ RunTime:0.000846s ]
ERR: 无法加载模块:Public

[ 2015-07-01T15:18:12+08:00 ] ::1 /capcc0624/Public/Home/Images/chinese_canal_images/chinese_canal_city_images/%E6%89%AC%E5%B7%9E.jpg
INFO: [ app_init ] --START--
INFO: Run Behavior\BuildLiteBehavior [ RunTime:0.000035s ]
INFO: [ app_init ] --END-- [ RunTime:0.001456s ]
ERR: 无法加载模块:Public

[ 2015-07-01T15:19:17+08:00 ] ::1 /capcc0624/Public/Home/Images/chinese_canal_images/chinese_canal_city_images/%E6%89%AC%E5%B7%9E.jpg
INFO: [ app_init ] --START--
INFO: Run Behavior\BuildLiteBehavior [ RunTime:0.000026s ]
INFO: [ app_init ] --END-- [ RunTime:0.000773s ]
ERR: 无法加载模块:Public

[ 2015-07-01T15:21:04+08:00 ] ::1 /capcc0624/Public/Home/Images/chinese_canal_images/chinese_canal_city_images/%E6%89%AC%E5%B7%9E.jpg
INFO: [ app_init ] --START--
INFO: Run Behavior\BuildLiteBehavior [ RunTime:0.000028s ]
INFO: [ app_init ] --END-- [ RunTime:0.000632s ]
ERR: 无法加载模块:Public

[ 2015-07-01T15:22:04+08:00 ] ::1 /capcc0624/Public/Home/Images/chinese_canal_images/chinese_canal_city_images/%E6%89%AC%E5%B7%9E.jpg
INFO: [ app_init ] --START--
INFO: Run Behavior\BuildLiteBehavior [ RunTime:0.000033s ]
INFO: [ app_init ] --END-- [ RunTime:0.000951s ]
ERR: 无法加载模块:Public

[ 2015-07-01T15:22:27+08:00 ] ::1 /capcc0624/Public/Home/Images/chinese_canal_images/chinese_canal_city_images/%E6%89%AC%E5%B7%9E.jpg
INFO: [ app_init ] --START--
INFO: Run Behavior\BuildLiteBehavior [ RunTime:0.000032s ]
INFO: [ app_init ] --END-- [ RunTime:0.000778s ]
ERR: 无法加载模块:Public

[ 2015-07-01T15:23:18+08:00 ] ::1 /capcc0624/Public/Home/Images/chinese_canal_images/chinese_canal_city_images/%E6%89%AC%E5%B7%9E.jpg
INFO: [ app_init ] --START--
INFO: Run Behavior\BuildLiteBehavior [ RunTime:0.000024s ]
INFO: [ app_init ] --END-- [ RunTime:0.000551s ]
ERR: 无法加载模块:Public

