[ 2015-07-16T09:02:49+08:00 ] ::1 /capcc0624/index.php/Index/doLogin
ERR: 无法加载模块:Index

[ 2015-07-16T09:07:57+08:00 ] ::1 /capcc0624/index.php/Index/doLogin
ERR: 无法加载模块:Index

[ 2015-07-16T09:12:30+08:00 ] ::1 /capcc0624/index.php/Index/doLogin
ERR: 无法加载模块:Index

[ 2015-07-16T09:17:44+08:00 ] ::1 /capcc0624/index.php/Manage/show_news_main_list
ERR: 无法加载模块:Manage

[ 2015-07-16T09:20:40+08:00 ] ::1 /capcc0624/index.php/Manage/show_news_main_list
ERR: 无法加载模块:Manage

[ 2015-07-16T09:25:12+08:00 ] ::1 /capcc0624/index.php/Index/index
ERR: 无法加载模块:Index

[ 2015-07-16T09:28:45+08:00 ] ::1 /capcc0624/index.php/Index/index
ERR: 无法加载模块:Index

[ 2015-07-16T09:29:57+08:00 ] ::1 /capcc0624/index.php/Index/index
ERR: 无法加载模块:Index

[ 2015-07-16T09:29:59+08:00 ] ::1 /capcc0624/index.php/Index/index
ERR: 无法加载模块:Index

[ 2015-07-16T10:24:14+08:00 ] ::1 /capcc0624/index.php/Index/index
ERR: 无法加载模块:Index

[ 2015-07-16T12:52:07+08:00 ] ::1 /capcc0624/index.php/capcc0624/index.php/Admin/Index/login.html.html
ERR: 无法加载模块:Capcc0624

[ 2015-07-16T12:52:18+08:00 ] ::1 /capcc0624/index.php/capcc0624/index.php/Admin/Index/login.html.html
ERR: 无法加载模块:Capcc0624

[ 2015-07-16T12:52:21+08:00 ] ::1 /capcc0624/index.php/capcc0624/index.php/Admin/Index/login.html.html
ERR: 无法加载模块:Capcc0624

[ 2015-07-16T12:57:46+08:00 ] ::1 /capcc0624/index.php/capcc0624/index.php/Admin/Index/login.html.html
ERR: 无法加载模块:Capcc0624

