[ 2015-07-06T09:08:37+08:00 ] ::1 /capcc0624/Public/Home/Css/home_head.css
INFO: [ app_init ] --START--
INFO: Run Behavior\BuildLiteBehavior [ RunTime:0.000027s ]
INFO: [ app_init ] --END-- [ RunTime:0.000670s ]
ERR: 无法加载模块:Public

[ 2015-07-06T09:08:37+08:00 ] ::1 /capcc0624/Public/Home/Css/home_page.css
INFO: [ app_init ] --START--
INFO: Run Behavior\BuildLiteBehavior [ RunTime:0.000028s ]
INFO: [ app_init ] --END-- [ RunTime:0.000733s ]
ERR: 无法加载模块:Public

[ 2015-07-06T09:08:41+08:00 ] ::1 /capcc0624/__PUBLIC__/Home/Images/bracket.jpg
INFO: [ app_init ] --START--
INFO: Run Behavior\BuildLiteBehavior [ RunTime:0.000032s ]
INFO: [ app_init ] --END-- [ RunTime:0.000781s ]
ERR: 无法加载模块:__PUBLIC__

[ 2015-07-06T09:08:41+08:00 ] ::1 /capcc0624/__PUBLIC__/Home/Images/bracket.jpg
INFO: [ app_init ] --START--
INFO: Run Behavior\BuildLiteBehavior [ RunTime:0.000022s ]
INFO: [ app_init ] --END-- [ RunTime:0.000837s ]
ERR: 无法加载模块:__PUBLIC__

[ 2015-07-06T10:33:41+08:00 ] ::1 /capcc0624/Public/Home/Css/home_page.css
INFO: [ app_init ] --START--
INFO: Run Behavior\BuildLiteBehavior [ RunTime:0.000033s ]
INFO: [ app_init ] --END-- [ RunTime:0.001710s ]
ERR: 无法加载模块:Public

[ 2015-07-06T10:33:41+08:00 ] ::1 /capcc0624/Public/Home/Css/home_head.css
INFO: [ app_init ] --START--
INFO: Run Behavior\BuildLiteBehavior [ RunTime:0.000029s ]
INFO: [ app_init ] --END-- [ RunTime:0.001238s ]
ERR: 无法加载模块:Public

[ 2015-07-06T10:33:42+08:00 ] ::1 /capcc0624/__PUBLIC__/Home/Images/bracket.jpg
INFO: [ app_init ] --START--
INFO: Run Behavior\BuildLiteBehavior [ RunTime:0.000032s ]
INFO: [ app_init ] --END-- [ RunTime:0.000774s ]
ERR: 无法加载模块:__PUBLIC__

[ 2015-07-06T10:40:11+08:00 ] ::1 /capcc0624/__PUBLIC__/Home/Images/bracket.jpg
INFO: [ app_init ] --START--
INFO: Run Behavior\BuildLiteBehavior [ RunTime:0.000020s ]
INFO: [ app_init ] --END-- [ RunTime:0.000742s ]
ERR: 无法加载模块:__PUBLIC__

[ 2015-07-06T10:40:16+08:00 ] ::1 /capcc0624/__PUBLIC__/Home/Images/bracket.jpg
INFO: [ app_init ] --START--
INFO: Run Behavior\BuildLiteBehavior [ RunTime:0.000019s ]
INFO: [ app_init ] --END-- [ RunTime:0.000529s ]
ERR: 无法加载模块:__PUBLIC__

[ 2015-07-06T10:40:16+08:00 ] ::1 /capcc0624/__PUBLIC__/Home/Images/bracket.jpg
INFO: [ app_init ] --START--
INFO: Run Behavior\BuildLiteBehavior [ RunTime:0.000059s ]
INFO: [ app_init ] --END-- [ RunTime:0.001390s ]
ERR: 无法加载模块:__PUBLIC__

[ 2015-07-06T10:40:16+08:00 ] ::1 /capcc0624/__PUBLIC__/Home/Images/bracket.jpg
INFO: [ app_init ] --START--
INFO: Run Behavior\BuildLiteBehavior [ RunTime:0.000019s ]
INFO: [ app_init ] --END-- [ RunTime:0.000520s ]
ERR: 无法加载模块:__PUBLIC__

[ 2015-07-06T10:40:17+08:00 ] ::1 /capcc0624/__PUBLIC__/Home/Images/bracket.jpg
INFO: [ app_init ] --START--
INFO: Run Behavior\BuildLiteBehavior [ RunTime:0.000030s ]
INFO: [ app_init ] --END-- [ RunTime:0.000615s ]
ERR: 无法加载模块:__PUBLIC__

[ 2015-07-06T10:40:23+08:00 ] ::1 /capcc0624/__PUBLIC__/Home/Images/bracket.jpg
INFO: [ app_init ] --START--
INFO: Run Behavior\BuildLiteBehavior [ RunTime:0.000036s ]
INFO: [ app_init ] --END-- [ RunTime:0.000837s ]
ERR: 无法加载模块:__PUBLIC__

[ 2015-07-06T10:40:24+08:00 ] ::1 /capcc0624/__PUBLIC__/Home/Images/bracket.jpg
INFO: [ app_init ] --START--
INFO: Run Behavior\BuildLiteBehavior [ RunTime:0.000029s ]
INFO: [ app_init ] --END-- [ RunTime:0.000903s ]
ERR: 无法加载模块:__PUBLIC__

[ 2015-07-06T10:43:23+08:00 ] ::1 /capcc0624/__PUBLIC__/Home/Images/bracket.jpg
INFO: [ app_init ] --START--
INFO: Run Behavior\BuildLiteBehavior [ RunTime:0.000025s ]
INFO: [ app_init ] --END-- [ RunTime:0.000918s ]
ERR: 无法加载模块:__PUBLIC__

[ 2015-07-06T10:44:36+08:00 ] ::1 /capcc0624/__PUBLIC__/Home/Images/bracket.jpg
INFO: [ app_init ] --START--
INFO: Run Behavior\BuildLiteBehavior [ RunTime:0.000303s ]
INFO: [ app_init ] --END-- [ RunTime:0.001226s ]
ERR: 无法加载模块:__PUBLIC__

[ 2015-07-06T10:44:36+08:00 ] ::1 /capcc0624/__PUBLIC__/Home/Images/bracket.jpg
INFO: [ app_init ] --START--
INFO: Run Behavior\BuildLiteBehavior [ RunTime:0.000020s ]
INFO: [ app_init ] --END-- [ RunTime:0.000639s ]
ERR: 无法加载模块:__PUBLIC__

[ 2015-07-06T11:05:35+08:00 ] ::1 /capcc0624/Public/Home/Css/images/nav.png
INFO: [ app_init ] --START--
INFO: Run Behavior\BuildLiteBehavior [ RunTime:0.000020s ]
INFO: [ app_init ] --END-- [ RunTime:0.000669s ]
ERR: 无法加载模块:Public

[ 2015-07-06T11:06:57+08:00 ] ::1 /capcc0624/Public/Home/Images//chinese_canal_images/inscription/history/1.jpg
INFO: [ app_init ] --START--
INFO: Run Behavior\BuildLiteBehavior [ RunTime:0.000025s ]
INFO: [ app_init ] --END-- [ RunTime:0.000697s ]
ERR: 无法加载模块:Public

[ 2015-07-06T11:06:57+08:00 ] ::1 /capcc0624/Public/Home/Images//chinese_canal_images/inscription/history/1.jpg
INFO: [ app_init ] --START--
INFO: Run Behavior\BuildLiteBehavior [ RunTime:0.000031s ]
INFO: [ app_init ] --END-- [ RunTime:0.000906s ]
ERR: 无法加载模块:Public

[ 2015-07-06T11:13:57+08:00 ] ::1 /capcc0624/Public/Home/Css/images/nav.png
INFO: [ app_init ] --START--
INFO: Run Behavior\BuildLiteBehavior [ RunTime:0.000032s ]
INFO: [ app_init ] --END-- [ RunTime:0.000819s ]
ERR: 无法加载模块:Public

[ 2015-07-06T11:14:57+08:00 ] ::1 /capcc0624/Public/Home/Css/images/nav.png
INFO: [ app_init ] --START--
INFO: Run Behavior\BuildLiteBehavior [ RunTime:0.000036s ]
INFO: [ app_init ] --END-- [ RunTime:0.000891s ]
ERR: 无法加载模块:Public

[ 2015-07-06T12:39:38+08:00 ] ::1 /capcc0624/Public/Home/Css/images/nav.png
INFO: [ app_init ] --START--
INFO: Run Behavior\BuildLiteBehavior [ RunTime:0.000034s ]
INFO: [ app_init ] --END-- [ RunTime:0.000849s ]
ERR: 无法加载模块:Public

[ 2015-07-06T12:40:24+08:00 ] ::1 /capcc0624/Public/Home/Css/images/nav.png
INFO: [ app_init ] --START--
INFO: Run Behavior\BuildLiteBehavior [ RunTime:0.000037s ]
INFO: [ app_init ] --END-- [ RunTime:0.001933s ]
ERR: 无法加载模块:Public

[ 2015-07-06T12:41:03+08:00 ] ::1 /capcc0624/Public/Home/Css/images/nav.png
INFO: [ app_init ] --START--
INFO: Run Behavior\BuildLiteBehavior [ RunTime:0.000032s ]
INFO: [ app_init ] --END-- [ RunTime:0.000978s ]
ERR: 无法加载模块:Public

[ 2015-07-06T12:41:15+08:00 ] ::1 /capcc0624/Public/Home/Css/images/nav.png
INFO: [ app_init ] --START--
INFO: Run Behavior\BuildLiteBehavior [ RunTime:0.000032s ]
INFO: [ app_init ] --END-- [ RunTime:0.000874s ]
ERR: 无法加载模块:Public

[ 2015-07-06T12:41:24+08:00 ] ::1 /capcc0624/Public/Home/Css/images/nav.png
INFO: [ app_init ] --START--
INFO: Run Behavior\BuildLiteBehavior [ RunTime:0.000088s ]
INFO: [ app_init ] --END-- [ RunTime:0.003345s ]
ERR: 无法加载模块:Public

[ 2015-07-06T12:41:42+08:00 ] ::1 /capcc0624/Public/Home/Css/images/nav.png
INFO: [ app_init ] --START--
INFO: Run Behavior\BuildLiteBehavior [ RunTime:0.000033s ]
INFO: [ app_init ] --END-- [ RunTime:0.000808s ]
ERR: 无法加载模块:Public

[ 2015-07-06T12:45:49+08:00 ] ::1 /capcc0624/Public/Home/Css/images/nav.png
INFO: [ app_init ] --START--
INFO: Run Behavior\BuildLiteBehavior [ RunTime:0.000034s ]
INFO: [ app_init ] --END-- [ RunTime:0.000868s ]
ERR: 无法加载模块:Public

[ 2015-07-06T12:50:47+08:00 ] ::1 /capcc0624/Public/Home/Css/images/nav.png
INFO: [ app_init ] --START--
INFO: Run Behavior\BuildLiteBehavior [ RunTime:0.000020s ]
INFO: [ app_init ] --END-- [ RunTime:0.000699s ]
ERR: 无法加载模块:Public

[ 2015-07-06T12:56:28+08:00 ] ::1 /capcc0624/Public/Home/Css/images/nav.png
INFO: [ app_init ] --START--
INFO: Run Behavior\BuildLiteBehavior [ RunTime:0.000037s ]
INFO: [ app_init ] --END-- [ RunTime:0.001839s ]
ERR: 无法加载模块:Public

[ 2015-07-06T12:56:55+08:00 ] ::1 /capcc0624/Public/Home/Css/images/nav.png
INFO: [ app_init ] --START--
INFO: Run Behavior\BuildLiteBehavior [ RunTime:0.000030s ]
INFO: [ app_init ] --END-- [ RunTime:0.000978s ]
ERR: 无法加载模块:Public

[ 2015-07-06T12:57:25+08:00 ] ::1 /capcc0624/Public/Home/Css/images/nav.png
INFO: [ app_init ] --START--
INFO: Run Behavior\BuildLiteBehavior [ RunTime:0.000033s ]
INFO: [ app_init ] --END-- [ RunTime:0.002132s ]
ERR: 无法加载模块:Public

[ 2015-07-06T13:03:34+08:00 ] ::1 /capcc0624/Public/Home/Css/images/nav.png
INFO: [ app_init ] --START--
INFO: Run Behavior\BuildLiteBehavior [ RunTime:0.000032s ]
INFO: [ app_init ] --END-- [ RunTime:0.001226s ]
ERR: 无法加载模块:Public

[ 2015-07-06T13:06:15+08:00 ] ::1 /capcc0624/Public/Home/Css/images/nav.png
INFO: [ app_init ] --START--
INFO: Run Behavior\BuildLiteBehavior [ RunTime:0.000034s ]
INFO: [ app_init ] --END-- [ RunTime:0.000999s ]
ERR: 无法加载模块:Public

[ 2015-07-06T13:48:25+08:00 ] ::1 /capcc0624/index.phpHome/News
INFO: [ app_init ] --START--
INFO: Run Behavior\BuildLiteBehavior [ RunTime:0.000018s ]
INFO: [ app_init ] --END-- [ RunTime:0.000519s ]
ERR: 无法加载模块:Index.phpHome

[ 2015-07-06T13:48:54+08:00 ] ::1 /capcc0624/index.phpHome/News
INFO: [ app_init ] --START--
INFO: Run Behavior\BuildLiteBehavior [ RunTime:0.000020s ]
INFO: [ app_init ] --END-- [ RunTime:0.000624s ]
ERR: 无法加载模块:Index.phpHome

[ 2015-07-06T14:58:17+08:00 ] ::1 /capcc0624/Public/Home/Images/chinese_canal_images/canal_tour_images/chongrenguzhen.jpg
INFO: [ app_init ] --START--
INFO: Run Behavior\BuildLiteBehavior [ RunTime:0.000050s ]
INFO: [ app_init ] --END-- [ RunTime:0.001512s ]
ERR: 无法加载模块:Public

[ 2015-07-06T14:58:18+08:00 ] ::1 /capcc0624/Public/Home/Css/images/travel_body_up_bg.png
INFO: [ app_init ] --START--
INFO: Run Behavior\BuildLiteBehavior [ RunTime:0.000048s ]
INFO: [ app_init ] --END-- [ RunTime:0.001381s ]
ERR: 无法加载模块:Public

[ 2015-07-06T14:58:18+08:00 ] ::1 /capcc0624/Public/Home/Css/images/nav.png
INFO: [ app_init ] --START--
INFO: Run Behavior\BuildLiteBehavior [ RunTime:0.000054s ]
INFO: [ app_init ] --END-- [ RunTime:0.001271s ]
ERR: 无法加载模块:Public

[ 2015-07-06T14:58:18+08:00 ] ::1 /capcc0624/Public/Home/Images/chinese_canal_images/travel/%E5%A4%A7%E6%98%8E%E6%B9%96.jpg
INFO: [ app_init ] --START--
INFO: Run Behavior\BuildLiteBehavior [ RunTime:0.000030s ]
INFO: [ app_init ] --END-- [ RunTime:0.000735s ]
ERR: 无法加载模块:Public

[ 2015-07-06T14:58:18+08:00 ] ::1 /capcc0624/PublicHome/Images
INFO: [ app_init ] --START--
INFO: Run Behavior\BuildLiteBehavior [ RunTime:0.000029s ]
INFO: [ app_init ] --END-- [ RunTime:0.000736s ]
ERR: 无法加载模块:PublicHome

[ 2015-07-06T14:58:18+08:00 ] ::1 /capcc0624/Public/Home/Images/chinese_canal_images/canal_tour_images/dangkouguzhen.jpg
INFO: [ app_init ] --START--
INFO: Run Behavior\BuildLiteBehavior [ RunTime:0.000030s ]
INFO: [ app_init ] --END-- [ RunTime:0.006885s ]
ERR: 无法加载模块:Public

[ 2015-07-06T14:58:18+08:00 ] ::1 /capcc0624/PublicHome/Images/chinese_canal_images/travel/%E5%87%A4%E5%B1%B1%E6%B0%B4%E5%9F%8E%E9%97%A8%E9%81%97%E5%9D%80.jpg
INFO: [ app_init ] --START--
INFO: Run Behavior\BuildLiteBehavior [ RunTime:0.000033s ]
INFO: [ app_init ] --END-- [ RunTime:0.000902s ]
ERR: 无法加载模块:PublicHome

[ 2015-07-06T14:58:18+08:00 ] ::1 /capcc0624/PublicHome/Images/chinese_canal_images/travel/%E4%B8%AD%E5%9B%BD%E5%9B%BD%E5%AE%B6%E5%8D%9A%E7%89%A9%E9%A6%86.jpg
INFO: [ app_init ] --START--
INFO: Run Behavior\BuildLiteBehavior [ RunTime:0.000033s ]
INFO: [ app_init ] --END-- [ RunTime:0.003721s ]
ERR: 无法加载模块:PublicHome

[ 2015-07-06T14:58:18+08:00 ] ::1 /capcc0624/PublicHome/Images/chinese_canal_images/travel/%E6%97%A0%E9%94%A1%E8%BF%90%E6%B2%B3%E5%85%AC%E5%9B%AD.jpg
INFO: [ app_init ] --START--
INFO: Run Behavior\BuildLiteBehavior [ RunTime:0.000034s ]
INFO: [ app_init ] --END-- [ RunTime:0.000845s ]
ERR: 无法加载模块:PublicHome

[ 2015-07-06T14:58:58+08:00 ] ::1 /capcc0624/Public/Home/Images/chinese_canal_images/canal_tour_images/chongrenguzhen.jpg
INFO: [ app_init ] --START--
INFO: Run Behavior\BuildLiteBehavior [ RunTime:0.000030s ]
INFO: [ app_init ] --END-- [ RunTime:0.000845s ]
ERR: 无法加载模块:Public

[ 2015-07-06T14:58:58+08:00 ] ::1 /capcc0624/PublicHome/Images/chinese_canal_images/travel/%E6%97%A0%E9%94%A1%E8%BF%90%E6%B2%B3%E5%85%AC%E5%9B%AD.jpg
INFO: [ app_init ] --START--
INFO: Run Behavior\BuildLiteBehavior [ RunTime:0.000036s ]
INFO: [ app_init ] --END-- [ RunTime:0.018892s ]
ERR: 无法加载模块:PublicHome

[ 2015-07-06T14:58:58+08:00 ] ::1 /capcc0624/Public/Home/Images/chinese_canal_images/canal_tour_images/dangkouguzhen.jpg
INFO: [ app_init ] --START--
INFO: Run Behavior\BuildLiteBehavior [ RunTime:0.000035s ]
INFO: [ app_init ] --END-- [ RunTime:0.000894s ]
ERR: 无法加载模块:Public

[ 2015-07-06T14:58:58+08:00 ] ::1 /capcc0624/PublicHome/Images
INFO: [ app_init ] --START--
INFO: Run Behavior\BuildLiteBehavior [ RunTime:0.000031s ]
INFO: [ app_init ] --END-- [ RunTime:0.000923s ]
ERR: 无法加载模块:PublicHome

[ 2015-07-06T14:58:58+08:00 ] ::1 /capcc0624/Public/Home/Images/chinese_canal_images/travel/%E5%A4%A7%E6%98%8E%E6%B9%96.jpg
INFO: [ app_init ] --START--
INFO: Run Behavior\BuildLiteBehavior [ RunTime:0.000031s ]
INFO: [ app_init ] --END-- [ RunTime:0.000837s ]
ERR: 无法加载模块:Public

[ 2015-07-06T14:58:58+08:00 ] ::1 /capcc0624/PublicHome/Images/chinese_canal_images/travel/%E4%B8%AD%E5%9B%BD%E5%9B%BD%E5%AE%B6%E5%8D%9A%E7%89%A9%E9%A6%86.jpg
INFO: [ app_init ] --START--
INFO: Run Behavior\BuildLiteBehavior [ RunTime:0.000034s ]
INFO: [ app_init ] --END-- [ RunTime:0.000865s ]
ERR: 无法加载模块:PublicHome

[ 2015-07-06T14:58:58+08:00 ] ::1 /capcc0624/PublicHome/Images/chinese_canal_images/travel/%E5%87%A4%E5%B1%B1%E6%B0%B4%E5%9F%8E%E9%97%A8%E9%81%97%E5%9D%80.jpg
INFO: [ app_init ] --START--
INFO: Run Behavior\BuildLiteBehavior [ RunTime:0.000026s ]
INFO: [ app_init ] --END-- [ RunTime:0.000913s ]
ERR: 无法加载模块:PublicHome

[ 2015-07-06T15:00:55+08:00 ] ::1 /capcc0624/Public/Home/Images/chinese_canal_images/travel/%E5%A4%A7%E6%98%8E%E6%B9%96.jpg
INFO: [ app_init ] --START--
INFO: Run Behavior\BuildLiteBehavior [ RunTime:0.000025s ]
INFO: [ app_init ] --END-- [ RunTime:0.000687s ]
ERR: 无法加载模块:Public

[ 2015-07-06T15:00:55+08:00 ] ::1 /capcc0624/Public/Home/Images/chinese_canal_images/canal_tour_images/dangkouguzhen.jpg
INFO: [ app_init ] --START--
INFO: Run Behavior\BuildLiteBehavior [ RunTime:0.000029s ]
INFO: [ app_init ] --END-- [ RunTime:0.000954s ]
ERR: 无法加载模块:Public

[ 2015-07-06T15:00:55+08:00 ] ::1 /capcc0624/PublicHome/Images
INFO: [ app_init ] --START--
INFO: Run Behavior\BuildLiteBehavior [ RunTime:0.000037s ]
INFO: [ app_init ] --END-- [ RunTime:0.001001s ]
ERR: 无法加载模块:PublicHome

[ 2015-07-06T15:00:55+08:00 ] ::1 /capcc0624/PublicHome/Images/chinese_canal_images/travel/%E4%B8%AD%E5%9B%BD%E5%9B%BD%E5%AE%B6%E5%8D%9A%E7%89%A9%E9%A6%86.jpg
INFO: [ app_init ] --START--
INFO: Run Behavior\BuildLiteBehavior [ RunTime:0.000057s ]
INFO: [ app_init ] --END-- [ RunTime:0.002367s ]
ERR: 无法加载模块:PublicHome

[ 2015-07-06T15:00:55+08:00 ] ::1 /capcc0624/PublicHome/Images/chinese_canal_images/travel/%E5%87%A4%E5%B1%B1%E6%B0%B4%E5%9F%8E%E9%97%A8%E9%81%97%E5%9D%80.jpg
INFO: [ app_init ] --START--
INFO: Run Behavior\BuildLiteBehavior [ RunTime:0.000029s ]
INFO: [ app_init ] --END-- [ RunTime:0.000717s ]
ERR: 无法加载模块:PublicHome

[ 2015-07-06T15:00:55+08:00 ] ::1 /capcc0624/PublicHome/Images/chinese_canal_images/travel/%E6%97%A0%E9%94%A1%E8%BF%90%E6%B2%B3%E5%85%AC%E5%9B%AD.jpg
INFO: [ app_init ] --START--
INFO: Run Behavior\BuildLiteBehavior [ RunTime:0.000034s ]
INFO: [ app_init ] --END-- [ RunTime:0.000808s ]
ERR: 无法加载模块:PublicHome

[ 2015-07-06T15:00:55+08:00 ] ::1 /capcc0624/PublicHome/Images
INFO: [ app_init ] --START--
INFO: Run Behavior\BuildLiteBehavior [ RunTime:0.000040s ]
INFO: [ app_init ] --END-- [ RunTime:0.002810s ]
ERR: 无法加载模块:PublicHome

[ 2015-07-06T15:00:55+08:00 ] ::1 /capcc0624/Public/Home/Images/chinese_canal_images/canal_tour_images/dangkouguzhen.jpg
INFO: [ app_init ] --START--
INFO: Run Behavior\BuildLiteBehavior [ RunTime:0.000050s ]
INFO: [ app_init ] --END-- [ RunTime:0.001319s ]
ERR: 无法加载模块:Public

[ 2015-07-06T15:00:56+08:00 ] ::1 /capcc0624/Public/Home/Images/chinese_canal_images/travel/%E5%A4%A7%E6%98%8E%E6%B9%96.jpg
INFO: [ app_init ] --START--
INFO: Run Behavior\BuildLiteBehavior [ RunTime:0.000031s ]
INFO: [ app_init ] --END-- [ RunTime:0.013724s ]
ERR: 无法加载模块:Public

[ 2015-07-06T15:01:36+08:00 ] ::1 /capcc0624/PublicHome/Images
INFO: [ app_init ] --START--
INFO: Run Behavior\BuildLiteBehavior [ RunTime:0.000030s ]
INFO: [ app_init ] --END-- [ RunTime:0.001552s ]
ERR: 无法加载模块:PublicHome

[ 2015-07-06T15:01:36+08:00 ] ::1 /capcc0624/Public/Home/Images/chinese_canal_images/travel/%E5%A4%A7%E6%98%8E%E6%B9%96.jpg
INFO: [ app_init ] --START--
INFO: Run Behavior\BuildLiteBehavior [ RunTime:0.000027s ]
INFO: [ app_init ] --END-- [ RunTime:0.000788s ]
ERR: 无法加载模块:Public

[ 2015-07-06T15:01:36+08:00 ] ::1 /capcc0624/PublicHome/Images/chinese_canal_images/travel/%E4%B8%AD%E5%9B%BD%E5%9B%BD%E5%AE%B6%E5%8D%9A%E7%89%A9%E9%A6%86.jpg
INFO: [ app_init ] --START--
INFO: Run Behavior\BuildLiteBehavior [ RunTime:0.000025s ]
INFO: [ app_init ] --END-- [ RunTime:0.000835s ]
ERR: 无法加载模块:PublicHome

[ 2015-07-06T15:01:36+08:00 ] ::1 /capcc0624/Public/Home/Images/chinese_canal_images/canal_tour_images/dangkouguzhen.jpg
INFO: [ app_init ] --START--
INFO: Run Behavior\BuildLiteBehavior [ RunTime:0.000026s ]
INFO: [ app_init ] --END-- [ RunTime:0.001574s ]
ERR: 无法加载模块:Public

[ 2015-07-06T15:01:36+08:00 ] ::1 /capcc0624/PublicHome/Images/chinese_canal_images/travel/%E5%87%A4%E5%B1%B1%E6%B0%B4%E5%9F%8E%E9%97%A8%E9%81%97%E5%9D%80.jpg
INFO: [ app_init ] --START--
INFO: Run Behavior\BuildLiteBehavior [ RunTime:0.000033s ]
INFO: [ app_init ] --END-- [ RunTime:0.001591s ]
ERR: 无法加载模块:PublicHome

[ 2015-07-06T15:01:36+08:00 ] ::1 /capcc0624/PublicHome/Images/chinese_canal_images/travel/%E6%97%A0%E9%94%A1%E8%BF%90%E6%B2%B3%E5%85%AC%E5%9B%AD.jpg
INFO: [ app_init ] --START--
INFO: Run Behavior\BuildLiteBehavior [ RunTime:0.000033s ]
INFO: [ app_init ] --END-- [ RunTime:0.001095s ]
ERR: 无法加载模块:PublicHome

[ 2015-07-06T15:01:36+08:00 ] ::1 /capcc0624/PublicHome/Images
INFO: [ app_init ] --START--
INFO: Run Behavior\BuildLiteBehavior [ RunTime:0.000028s ]
INFO: [ app_init ] --END-- [ RunTime:0.000735s ]
ERR: 无法加载模块:PublicHome

[ 2015-07-06T15:01:36+08:00 ] ::1 /capcc0624/Public/Home/Images/chinese_canal_images/travel/%E5%A4%A7%E6%98%8E%E6%B9%96.jpg
INFO: [ app_init ] --START--
INFO: Run Behavior\BuildLiteBehavior [ RunTime:0.000025s ]
INFO: [ app_init ] --END-- [ RunTime:0.000759s ]
ERR: 无法加载模块:Public

[ 2015-07-06T15:01:36+08:00 ] ::1 /capcc0624/PublicHome/Images/chinese_canal_images/travel/%E4%B8%AD%E5%9B%BD%E5%9B%BD%E5%AE%B6%E5%8D%9A%E7%89%A9%E9%A6%86.jpg
INFO: [ app_init ] --START--
INFO: Run Behavior\BuildLiteBehavior [ RunTime:0.000034s ]
INFO: [ app_init ] --END-- [ RunTime:0.000827s ]
ERR: 无法加载模块:PublicHome

[ 2015-07-06T15:02:00+08:00 ] ::1 /capcc0624/Public/Home/Images/chinese_canal_images/travel/%E5%A4%A7%E6%98%8E%E6%B9%96.jpg
INFO: [ app_init ] --START--
INFO: Run Behavior\BuildLiteBehavior [ RunTime:0.000032s ]
INFO: [ app_init ] --END-- [ RunTime:0.000909s ]
ERR: 无法加载模块:Public

[ 2015-07-06T15:02:00+08:00 ] ::1 /capcc0624/PublicHome/Images
INFO: [ app_init ] --START--
INFO: Run Behavior\BuildLiteBehavior [ RunTime:0.000034s ]
INFO: [ app_init ] --END-- [ RunTime:0.000915s ]
ERR: 无法加载模块:PublicHome

[ 2015-07-06T15:02:00+08:00 ] ::1 /capcc0624/PublicHome/Images/chinese_canal_images/travel/%E4%B8%AD%E5%9B%BD%E5%9B%BD%E5%AE%B6%E5%8D%9A%E7%89%A9%E9%A6%86.jpg
INFO: [ app_init ] --START--
INFO: Run Behavior\BuildLiteBehavior [ RunTime:0.000036s ]
INFO: [ app_init ] --END-- [ RunTime:0.001077s ]
ERR: 无法加载模块:PublicHome

[ 2015-07-06T15:02:00+08:00 ] ::1 /capcc0624/PublicHome/Images/chinese_canal_images/travel/%E6%97%A0%E9%94%A1%E8%BF%90%E6%B2%B3%E5%85%AC%E5%9B%AD.jpg
INFO: [ app_init ] --START--
INFO: Run Behavior\BuildLiteBehavior [ RunTime:0.000032s ]
INFO: [ app_init ] --END-- [ RunTime:0.001790s ]
ERR: 无法加载模块:PublicHome

[ 2015-07-06T15:02:00+08:00 ] ::1 /capcc0624/PublicHome/Images/chinese_canal_images/travel/%E5%87%A4%E5%B1%B1%E6%B0%B4%E5%9F%8E%E9%97%A8%E9%81%97%E5%9D%80.jpg
INFO: [ app_init ] --START--
INFO: Run Behavior\BuildLiteBehavior [ RunTime:0.000033s ]
INFO: [ app_init ] --END-- [ RunTime:0.002444s ]
ERR: 无法加载模块:PublicHome

[ 2015-07-06T20:20:26+08:00 ] ::1 /capcc0624/Public/Home/Css/home_page.css
INFO: [ app_init ] --START--
INFO: Run Behavior\BuildLiteBehavior [ RunTime:0.000066s ]
INFO: [ app_init ] --END-- [ RunTime:0.000787s ]
ERR: 无法加载模块:Public

[ 2015-07-06T20:20:26+08:00 ] ::1 /capcc0624/Public/Home/Css/home_head.css
INFO: [ app_init ] --START--
INFO: Run Behavior\BuildLiteBehavior [ RunTime:0.000032s ]
INFO: [ app_init ] --END-- [ RunTime:0.000989s ]
ERR: 无法加载模块:Public

[ 2015-07-06T20:20:26+08:00 ] ::1 /capcc0624/images/bracket.jpg
INFO: [ app_init ] --START--
INFO: Run Behavior\BuildLiteBehavior [ RunTime:0.000035s ]
INFO: [ app_init ] --END-- [ RunTime:0.001337s ]
ERR: 无法加载模块:Images

[ 2015-07-06T20:20:28+08:00 ] ::1 /capcc0624/images/bracket.jpg
INFO: [ app_init ] --START--
INFO: Run Behavior\BuildLiteBehavior [ RunTime:0.000028s ]
INFO: [ app_init ] --END-- [ RunTime:0.000863s ]
ERR: 无法加载模块:Images

[ 2015-07-06T20:20:58+08:00 ] ::1 /capcc0624/images/bracket.jpg
INFO: [ app_init ] --START--
INFO: Run Behavior\BuildLiteBehavior [ RunTime:0.000023s ]
INFO: [ app_init ] --END-- [ RunTime:0.000795s ]
ERR: 无法加载模块:Images

[ 2015-07-06T20:20:59+08:00 ] ::1 /capcc0624/images/bracket.jpg
INFO: [ app_init ] --START--
INFO: Run Behavior\BuildLiteBehavior [ RunTime:0.000033s ]
INFO: [ app_init ] --END-- [ RunTime:0.000694s ]
ERR: 无法加载模块:Images

[ 2015-07-06T20:20:59+08:00 ] ::1 /capcc0624/images/bracket.jpg
INFO: [ app_init ] --START--
INFO: Run Behavior\BuildLiteBehavior [ RunTime:0.000023s ]
INFO: [ app_init ] --END-- [ RunTime:0.000598s ]
ERR: 无法加载模块:Images

[ 2015-07-06T20:21:00+08:00 ] ::1 /capcc0624/images/bracket.jpg
INFO: [ app_init ] --START--
INFO: Run Behavior\BuildLiteBehavior [ RunTime:0.000021s ]
INFO: [ app_init ] --END-- [ RunTime:0.000668s ]
ERR: 无法加载模块:Images

[ 2015-07-06T20:21:05+08:00 ] ::1 /capcc0624/images/bracket.jpg
INFO: [ app_init ] --START--
INFO: Run Behavior\BuildLiteBehavior [ RunTime:0.000047s ]
INFO: [ app_init ] --END-- [ RunTime:0.001995s ]
ERR: 无法加载模块:Images

[ 2015-07-06T20:21:06+08:00 ] ::1 /capcc0624/images/bracket.jpg
INFO: [ app_init ] --START--
INFO: Run Behavior\BuildLiteBehavior [ RunTime:0.000033s ]
INFO: [ app_init ] --END-- [ RunTime:0.000919s ]
ERR: 无法加载模块:Images

[ 2015-07-06T20:21:10+08:00 ] ::1 /capcc0624/images/bracket.jpg
INFO: [ app_init ] --START--
INFO: Run Behavior\BuildLiteBehavior [ RunTime:0.000025s ]
INFO: [ app_init ] --END-- [ RunTime:0.000709s ]
ERR: 无法加载模块:Images

[ 2015-07-06T20:21:10+08:00 ] ::1 /capcc0624/images/bracket.jpg
INFO: [ app_init ] --START--
INFO: Run Behavior\BuildLiteBehavior [ RunTime:0.000033s ]
INFO: [ app_init ] --END-- [ RunTime:0.002927s ]
ERR: 无法加载模块:Images

[ 2015-07-06T20:21:12+08:00 ] ::1 /capcc0624/images/bracket.jpg
INFO: [ app_init ] --START--
INFO: Run Behavior\BuildLiteBehavior [ RunTime:0.000057s ]
INFO: [ app_init ] --END-- [ RunTime:0.001729s ]
ERR: 无法加载模块:Images

[ 2015-07-06T20:21:12+08:00 ] ::1 /capcc0624/images/bracket.jpg
INFO: [ app_init ] --START--
INFO: Run Behavior\BuildLiteBehavior [ RunTime:0.000042s ]
INFO: [ app_init ] --END-- [ RunTime:0.001514s ]
ERR: 无法加载模块:Images

[ 2015-07-06T20:21:14+08:00 ] ::1 /capcc0624/images/bracket.jpg
INFO: [ app_init ] --START--
INFO: Run Behavior\BuildLiteBehavior [ RunTime:0.000033s ]
INFO: [ app_init ] --END-- [ RunTime:0.000951s ]
ERR: 无法加载模块:Images

[ 2015-07-06T20:21:14+08:00 ] ::1 /capcc0624/images/bracket.jpg
INFO: [ app_init ] --START--
INFO: Run Behavior\BuildLiteBehavior [ RunTime:0.000044s ]
INFO: [ app_init ] --END-- [ RunTime:0.001228s ]
ERR: 无法加载模块:Images

[ 2015-07-06T20:21:15+08:00 ] ::1 /capcc0624/images/bracket.jpg
INFO: [ app_init ] --START--
INFO: Run Behavior\BuildLiteBehavior [ RunTime:0.000042s ]
INFO: [ app_init ] --END-- [ RunTime:0.001247s ]
ERR: 无法加载模块:Images

[ 2015-07-06T20:25:08+08:00 ] ::1 /capcc0624/Public/Home/Css/home_head.css
INFO: [ app_init ] --START--
INFO: Run Behavior\BuildLiteBehavior [ RunTime:0.000020s ]
INFO: [ app_init ] --END-- [ RunTime:0.000552s ]
ERR: 无法加载模块:Public

[ 2015-07-06T20:25:08+08:00 ] ::1 /capcc0624/Public/Home/Css/home_page.css
INFO: [ app_init ] --START--
INFO: Run Behavior\BuildLiteBehavior [ RunTime:0.000017s ]
INFO: [ app_init ] --END-- [ RunTime:0.000490s ]
ERR: 无法加载模块:Public

[ 2015-07-06T20:25:08+08:00 ] ::1 /capcc0624/images/bracket.jpg
INFO: [ app_init ] --START--
INFO: Run Behavior\BuildLiteBehavior [ RunTime:0.000019s ]
INFO: [ app_init ] --END-- [ RunTime:0.000496s ]
ERR: 无法加载模块:Images

[ 2015-07-06T20:25:10+08:00 ] ::1 /capcc0624/__PUBLIC__/Home/Images/bracket.jpg
INFO: [ app_init ] --START--
INFO: Run Behavior\BuildLiteBehavior [ RunTime:0.000025s ]
INFO: [ app_init ] --END-- [ RunTime:0.001306s ]
ERR: 无法加载模块:__PUBLIC__

[ 2015-07-06T20:25:10+08:00 ] ::1 /capcc0624/__PUBLIC__/Home/Images/bracket.jpg
INFO: [ app_init ] --START--
INFO: Run Behavior\BuildLiteBehavior [ RunTime:0.000055s ]
INFO: [ app_init ] --END-- [ RunTime:0.001400s ]
ERR: 无法加载模块:__PUBLIC__

[ 2015-07-06T20:25:10+08:00 ] ::1 /capcc0624/__PUBLIC__/Home/Images/bracket.jpg
INFO: [ app_init ] --START--
INFO: Run Behavior\BuildLiteBehavior [ RunTime:0.000052s ]
INFO: [ app_init ] --END-- [ RunTime:0.001236s ]
ERR: 无法加载模块:__PUBLIC__

[ 2015-07-06T20:25:11+08:00 ] ::1 /capcc0624/__PUBLIC__/Home/Images/bracket.jpg
INFO: [ app_init ] --START--
INFO: Run Behavior\BuildLiteBehavior [ RunTime:0.000030s ]
INFO: [ app_init ] --END-- [ RunTime:0.000844s ]
ERR: 无法加载模块:__PUBLIC__

[ 2015-07-06T20:25:25+08:00 ] ::1 /capcc0624/__PUBLIC__/Home/Images/bracket.jpg
INFO: [ app_init ] --START--
INFO: Run Behavior\BuildLiteBehavior [ RunTime:0.000039s ]
INFO: [ app_init ] --END-- [ RunTime:0.000915s ]
ERR: 无法加载模块:__PUBLIC__

[ 2015-07-06T20:27:41+08:00 ] ::1 /capcc0624/Public/capcc0624/Public/chinese_canal_images/brand_images/old/%E6%A5%BC%E5%A4%96%E6%A5%BC.jpg
INFO: [ app_init ] --START--
INFO: Run Behavior\BuildLiteBehavior [ RunTime:0.000026s ]
INFO: [ app_init ] --END-- [ RunTime:0.000550s ]
ERR: 无法加载模块:Public

[ 2015-07-06T20:56:52+08:00 ] ::1 /capcc0624/Public/capcc0624/Public/chinese_canal_images/brand_images/old/%E6%A5%BC%E5%A4%96%E6%A5%BC.jpg
INFO: [ app_init ] --START--
INFO: Run Behavior\BuildLiteBehavior [ RunTime:0.000058s ]
INFO: [ app_init ] --END-- [ RunTime:0.001565s ]
ERR: 无法加载模块:Public

[ 2015-07-06T20:58:17+08:00 ] ::1 /capcc0624/Public/capcc0624/Public/chinese_canal_images/brand_images/old/%E6%A5%BC%E5%A4%96%E6%A5%BC.jpg
INFO: [ app_init ] --START--
INFO: Run Behavior\BuildLiteBehavior [ RunTime:0.000021s ]
INFO: [ app_init ] --END-- [ RunTime:0.000593s ]
ERR: 无法加载模块:Public

[ 2015-07-06T21:24:16+08:00 ] ::1 /capcc0624/__PUBLIC__/Home/Images/bracket.jpg
INFO: [ app_init ] --START--
INFO: Run Behavior\BuildLiteBehavior [ RunTime:0.000050s ]
INFO: [ app_init ] --END-- [ RunTime:0.001961s ]
ERR: 无法加载模块:__PUBLIC__

[ 2015-07-06T21:24:17+08:00 ] ::1 /capcc0624/__PUBLIC__/Home/Images/bracket.jpg
INFO: [ app_init ] --START--
INFO: Run Behavior\BuildLiteBehavior [ RunTime:0.000036s ]
INFO: [ app_init ] --END-- [ RunTime:0.001389s ]
ERR: 无法加载模块:__PUBLIC__

[ 2015-07-06T21:24:17+08:00 ] ::1 /capcc0624/__PUBLIC__/Home/Images/bracket.jpg
INFO: [ app_init ] --START--
INFO: Run Behavior\BuildLiteBehavior [ RunTime:0.000053s ]
INFO: [ app_init ] --END-- [ RunTime:0.001797s ]
ERR: 无法加载模块:__PUBLIC__

[ 2015-07-06T21:24:17+08:00 ] ::1 /capcc0624/__PUBLIC__/Home/Images/bracket.jpg
INFO: [ app_init ] --START--
INFO: Run Behavior\BuildLiteBehavior [ RunTime:0.000034s ]
INFO: [ app_init ] --END-- [ RunTime:0.000979s ]
ERR: 无法加载模块:__PUBLIC__

[ 2015-07-06T21:24:18+08:00 ] ::1 /capcc0624/Public/Home/Css/home_head.css
INFO: [ app_init ] --START--
INFO: Run Behavior\BuildLiteBehavior [ RunTime:0.000063s ]
INFO: [ app_init ] --END-- [ RunTime:0.002256s ]
ERR: 无法加载模块:Public

[ 2015-07-06T21:24:18+08:00 ] ::1 /capcc0624/Public/Home/Css/home_page.css
INFO: [ app_init ] --START--
INFO: Run Behavior\BuildLiteBehavior [ RunTime:0.000034s ]
INFO: [ app_init ] --END-- [ RunTime:0.001304s ]
ERR: 无法加载模块:Public

