[ 2015-07-07T21:01:41+08:00 ] ::1 /capcc0624/admin
INFO: [ app_init ] --START--
INFO: Run Behavior\BuildLiteBehavior [ RunTime:0.000019s ]
INFO: [ app_init ] --END-- [ RunTime:0.000773s ]
INFO: [ app_begin ] --START--
INFO: Run Behavior\ReadHtmlCacheBehavior [ RunTime:0.000934s ]
INFO: [ app_begin ] --END-- [ RunTime:0.001004s ]
INFO: [ view_parse ] --START--
INFO: [ template_filter ] --START--
INFO: Run Behavior\ContentReplaceBehavior [ RunTime:0.000287s ]
INFO: [ template_filter ] --END-- [ RunTime:0.000497s ]
INFO: Run Behavior\ParseTemplateBehavior [ RunTime:0.101839s ]
INFO: [ view_parse ] --END-- [ RunTime:0.102007s ]
INFO: [ view_filter ] --START--
INFO: Run Behavior\WriteHtmlCacheBehavior [ RunTime:0.003270s ]
INFO: [ view_filter ] --END-- [ RunTime:0.003469s ]
INFO: [ app_end ] --START--
INFO: Run Behavior\ShowPageTraceBehavior [ RunTime:0.003382s ]
INFO: [ app_end ] --END-- [ RunTime:0.003619s ]

[ 2015-07-07T21:17:07+08:00 ] ::1 /capcc0624/admin
INFO: [ app_init ] --START--
INFO: Run Behavior\BuildLiteBehavior [ RunTime:0.000019s ]
INFO: [ app_init ] --END-- [ RunTime:0.000644s ]
INFO: [ app_begin ] --START--
INFO: Run Behavior\ReadHtmlCacheBehavior [ RunTime:0.000956s ]
INFO: [ app_begin ] --END-- [ RunTime:0.001020s ]
INFO: [ view_parse ] --START--
INFO: [ template_filter ] --START--
INFO: Run Behavior\ContentReplaceBehavior [ RunTime:0.000086s ]
INFO: [ template_filter ] --END-- [ RunTime:0.000160s ]
INFO: Run Behavior\ParseTemplateBehavior [ RunTime:0.012223s ]
INFO: [ view_parse ] --END-- [ RunTime:0.012296s ]
INFO: [ view_filter ] --START--
INFO: Run Behavior\WriteHtmlCacheBehavior [ RunTime:0.000733s ]
INFO: [ view_filter ] --END-- [ RunTime:0.000787s ]
INFO: [ app_end ] --START--
INFO: Run Behavior\ShowPageTraceBehavior [ RunTime:0.000979s ]
INFO: [ app_end ] --END-- [ RunTime:0.001038s ]

[ 2015-07-07T21:29:16+08:00 ] ::1 /capcc0624/admin
INFO: [ app_init ] --START--
INFO: Run Behavior\BuildLiteBehavior [ RunTime:0.000019s ]
INFO: [ app_init ] --END-- [ RunTime:0.000632s ]
INFO: [ app_begin ] --START--
INFO: Run Behavior\ReadHtmlCacheBehavior [ RunTime:0.000986s ]
INFO: [ app_begin ] --END-- [ RunTime:0.001056s ]
INFO: [ view_parse ] --START--
INFO: [ template_filter ] --START--
INFO: Run Behavior\ContentReplaceBehavior [ RunTime:0.000350s ]
INFO: [ template_filter ] --END-- [ RunTime:0.000579s ]
INFO: Run Behavior\ParseTemplateBehavior [ RunTime:0.035286s ]
INFO: [ view_parse ] --END-- [ RunTime:0.035510s ]
INFO: [ view_filter ] --START--
INFO: Run Behavior\WriteHtmlCacheBehavior [ RunTime:0.002259s ]
INFO: [ view_filter ] --END-- [ RunTime:0.002443s ]
INFO: [ view_parse ] --START--
INFO: [ template_filter ] --START--
INFO: Run Behavior\ContentReplaceBehavior [ RunTime:0.000115s ]
INFO: [ template_filter ] --END-- [ RunTime:-0.011707s ]
INFO: Run Behavior\ParseTemplateBehavior [ RunTime:0.008959s ]
INFO: [ view_parse ] --END-- [ RunTime:-0.003630s ]
INFO: [ view_filter ] --START--
INFO: Run Behavior\WriteHtmlCacheBehavior [ RunTime:0.000058s ]
INFO: [ view_filter ] --END-- [ RunTime:-0.010317s ]
NOTIC: [2] Cannot modify header information - headers already sent by (output started at D:\wamp\server\apache\htdocs\capcc0624\ThinkPHP\Library\Think\View.class.php:95) D:\wamp\server\apache\htdocs\capcc0624\ThinkPHP\Library\Think\View.class.php 第 91 行.
NOTIC: [2] Cannot modify header information - headers already sent by (output started at D:\wamp\server\apache\htdocs\capcc0624\ThinkPHP\Library\Think\View.class.php:95) D:\wamp\server\apache\htdocs\capcc0624\ThinkPHP\Library\Think\View.class.php 第 92 行.
NOTIC: [2] Cannot modify header information - headers already sent by (output started at D:\wamp\server\apache\htdocs\capcc0624\ThinkPHP\Library\Think\View.class.php:95) D:\wamp\server\apache\htdocs\capcc0624\ThinkPHP\Library\Think\View.class.php 第 93 行.
INFO: [ app_end ] --START--
INFO: Run Behavior\ShowPageTraceBehavior [ RunTime:0.002503s ]
INFO: [ app_end ] --END-- [ RunTime:0.002731s ]

[ 2015-07-07T21:31:49+08:00 ] ::1 /capcc0624/admin
INFO: [ app_init ] --START--
INFO: Run Behavior\BuildLiteBehavior [ RunTime:0.000032s ]
INFO: [ app_init ] --END-- [ RunTime:0.000968s ]
INFO: [ app_begin ] --START--
INFO: Run Behavior\ReadHtmlCacheBehavior [ RunTime:0.003571s ]
INFO: [ app_begin ] --END-- [ RunTime:0.003860s ]
INFO: [ view_parse ] --START--
INFO: [ template_filter ] --START--
INFO: Run Behavior\ContentReplaceBehavior [ RunTime:0.000240s ]
INFO: [ template_filter ] --END-- [ RunTime:0.000460s ]
INFO: Run Behavior\ParseTemplateBehavior [ RunTime:0.025388s ]
INFO: [ view_parse ] --END-- [ RunTime:0.025548s ]
INFO: [ view_filter ] --START--
INFO: Run Behavior\WriteHtmlCacheBehavior [ RunTime:0.001470s ]
INFO: [ view_filter ] --END-- [ RunTime:0.001653s ]
INFO: [ view_parse ] --START--
INFO: [ template_filter ] --START--
INFO: Run Behavior\ContentReplaceBehavior [ RunTime:0.000088s ]
INFO: [ template_filter ] --END-- [ RunTime:-0.010090s ]
INFO: Run Behavior\ParseTemplateBehavior [ RunTime:0.006695s ]
INFO: [ view_parse ] --END-- [ RunTime:-0.002495s ]
INFO: [ view_filter ] --START--
INFO: Run Behavior\WriteHtmlCacheBehavior [ RunTime:0.000048s ]
INFO: [ view_filter ] --END-- [ RunTime:-0.007757s ]
NOTIC: [2] Cannot modify header information - headers already sent by (output started at D:\wamp\server\apache\htdocs\capcc0624\ThinkPHP\Library\Think\View.class.php:95) D:\wamp\server\apache\htdocs\capcc0624\ThinkPHP\Library\Think\View.class.php 第 91 行.
NOTIC: [2] Cannot modify header information - headers already sent by (output started at D:\wamp\server\apache\htdocs\capcc0624\ThinkPHP\Library\Think\View.class.php:95) D:\wamp\server\apache\htdocs\capcc0624\ThinkPHP\Library\Think\View.class.php 第 92 行.
NOTIC: [2] Cannot modify header information - headers already sent by (output started at D:\wamp\server\apache\htdocs\capcc0624\ThinkPHP\Library\Think\View.class.php:95) D:\wamp\server\apache\htdocs\capcc0624\ThinkPHP\Library\Think\View.class.php 第 93 行.
INFO: [ app_end ] --START--
INFO: Run Behavior\ShowPageTraceBehavior [ RunTime:0.001765s ]
INFO: [ app_end ] --END-- [ RunTime:0.001867s ]

[ 2015-07-07T21:41:08+08:00 ] ::1 /capcc0624/admin
INFO: [ app_init ] --START--
INFO: Run Behavior\BuildLiteBehavior [ RunTime:0.000036s ]
INFO: [ app_init ] --END-- [ RunTime:0.001635s ]
INFO: [ app_begin ] --START--
INFO: Run Behavior\ReadHtmlCacheBehavior [ RunTime:0.002504s ]
INFO: [ app_begin ] --END-- [ RunTime:0.002688s ]
INFO: [ view_parse ] --START--
INFO: [ template_filter ] --START--
INFO: Run Behavior\ContentReplaceBehavior [ RunTime:0.000233s ]
INFO: [ template_filter ] --END-- [ RunTime:0.000421s ]
INFO: Run Behavior\ParseTemplateBehavior [ RunTime:0.026122s ]
INFO: [ view_parse ] --END-- [ RunTime:0.026379s ]
INFO: [ view_filter ] --START--
INFO: Run Behavior\WriteHtmlCacheBehavior [ RunTime:0.002270s ]
INFO: [ view_filter ] --END-- [ RunTime:0.002431s ]
INFO: [ view_parse ] --START--
INFO: [ template_filter ] --START--
INFO: Run Behavior\ContentReplaceBehavior [ RunTime:0.000155s ]
INFO: [ template_filter ] --END-- [ RunTime:-0.015700s ]
INFO: Run Behavior\ParseTemplateBehavior [ RunTime:0.010834s ]
INFO: [ view_parse ] --END-- [ RunTime:-0.003347s ]
INFO: [ view_filter ] --START--
INFO: Run Behavior\WriteHtmlCacheBehavior [ RunTime:0.000023s ]
INFO: [ view_filter ] --END-- [ RunTime:-0.011832s ]
NOTIC: [2] Cannot modify header information - headers already sent by (output started at D:\wamp\server\apache\htdocs\capcc0624\ThinkPHP\Library\Think\View.class.php:95) D:\wamp\server\apache\htdocs\capcc0624\ThinkPHP\Library\Think\View.class.php 第 91 行.
NOTIC: [2] Cannot modify header information - headers already sent by (output started at D:\wamp\server\apache\htdocs\capcc0624\ThinkPHP\Library\Think\View.class.php:95) D:\wamp\server\apache\htdocs\capcc0624\ThinkPHP\Library\Think\View.class.php 第 92 行.
NOTIC: [2] Cannot modify header information - headers already sent by (output started at D:\wamp\server\apache\htdocs\capcc0624\ThinkPHP\Library\Think\View.class.php:95) D:\wamp\server\apache\htdocs\capcc0624\ThinkPHP\Library\Think\View.class.php 第 93 行.
INFO: [ app_end ] --START--
INFO: Run Behavior\ShowPageTraceBehavior [ RunTime:0.005737s ]
INFO: [ app_end ] --END-- [ RunTime:0.005906s ]

[ 2015-07-07T21:41:53+08:00 ] ::1 /capcc0624/admin
INFO: [ app_init ] --START--
INFO: Run Behavior\BuildLiteBehavior [ RunTime:0.000020s ]
INFO: [ app_init ] --END-- [ RunTime:0.000594s ]
INFO: [ app_begin ] --START--
INFO: Run Behavior\ReadHtmlCacheBehavior [ RunTime:0.000975s ]
INFO: [ app_begin ] --END-- [ RunTime:0.001045s ]
INFO: [ view_parse ] --START--
INFO: [ template_filter ] --START--
INFO: Run Behavior\ContentReplaceBehavior [ RunTime:0.000102s ]
INFO: [ template_filter ] --END-- [ RunTime:0.000177s ]
INFO: Run Behavior\ParseTemplateBehavior [ RunTime:0.010134s ]
INFO: [ view_parse ] --END-- [ RunTime:0.010213s ]
INFO: [ view_filter ] --START--
INFO: Run Behavior\WriteHtmlCacheBehavior [ RunTime:0.000667s ]
INFO: [ view_filter ] --END-- [ RunTime:0.000721s ]
INFO: [ view_parse ] --START--
INFO: [ template_filter ] --START--
INFO: Run Behavior\ContentReplaceBehavior [ RunTime:0.000084s ]
INFO: [ template_filter ] --END-- [ RunTime:-0.005596s ]
INFO: Run Behavior\ParseTemplateBehavior [ RunTime:0.004642s ]
INFO: [ view_parse ] --END-- [ RunTime:-0.001030s ]
INFO: [ view_filter ] --START--
INFO: Run Behavior\WriteHtmlCacheBehavior [ RunTime:0.000015s ]
INFO: [ view_filter ] --END-- [ RunTime:-0.005008s ]
NOTIC: [2] Cannot modify header information - headers already sent by (output started at D:\wamp\server\apache\htdocs\capcc0624\ThinkPHP\Library\Think\View.class.php:95) D:\wamp\server\apache\htdocs\capcc0624\ThinkPHP\Library\Think\View.class.php 第 91 行.
NOTIC: [2] Cannot modify header information - headers already sent by (output started at D:\wamp\server\apache\htdocs\capcc0624\ThinkPHP\Library\Think\View.class.php:95) D:\wamp\server\apache\htdocs\capcc0624\ThinkPHP\Library\Think\View.class.php 第 92 行.
NOTIC: [2] Cannot modify header information - headers already sent by (output started at D:\wamp\server\apache\htdocs\capcc0624\ThinkPHP\Library\Think\View.class.php:95) D:\wamp\server\apache\htdocs\capcc0624\ThinkPHP\Library\Think\View.class.php 第 93 行.
INFO: [ app_end ] --START--
INFO: Run Behavior\ShowPageTraceBehavior [ RunTime:0.002031s ]
INFO: [ app_end ] --END-- [ RunTime:0.002142s ]

[ 2015-07-07T21:42:24+08:00 ] ::1 /capcc0624/admin
INFO: [ app_init ] --START--
INFO: Run Behavior\BuildLiteBehavior [ RunTime:0.000021s ]
INFO: [ app_init ] --END-- [ RunTime:0.000610s ]
INFO: [ app_begin ] --START--
INFO: Run Behavior\ReadHtmlCacheBehavior [ RunTime:0.002053s ]
INFO: [ app_begin ] --END-- [ RunTime:0.002393s ]
INFO: [ view_parse ] --START--
INFO: [ template_filter ] --START--
INFO: Run Behavior\ContentReplaceBehavior [ RunTime:0.000347s ]
INFO: [ template_filter ] --END-- [ RunTime:0.000561s ]
INFO: Run Behavior\ParseTemplateBehavior [ RunTime:0.012741s ]
INFO: [ view_parse ] --END-- [ RunTime:0.012835s ]
INFO: [ view_filter ] --START--
INFO: Run Behavior\WriteHtmlCacheBehavior [ RunTime:0.000626s ]
INFO: [ view_filter ] --END-- [ RunTime:0.000680s ]
INFO: [ view_parse ] --START--
INFO: [ template_filter ] --START--
INFO: Run Behavior\ContentReplaceBehavior [ RunTime:0.000089s ]
INFO: [ template_filter ] --END-- [ RunTime:-0.006752s ]
INFO: Run Behavior\ParseTemplateBehavior [ RunTime:0.005469s ]
INFO: [ view_parse ] --END-- [ RunTime:-0.001005s ]
INFO: [ view_filter ] --START--
INFO: Run Behavior\WriteHtmlCacheBehavior [ RunTime:0.000026s ]
INFO: [ view_filter ] --END-- [ RunTime:-0.005901s ]
NOTIC: [2] Cannot modify header information - headers already sent by (output started at D:\wamp\server\apache\htdocs\capcc0624\ThinkPHP\Library\Think\View.class.php:95) D:\wamp\server\apache\htdocs\capcc0624\ThinkPHP\Library\Think\View.class.php 第 91 行.
NOTIC: [2] Cannot modify header information - headers already sent by (output started at D:\wamp\server\apache\htdocs\capcc0624\ThinkPHP\Library\Think\View.class.php:95) D:\wamp\server\apache\htdocs\capcc0624\ThinkPHP\Library\Think\View.class.php 第 92 行.
NOTIC: [2] Cannot modify header information - headers already sent by (output started at D:\wamp\server\apache\htdocs\capcc0624\ThinkPHP\Library\Think\View.class.php:95) D:\wamp\server\apache\htdocs\capcc0624\ThinkPHP\Library\Think\View.class.php 第 93 行.
INFO: [ app_end ] --START--
INFO: Run Behavior\ShowPageTraceBehavior [ RunTime:0.003671s ]
INFO: [ app_end ] --END-- [ RunTime:0.003820s ]

[ 2015-07-07T21:43:26+08:00 ] ::1 /capcc0624/admin
INFO: [ app_init ] --START--
INFO: Run Behavior\BuildLiteBehavior [ RunTime:0.000021s ]
INFO: [ app_init ] --END-- [ RunTime:0.000875s ]
INFO: [ app_begin ] --START--
INFO: Run Behavior\ReadHtmlCacheBehavior [ RunTime:0.001278s ]
INFO: [ app_begin ] --END-- [ RunTime:0.001431s ]
INFO: [ view_parse ] --START--
INFO: [ template_filter ] --START--
INFO: Run Behavior\ContentReplaceBehavior [ RunTime:0.000103s ]
INFO: [ template_filter ] --END-- [ RunTime:0.000180s ]
INFO: Run Behavior\ParseTemplateBehavior [ RunTime:0.011825s ]
INFO: [ view_parse ] --END-- [ RunTime:0.011903s ]
INFO: [ view_filter ] --START--
INFO: Run Behavior\WriteHtmlCacheBehavior [ RunTime:0.000678s ]
INFO: [ view_filter ] --END-- [ RunTime:0.000734s ]
INFO: [ view_parse ] --START--
INFO: [ template_filter ] --START--
INFO: Run Behavior\ContentReplaceBehavior [ RunTime:0.000086s ]
INFO: [ template_filter ] --END-- [ RunTime:-0.006040s ]
INFO: Run Behavior\ParseTemplateBehavior [ RunTime:0.004830s ]
INFO: [ view_parse ] --END-- [ RunTime:-0.001282s ]
INFO: [ view_filter ] --START--
INFO: Run Behavior\WriteHtmlCacheBehavior [ RunTime:0.000015s ]
INFO: [ view_filter ] --END-- [ RunTime:-0.005447s ]
NOTIC: [2] Cannot modify header information - headers already sent by (output started at D:\wamp\server\apache\htdocs\capcc0624\ThinkPHP\Library\Think\View.class.php:95) D:\wamp\server\apache\htdocs\capcc0624\ThinkPHP\Library\Think\View.class.php 第 91 行.
NOTIC: [2] Cannot modify header information - headers already sent by (output started at D:\wamp\server\apache\htdocs\capcc0624\ThinkPHP\Library\Think\View.class.php:95) D:\wamp\server\apache\htdocs\capcc0624\ThinkPHP\Library\Think\View.class.php 第 92 行.
NOTIC: [2] Cannot modify header information - headers already sent by (output started at D:\wamp\server\apache\htdocs\capcc0624\ThinkPHP\Library\Think\View.class.php:95) D:\wamp\server\apache\htdocs\capcc0624\ThinkPHP\Library\Think\View.class.php 第 93 行.
INFO: [ app_end ] --START--
INFO: Run Behavior\ShowPageTraceBehavior [ RunTime:0.002028s ]
INFO: [ app_end ] --END-- [ RunTime:0.002134s ]

[ 2015-07-07T21:43:35+08:00 ] ::1 /capcc0624/admin
INFO: [ app_init ] --START--
INFO: Run Behavior\BuildLiteBehavior [ RunTime:0.000067s ]
INFO: [ app_init ] --END-- [ RunTime:0.002622s ]
INFO: [ app_begin ] --START--
INFO: Run Behavior\ReadHtmlCacheBehavior [ RunTime:0.002532s ]
INFO: [ app_begin ] --END-- [ RunTime:0.002726s ]
INFO: [ view_parse ] --START--
INFO: [ template_filter ] --START--
INFO: Run Behavior\ContentReplaceBehavior [ RunTime:0.000292s ]
INFO: [ template_filter ] --END-- [ RunTime:0.000495s ]
INFO: Run Behavior\ParseTemplateBehavior [ RunTime:0.034131s ]
INFO: [ view_parse ] --END-- [ RunTime:0.034449s ]
INFO: [ view_filter ] --START--
INFO: Run Behavior\WriteHtmlCacheBehavior [ RunTime:0.003203s ]
INFO: [ view_filter ] --END-- [ RunTime:0.003471s ]
INFO: [ view_parse ] --START--
INFO: [ template_filter ] --START--
INFO: Run Behavior\ContentReplaceBehavior [ RunTime:0.000255s ]
INFO: [ template_filter ] --END-- [ RunTime:-0.021964s ]
INFO: Run Behavior\ParseTemplateBehavior [ RunTime:0.017873s ]
INFO: [ view_parse ] --END-- [ RunTime:-0.005007s ]
INFO: [ view_filter ] --START--
INFO: Run Behavior\WriteHtmlCacheBehavior [ RunTime:0.000143s ]
INFO: [ view_filter ] --END-- [ RunTime:-0.019905s ]
NOTIC: [2] Cannot modify header information - headers already sent by (output started at D:\wamp\server\apache\htdocs\capcc0624\ThinkPHP\Library\Think\View.class.php:95) D:\wamp\server\apache\htdocs\capcc0624\ThinkPHP\Library\Think\View.class.php 第 91 行.
NOTIC: [2] Cannot modify header information - headers already sent by (output started at D:\wamp\server\apache\htdocs\capcc0624\ThinkPHP\Library\Think\View.class.php:95) D:\wamp\server\apache\htdocs\capcc0624\ThinkPHP\Library\Think\View.class.php 第 92 行.
NOTIC: [2] Cannot modify header information - headers already sent by (output started at D:\wamp\server\apache\htdocs\capcc0624\ThinkPHP\Library\Think\View.class.php:95) D:\wamp\server\apache\htdocs\capcc0624\ThinkPHP\Library\Think\View.class.php 第 93 行.
INFO: [ app_end ] --START--
INFO: Run Behavior\ShowPageTraceBehavior [ RunTime:0.011615s ]
INFO: [ app_end ] --END-- [ RunTime:0.011980s ]

