[ 2015-08-06T10:14:05+08:00 ] ::1 /capcc0624/admin.php/Admin/Index/doLogin
ERR: 无法加载控制器:Admin

[ 2015-08-06T15:39:01+08:00 ] ::1 /capcc0624/admin.php/Admin/Manage/edit_main_news
ERR: 无法加载控制器:Admin

[ 2015-08-06T15:40:26+08:00 ] ::1 /capcc0624/admin.php/Admin/Manage/edit_main_news
ERR: 无法加载控制器:Admin

[ 2015-08-06T15:40:36+08:00 ] ::1 /capcc0624/admin.php/Admin/Manage/edit_main_news
ERR: 无法加载控制器:Admin

[ 2015-08-06T15:41:02+08:00 ] ::1 /capcc0624/admin.php/Admin/Manage/edit_main_news
ERR: 无法加载控制器:Admin

[ 2015-08-06T15:43:59+08:00 ] ::1 /capcc0624/admin.php/Admin/Manage/edit_main_news
ERR: 无法加载控制器:Admin

[ 2015-08-06T15:45:22+08:00 ] ::1 /capcc0624/admin.php/Admin/Manage/edit_main_news
ERR: 无法加载控制器:Admin

[ 2015-08-06T15:46:17+08:00 ] ::1 /capcc0624/admin.php/Admin/Manage/edit_main_news
ERR: 无法加载控制器:Admin

[ 2015-08-06T15:47:38+08:00 ] ::1 /capcc0624/admin.php/Admin/Manage/edit_main_news
ERR: 无法加载控制器:Admin

[ 2015-08-06T15:53:13+08:00 ] ::1 /capcc0624/admin.php/Admin/Manage/edit_main_news
ERR: 无法加载控制器:Admin

[ 2015-08-06T15:54:36+08:00 ] ::1 /capcc0624/admin.php/Index/__APP__/Admin/Manage/index
ERR: 非法操作:__APP__

[ 2015-08-06T15:57:17+08:00 ] ::1 /capcc0624/admin.php/Index/%3C%7B:U(%22Admin/Manage/index%22)%7D%3E
ERR: 非法操作:

