[ 2015-07-13T08:47:51+08:00 ] ::1 /capcc0624/admin.php/Admin/Index/doLogin
ERR: 无法加载控制器:Admin

[ 2015-07-13T08:49:22+08:00 ] ::1 /capcc0624/admin.php/Admin/Index/doLogin
ERR: 无法加载控制器:Admin

[ 2015-07-13T08:54:12+08:00 ] ::1 /capcc0624/admin.php/Admin/Index/doLogin
ERR: 无法加载控制器:Admin

[ 2015-07-13T08:56:08+08:00 ] ::1 /capcc0624/admin.php/Admin/Index/doLogin
ERR: 无法加载控制器:Admin

[ 2015-07-13T08:56:33+08:00 ] ::1 /capcc0624/admin.php/Admin/Index/doLogin
ERR: 无法加载控制器:Admin

[ 2015-07-13T08:58:38+08:00 ] ::1 /capcc0624/admin.php/Admin/Index/doLogin
ERR: 无法加载控制器:Admin

[ 2015-07-13T09:10:26+08:00 ] ::1 /capcc0624/admin.php/Index/Manage/news_mian_list
ERR: 非法操作:Manage

[ 2015-07-13T09:11:02+08:00 ] ::1 /capcc0624/admin.php/Admin/Manage/news_mian_list
ERR: 无法加载控制器:Admin

[ 2015-07-13T09:11:21+08:00 ] ::1 /capcc0624/admin.php/Admin/Manage/news_mian_list
ERR: 无法加载控制器:Admin

[ 2015-07-13T09:11:24+08:00 ] ::1 /capcc0624/admin.php/Manage/news_mian_list
ERR: 非法操作:news_mian_list

[ 2015-07-13T09:11:34+08:00 ] ::1 /capcc0624/admin.php/Manage/news_mian_list
ERR: 非法操作:news_mian_list

[ 2015-07-13T10:16:51+08:00 ] ::1 /capcc0624/admin.php/Admin/Manage/index_news
ERR: 无法加载控制器:Admin

[ 2015-07-13T10:17:35+08:00 ] ::1 /capcc0624/admin.php/Admin/Manage/index_news
ERR: 无法加载控制器:Admin

[ 2015-07-13T10:17:37+08:00 ] ::1 /capcc0624/admin.php/Admin/Manage/index_news
ERR: 无法加载控制器:Admin

[ 2015-07-13T10:18:05+08:00 ] ::1 /capcc0624/admin.php/Manage/%E6%B7%BB%E5%8A%A0%E6%88%90%E5%8A%9F%EF%BC%81
ERR: 非法操作:添加成功！

[ 2015-07-13T10:19:28+08:00 ] ::1 /capcc0624/admin.php/Manage/%E6%B7%BB%E5%8A%A0%E6%88%90%E5%8A%9F%EF%BC%81
ERR: 非法操作:添加成功！

[ 2015-07-13T10:19:30+08:00 ] ::1 /capcc0624/admin.php/Manage/%E6%B7%BB%E5%8A%A0%E6%88%90%E5%8A%9F%EF%BC%81
ERR: 非法操作:添加成功！

[ 2015-07-13T10:19:32+08:00 ] ::1 /capcc0624/admin.php/Manage/%E6%B7%BB%E5%8A%A0%E6%88%90%E5%8A%9F%EF%BC%81
ERR: 非法操作:添加成功！

[ 2015-07-13T10:19:37+08:00 ] ::1 /capcc0624/admin.php/Manage/%E6%B7%BB%E5%8A%A0%E6%88%90%E5%8A%9F%EF%BC%81
ERR: 非法操作:添加成功！

[ 2015-07-13T10:20:41+08:00 ] ::1 /capcc0624/admin.php/Manage/Manage/news_main_list
ERR: 非法操作:Manage

[ 2015-07-13T10:20:54+08:00 ] ::1 /capcc0624/admin.php/Manage/Manage/news_main_list
ERR: 非法操作:Manage

[ 2015-07-13T10:20:56+08:00 ] ::1 /capcc0624/admin.php/Manage/Manage/news_main_list
ERR: 非法操作:Manage

[ 2015-07-13T10:54:33+08:00 ] ::1 /capcc0624/admin.php/Manage/Manage/delete_main_news
ERR: 非法操作:Manage

[ 2015-07-13T11:11:38+08:00 ] ::1 /capcc0624/admin.php/Manage/delete_main_news
ERR: 非法操作:delete_main_news

[ 2015-07-13T11:15:27+08:00 ] ::1 /capcc0624/admin.php/Admin/Manage/index_news
ERR: 无法加载控制器:Admin

[ 2015-07-13T11:16:00+08:00 ] ::1 /capcc0624/admin.php/Admin/Manage/index_news
ERR: 无法加载控制器:Admin

[ 2015-07-13T11:17:19+08:00 ] ::1 /capcc0624/admin.php/Admin/Manage/index_news
ERR: 无法加载控制器:Admin

[ 2015-07-13T11:17:23+08:00 ] ::1 /capcc0624/admin.php/Admin/Manage/index_news
ERR: 无法加载控制器:Admin

[ 2015-07-13T11:24:44+08:00 ] ::1 /capcc0624/admin.php/Manage/delete_main_news
ERR: 非法操作:delete_main_news

[ 2015-07-13T11:26:12+08:00 ] ::1 /capcc0624/admin.php/Manage/delete_main_news/newsid/
ERR: 非法操作:delete_main_news

[ 2015-07-13T11:35:01+08:00 ] ::1 /capcc0624/admin.php/Manage/show_news_main_list
ERR: 模板不存在:./Application/Admin/View/Manage/show_news_main_list.html

[ 2015-07-13T11:35:39+08:00 ] ::1 /capcc0624/admin.php/Manage/delete_main_news/newsid/
ERR: 非法操作:delete_main_news

