[ 2015-08-11T10:10:11+08:00 ] ::1 /capcc0624/index.php/Admin/News/delete_picture_news.html?newsid=16
ERR: 非法操作:delete_picture_news

[ 2015-08-11T10:35:46+08:00 ] ::1 /capcc0624/index.php/Admin/News/%3C?php%20echo%20U(
ERR: 非法操作:

[ 2015-08-11T11:11:36+08:00 ] ::1 /capcc0624/Admin/Travel/spot
ERR: 无法加载控制器:Travel

[ 2015-08-11T11:17:58+08:00 ] ::1 /capcc0624/index.php/Admin/Index/News.html
ERR: 非法操作:News

[ 2015-08-11T11:23:53+08:00 ] ::1 /capcc0624/index.php/Admin/Travel/index.html
ERR: 无法加载控制器:Travel

[ 2015-08-11T11:31:26+08:00 ] ::1 /capcc0624/index.php/Admin/News/add
ERR: 非法操作:add

[ 2015-08-11T11:47:42+08:00 ] ::1 /capcc0624/index.php/Admin/News/add_news/tag/
ERR: SQLSTATE[42S02]: Base table or view not found: 1146 Table 'capcc_db.news' doesn't exist

[ 2015-08-11T13:37:05+08:00 ] ::1 /capcc0624/index.php/Admin/News/edit_news.html?tag=picture&id=21
ERR: SQLSTATE[42S02]: Base table or view not found: 1146 Table 'capcc_db.news_main' doesn't exist

[ 2015-08-11T13:41:02+08:00 ] ::1 /capcc0624/index.php/Admin/News/edit_news.html?tag=picture&id=21
ERR: SQLSTATE[42S02]: Base table or view not found: 1146 Table 'capcc_db.news_main' doesn't exist

[ 2015-08-11T13:41:48+08:00 ] ::1 /capcc0624/index.php/Admin/News/edit_news.html?tag=picture&id=21
ERR: SQLSTATE[42S02]: Base table or view not found: 1146 Table 'capcc_db.news_main' doesn't exist

[ 2015-08-11T13:47:43+08:00 ] ::1 /capcc0624/index.php/Admin/News/add_news.html
ERR: SQLSTATE[42S02]: Base table or view not found: 1146 Table 'capcc_db.news' doesn't exist

[ 2015-08-11T14:01:17+08:00 ] ::1 /capcc0624/index.php/Admin/Travel/index.html
ERR: 无法加载控制器:Travel

[ 2015-08-11T14:07:38+08:00 ] ::1 /capcc0624/index.php/Admin/Travel/index.html
ERR: 无法加载控制器:Travel

[ 2015-08-11T14:18:28+08:00 ] ::1 /capcc0624/index.php/Admin/Travel/index.html
ERR: 无法加载控制器:Travel

[ 2015-08-11T14:20:20+08:00 ] ::1 /capcc0624/index.php/Admin/Travel/index.html
ERR: 无法加载控制器:Travel

[ 2015-08-11T14:20:48+08:00 ] ::1 /capcc0624/index.php/Admin/Brand/index.html
ERR: 无法加载控制器:Brand

[ 2015-08-11T15:04:02+08:00 ] ::1 /capcc0624/index.php/Admin/News/add_news/tag/live
ERR: SQLSTATE[42S02]: Base table or view not found: 1146 Table 'capcc_db.news_live' doesn't exist

[ 2015-08-11T15:05:37+08:00 ] ::1 /capcc0624/index.php/Admin/News/add_news/tag/live
ERR: SQLSTATE[42S02]: Base table or view not found: 1146 Table 'capcc_db.news_live' doesn't exist

[ 2015-08-11T15:51:58+08:00 ] ::1 /capcc0624/index.php/Admin/Brand/product.html
ERR: 模板不存在:./Application/Admin/View/Brand/product.html

