[ 2015-08-07T08:55:57+08:00 ] ::1 /capcc0624/admin.php/Index/%3C%7B:U(%22Admin/Manage/index%22)%7D%3E
ERR: 非法操作:

[ 2015-08-07T08:57:59+08:00 ] ::1 /capcc0624/admin.php/Index/%3C%7B:U(%22Admin/Manage/index%22)%7D%3E
ERR: 非法操作:

[ 2015-08-07T08:59:49+08:00 ] ::1 /capcc0624/admin.php/Index/%3C%7B:U(%22Admin/Manage/index%22)%7D%3E
ERR: 非法操作:

[ 2015-08-07T08:59:50+08:00 ] ::1 /capcc0624/admin.php/Index/%3C%7B:U(%22Admin/Manage/index%22)%7D%3E
ERR: 非法操作:

[ 2015-08-07T08:59:54+08:00 ] ::1 /capcc0624/admin.php/Index/%3C%7B:U(%22Admin/Manage/index%22)%7D%3E
ERR: 非法操作:

[ 2015-08-07T09:01:44+08:00 ] ::1 /capcc0624/admin.php/Index/%3C%7B:U(%22Admin/Manage/index%22)%7D%3E
ERR: 非法操作:

[ 2015-08-07T09:05:25+08:00 ] ::1 /capcc0624/admin.php/Index/Admin/Manage/index
ERR: 非法操作:Admin

[ 2015-08-07T09:10:56+08:00 ] ::1 /capcc0624/admin.php/Admin/Manage/index
ERR: 无法加载控制器:Admin

[ 2015-08-07T09:12:37+08:00 ] ::1 /capcc0624/admin.php/Admin/Manage/index
ERR: 无法加载控制器:Admin

[ 2015-08-07T09:12:38+08:00 ] ::1 /capcc0624/admin.php/Admin/Manage/index
ERR: 无法加载控制器:Admin

[ 2015-08-07T09:12:47+08:00 ] ::1 /capcc0624/admin.php/Admin/Manage/index
ERR: 无法加载控制器:Admin

[ 2015-08-07T09:42:07+08:00 ] ::1 /capcc0624/admin.php/Index/%3C%7B:U(%22Admin/Manage/index%22)%7D%3E
ERR: 非法操作:

[ 2015-08-07T09:50:23+08:00 ] ::1 /capcc0624/admin.php/Index/%3C%7B:U(%22Admin/Manage/index%22)%7D%3E
ERR: 非法操作:

[ 2015-08-07T09:51:41+08:00 ] ::1 /capcc0624/admin.php/Index/%3C%7B:U(%22Admin/Manage/index%22)%7D%3E
ERR: 非法操作:

[ 2015-08-07T09:51:56+08:00 ] ::1 /capcc0624/admin.php/Index/%3C%7B:U(%22Admin/Manage/index%22)%7D%3E
ERR: 非法操作:

[ 2015-08-07T10:00:42+08:00 ] ::1 /capcc0624/admin.php/Manage/show_news_main_list.html
ERR: 非法操作:show_news_main_list

[ 2015-08-07T10:04:49+08:00 ] ::1 /capcc0624/admin.php/%EF%BC%9F%EF%BC%9F%EF%BC%9F/index.html
ERR: 无法加载控制器:？？？

