[ 2015-08-10T12:51:13+08:00 ] ::1 /capcc0624/admin.php/Admin/Index
ERR: 无法加载控制器:Admin

[ 2015-08-10T12:58:33+08:00 ] ::1 /capcc0624/admin.php/Admin/Index
ERR: 无法加载控制器:Admin

[ 2015-08-10T12:59:04+08:00 ] ::1 /capcc0624/admin.php/Admin/Index
ERR: 无法加载控制器:Admin

[ 2015-08-10T12:59:07+08:00 ] ::1 /capcc0624/admin.php/Admin/Index/index
ERR: 无法加载控制器:Admin

[ 2015-08-10T12:59:13+08:00 ] ::1 /capcc0624/admin.php/Admin/News/picture
ERR: 无法加载控制器:Admin

[ 2015-08-10T12:59:46+08:00 ] ::1 /capcc0624/admin.php/Admin/Index/index
ERR: 无法加载控制器:Admin

[ 2015-08-10T13:59:40+08:00 ] ::1 /capcc0624/admin.php/Admin/Index/index
ERR: 无法加载控制器:Admin

[ 2015-08-10T13:59:44+08:00 ] ::1 /capcc0624/admin.php/Admin/News/picture
ERR: 无法加载控制器:Admin

[ 2015-08-10T15:08:44+08:00 ] ::1 /capcc0624/index.php/Admin/News/active.html
ERR: SQLSTATE[42S22]: Column not found: 1054 Unknown column 'newsid' in 'field list'

[ 2015-08-10T15:09:05+08:00 ] ::1 /capcc0624/index.php/Admin/News/active.html
ERR: SQLSTATE[42S22]: Column not found: 1054 Unknown column 'newsid' in 'field list'

[ 2015-08-10T15:09:06+08:00 ] ::1 /capcc0624/index.php/Admin/News/active.html
ERR: SQLSTATE[42S22]: Column not found: 1054 Unknown column 'newsid' in 'field list'

[ 2015-08-10T15:09:21+08:00 ] ::1 /capcc0624/index.php/Admin/News/active.html
ERR: SQLSTATE[42S22]: Column not found: 1054 Unknown column 'newsid' in 'field list'

[ 2015-08-10T15:09:22+08:00 ] ::1 /capcc0624/index.php/Admin/News/active.html
ERR: SQLSTATE[42S22]: Column not found: 1054 Unknown column 'newsid' in 'field list'

[ 2015-08-10T15:10:44+08:00 ] ::1 /capcc0624/index.php/Admin/News/active.html
ERR: SQLSTATE[42S22]: Column not found: 1054 Unknown column 'newsid' in 'field list'

[ 2015-08-10T15:10:46+08:00 ] ::1 /capcc0624/index.php/Admin/News/active.html
ERR: SQLSTATE[42S22]: Column not found: 1054 Unknown column 'newsid' in 'field list'

[ 2015-08-10T15:10:53+08:00 ] ::1 /capcc0624/index.php/Admin/News/active.html
ERR: SQLSTATE[42S22]: Column not found: 1054 Unknown column 'newsid' in 'field list'

[ 2015-08-10T15:10:54+08:00 ] ::1 /capcc0624/index.php/Admin/News/active.html
ERR: SQLSTATE[42S22]: Column not found: 1054 Unknown column 'newsid' in 'field list'

[ 2015-08-10T15:10:55+08:00 ] ::1 /capcc0624/index.php/Admin/News/active.html
ERR: SQLSTATE[42S22]: Column not found: 1054 Unknown column 'newsid' in 'field list'

[ 2015-08-10T15:10:55+08:00 ] ::1 /capcc0624/index.php/Admin/News/active.html
ERR: SQLSTATE[42S22]: Column not found: 1054 Unknown column 'newsid' in 'field list'

[ 2015-08-10T15:12:03+08:00 ] ::1 /capcc0624/index.php/Admin/News/active.html
ERR: SQLSTATE[42S22]: Column not found: 1054 Unknown column 'newsid' in 'field list'

[ 2015-08-10T15:12:26+08:00 ] ::1 /capcc0624/index.php/Admin/Manage/delete_main_news.html?newsid=undefined
ERR: SQLSTATE[42S02]: Base table or view not found: 1146 Table 'capcc_db.news_main' doesn't exist

[ 2015-08-10T15:17:16+08:00 ] ::1 /capcc0624/index.php/Admin/Manage/edit_main_news.html?newsid=undefined
ERR: SQLSTATE[42S02]: Base table or view not found: 1146 Table 'capcc_db.news_main' doesn't exist

[ 2015-08-10T15:28:24+08:00 ] ::1 /capcc0624/index.php/Admin/News
ERR: 非法操作:index

[ 2015-08-10T15:29:54+08:00 ] ::1 /capcc0624/Admin/layout
ERR: 无法加载控制器:Layout

[ 2015-08-10T15:29:59+08:00 ] ::1 /capcc0624/Admin/layout.html
ERR: 无法加载控制器:Layout

[ 2015-08-10T15:57:38+08:00 ] ::1 /capcc0624/index.php/Admin/news
ERR: 非法操作:index

[ 2015-08-10T15:58:39+08:00 ] ::1 /capcc0624/index.php/Admin/news
ERR: 非法操作:index

